[0.380s] Invoking command in '/home/rfzhang/ROS-Carla/CSC791Project/ros-carla-bridge/build/carla_ros_scenario_runner_types': CMAKE_PREFIX_PATH=${CMAKE_PREFIX_PATH}:/home/rfzhang/ROS-Carla/CSC791Project/lidar_to_carla/install/lidar_to_carla:/home/rfzhang/ROS-Carla/CSC791Project/ros-carla-bridge/install/rqt_carla_control:/home/rfzhang/ROS-Carla/CSC791Project/ros-carla-bridge/install/carla_waypoint_publisher:/home/rfzhang/ROS-Carla/CSC791Project/ros-carla-bridge/install/carla_ackermann_control:/home/rfzhang/ROS-Carla/CSC791Project/ros-carla-bridge/install/carla_ros_bridge:/home/rfzhang/ROS-Carla/CSC791Project/ros-carla-bridge/install/carla_spawn_objects:/home/rfzhang/ROS-Carla/CSC791Project/ros-carla-bridge/install/carla_manual_control:/home/rfzhang/ROS-Carla/CSC791Project/ros-carla-bridge/install/carla_ad_agent:/home/rfzhang/ROS-Carla/CSC791Project/ros-carla-bridge/install/ros_compatibility:/home/rfzhang/ROS-Carla/CSC791Project/ros-carla-bridge/install/carla_walker_agent:/home/rfzhang/ROS-Carla/CSC791Project/ros-carla-bridge/install/carla_twist_to_control:/home/rfzhang/ROS-Carla/CSC791Project/ros-carla-bridge/install/carla_ros_scenario_runner:/home/rfzhang/ROS-Carla/CSC791Project/ros-carla-bridge/install/carla_common:/opt/ros/humble VIRTUAL_ENV_PROMPT=(ros-carla) /usr/bin/cmake /home/rfzhang/ROS-Carla/CSC791Project/ros-carla-bridge/src/carla_ros/carla_ros_scenario_runner_types -DAMENT_CMAKE_SYMLINK_INSTALL=1 -DCMAKE_INSTALL_PREFIX=/home/rfzhang/ROS-Carla/CSC791Project/ros-carla-bridge/install/carla_ros_scenario_runner_types
[0.569s] -- The C compiler identification is GNU 11.4.0
[1.438s] -- The CXX compiler identification is GNU 11.4.0
[2.121s] -- Detecting C compiler ABI info
[2.323s] -- Detecting C compiler ABI info - done
[2.329s] -- Check for working C compiler: /usr/bin/cc - skipped
[2.329s] -- Detecting C compile features
[2.329s] -- Detecting C compile features - done
[2.332s] -- Detecting CXX compiler ABI info
[2.516s] -- Detecting CXX compiler ABI info - done
[2.522s] -- Check for working CXX compiler: /usr/bin/c++ - skipped
[2.522s] -- Detecting CXX compile features
[2.522s] -- Detecting CXX compile features - done
[2.524s] -- Found ros_environment: 3.2.2 (/opt/ros/humble/share/ros_environment/cmake)
[2.525s] -- Found ament_cmake: 1.3.11 (/opt/ros/humble/share/ament_cmake/cmake)
[2.624s] -- Found Python3: /home/rfzhang/ROS-Carla/ros-carla/bin/python3 (found version "3.10.12") found components: Interpreter 
[2.669s] -- Override CMake install command with custom implementation using symlinks instead of copying resources
[2.684s] -- Found builtin_interfaces: 1.2.1 (/opt/ros/humble/share/builtin_interfaces/cmake)
[3.022s] -- Found rosidl_generator_c: 3.1.6 (/opt/ros/humble/share/rosidl_generator_c/cmake)
[3.025s] -- Found rosidl_adapter: 3.1.6 (/opt/ros/humble/share/rosidl_adapter/cmake)
[3.030s] -- Found rosidl_generator_cpp: 3.1.6 (/opt/ros/humble/share/rosidl_generator_cpp/cmake)
[3.039s] -- Using all available rosidl_typesupport_c: rosidl_typesupport_fastrtps_c;rosidl_typesupport_introspection_c
[3.048s] -- Using all available rosidl_typesupport_cpp: rosidl_typesupport_fastrtps_cpp;rosidl_typesupport_introspection_cpp
[3.057s] -- Found geometry_msgs: 4.2.4 (/opt/ros/humble/share/geometry_msgs/cmake)
[3.073s] -- Found rosidl_default_generators: 1.2.0 (/opt/ros/humble/share/rosidl_default_generators/cmake)
[3.296s] -- Found ament_cmake_cppcheck: 0.12.11 (/opt/ros/humble/share/ament_cmake_cppcheck/cmake)
[3.297s] -- Found ament_cmake_cpplint: 0.12.11 (/opt/ros/humble/share/ament_cmake_cpplint/cmake)
[3.300s] -- Found ament_cmake_uncrustify: 0.12.11 (/opt/ros/humble/share/ament_cmake_uncrustify/cmake)
[3.303s] -- Found ament_cmake_ros: 0.10.0 (/opt/ros/humble/share/ament_cmake_ros/cmake)
[3.584s] -- Using all available rosidl_typesupport_c: rosidl_typesupport_fastrtps_c;rosidl_typesupport_introspection_c
[3.695s] -- Using all available rosidl_typesupport_cpp: rosidl_typesupport_fastrtps_cpp;rosidl_typesupport_introspection_cpp
[3.914s] -- Found PythonInterp: /home/rfzhang/ROS-Carla/ros-carla/bin/python3 (found suitable version "3.10.12", minimum required is "3.6") 
[3.916s] -- Found python_cmake_module: 0.10.0 (/opt/ros/humble/share/python_cmake_module/cmake)
[4.766s] -- Found PythonLibs: /usr/lib/x86_64-linux-gnu/libpython3.10.so (found suitable version "3.10.12", minimum required is "3.5") 
[4.766s] -- Using PYTHON_EXECUTABLE: /home/rfzhang/ROS-Carla/ros-carla/bin/python3
[4.767s] -- Using PYTHON_INCLUDE_DIRS: /usr/include/python3.10
[4.767s] -- Using PYTHON_LIBRARIES: /usr/lib/x86_64-linux-gnu/libpython3.10.so
[4.785s] -- Found PythonExtra: .so  
[4.937s] -- Found ament_cmake_flake8: 0.12.11 (/opt/ros/humble/share/ament_cmake_flake8/cmake)
[4.940s] -- Found ament_cmake_pep257: 0.12.11 (/opt/ros/humble/share/ament_cmake_pep257/cmake)
[4.944s] -- Found ament_lint_auto: 0.12.11 (/opt/ros/humble/share/ament_lint_auto/cmake)
[4.958s] -- Added test 'copyright' to check source files copyright and LICENSE
[4.959s] -- Added test 'lint_cmake' to check CMake code style
[4.960s] -- Added test 'xmllint' to check XML markup files
[4.965s] -- Configuring done
[5.006s] -- Generating done
[5.016s] -- Build files have been written to: /home/rfzhang/ROS-Carla/CSC791Project/ros-carla-bridge/build/carla_ros_scenario_runner_types
[5.029s] Invoked command in '/home/rfzhang/ROS-Carla/CSC791Project/ros-carla-bridge/build/carla_ros_scenario_runner_types' returned '0': CMAKE_PREFIX_PATH=${CMAKE_PREFIX_PATH}:/home/rfzhang/ROS-Carla/CSC791Project/lidar_to_carla/install/lidar_to_carla:/home/rfzhang/ROS-Carla/CSC791Project/ros-carla-bridge/install/rqt_carla_control:/home/rfzhang/ROS-Carla/CSC791Project/ros-carla-bridge/install/carla_waypoint_publisher:/home/rfzhang/ROS-Carla/CSC791Project/ros-carla-bridge/install/carla_ackermann_control:/home/rfzhang/ROS-Carla/CSC791Project/ros-carla-bridge/install/carla_ros_bridge:/home/rfzhang/ROS-Carla/CSC791Project/ros-carla-bridge/install/carla_spawn_objects:/home/rfzhang/ROS-Carla/CSC791Project/ros-carla-bridge/install/carla_manual_control:/home/rfzhang/ROS-Carla/CSC791Project/ros-carla-bridge/install/carla_ad_agent:/home/rfzhang/ROS-Carla/CSC791Project/ros-carla-bridge/install/ros_compatibility:/home/rfzhang/ROS-Carla/CSC791Project/ros-carla-bridge/install/carla_walker_agent:/home/rfzhang/ROS-Carla/CSC791Project/ros-carla-bridge/install/carla_twist_to_control:/home/rfzhang/ROS-Carla/CSC791Project/ros-carla-bridge/install/carla_ros_scenario_runner:/home/rfzhang/ROS-Carla/CSC791Project/ros-carla-bridge/install/carla_common:/opt/ros/humble VIRTUAL_ENV_PROMPT=(ros-carla) /usr/bin/cmake /home/rfzhang/ROS-Carla/CSC791Project/ros-carla-bridge/src/carla_ros/carla_ros_scenario_runner_types -DAMENT_CMAKE_SYMLINK_INSTALL=1 -DCMAKE_INSTALL_PREFIX=/home/rfzhang/ROS-Carla/CSC791Project/ros-carla-bridge/install/carla_ros_scenario_runner_types
[5.030s] Invoking command in '/home/rfzhang/ROS-Carla/CSC791Project/ros-carla-bridge/build/carla_ros_scenario_runner_types': CMAKE_PREFIX_PATH=${CMAKE_PREFIX_PATH}:/home/rfzhang/ROS-Carla/CSC791Project/lidar_to_carla/install/lidar_to_carla:/home/rfzhang/ROS-Carla/CSC791Project/ros-carla-bridge/install/rqt_carla_control:/home/rfzhang/ROS-Carla/CSC791Project/ros-carla-bridge/install/carla_waypoint_publisher:/home/rfzhang/ROS-Carla/CSC791Project/ros-carla-bridge/install/carla_ackermann_control:/home/rfzhang/ROS-Carla/CSC791Project/ros-carla-bridge/install/carla_ros_bridge:/home/rfzhang/ROS-Carla/CSC791Project/ros-carla-bridge/install/carla_spawn_objects:/home/rfzhang/ROS-Carla/CSC791Project/ros-carla-bridge/install/carla_manual_control:/home/rfzhang/ROS-Carla/CSC791Project/ros-carla-bridge/install/carla_ad_agent:/home/rfzhang/ROS-Carla/CSC791Project/ros-carla-bridge/install/ros_compatibility:/home/rfzhang/ROS-Carla/CSC791Project/ros-carla-bridge/install/carla_walker_agent:/home/rfzhang/ROS-Carla/CSC791Project/ros-carla-bridge/install/carla_twist_to_control:/home/rfzhang/ROS-Carla/CSC791Project/ros-carla-bridge/install/carla_ros_scenario_runner:/home/rfzhang/ROS-Carla/CSC791Project/ros-carla-bridge/install/carla_common:/opt/ros/humble VIRTUAL_ENV_PROMPT=(ros-carla) /usr/bin/cmake --build /home/rfzhang/ROS-Carla/CSC791Project/ros-carla-bridge/build/carla_ros_scenario_runner_types -- -j20 -l20
[5.062s] [  1%] [34m[1mGenerating C code for ROS interfaces[0m
[5.068s] [  3%] [34m[1mGenerating C++ code for ROS interfaces[0m
[5.076s] [  3%] Built target ament_cmake_python_symlink_carla_ros_scenario_runner_types
[5.242s] running egg_info
[5.242s] creating carla_ros_scenario_runner_types.egg-info
[5.242s] writing carla_ros_scenario_runner_types.egg-info/PKG-INFO
[5.242s] writing dependency_links to carla_ros_scenario_runner_types.egg-info/dependency_links.txt
[5.243s] writing top-level names to carla_ros_scenario_runner_types.egg-info/top_level.txt
[5.243s] writing manifest file 'carla_ros_scenario_runner_types.egg-info/SOURCES.txt'
[5.245s] reading manifest file 'carla_ros_scenario_runner_types.egg-info/SOURCES.txt'
[5.246s] writing manifest file 'carla_ros_scenario_runner_types.egg-info/SOURCES.txt'
[5.263s] [  3%] Built target ament_cmake_python_build_carla_ros_scenario_runner_types_egg
[5.473s] [  3%] Built target carla_ros_scenario_runner_types__cpp
[5.478s] [  5%] [34m[1mGenerating C++ type support dispatch for ROS interfaces[0m
[5.478s] [  7%] [34m[1mGenerating C++ introspection for ROS interfaces[0m
[5.480s] [  9%] [34m[1mGenerating C++ type support for eProsima Fast-RTPS[0m
[5.594s] [ 10%] [32mBuilding C object CMakeFiles/carla_ros_scenario_runner_types__rosidl_generator_c.dir/rosidl_generator_c/carla_ros_scenario_runner_types/msg/detail/carla_scenario__functions.c.o[0m
[5.606s] [ 12%] [32mBuilding C object CMakeFiles/carla_ros_scenario_runner_types__rosidl_generator_c.dir/rosidl_generator_c/carla_ros_scenario_runner_types/msg/detail/carla_scenario_list__functions.c.o[0m
[5.612s] [ 14%] [32mBuilding C object CMakeFiles/carla_ros_scenario_runner_types__rosidl_generator_c.dir/rosidl_generator_c/carla_ros_scenario_runner_types/msg/detail/carla_scenario_runner_status__functions.c.o[0m
[5.617s] [ 16%] [32mBuilding C object CMakeFiles/carla_ros_scenario_runner_types__rosidl_generator_c.dir/rosidl_generator_c/carla_ros_scenario_runner_types/srv/detail/execute_scenario__functions.c.o[0m
[5.675s] [ 18%] [32m[1mLinking C shared library libcarla_ros_scenario_runner_types__rosidl_generator_c.so[0m
[5.822s] [ 18%] Built target carla_ros_scenario_runner_types__rosidl_generator_c
[5.828s] [ 21%] [34m[1mGenerating C type support for eProsima Fast-RTPS[0m
[5.828s] [ 21%] [34m[1mGenerating C type support dispatch for ROS interfaces[0m
[5.832s] [ 23%] [34m[1mGenerating C introspection for ROS interfaces[0m
[5.880s] [ 25%] [32mBuilding CXX object CMakeFiles/carla_ros_scenario_runner_types__rosidl_typesupport_introspection_cpp.dir/rosidl_typesupport_introspection_cpp/carla_ros_scenario_runner_types/msg/detail/carla_scenario__type_support.cpp.o[0m
[5.882s] [ 27%] [32mBuilding CXX object CMakeFiles/carla_ros_scenario_runner_types__rosidl_typesupport_introspection_cpp.dir/rosidl_typesupport_introspection_cpp/carla_ros_scenario_runner_types/msg/detail/carla_scenario_list__type_support.cpp.o[0m
[5.883s] [ 29%] [32mBuilding CXX object CMakeFiles/carla_ros_scenario_runner_types__rosidl_typesupport_introspection_cpp.dir/rosidl_typesupport_introspection_cpp/carla_ros_scenario_runner_types/msg/detail/carla_scenario_runner_status__type_support.cpp.o[0m
[5.892s] [ 30%] [32mBuilding CXX object CMakeFiles/carla_ros_scenario_runner_types__rosidl_typesupport_introspection_cpp.dir/rosidl_typesupport_introspection_cpp/carla_ros_scenario_runner_types/srv/detail/execute_scenario__type_support.cpp.o[0m
[5.897s] [ 32%] [32mBuilding CXX object CMakeFiles/carla_ros_scenario_runner_types__rosidl_typesupport_cpp.dir/rosidl_typesupport_cpp/carla_ros_scenario_runner_types/msg/carla_scenario__type_support.cpp.o[0m
[5.902s] [ 34%] [32mBuilding CXX object CMakeFiles/carla_ros_scenario_runner_types__rosidl_typesupport_cpp.dir/rosidl_typesupport_cpp/carla_ros_scenario_runner_types/msg/carla_scenario_runner_status__type_support.cpp.o[0m
[5.912s] [ 36%] [32mBuilding CXX object CMakeFiles/carla_ros_scenario_runner_types__rosidl_typesupport_cpp.dir/rosidl_typesupport_cpp/carla_ros_scenario_runner_types/msg/carla_scenario_list__type_support.cpp.o[0m
[5.933s] [ 38%] [32mBuilding CXX object CMakeFiles/carla_ros_scenario_runner_types__rosidl_typesupport_cpp.dir/rosidl_typesupport_cpp/carla_ros_scenario_runner_types/srv/execute_scenario__type_support.cpp.o[0m
[5.966s] [ 40%] [32mBuilding CXX object CMakeFiles/carla_ros_scenario_runner_types__rosidl_typesupport_fastrtps_cpp.dir/rosidl_typesupport_fastrtps_cpp/carla_ros_scenario_runner_types/msg/detail/dds_fastrtps/carla_scenario_list__type_support.cpp.o[0m
[5.976s] [ 41%] [32mBuilding CXX object CMakeFiles/carla_ros_scenario_runner_types__rosidl_typesupport_fastrtps_cpp.dir/rosidl_typesupport_fastrtps_cpp/carla_ros_scenario_runner_types/msg/detail/dds_fastrtps/carla_scenario__type_support.cpp.o[0m
[5.994s] [ 43%] [32mBuilding CXX object CMakeFiles/carla_ros_scenario_runner_types__rosidl_typesupport_fastrtps_cpp.dir/rosidl_typesupport_fastrtps_cpp/carla_ros_scenario_runner_types/msg/detail/dds_fastrtps/carla_scenario_runner_status__type_support.cpp.o[0m
[6.059s] [ 45%] [32mBuilding CXX object CMakeFiles/carla_ros_scenario_runner_types__rosidl_typesupport_fastrtps_cpp.dir/rosidl_typesupport_fastrtps_cpp/carla_ros_scenario_runner_types/srv/detail/dds_fastrtps/execute_scenario__type_support.cpp.o[0m
[6.274s] [ 47%] [32mBuilding CXX object CMakeFiles/carla_ros_scenario_runner_types__rosidl_typesupport_c.dir/rosidl_typesupport_c/carla_ros_scenario_runner_types/msg/carla_scenario_list__type_support.cpp.o[0m
[6.274s] [ 49%] [32mBuilding CXX object CMakeFiles/carla_ros_scenario_runner_types__rosidl_typesupport_c.dir/rosidl_typesupport_c/carla_ros_scenario_runner_types/srv/execute_scenario__type_support.cpp.o[0m
[6.279s] [ 50%] [32mBuilding CXX object CMakeFiles/carla_ros_scenario_runner_types__rosidl_typesupport_c.dir/rosidl_typesupport_c/carla_ros_scenario_runner_types/msg/carla_scenario_runner_status__type_support.cpp.o[0m
[6.306s] [ 52%] [32mBuilding CXX object CMakeFiles/carla_ros_scenario_runner_types__rosidl_typesupport_c.dir/rosidl_typesupport_c/carla_ros_scenario_runner_types/msg/carla_scenario__type_support.cpp.o[0m
[6.322s] [ 54%] [32m[1mLinking CXX shared library libcarla_ros_scenario_runner_types__rosidl_typesupport_cpp.so[0m
[6.391s] [ 56%] [32m[1mLinking CXX shared library libcarla_ros_scenario_runner_types__rosidl_typesupport_c.so[0m
[6.538s] [ 58%] [32mBuilding CXX object CMakeFiles/carla_ros_scenario_runner_types__rosidl_typesupport_fastrtps_c.dir/rosidl_typesupport_fastrtps_c/carla_ros_scenario_runner_types/msg/detail/carla_scenario__type_support_c.cpp.o[0m
[6.542s] [ 60%] [32mBuilding CXX object CMakeFiles/carla_ros_scenario_runner_types__rosidl_typesupport_fastrtps_c.dir/rosidl_typesupport_fastrtps_c/carla_ros_scenario_runner_types/msg/detail/carla_scenario_list__type_support_c.cpp.o[0m
[6.544s] [ 61%] [32mBuilding CXX object CMakeFiles/carla_ros_scenario_runner_types__rosidl_typesupport_fastrtps_c.dir/rosidl_typesupport_fastrtps_c/carla_ros_scenario_runner_types/msg/detail/carla_scenario_runner_status__type_support_c.cpp.o[0m
[6.544s] [ 63%] [32m[1mLinking CXX shared library libcarla_ros_scenario_runner_types__rosidl_typesupport_introspection_cpp.so[0m
[6.557s] [ 65%] [32mBuilding CXX object CMakeFiles/carla_ros_scenario_runner_types__rosidl_typesupport_fastrtps_c.dir/rosidl_typesupport_fastrtps_c/carla_ros_scenario_runner_types/srv/detail/execute_scenario__type_support_c.cpp.o[0m
[6.565s] [ 67%] [32mBuilding C object CMakeFiles/carla_ros_scenario_runner_types__rosidl_typesupport_introspection_c.dir/rosidl_typesupport_introspection_c/carla_ros_scenario_runner_types/msg/detail/carla_scenario_runner_status__type_support.c.o[0m
[6.567s] [ 69%] [32mBuilding C object CMakeFiles/carla_ros_scenario_runner_types__rosidl_typesupport_introspection_c.dir/rosidl_typesupport_introspection_c/carla_ros_scenario_runner_types/msg/detail/carla_scenario_list__type_support.c.o[0m
[6.567s] [ 70%] [32mBuilding C object CMakeFiles/carla_ros_scenario_runner_types__rosidl_typesupport_introspection_c.dir/rosidl_typesupport_introspection_c/carla_ros_scenario_runner_types/msg/detail/carla_scenario__type_support.c.o[0m
[6.571s] [ 72%] [32mBuilding C object CMakeFiles/carla_ros_scenario_runner_types__rosidl_typesupport_introspection_c.dir/rosidl_typesupport_introspection_c/carla_ros_scenario_runner_types/srv/detail/execute_scenario__type_support.c.o[0m
[6.653s] [ 74%] [32m[1mLinking C shared library libcarla_ros_scenario_runner_types__rosidl_typesupport_introspection_c.so[0m
[6.806s] [ 74%] Built target carla_ros_scenario_runner_types__rosidl_typesupport_cpp
[6.817s] [ 76%] [32m[1mLinking CXX shared library libcarla_ros_scenario_runner_types__rosidl_typesupport_fastrtps_cpp.so[0m
[6.878s] [ 76%] Built target carla_ros_scenario_runner_types__rosidl_typesupport_c
[6.982s] [ 76%] Built target carla_ros_scenario_runner_types__rosidl_typesupport_introspection_cpp
[6.992s] [ 76%] Built target carla_ros_scenario_runner_types__rosidl_typesupport_introspection_c
[7.029s] [ 78%] [32m[1mLinking CXX shared library libcarla_ros_scenario_runner_types__rosidl_typesupport_fastrtps_c.so[0m
[7.039s] [ 78%] Built target carla_ros_scenario_runner_types__rosidl_typesupport_fastrtps_cpp
[7.584s] [ 78%] Built target carla_ros_scenario_runner_types__rosidl_typesupport_fastrtps_c
[7.614s] [ 78%] Built target carla_ros_scenario_runner_types
[7.636s] [ 80%] [34m[1mGenerating Python code for ROS interfaces[0m
[8.928s] [ 80%] Built target carla_ros_scenario_runner_types__py
[8.998s] [ 81%] [32mBuilding C object CMakeFiles/carla_ros_scenario_runner_types__rosidl_generator_py.dir/rosidl_generator_py/carla_ros_scenario_runner_types/msg/_carla_scenario_s.c.o[0m
[8.999s] [ 83%] [32mBuilding C object CMakeFiles/carla_ros_scenario_runner_types__rosidl_generator_py.dir/rosidl_generator_py/carla_ros_scenario_runner_types/msg/_carla_scenario_list_s.c.o[0m
[9.001s] [ 85%] [32mBuilding C object CMakeFiles/carla_ros_scenario_runner_types__rosidl_generator_py.dir/rosidl_generator_py/carla_ros_scenario_runner_types/msg/_carla_scenario_runner_status_s.c.o[0m
[9.022s] [ 87%] [32mBuilding C object CMakeFiles/carla_ros_scenario_runner_types__rosidl_generator_py.dir/rosidl_generator_py/carla_ros_scenario_runner_types/srv/_execute_scenario_s.c.o[0m
[9.220s] [ 89%] [32m[1mLinking C shared library rosidl_generator_py/carla_ros_scenario_runner_types/libcarla_ros_scenario_runner_types__rosidl_generator_py.so[0m
[9.585s] [ 89%] Built target carla_ros_scenario_runner_types__rosidl_generator_py
[9.626s] [ 90%] [32mBuilding C object CMakeFiles/carla_ros_scenario_runner_types__rosidl_typesupport_c__pyext.dir/rosidl_generator_py/carla_ros_scenario_runner_types/_carla_ros_scenario_runner_types_s.ep.rosidl_typesupport_c.c.o[0m
[9.640s] [ 92%] [32mBuilding C object CMakeFiles/carla_ros_scenario_runner_types__rosidl_typesupport_fastrtps_c__pyext.dir/rosidl_generator_py/carla_ros_scenario_runner_types/_carla_ros_scenario_runner_types_s.ep.rosidl_typesupport_fastrtps_c.c.o[0m
[9.696s] [ 94%] [32mBuilding C object CMakeFiles/carla_ros_scenario_runner_types__rosidl_typesupport_introspection_c__pyext.dir/rosidl_generator_py/carla_ros_scenario_runner_types/_carla_ros_scenario_runner_types_s.ep.rosidl_typesupport_introspection_c.c.o[0m
[9.846s] [ 96%] [32m[1mLinking C shared library rosidl_generator_py/carla_ros_scenario_runner_types/carla_ros_scenario_runner_types_s__rosidl_typesupport_c.cpython-310-x86_64-linux-gnu.so[0m
[9.866s] [ 98%] [32m[1mLinking C shared library rosidl_generator_py/carla_ros_scenario_runner_types/carla_ros_scenario_runner_types_s__rosidl_typesupport_introspection_c.cpython-310-x86_64-linux-gnu.so[0m
[9.926s] [100%] [32m[1mLinking C shared library rosidl_generator_py/carla_ros_scenario_runner_types/carla_ros_scenario_runner_types_s__rosidl_typesupport_fastrtps_c.cpython-310-x86_64-linux-gnu.so[0m
[10.202s] [100%] Built target carla_ros_scenario_runner_types__rosidl_typesupport_c__pyext
[10.202s] [100%] Built target carla_ros_scenario_runner_types__rosidl_typesupport_introspection_c__pyext
[10.262s] [100%] Built target carla_ros_scenario_runner_types__rosidl_typesupport_fastrtps_c__pyext
[10.270s] Invoked command in '/home/rfzhang/ROS-Carla/CSC791Project/ros-carla-bridge/build/carla_ros_scenario_runner_types' returned '0': CMAKE_PREFIX_PATH=${CMAKE_PREFIX_PATH}:/home/rfzhang/ROS-Carla/CSC791Project/lidar_to_carla/install/lidar_to_carla:/home/rfzhang/ROS-Carla/CSC791Project/ros-carla-bridge/install/rqt_carla_control:/home/rfzhang/ROS-Carla/CSC791Project/ros-carla-bridge/install/carla_waypoint_publisher:/home/rfzhang/ROS-Carla/CSC791Project/ros-carla-bridge/install/carla_ackermann_control:/home/rfzhang/ROS-Carla/CSC791Project/ros-carla-bridge/install/carla_ros_bridge:/home/rfzhang/ROS-Carla/CSC791Project/ros-carla-bridge/install/carla_spawn_objects:/home/rfzhang/ROS-Carla/CSC791Project/ros-carla-bridge/install/carla_manual_control:/home/rfzhang/ROS-Carla/CSC791Project/ros-carla-bridge/install/carla_ad_agent:/home/rfzhang/ROS-Carla/CSC791Project/ros-carla-bridge/install/ros_compatibility:/home/rfzhang/ROS-Carla/CSC791Project/ros-carla-bridge/install/carla_walker_agent:/home/rfzhang/ROS-Carla/CSC791Project/ros-carla-bridge/install/carla_twist_to_control:/home/rfzhang/ROS-Carla/CSC791Project/ros-carla-bridge/install/carla_ros_scenario_runner:/home/rfzhang/ROS-Carla/CSC791Project/ros-carla-bridge/install/carla_common:/opt/ros/humble VIRTUAL_ENV_PROMPT=(ros-carla) /usr/bin/cmake --build /home/rfzhang/ROS-Carla/CSC791Project/ros-carla-bridge/build/carla_ros_scenario_runner_types -- -j20 -l20
[10.272s] Invoking command in '/home/rfzhang/ROS-Carla/CSC791Project/ros-carla-bridge/build/carla_ros_scenario_runner_types': CMAKE_PREFIX_PATH=${CMAKE_PREFIX_PATH}:/home/rfzhang/ROS-Carla/CSC791Project/lidar_to_carla/install/lidar_to_carla:/home/rfzhang/ROS-Carla/CSC791Project/ros-carla-bridge/install/rqt_carla_control:/home/rfzhang/ROS-Carla/CSC791Project/ros-carla-bridge/install/carla_waypoint_publisher:/home/rfzhang/ROS-Carla/CSC791Project/ros-carla-bridge/install/carla_ackermann_control:/home/rfzhang/ROS-Carla/CSC791Project/ros-carla-bridge/install/carla_ros_bridge:/home/rfzhang/ROS-Carla/CSC791Project/ros-carla-bridge/install/carla_spawn_objects:/home/rfzhang/ROS-Carla/CSC791Project/ros-carla-bridge/install/carla_manual_control:/home/rfzhang/ROS-Carla/CSC791Project/ros-carla-bridge/install/carla_ad_agent:/home/rfzhang/ROS-Carla/CSC791Project/ros-carla-bridge/install/ros_compatibility:/home/rfzhang/ROS-Carla/CSC791Project/ros-carla-bridge/install/carla_walker_agent:/home/rfzhang/ROS-Carla/CSC791Project/ros-carla-bridge/install/carla_twist_to_control:/home/rfzhang/ROS-Carla/CSC791Project/ros-carla-bridge/install/carla_ros_scenario_runner:/home/rfzhang/ROS-Carla/CSC791Project/ros-carla-bridge/install/carla_common:/opt/ros/humble VIRTUAL_ENV_PROMPT=(ros-carla) /usr/bin/cmake --install /home/rfzhang/ROS-Carla/CSC791Project/ros-carla-bridge/build/carla_ros_scenario_runner_types
[10.276s] -- Install configuration: ""
[10.277s] -- Execute custom install script
[10.277s] -- Symlinking: /home/rfzhang/ROS-Carla/CSC791Project/ros-carla-bridge/install/carla_ros_scenario_runner_types/share/ament_index/resource_index/rosidl_interfaces/carla_ros_scenario_runner_types
[10.285s] -- Symlinking: /home/rfzhang/ROS-Carla/CSC791Project/ros-carla-bridge/install/carla_ros_scenario_runner_types/include/carla_ros_scenario_runner_types/carla_ros_scenario_runner_types/msg/carla_scenario.h
[10.292s] -- Symlinking: /home/rfzhang/ROS-Carla/CSC791Project/ros-carla-bridge/install/carla_ros_scenario_runner_types/include/carla_ros_scenario_runner_types/carla_ros_scenario_runner_types/msg/carla_scenario_list.h
[10.296s] -- Symlinking: /home/rfzhang/ROS-Carla/CSC791Project/ros-carla-bridge/install/carla_ros_scenario_runner_types/include/carla_ros_scenario_runner_types/carla_ros_scenario_runner_types/msg/carla_scenario_runner_status.h
[10.302s] -- Symlinking: /home/rfzhang/ROS-Carla/CSC791Project/ros-carla-bridge/install/carla_ros_scenario_runner_types/include/carla_ros_scenario_runner_types/carla_ros_scenario_runner_types/msg/detail/carla_scenario__functions.h
[10.308s] -- Symlinking: /home/rfzhang/ROS-Carla/CSC791Project/ros-carla-bridge/install/carla_ros_scenario_runner_types/include/carla_ros_scenario_runner_types/carla_ros_scenario_runner_types/msg/detail/carla_scenario__struct.h
[10.313s] -- Symlinking: /home/rfzhang/ROS-Carla/CSC791Project/ros-carla-bridge/install/carla_ros_scenario_runner_types/include/carla_ros_scenario_runner_types/carla_ros_scenario_runner_types/msg/detail/carla_scenario__type_support.h
[10.318s] -- Symlinking: /home/rfzhang/ROS-Carla/CSC791Project/ros-carla-bridge/install/carla_ros_scenario_runner_types/include/carla_ros_scenario_runner_types/carla_ros_scenario_runner_types/msg/detail/carla_scenario_list__functions.h
[10.326s] -- Symlinking: /home/rfzhang/ROS-Carla/CSC791Project/ros-carla-bridge/install/carla_ros_scenario_runner_types/include/carla_ros_scenario_runner_types/carla_ros_scenario_runner_types/msg/detail/carla_scenario_list__struct.h
[10.331s] -- Symlinking: /home/rfzhang/ROS-Carla/CSC791Project/ros-carla-bridge/install/carla_ros_scenario_runner_types/include/carla_ros_scenario_runner_types/carla_ros_scenario_runner_types/msg/detail/carla_scenario_list__type_support.h
[10.336s] -- Symlinking: /home/rfzhang/ROS-Carla/CSC791Project/ros-carla-bridge/install/carla_ros_scenario_runner_types/include/carla_ros_scenario_runner_types/carla_ros_scenario_runner_types/msg/detail/carla_scenario_runner_status__functions.h
[10.340s] -- Symlinking: /home/rfzhang/ROS-Carla/CSC791Project/ros-carla-bridge/install/carla_ros_scenario_runner_types/include/carla_ros_scenario_runner_types/carla_ros_scenario_runner_types/msg/detail/carla_scenario_runner_status__struct.h
[10.345s] -- Symlinking: /home/rfzhang/ROS-Carla/CSC791Project/ros-carla-bridge/install/carla_ros_scenario_runner_types/include/carla_ros_scenario_runner_types/carla_ros_scenario_runner_types/msg/detail/carla_scenario_runner_status__type_support.h
[10.351s] -- Symlinking: /home/rfzhang/ROS-Carla/CSC791Project/ros-carla-bridge/install/carla_ros_scenario_runner_types/include/carla_ros_scenario_runner_types/carla_ros_scenario_runner_types/msg/rosidl_generator_c__visibility_control.h
[10.356s] -- Symlinking: /home/rfzhang/ROS-Carla/CSC791Project/ros-carla-bridge/install/carla_ros_scenario_runner_types/include/carla_ros_scenario_runner_types/carla_ros_scenario_runner_types/srv/detail/execute_scenario__functions.h
[10.361s] -- Symlinking: /home/rfzhang/ROS-Carla/CSC791Project/ros-carla-bridge/install/carla_ros_scenario_runner_types/include/carla_ros_scenario_runner_types/carla_ros_scenario_runner_types/srv/detail/execute_scenario__struct.h
[10.365s] -- Symlinking: /home/rfzhang/ROS-Carla/CSC791Project/ros-carla-bridge/install/carla_ros_scenario_runner_types/include/carla_ros_scenario_runner_types/carla_ros_scenario_runner_types/srv/detail/execute_scenario__type_support.h
[10.371s] -- Symlinking: /home/rfzhang/ROS-Carla/CSC791Project/ros-carla-bridge/install/carla_ros_scenario_runner_types/include/carla_ros_scenario_runner_types/carla_ros_scenario_runner_types/srv/execute_scenario.h
[10.376s] -- Symlinking: /home/rfzhang/ROS-Carla/CSC791Project/ros-carla-bridge/install/carla_ros_scenario_runner_types/share/carla_ros_scenario_runner_types/environment/library_path.sh
[10.381s] -- Symlinking: /home/rfzhang/ROS-Carla/CSC791Project/ros-carla-bridge/install/carla_ros_scenario_runner_types/share/carla_ros_scenario_runner_types/environment/library_path.dsv
[10.386s] -- Symlinking: /home/rfzhang/ROS-Carla/CSC791Project/ros-carla-bridge/install/carla_ros_scenario_runner_types/include/carla_ros_scenario_runner_types/carla_ros_scenario_runner_types/msg/detail/carla_scenario__rosidl_typesupport_fastrtps_c.h
[10.391s] -- Symlinking: /home/rfzhang/ROS-Carla/CSC791Project/ros-carla-bridge/install/carla_ros_scenario_runner_types/include/carla_ros_scenario_runner_types/carla_ros_scenario_runner_types/msg/detail/carla_scenario_list__rosidl_typesupport_fastrtps_c.h
[10.395s] -- Symlinking: /home/rfzhang/ROS-Carla/CSC791Project/ros-carla-bridge/install/carla_ros_scenario_runner_types/include/carla_ros_scenario_runner_types/carla_ros_scenario_runner_types/msg/detail/carla_scenario_runner_status__rosidl_typesupport_fastrtps_c.h
[10.399s] -- Symlinking: /home/rfzhang/ROS-Carla/CSC791Project/ros-carla-bridge/install/carla_ros_scenario_runner_types/include/carla_ros_scenario_runner_types/carla_ros_scenario_runner_types/msg/rosidl_typesupport_fastrtps_c__visibility_control.h
[10.404s] -- Symlinking: /home/rfzhang/ROS-Carla/CSC791Project/ros-carla-bridge/install/carla_ros_scenario_runner_types/include/carla_ros_scenario_runner_types/carla_ros_scenario_runner_types/srv/detail/execute_scenario__rosidl_typesupport_fastrtps_c.h
[10.408s] -- Symlinking: /home/rfzhang/ROS-Carla/CSC791Project/ros-carla-bridge/install/carla_ros_scenario_runner_types/include/carla_ros_scenario_runner_types/carla_ros_scenario_runner_types/msg/carla_scenario.hpp
[10.413s] -- Symlinking: /home/rfzhang/ROS-Carla/CSC791Project/ros-carla-bridge/install/carla_ros_scenario_runner_types/include/carla_ros_scenario_runner_types/carla_ros_scenario_runner_types/msg/carla_scenario_list.hpp
[10.418s] -- Symlinking: /home/rfzhang/ROS-Carla/CSC791Project/ros-carla-bridge/install/carla_ros_scenario_runner_types/include/carla_ros_scenario_runner_types/carla_ros_scenario_runner_types/msg/carla_scenario_runner_status.hpp
[10.422s] -- Symlinking: /home/rfzhang/ROS-Carla/CSC791Project/ros-carla-bridge/install/carla_ros_scenario_runner_types/include/carla_ros_scenario_runner_types/carla_ros_scenario_runner_types/msg/detail/carla_scenario__builder.hpp
[10.427s] -- Symlinking: /home/rfzhang/ROS-Carla/CSC791Project/ros-carla-bridge/install/carla_ros_scenario_runner_types/include/carla_ros_scenario_runner_types/carla_ros_scenario_runner_types/msg/detail/carla_scenario__struct.hpp
[10.432s] -- Symlinking: /home/rfzhang/ROS-Carla/CSC791Project/ros-carla-bridge/install/carla_ros_scenario_runner_types/include/carla_ros_scenario_runner_types/carla_ros_scenario_runner_types/msg/detail/carla_scenario__traits.hpp
[10.437s] -- Symlinking: /home/rfzhang/ROS-Carla/CSC791Project/ros-carla-bridge/install/carla_ros_scenario_runner_types/include/carla_ros_scenario_runner_types/carla_ros_scenario_runner_types/msg/detail/carla_scenario__type_support.hpp
[10.441s] -- Symlinking: /home/rfzhang/ROS-Carla/CSC791Project/ros-carla-bridge/install/carla_ros_scenario_runner_types/include/carla_ros_scenario_runner_types/carla_ros_scenario_runner_types/msg/detail/carla_scenario_list__builder.hpp
[10.445s] -- Symlinking: /home/rfzhang/ROS-Carla/CSC791Project/ros-carla-bridge/install/carla_ros_scenario_runner_types/include/carla_ros_scenario_runner_types/carla_ros_scenario_runner_types/msg/detail/carla_scenario_list__struct.hpp
[10.449s] -- Symlinking: /home/rfzhang/ROS-Carla/CSC791Project/ros-carla-bridge/install/carla_ros_scenario_runner_types/include/carla_ros_scenario_runner_types/carla_ros_scenario_runner_types/msg/detail/carla_scenario_list__traits.hpp
[10.453s] -- Symlinking: /home/rfzhang/ROS-Carla/CSC791Project/ros-carla-bridge/install/carla_ros_scenario_runner_types/include/carla_ros_scenario_runner_types/carla_ros_scenario_runner_types/msg/detail/carla_scenario_list__type_support.hpp
[10.458s] -- Symlinking: /home/rfzhang/ROS-Carla/CSC791Project/ros-carla-bridge/install/carla_ros_scenario_runner_types/include/carla_ros_scenario_runner_types/carla_ros_scenario_runner_types/msg/detail/carla_scenario_runner_status__builder.hpp
[10.462s] -- Symlinking: /home/rfzhang/ROS-Carla/CSC791Project/ros-carla-bridge/install/carla_ros_scenario_runner_types/include/carla_ros_scenario_runner_types/carla_ros_scenario_runner_types/msg/detail/carla_scenario_runner_status__struct.hpp
[10.467s] -- Symlinking: /home/rfzhang/ROS-Carla/CSC791Project/ros-carla-bridge/install/carla_ros_scenario_runner_types/include/carla_ros_scenario_runner_types/carla_ros_scenario_runner_types/msg/detail/carla_scenario_runner_status__traits.hpp
[10.472s] -- Symlinking: /home/rfzhang/ROS-Carla/CSC791Project/ros-carla-bridge/install/carla_ros_scenario_runner_types/include/carla_ros_scenario_runner_types/carla_ros_scenario_runner_types/msg/detail/carla_scenario_runner_status__type_support.hpp
[10.476s] -- Symlinking: /home/rfzhang/ROS-Carla/CSC791Project/ros-carla-bridge/install/carla_ros_scenario_runner_types/include/carla_ros_scenario_runner_types/carla_ros_scenario_runner_types/msg/rosidl_generator_cpp__visibility_control.hpp
[10.480s] -- Symlinking: /home/rfzhang/ROS-Carla/CSC791Project/ros-carla-bridge/install/carla_ros_scenario_runner_types/include/carla_ros_scenario_runner_types/carla_ros_scenario_runner_types/srv/detail/execute_scenario__builder.hpp
[10.485s] -- Symlinking: /home/rfzhang/ROS-Carla/CSC791Project/ros-carla-bridge/install/carla_ros_scenario_runner_types/include/carla_ros_scenario_runner_types/carla_ros_scenario_runner_types/srv/detail/execute_scenario__struct.hpp
[10.491s] -- Symlinking: /home/rfzhang/ROS-Carla/CSC791Project/ros-carla-bridge/install/carla_ros_scenario_runner_types/include/carla_ros_scenario_runner_types/carla_ros_scenario_runner_types/srv/detail/execute_scenario__traits.hpp
[10.496s] -- Symlinking: /home/rfzhang/ROS-Carla/CSC791Project/ros-carla-bridge/install/carla_ros_scenario_runner_types/include/carla_ros_scenario_runner_types/carla_ros_scenario_runner_types/srv/detail/execute_scenario__type_support.hpp
[10.500s] -- Symlinking: /home/rfzhang/ROS-Carla/CSC791Project/ros-carla-bridge/install/carla_ros_scenario_runner_types/include/carla_ros_scenario_runner_types/carla_ros_scenario_runner_types/srv/execute_scenario.hpp
[10.505s] -- Symlinking: /home/rfzhang/ROS-Carla/CSC791Project/ros-carla-bridge/install/carla_ros_scenario_runner_types/include/carla_ros_scenario_runner_types/carla_ros_scenario_runner_types/msg/detail/carla_scenario__rosidl_typesupport_fastrtps_cpp.hpp
[10.510s] -- Symlinking: /home/rfzhang/ROS-Carla/CSC791Project/ros-carla-bridge/install/carla_ros_scenario_runner_types/include/carla_ros_scenario_runner_types/carla_ros_scenario_runner_types/msg/detail/carla_scenario_list__rosidl_typesupport_fastrtps_cpp.hpp
[10.514s] -- Symlinking: /home/rfzhang/ROS-Carla/CSC791Project/ros-carla-bridge/install/carla_ros_scenario_runner_types/include/carla_ros_scenario_runner_types/carla_ros_scenario_runner_types/msg/detail/carla_scenario_runner_status__rosidl_typesupport_fastrtps_cpp.hpp
[10.519s] -- Symlinking: /home/rfzhang/ROS-Carla/CSC791Project/ros-carla-bridge/install/carla_ros_scenario_runner_types/include/carla_ros_scenario_runner_types/carla_ros_scenario_runner_types/msg/rosidl_typesupport_fastrtps_cpp__visibility_control.h
[10.524s] -- Symlinking: /home/rfzhang/ROS-Carla/CSC791Project/ros-carla-bridge/install/carla_ros_scenario_runner_types/include/carla_ros_scenario_runner_types/carla_ros_scenario_runner_types/srv/detail/execute_scenario__rosidl_typesupport_fastrtps_cpp.hpp
[10.529s] -- Symlinking: /home/rfzhang/ROS-Carla/CSC791Project/ros-carla-bridge/install/carla_ros_scenario_runner_types/include/carla_ros_scenario_runner_types/carla_ros_scenario_runner_types/msg/detail/carla_scenario__rosidl_typesupport_introspection_c.h
[10.533s] -- Symlinking: /home/rfzhang/ROS-Carla/CSC791Project/ros-carla-bridge/install/carla_ros_scenario_runner_types/include/carla_ros_scenario_runner_types/carla_ros_scenario_runner_types/msg/detail/carla_scenario_list__rosidl_typesupport_introspection_c.h
[10.538s] -- Symlinking: /home/rfzhang/ROS-Carla/CSC791Project/ros-carla-bridge/install/carla_ros_scenario_runner_types/include/carla_ros_scenario_runner_types/carla_ros_scenario_runner_types/msg/detail/carla_scenario_runner_status__rosidl_typesupport_introspection_c.h
[10.542s] -- Symlinking: /home/rfzhang/ROS-Carla/CSC791Project/ros-carla-bridge/install/carla_ros_scenario_runner_types/include/carla_ros_scenario_runner_types/carla_ros_scenario_runner_types/msg/rosidl_typesupport_introspection_c__visibility_control.h
[10.548s] -- Symlinking: /home/rfzhang/ROS-Carla/CSC791Project/ros-carla-bridge/install/carla_ros_scenario_runner_types/include/carla_ros_scenario_runner_types/carla_ros_scenario_runner_types/srv/detail/execute_scenario__rosidl_typesupport_introspection_c.h
[10.554s] -- Symlinking: /home/rfzhang/ROS-Carla/CSC791Project/ros-carla-bridge/install/carla_ros_scenario_runner_types/include/carla_ros_scenario_runner_types/carla_ros_scenario_runner_types/msg/detail/carla_scenario__rosidl_typesupport_introspection_cpp.hpp
[10.560s] -- Symlinking: /home/rfzhang/ROS-Carla/CSC791Project/ros-carla-bridge/install/carla_ros_scenario_runner_types/include/carla_ros_scenario_runner_types/carla_ros_scenario_runner_types/msg/detail/carla_scenario_list__rosidl_typesupport_introspection_cpp.hpp
[10.565s] -- Symlinking: /home/rfzhang/ROS-Carla/CSC791Project/ros-carla-bridge/install/carla_ros_scenario_runner_types/include/carla_ros_scenario_runner_types/carla_ros_scenario_runner_types/msg/detail/carla_scenario_runner_status__rosidl_typesupport_introspection_cpp.hpp
[10.570s] -- Symlinking: /home/rfzhang/ROS-Carla/CSC791Project/ros-carla-bridge/install/carla_ros_scenario_runner_types/include/carla_ros_scenario_runner_types/carla_ros_scenario_runner_types/srv/detail/execute_scenario__rosidl_typesupport_introspection_cpp.hpp
[10.574s] -- Symlinking: /home/rfzhang/ROS-Carla/CSC791Project/ros-carla-bridge/install/carla_ros_scenario_runner_types/share/carla_ros_scenario_runner_types/environment/pythonpath.sh
[10.580s] -- Symlinking: /home/rfzhang/ROS-Carla/CSC791Project/ros-carla-bridge/install/carla_ros_scenario_runner_types/share/carla_ros_scenario_runner_types/environment/pythonpath.dsv
[10.585s] -- Symlinking: /home/rfzhang/ROS-Carla/CSC791Project/ros-carla-bridge/install/carla_ros_scenario_runner_types/lib/python3.10/site-packages/carla_ros_scenario_runner_types-0.1.0-py3.10.egg-info/PKG-INFO
[10.591s] -- Symlinking: /home/rfzhang/ROS-Carla/CSC791Project/ros-carla-bridge/install/carla_ros_scenario_runner_types/lib/python3.10/site-packages/carla_ros_scenario_runner_types-0.1.0-py3.10.egg-info/SOURCES.txt
[10.596s] -- Symlinking: /home/rfzhang/ROS-Carla/CSC791Project/ros-carla-bridge/install/carla_ros_scenario_runner_types/lib/python3.10/site-packages/carla_ros_scenario_runner_types-0.1.0-py3.10.egg-info/dependency_links.txt
[10.600s] -- Symlinking: /home/rfzhang/ROS-Carla/CSC791Project/ros-carla-bridge/install/carla_ros_scenario_runner_types/lib/python3.10/site-packages/carla_ros_scenario_runner_types-0.1.0-py3.10.egg-info/top_level.txt
[10.605s] -- Symlinking: /home/rfzhang/ROS-Carla/CSC791Project/ros-carla-bridge/install/carla_ros_scenario_runner_types/lib/python3.10/site-packages/carla_ros_scenario_runner_types/__init__.py
[10.609s] -- Symlinking: /home/rfzhang/ROS-Carla/CSC791Project/ros-carla-bridge/install/carla_ros_scenario_runner_types/lib/python3.10/site-packages/carla_ros_scenario_runner_types/_carla_ros_scenario_runner_types_s.ep.rosidl_typesupport_c.c
[10.613s] -- Symlinking: /home/rfzhang/ROS-Carla/CSC791Project/ros-carla-bridge/install/carla_ros_scenario_runner_types/lib/python3.10/site-packages/carla_ros_scenario_runner_types/_carla_ros_scenario_runner_types_s.ep.rosidl_typesupport_fastrtps_c.c
[10.620s] -- Symlinking: /home/rfzhang/ROS-Carla/CSC791Project/ros-carla-bridge/install/carla_ros_scenario_runner_types/lib/python3.10/site-packages/carla_ros_scenario_runner_types/_carla_ros_scenario_runner_types_s.ep.rosidl_typesupport_introspection_c.c
[10.627s] -- Symlinking: /home/rfzhang/ROS-Carla/CSC791Project/ros-carla-bridge/install/carla_ros_scenario_runner_types/lib/python3.10/site-packages/carla_ros_scenario_runner_types/carla_ros_scenario_runner_types_s__rosidl_typesupport_c.cpython-310-x86_64-linux-gnu.so
[10.633s] -- Symlinking: /home/rfzhang/ROS-Carla/CSC791Project/ros-carla-bridge/install/carla_ros_scenario_runner_types/lib/python3.10/site-packages/carla_ros_scenario_runner_types/carla_ros_scenario_runner_types_s__rosidl_typesupport_fastrtps_c.cpython-310-x86_64-linux-gnu.so
[10.637s] -- Symlinking: /home/rfzhang/ROS-Carla/CSC791Project/ros-carla-bridge/install/carla_ros_scenario_runner_types/lib/python3.10/site-packages/carla_ros_scenario_runner_types/carla_ros_scenario_runner_types_s__rosidl_typesupport_introspection_c.cpython-310-x86_64-linux-gnu.so
[10.642s] -- Symlinking: /home/rfzhang/ROS-Carla/CSC791Project/ros-carla-bridge/install/carla_ros_scenario_runner_types/lib/python3.10/site-packages/carla_ros_scenario_runner_types/libcarla_ros_scenario_runner_types__rosidl_generator_py.so
[10.647s] -- Symlinking: /home/rfzhang/ROS-Carla/CSC791Project/ros-carla-bridge/install/carla_ros_scenario_runner_types/lib/python3.10/site-packages/carla_ros_scenario_runner_types/msg/__init__.py
[10.652s] -- Symlinking: /home/rfzhang/ROS-Carla/CSC791Project/ros-carla-bridge/install/carla_ros_scenario_runner_types/lib/python3.10/site-packages/carla_ros_scenario_runner_types/msg/_carla_scenario.py
[10.657s] -- Symlinking: /home/rfzhang/ROS-Carla/CSC791Project/ros-carla-bridge/install/carla_ros_scenario_runner_types/lib/python3.10/site-packages/carla_ros_scenario_runner_types/msg/_carla_scenario_list.py
[10.663s] -- Symlinking: /home/rfzhang/ROS-Carla/CSC791Project/ros-carla-bridge/install/carla_ros_scenario_runner_types/lib/python3.10/site-packages/carla_ros_scenario_runner_types/msg/_carla_scenario_list_s.c
[10.667s] -- Symlinking: /home/rfzhang/ROS-Carla/CSC791Project/ros-carla-bridge/install/carla_ros_scenario_runner_types/lib/python3.10/site-packages/carla_ros_scenario_runner_types/msg/_carla_scenario_runner_status.py
[10.675s] -- Symlinking: /home/rfzhang/ROS-Carla/CSC791Project/ros-carla-bridge/install/carla_ros_scenario_runner_types/lib/python3.10/site-packages/carla_ros_scenario_runner_types/msg/_carla_scenario_runner_status_s.c
[10.681s] -- Symlinking: /home/rfzhang/ROS-Carla/CSC791Project/ros-carla-bridge/install/carla_ros_scenario_runner_types/lib/python3.10/site-packages/carla_ros_scenario_runner_types/msg/_carla_scenario_s.c
[10.687s] -- Symlinking: /home/rfzhang/ROS-Carla/CSC791Project/ros-carla-bridge/install/carla_ros_scenario_runner_types/lib/python3.10/site-packages/carla_ros_scenario_runner_types/srv/__init__.py
[10.694s] -- Symlinking: /home/rfzhang/ROS-Carla/CSC791Project/ros-carla-bridge/install/carla_ros_scenario_runner_types/lib/python3.10/site-packages/carla_ros_scenario_runner_types/srv/_execute_scenario.py
[10.708s] -- Symlinking: /home/rfzhang/ROS-Carla/CSC791Project/ros-carla-bridge/install/carla_ros_scenario_runner_types/lib/python3.10/site-packages/carla_ros_scenario_runner_types/srv/_execute_scenario_s.c
[10.721s] -- Up-to-date symlink: /home/rfzhang/ROS-Carla/CSC791Project/ros-carla-bridge/install/carla_ros_scenario_runner_types/lib/python3.10/site-packages/carla_ros_scenario_runner_types/carla_ros_scenario_runner_types_s__rosidl_typesupport_fastrtps_c.cpython-310-x86_64-linux-gnu.so
[10.721s] -- Up-to-date symlink: /home/rfzhang/ROS-Carla/CSC791Project/ros-carla-bridge/install/carla_ros_scenario_runner_types/lib/python3.10/site-packages/carla_ros_scenario_runner_types/carla_ros_scenario_runner_types_s__rosidl_typesupport_introspection_c.cpython-310-x86_64-linux-gnu.so
[10.721s] -- Up-to-date symlink: /home/rfzhang/ROS-Carla/CSC791Project/ros-carla-bridge/install/carla_ros_scenario_runner_types/lib/python3.10/site-packages/carla_ros_scenario_runner_types/carla_ros_scenario_runner_types_s__rosidl_typesupport_c.cpython-310-x86_64-linux-gnu.so
[10.721s] -- Symlinking: /home/rfzhang/ROS-Carla/CSC791Project/ros-carla-bridge/install/carla_ros_scenario_runner_types/share/carla_ros_scenario_runner_types/msg/CarlaScenario.idl
[10.728s] -- Symlinking: /home/rfzhang/ROS-Carla/CSC791Project/ros-carla-bridge/install/carla_ros_scenario_runner_types/share/carla_ros_scenario_runner_types/msg/CarlaScenarioList.idl
[10.741s] -- Symlinking: /home/rfzhang/ROS-Carla/CSC791Project/ros-carla-bridge/install/carla_ros_scenario_runner_types/share/carla_ros_scenario_runner_types/msg/CarlaScenarioRunnerStatus.idl
[10.746s] -- Symlinking: /home/rfzhang/ROS-Carla/CSC791Project/ros-carla-bridge/install/carla_ros_scenario_runner_types/share/carla_ros_scenario_runner_types/srv/ExecuteScenario.idl
[10.752s] -- Symlinking: /home/rfzhang/ROS-Carla/CSC791Project/ros-carla-bridge/install/carla_ros_scenario_runner_types/share/carla_ros_scenario_runner_types/msg/CarlaScenario.msg
[10.757s] -- Symlinking: /home/rfzhang/ROS-Carla/CSC791Project/ros-carla-bridge/install/carla_ros_scenario_runner_types/share/carla_ros_scenario_runner_types/msg/CarlaScenarioList.msg
[10.762s] -- Symlinking: /home/rfzhang/ROS-Carla/CSC791Project/ros-carla-bridge/install/carla_ros_scenario_runner_types/share/carla_ros_scenario_runner_types/msg/CarlaScenarioRunnerStatus.msg
[10.767s] -- Symlinking: /home/rfzhang/ROS-Carla/CSC791Project/ros-carla-bridge/install/carla_ros_scenario_runner_types/share/carla_ros_scenario_runner_types/srv/ExecuteScenario.srv
[10.772s] -- Symlinking: /home/rfzhang/ROS-Carla/CSC791Project/ros-carla-bridge/install/carla_ros_scenario_runner_types/share/carla_ros_scenario_runner_types/srv/ExecuteScenario_Request.msg
[10.777s] -- Symlinking: /home/rfzhang/ROS-Carla/CSC791Project/ros-carla-bridge/install/carla_ros_scenario_runner_types/share/carla_ros_scenario_runner_types/srv/ExecuteScenario_Response.msg
[10.782s] -- Symlinking: /home/rfzhang/ROS-Carla/CSC791Project/ros-carla-bridge/install/carla_ros_scenario_runner_types/share/ament_index/resource_index/package_run_dependencies/carla_ros_scenario_runner_types
[10.787s] -- Symlinking: /home/rfzhang/ROS-Carla/CSC791Project/ros-carla-bridge/install/carla_ros_scenario_runner_types/share/ament_index/resource_index/parent_prefix_path/carla_ros_scenario_runner_types
[10.793s] -- Symlinking: /home/rfzhang/ROS-Carla/CSC791Project/ros-carla-bridge/install/carla_ros_scenario_runner_types/share/carla_ros_scenario_runner_types/environment/ament_prefix_path.sh
[10.798s] -- Symlinking: /home/rfzhang/ROS-Carla/CSC791Project/ros-carla-bridge/install/carla_ros_scenario_runner_types/share/carla_ros_scenario_runner_types/environment/ament_prefix_path.dsv
[10.803s] -- Symlinking: /home/rfzhang/ROS-Carla/CSC791Project/ros-carla-bridge/install/carla_ros_scenario_runner_types/share/carla_ros_scenario_runner_types/environment/path.sh
[10.808s] -- Symlinking: /home/rfzhang/ROS-Carla/CSC791Project/ros-carla-bridge/install/carla_ros_scenario_runner_types/share/carla_ros_scenario_runner_types/environment/path.dsv
[10.813s] -- Symlinking: /home/rfzhang/ROS-Carla/CSC791Project/ros-carla-bridge/install/carla_ros_scenario_runner_types/share/carla_ros_scenario_runner_types/local_setup.bash
[10.818s] -- Symlinking: /home/rfzhang/ROS-Carla/CSC791Project/ros-carla-bridge/install/carla_ros_scenario_runner_types/share/carla_ros_scenario_runner_types/local_setup.sh
[10.823s] -- Symlinking: /home/rfzhang/ROS-Carla/CSC791Project/ros-carla-bridge/install/carla_ros_scenario_runner_types/share/carla_ros_scenario_runner_types/local_setup.zsh
[10.828s] -- Symlinking: /home/rfzhang/ROS-Carla/CSC791Project/ros-carla-bridge/install/carla_ros_scenario_runner_types/share/carla_ros_scenario_runner_types/local_setup.dsv
[10.833s] -- Symlinking: /home/rfzhang/ROS-Carla/CSC791Project/ros-carla-bridge/install/carla_ros_scenario_runner_types/share/carla_ros_scenario_runner_types/package.dsv
[10.838s] -- Symlinking: /home/rfzhang/ROS-Carla/CSC791Project/ros-carla-bridge/install/carla_ros_scenario_runner_types/share/ament_index/resource_index/packages/carla_ros_scenario_runner_types
[10.843s] -- Symlinking: /home/rfzhang/ROS-Carla/CSC791Project/ros-carla-bridge/install/carla_ros_scenario_runner_types/share/carla_ros_scenario_runner_types/cmake/rosidl_cmake-extras.cmake
[10.847s] -- Symlinking: /home/rfzhang/ROS-Carla/CSC791Project/ros-carla-bridge/install/carla_ros_scenario_runner_types/share/carla_ros_scenario_runner_types/cmake/ament_cmake_export_dependencies-extras.cmake
[10.852s] -- Symlinking: /home/rfzhang/ROS-Carla/CSC791Project/ros-carla-bridge/install/carla_ros_scenario_runner_types/share/carla_ros_scenario_runner_types/cmake/ament_cmake_export_include_directories-extras.cmake
[10.857s] -- Symlinking: /home/rfzhang/ROS-Carla/CSC791Project/ros-carla-bridge/install/carla_ros_scenario_runner_types/share/carla_ros_scenario_runner_types/cmake/ament_cmake_export_libraries-extras.cmake
[10.862s] -- Symlinking: /home/rfzhang/ROS-Carla/CSC791Project/ros-carla-bridge/install/carla_ros_scenario_runner_types/share/carla_ros_scenario_runner_types/cmake/ament_cmake_export_targets-extras.cmake
[10.868s] -- Symlinking: /home/rfzhang/ROS-Carla/CSC791Project/ros-carla-bridge/install/carla_ros_scenario_runner_types/share/carla_ros_scenario_runner_types/cmake/rosidl_cmake_export_typesupport_targets-extras.cmake
[10.872s] -- Symlinking: /home/rfzhang/ROS-Carla/CSC791Project/ros-carla-bridge/install/carla_ros_scenario_runner_types/share/carla_ros_scenario_runner_types/cmake/rosidl_cmake_export_typesupport_libraries-extras.cmake
[10.878s] -- Symlinking: /home/rfzhang/ROS-Carla/CSC791Project/ros-carla-bridge/install/carla_ros_scenario_runner_types/share/carla_ros_scenario_runner_types/cmake/carla_ros_scenario_runner_typesConfig.cmake
[10.884s] -- Symlinking: /home/rfzhang/ROS-Carla/CSC791Project/ros-carla-bridge/install/carla_ros_scenario_runner_types/share/carla_ros_scenario_runner_types/cmake/carla_ros_scenario_runner_typesConfig-version.cmake
[10.890s] -- Symlinking: /home/rfzhang/ROS-Carla/CSC791Project/ros-carla-bridge/install/carla_ros_scenario_runner_types/share/carla_ros_scenario_runner_types/package.xml
[10.898s] -- Installing: /home/rfzhang/ROS-Carla/CSC791Project/ros-carla-bridge/install/carla_ros_scenario_runner_types/lib/libcarla_ros_scenario_runner_types__rosidl_generator_c.so
[10.899s] -- Set runtime path of "/home/rfzhang/ROS-Carla/CSC791Project/ros-carla-bridge/install/carla_ros_scenario_runner_types/lib/libcarla_ros_scenario_runner_types__rosidl_generator_c.so" to ""
[10.899s] -- Installing: /home/rfzhang/ROS-Carla/CSC791Project/ros-carla-bridge/install/carla_ros_scenario_runner_types/lib/libcarla_ros_scenario_runner_types__rosidl_typesupport_fastrtps_c.so
[10.899s] -- Set runtime path of "/home/rfzhang/ROS-Carla/CSC791Project/ros-carla-bridge/install/carla_ros_scenario_runner_types/lib/libcarla_ros_scenario_runner_types__rosidl_typesupport_fastrtps_c.so" to ""
[10.899s] -- Installing: /home/rfzhang/ROS-Carla/CSC791Project/ros-carla-bridge/install/carla_ros_scenario_runner_types/lib/libcarla_ros_scenario_runner_types__rosidl_typesupport_fastrtps_cpp.so
[10.900s] -- Set runtime path of "/home/rfzhang/ROS-Carla/CSC791Project/ros-carla-bridge/install/carla_ros_scenario_runner_types/lib/libcarla_ros_scenario_runner_types__rosidl_typesupport_fastrtps_cpp.so" to ""
[10.900s] -- Installing: /home/rfzhang/ROS-Carla/CSC791Project/ros-carla-bridge/install/carla_ros_scenario_runner_types/lib/libcarla_ros_scenario_runner_types__rosidl_typesupport_introspection_c.so
[10.901s] -- Set runtime path of "/home/rfzhang/ROS-Carla/CSC791Project/ros-carla-bridge/install/carla_ros_scenario_runner_types/lib/libcarla_ros_scenario_runner_types__rosidl_typesupport_introspection_c.so" to ""
[10.901s] -- Installing: /home/rfzhang/ROS-Carla/CSC791Project/ros-carla-bridge/install/carla_ros_scenario_runner_types/lib/libcarla_ros_scenario_runner_types__rosidl_typesupport_c.so
[10.901s] -- Set runtime path of "/home/rfzhang/ROS-Carla/CSC791Project/ros-carla-bridge/install/carla_ros_scenario_runner_types/lib/libcarla_ros_scenario_runner_types__rosidl_typesupport_c.so" to ""
[10.901s] -- Installing: /home/rfzhang/ROS-Carla/CSC791Project/ros-carla-bridge/install/carla_ros_scenario_runner_types/lib/libcarla_ros_scenario_runner_types__rosidl_typesupport_introspection_cpp.so
[10.901s] -- Set runtime path of "/home/rfzhang/ROS-Carla/CSC791Project/ros-carla-bridge/install/carla_ros_scenario_runner_types/lib/libcarla_ros_scenario_runner_types__rosidl_typesupport_introspection_cpp.so" to ""
[10.901s] -- Installing: /home/rfzhang/ROS-Carla/CSC791Project/ros-carla-bridge/install/carla_ros_scenario_runner_types/lib/libcarla_ros_scenario_runner_types__rosidl_typesupport_cpp.so
[10.901s] -- Set runtime path of "/home/rfzhang/ROS-Carla/CSC791Project/ros-carla-bridge/install/carla_ros_scenario_runner_types/lib/libcarla_ros_scenario_runner_types__rosidl_typesupport_cpp.so" to ""
[10.932s] Listing '/home/rfzhang/ROS-Carla/CSC791Project/ros-carla-bridge/install/carla_ros_scenario_runner_types/lib/python3.10/site-packages/carla_ros_scenario_runner_types'...
[10.933s] Compiling '/home/rfzhang/ROS-Carla/CSC791Project/ros-carla-bridge/install/carla_ros_scenario_runner_types/lib/python3.10/site-packages/carla_ros_scenario_runner_types/__init__.py'...
[10.933s] Listing '/home/rfzhang/ROS-Carla/CSC791Project/ros-carla-bridge/install/carla_ros_scenario_runner_types/lib/python3.10/site-packages/carla_ros_scenario_runner_types/msg'...
[10.933s] Compiling '/home/rfzhang/ROS-Carla/CSC791Project/ros-carla-bridge/install/carla_ros_scenario_runner_types/lib/python3.10/site-packages/carla_ros_scenario_runner_types/msg/__init__.py'...
[10.933s] Compiling '/home/rfzhang/ROS-Carla/CSC791Project/ros-carla-bridge/install/carla_ros_scenario_runner_types/lib/python3.10/site-packages/carla_ros_scenario_runner_types/msg/_carla_scenario.py'...
[10.933s] Compiling '/home/rfzhang/ROS-Carla/CSC791Project/ros-carla-bridge/install/carla_ros_scenario_runner_types/lib/python3.10/site-packages/carla_ros_scenario_runner_types/msg/_carla_scenario_list.py'...
[10.933s] Compiling '/home/rfzhang/ROS-Carla/CSC791Project/ros-carla-bridge/install/carla_ros_scenario_runner_types/lib/python3.10/site-packages/carla_ros_scenario_runner_types/msg/_carla_scenario_runner_status.py'...
[10.933s] Listing '/home/rfzhang/ROS-Carla/CSC791Project/ros-carla-bridge/install/carla_ros_scenario_runner_types/lib/python3.10/site-packages/carla_ros_scenario_runner_types/srv'...
[10.933s] Compiling '/home/rfzhang/ROS-Carla/CSC791Project/ros-carla-bridge/install/carla_ros_scenario_runner_types/lib/python3.10/site-packages/carla_ros_scenario_runner_types/srv/__init__.py'...
[10.933s] Compiling '/home/rfzhang/ROS-Carla/CSC791Project/ros-carla-bridge/install/carla_ros_scenario_runner_types/lib/python3.10/site-packages/carla_ros_scenario_runner_types/srv/_execute_scenario.py'...
[10.936s] -- Installing: /home/rfzhang/ROS-Carla/CSC791Project/ros-carla-bridge/install/carla_ros_scenario_runner_types/lib/libcarla_ros_scenario_runner_types__rosidl_generator_py.so
[10.936s] -- Set runtime path of "/home/rfzhang/ROS-Carla/CSC791Project/ros-carla-bridge/install/carla_ros_scenario_runner_types/lib/libcarla_ros_scenario_runner_types__rosidl_generator_py.so" to ""
[10.936s] -- Installing: /home/rfzhang/ROS-Carla/CSC791Project/ros-carla-bridge/install/carla_ros_scenario_runner_types/share/carla_ros_scenario_runner_types/cmake/export_carla_ros_scenario_runner_types__rosidl_generator_cExport.cmake
[10.936s] -- Installing: /home/rfzhang/ROS-Carla/CSC791Project/ros-carla-bridge/install/carla_ros_scenario_runner_types/share/carla_ros_scenario_runner_types/cmake/export_carla_ros_scenario_runner_types__rosidl_generator_cExport-noconfig.cmake
[10.936s] -- Installing: /home/rfzhang/ROS-Carla/CSC791Project/ros-carla-bridge/install/carla_ros_scenario_runner_types/share/carla_ros_scenario_runner_types/cmake/export_carla_ros_scenario_runner_types__rosidl_typesupport_fastrtps_cExport.cmake
[10.936s] -- Installing: /home/rfzhang/ROS-Carla/CSC791Project/ros-carla-bridge/install/carla_ros_scenario_runner_types/share/carla_ros_scenario_runner_types/cmake/export_carla_ros_scenario_runner_types__rosidl_typesupport_fastrtps_cExport-noconfig.cmake
[10.936s] -- Installing: /home/rfzhang/ROS-Carla/CSC791Project/ros-carla-bridge/install/carla_ros_scenario_runner_types/share/carla_ros_scenario_runner_types/cmake/export_carla_ros_scenario_runner_types__rosidl_generator_cppExport.cmake
[10.936s] -- Installing: /home/rfzhang/ROS-Carla/CSC791Project/ros-carla-bridge/install/carla_ros_scenario_runner_types/share/carla_ros_scenario_runner_types/cmake/export_carla_ros_scenario_runner_types__rosidl_typesupport_fastrtps_cppExport.cmake
[10.937s] -- Installing: /home/rfzhang/ROS-Carla/CSC791Project/ros-carla-bridge/install/carla_ros_scenario_runner_types/share/carla_ros_scenario_runner_types/cmake/export_carla_ros_scenario_runner_types__rosidl_typesupport_fastrtps_cppExport-noconfig.cmake
[10.937s] -- Installing: /home/rfzhang/ROS-Carla/CSC791Project/ros-carla-bridge/install/carla_ros_scenario_runner_types/share/carla_ros_scenario_runner_types/cmake/carla_ros_scenario_runner_types__rosidl_typesupport_introspection_cExport.cmake
[10.937s] -- Installing: /home/rfzhang/ROS-Carla/CSC791Project/ros-carla-bridge/install/carla_ros_scenario_runner_types/share/carla_ros_scenario_runner_types/cmake/carla_ros_scenario_runner_types__rosidl_typesupport_introspection_cExport-noconfig.cmake
[10.937s] -- Installing: /home/rfzhang/ROS-Carla/CSC791Project/ros-carla-bridge/install/carla_ros_scenario_runner_types/share/carla_ros_scenario_runner_types/cmake/carla_ros_scenario_runner_types__rosidl_typesupport_cExport.cmake
[10.937s] -- Installing: /home/rfzhang/ROS-Carla/CSC791Project/ros-carla-bridge/install/carla_ros_scenario_runner_types/share/carla_ros_scenario_runner_types/cmake/carla_ros_scenario_runner_types__rosidl_typesupport_cExport-noconfig.cmake
[10.937s] -- Installing: /home/rfzhang/ROS-Carla/CSC791Project/ros-carla-bridge/install/carla_ros_scenario_runner_types/share/carla_ros_scenario_runner_types/cmake/carla_ros_scenario_runner_types__rosidl_typesupport_introspection_cppExport.cmake
[10.937s] -- Installing: /home/rfzhang/ROS-Carla/CSC791Project/ros-carla-bridge/install/carla_ros_scenario_runner_types/share/carla_ros_scenario_runner_types/cmake/carla_ros_scenario_runner_types__rosidl_typesupport_introspection_cppExport-noconfig.cmake
[10.937s] -- Installing: /home/rfzhang/ROS-Carla/CSC791Project/ros-carla-bridge/install/carla_ros_scenario_runner_types/share/carla_ros_scenario_runner_types/cmake/carla_ros_scenario_runner_types__rosidl_typesupport_cppExport.cmake
[10.938s] -- Installing: /home/rfzhang/ROS-Carla/CSC791Project/ros-carla-bridge/install/carla_ros_scenario_runner_types/share/carla_ros_scenario_runner_types/cmake/carla_ros_scenario_runner_types__rosidl_typesupport_cppExport-noconfig.cmake
[10.938s] -- Installing: /home/rfzhang/ROS-Carla/CSC791Project/ros-carla-bridge/install/carla_ros_scenario_runner_types/share/carla_ros_scenario_runner_types/cmake/export_carla_ros_scenario_runner_types__rosidl_generator_pyExport.cmake
[10.938s] -- Installing: /home/rfzhang/ROS-Carla/CSC791Project/ros-carla-bridge/install/carla_ros_scenario_runner_types/share/carla_ros_scenario_runner_types/cmake/export_carla_ros_scenario_runner_types__rosidl_generator_pyExport-noconfig.cmake
[11.044s] Invoked command in '/home/rfzhang/ROS-Carla/CSC791Project/ros-carla-bridge/build/carla_ros_scenario_runner_types' returned '0': CMAKE_PREFIX_PATH=${CMAKE_PREFIX_PATH}:/home/rfzhang/ROS-Carla/CSC791Project/lidar_to_carla/install/lidar_to_carla:/home/rfzhang/ROS-Carla/CSC791Project/ros-carla-bridge/install/rqt_carla_control:/home/rfzhang/ROS-Carla/CSC791Project/ros-carla-bridge/install/carla_waypoint_publisher:/home/rfzhang/ROS-Carla/CSC791Project/ros-carla-bridge/install/carla_ackermann_control:/home/rfzhang/ROS-Carla/CSC791Project/ros-carla-bridge/install/carla_ros_bridge:/home/rfzhang/ROS-Carla/CSC791Project/ros-carla-bridge/install/carla_spawn_objects:/home/rfzhang/ROS-Carla/CSC791Project/ros-carla-bridge/install/carla_manual_control:/home/rfzhang/ROS-Carla/CSC791Project/ros-carla-bridge/install/carla_ad_agent:/home/rfzhang/ROS-Carla/CSC791Project/ros-carla-bridge/install/ros_compatibility:/home/rfzhang/ROS-Carla/CSC791Project/ros-carla-bridge/install/carla_walker_agent:/home/rfzhang/ROS-Carla/CSC791Project/ros-carla-bridge/install/carla_twist_to_control:/home/rfzhang/ROS-Carla/CSC791Project/ros-carla-bridge/install/carla_ros_scenario_runner:/home/rfzhang/ROS-Carla/CSC791Project/ros-carla-bridge/install/carla_common:/opt/ros/humble VIRTUAL_ENV_PROMPT=(ros-carla) /usr/bin/cmake --install /home/rfzhang/ROS-Carla/CSC791Project/ros-carla-bridge/build/carla_ros_scenario_runner_types
