[0.411s] Invoking command in '/home/rfzhang/ROS-Carla/CSC791Project/ros-carla-bridge/build/carla_waypoint_types': CMAKE_PREFIX_PATH=${CMAKE_PREFIX_PATH}:/home/rfzhang/ROS-Carla/CSC791Project/lidar_to_carla/install/lidar_to_carla:/home/rfzhang/ROS-Carla/CSC791Project/ros-carla-bridge/install/rqt_carla_control:/home/rfzhang/ROS-Carla/CSC791Project/ros-carla-bridge/install/carla_waypoint_publisher:/home/rfzhang/ROS-Carla/CSC791Project/ros-carla-bridge/install/carla_ackermann_control:/home/rfzhang/ROS-Carla/CSC791Project/ros-carla-bridge/install/carla_ros_bridge:/home/rfzhang/ROS-Carla/CSC791Project/ros-carla-bridge/install/carla_spawn_objects:/home/rfzhang/ROS-Carla/CSC791Project/ros-carla-bridge/install/carla_manual_control:/home/rfzhang/ROS-Carla/CSC791Project/ros-carla-bridge/install/carla_ad_agent:/home/rfzhang/ROS-Carla/CSC791Project/ros-carla-bridge/install/ros_compatibility:/home/rfzhang/ROS-Carla/CSC791Project/ros-carla-bridge/install/carla_walker_agent:/home/rfzhang/ROS-Carla/CSC791Project/ros-carla-bridge/install/carla_twist_to_control:/home/rfzhang/ROS-Carla/CSC791Project/ros-carla-bridge/install/carla_ros_scenario_runner:/home/rfzhang/ROS-Carla/CSC791Project/ros-carla-bridge/install/carla_common:/opt/ros/humble VIRTUAL_ENV_PROMPT=(ros-carla) /usr/bin/cmake --build /home/rfzhang/ROS-Carla/CSC791Project/ros-carla-bridge/build/carla_waypoint_types -- -j20 -l20
[0.815s] [  2%] Built target carla_waypoint_types__cpp
[0.815s] [35m[1mConsolidate compiler generated dependencies of target carla_waypoint_types__rosidl_generator_c[0m
[0.816s] [  2%] Built target ament_cmake_python_symlink_carla_waypoint_types
[0.816s] [35m[1mConsolidate compiler generated dependencies of target carla_waypoint_types__rosidl_typesupport_cpp[0m
[0.816s] [35m[1mConsolidate compiler generated dependencies of target carla_waypoint_types__rosidl_typesupport_introspection_cpp[0m
[0.816s] [ 12%] Built target carla_waypoint_types__rosidl_generator_c
[0.816s] [35m[1mConsolidate compiler generated dependencies of target carla_waypoint_types__rosidl_typesupport_fastrtps_cpp[0m
[0.816s] [ 23%] Built target carla_waypoint_types__rosidl_typesupport_cpp
[0.816s] [ 34%] Built target carla_waypoint_types__rosidl_typesupport_introspection_cpp
[0.816s] [35m[1mConsolidate compiler generated dependencies of target carla_waypoint_types__rosidl_typesupport_introspection_c[0m
[0.816s] [35m[1mConsolidate compiler generated dependencies of target carla_waypoint_types__rosidl_typesupport_fastrtps_c[0m
[0.817s] [35m[1mConsolidate compiler generated dependencies of target carla_waypoint_types__rosidl_typesupport_c[0m
[0.817s] [ 44%] Built target carla_waypoint_types__rosidl_typesupport_fastrtps_cpp
[0.817s] [ 55%] Built target carla_waypoint_types__rosidl_typesupport_c
[0.817s] [ 65%] Built target carla_waypoint_types__rosidl_typesupport_introspection_c
[0.817s] [ 76%] Built target carla_waypoint_types__rosidl_typesupport_fastrtps_c
[0.817s] [ 76%] Built target carla_waypoint_types
[0.817s] [ 78%] Built target carla_waypoint_types__py
[0.817s] [35m[1mConsolidate compiler generated dependencies of target carla_waypoint_types__rosidl_generator_py[0m
[0.817s] [ 87%] Built target carla_waypoint_types__rosidl_generator_py
[0.817s] [35m[1mConsolidate compiler generated dependencies of target carla_waypoint_types__rosidl_typesupport_introspection_c__pyext[0m
[0.817s] [35m[1mConsolidate compiler generated dependencies of target carla_waypoint_types__rosidl_typesupport_c__pyext[0m
[0.818s] [35m[1mConsolidate compiler generated dependencies of target carla_waypoint_types__rosidl_typesupport_fastrtps_c__pyext[0m
[0.818s] [ 93%] Built target carla_waypoint_types__rosidl_typesupport_introspection_c__pyext
[0.818s] [ 95%] Built target carla_waypoint_types__rosidl_typesupport_c__pyext
[0.818s] [100%] Built target carla_waypoint_types__rosidl_typesupport_fastrtps_c__pyext
[0.818s] running egg_info
[0.818s] writing carla_waypoint_types.egg-info/PKG-INFO
[0.818s] writing dependency_links to carla_waypoint_types.egg-info/dependency_links.txt
[0.818s] writing top-level names to carla_waypoint_types.egg-info/top_level.txt
[0.818s] reading manifest file 'carla_waypoint_types.egg-info/SOURCES.txt'
[0.818s] writing manifest file 'carla_waypoint_types.egg-info/SOURCES.txt'
[0.818s] [100%] Built target ament_cmake_python_build_carla_waypoint_types_egg
[0.826s] Invoked command in '/home/rfzhang/ROS-Carla/CSC791Project/ros-carla-bridge/build/carla_waypoint_types' returned '0': CMAKE_PREFIX_PATH=${CMAKE_PREFIX_PATH}:/home/rfzhang/ROS-Carla/CSC791Project/lidar_to_carla/install/lidar_to_carla:/home/rfzhang/ROS-Carla/CSC791Project/ros-carla-bridge/install/rqt_carla_control:/home/rfzhang/ROS-Carla/CSC791Project/ros-carla-bridge/install/carla_waypoint_publisher:/home/rfzhang/ROS-Carla/CSC791Project/ros-carla-bridge/install/carla_ackermann_control:/home/rfzhang/ROS-Carla/CSC791Project/ros-carla-bridge/install/carla_ros_bridge:/home/rfzhang/ROS-Carla/CSC791Project/ros-carla-bridge/install/carla_spawn_objects:/home/rfzhang/ROS-Carla/CSC791Project/ros-carla-bridge/install/carla_manual_control:/home/rfzhang/ROS-Carla/CSC791Project/ros-carla-bridge/install/carla_ad_agent:/home/rfzhang/ROS-Carla/CSC791Project/ros-carla-bridge/install/ros_compatibility:/home/rfzhang/ROS-Carla/CSC791Project/ros-carla-bridge/install/carla_walker_agent:/home/rfzhang/ROS-Carla/CSC791Project/ros-carla-bridge/install/carla_twist_to_control:/home/rfzhang/ROS-Carla/CSC791Project/ros-carla-bridge/install/carla_ros_scenario_runner:/home/rfzhang/ROS-Carla/CSC791Project/ros-carla-bridge/install/carla_common:/opt/ros/humble VIRTUAL_ENV_PROMPT=(ros-carla) /usr/bin/cmake --build /home/rfzhang/ROS-Carla/CSC791Project/ros-carla-bridge/build/carla_waypoint_types -- -j20 -l20
[0.828s] Invoking command in '/home/rfzhang/ROS-Carla/CSC791Project/ros-carla-bridge/build/carla_waypoint_types': CMAKE_PREFIX_PATH=${CMAKE_PREFIX_PATH}:/home/rfzhang/ROS-Carla/CSC791Project/lidar_to_carla/install/lidar_to_carla:/home/rfzhang/ROS-Carla/CSC791Project/ros-carla-bridge/install/rqt_carla_control:/home/rfzhang/ROS-Carla/CSC791Project/ros-carla-bridge/install/carla_waypoint_publisher:/home/rfzhang/ROS-Carla/CSC791Project/ros-carla-bridge/install/carla_ackermann_control:/home/rfzhang/ROS-Carla/CSC791Project/ros-carla-bridge/install/carla_ros_bridge:/home/rfzhang/ROS-Carla/CSC791Project/ros-carla-bridge/install/carla_spawn_objects:/home/rfzhang/ROS-Carla/CSC791Project/ros-carla-bridge/install/carla_manual_control:/home/rfzhang/ROS-Carla/CSC791Project/ros-carla-bridge/install/carla_ad_agent:/home/rfzhang/ROS-Carla/CSC791Project/ros-carla-bridge/install/ros_compatibility:/home/rfzhang/ROS-Carla/CSC791Project/ros-carla-bridge/install/carla_walker_agent:/home/rfzhang/ROS-Carla/CSC791Project/ros-carla-bridge/install/carla_twist_to_control:/home/rfzhang/ROS-Carla/CSC791Project/ros-carla-bridge/install/carla_ros_scenario_runner:/home/rfzhang/ROS-Carla/CSC791Project/ros-carla-bridge/install/carla_common:/opt/ros/humble VIRTUAL_ENV_PROMPT=(ros-carla) /usr/bin/cmake --install /home/rfzhang/ROS-Carla/CSC791Project/ros-carla-bridge/build/carla_waypoint_types
[0.833s] -- Install configuration: ""
[0.836s] -- Execute custom install script
[0.838s] -- Up-to-date symlink: /home/rfzhang/ROS-Carla/CSC791Project/ros-carla-bridge/install/carla_waypoint_types/share/ament_index/resource_index/rosidl_interfaces/carla_waypoint_types
[0.840s] -- Up-to-date symlink: /home/rfzhang/ROS-Carla/CSC791Project/ros-carla-bridge/install/carla_waypoint_types/include/carla_waypoint_types/carla_waypoint_types/msg/carla_waypoint.h
[0.841s] -- Up-to-date symlink: /home/rfzhang/ROS-Carla/CSC791Project/ros-carla-bridge/install/carla_waypoint_types/include/carla_waypoint_types/carla_waypoint_types/msg/detail/carla_waypoint__functions.h
[0.848s] -- Up-to-date symlink: /home/rfzhang/ROS-Carla/CSC791Project/ros-carla-bridge/install/carla_waypoint_types/include/carla_waypoint_types/carla_waypoint_types/msg/detail/carla_waypoint__struct.h
[0.848s] -- Up-to-date symlink: /home/rfzhang/ROS-Carla/CSC791Project/ros-carla-bridge/install/carla_waypoint_types/include/carla_waypoint_types/carla_waypoint_types/msg/detail/carla_waypoint__type_support.h
[0.848s] -- Up-to-date symlink: /home/rfzhang/ROS-Carla/CSC791Project/ros-carla-bridge/install/carla_waypoint_types/include/carla_waypoint_types/carla_waypoint_types/msg/rosidl_generator_c__visibility_control.h
[0.848s] -- Up-to-date symlink: /home/rfzhang/ROS-Carla/CSC791Project/ros-carla-bridge/install/carla_waypoint_types/include/carla_waypoint_types/carla_waypoint_types/srv/detail/get_actor_waypoint__functions.h
[0.848s] -- Up-to-date symlink: /home/rfzhang/ROS-Carla/CSC791Project/ros-carla-bridge/install/carla_waypoint_types/include/carla_waypoint_types/carla_waypoint_types/srv/detail/get_actor_waypoint__struct.h
[0.848s] -- Up-to-date symlink: /home/rfzhang/ROS-Carla/CSC791Project/ros-carla-bridge/install/carla_waypoint_types/include/carla_waypoint_types/carla_waypoint_types/srv/detail/get_actor_waypoint__type_support.h
[0.848s] -- Up-to-date symlink: /home/rfzhang/ROS-Carla/CSC791Project/ros-carla-bridge/install/carla_waypoint_types/include/carla_waypoint_types/carla_waypoint_types/srv/detail/get_waypoint__functions.h
[0.848s] -- Up-to-date symlink: /home/rfzhang/ROS-Carla/CSC791Project/ros-carla-bridge/install/carla_waypoint_types/include/carla_waypoint_types/carla_waypoint_types/srv/detail/get_waypoint__struct.h
[0.848s] -- Up-to-date symlink: /home/rfzhang/ROS-Carla/CSC791Project/ros-carla-bridge/install/carla_waypoint_types/include/carla_waypoint_types/carla_waypoint_types/srv/detail/get_waypoint__type_support.h
[0.848s] -- Up-to-date symlink: /home/rfzhang/ROS-Carla/CSC791Project/ros-carla-bridge/install/carla_waypoint_types/include/carla_waypoint_types/carla_waypoint_types/srv/get_actor_waypoint.h
[0.848s] -- Up-to-date symlink: /home/rfzhang/ROS-Carla/CSC791Project/ros-carla-bridge/install/carla_waypoint_types/include/carla_waypoint_types/carla_waypoint_types/srv/get_waypoint.h
[0.848s] -- Up-to-date symlink: /home/rfzhang/ROS-Carla/CSC791Project/ros-carla-bridge/install/carla_waypoint_types/share/carla_waypoint_types/environment/library_path.sh
[0.848s] -- Up-to-date symlink: /home/rfzhang/ROS-Carla/CSC791Project/ros-carla-bridge/install/carla_waypoint_types/share/carla_waypoint_types/environment/library_path.dsv
[0.848s] -- Up-to-date symlink: /home/rfzhang/ROS-Carla/CSC791Project/ros-carla-bridge/install/carla_waypoint_types/include/carla_waypoint_types/carla_waypoint_types/msg/detail/carla_waypoint__rosidl_typesupport_fastrtps_c.h
[0.848s] -- Up-to-date symlink: /home/rfzhang/ROS-Carla/CSC791Project/ros-carla-bridge/install/carla_waypoint_types/include/carla_waypoint_types/carla_waypoint_types/msg/rosidl_typesupport_fastrtps_c__visibility_control.h
[0.849s] -- Up-to-date symlink: /home/rfzhang/ROS-Carla/CSC791Project/ros-carla-bridge/install/carla_waypoint_types/include/carla_waypoint_types/carla_waypoint_types/srv/detail/get_actor_waypoint__rosidl_typesupport_fastrtps_c.h
[0.849s] -- Up-to-date symlink: /home/rfzhang/ROS-Carla/CSC791Project/ros-carla-bridge/install/carla_waypoint_types/include/carla_waypoint_types/carla_waypoint_types/srv/detail/get_waypoint__rosidl_typesupport_fastrtps_c.h
[0.853s] -- Up-to-date symlink: /home/rfzhang/ROS-Carla/CSC791Project/ros-carla-bridge/install/carla_waypoint_types/include/carla_waypoint_types/carla_waypoint_types/msg/carla_waypoint.hpp
[0.853s] -- Up-to-date symlink: /home/rfzhang/ROS-Carla/CSC791Project/ros-carla-bridge/install/carla_waypoint_types/include/carla_waypoint_types/carla_waypoint_types/msg/detail/carla_waypoint__builder.hpp
[0.853s] -- Up-to-date symlink: /home/rfzhang/ROS-Carla/CSC791Project/ros-carla-bridge/install/carla_waypoint_types/include/carla_waypoint_types/carla_waypoint_types/msg/detail/carla_waypoint__struct.hpp
[0.854s] -- Up-to-date symlink: /home/rfzhang/ROS-Carla/CSC791Project/ros-carla-bridge/install/carla_waypoint_types/include/carla_waypoint_types/carla_waypoint_types/msg/detail/carla_waypoint__traits.hpp
[0.854s] -- Up-to-date symlink: /home/rfzhang/ROS-Carla/CSC791Project/ros-carla-bridge/install/carla_waypoint_types/include/carla_waypoint_types/carla_waypoint_types/msg/detail/carla_waypoint__type_support.hpp
[0.855s] -- Up-to-date symlink: /home/rfzhang/ROS-Carla/CSC791Project/ros-carla-bridge/install/carla_waypoint_types/include/carla_waypoint_types/carla_waypoint_types/msg/rosidl_generator_cpp__visibility_control.hpp
[0.856s] -- Up-to-date symlink: /home/rfzhang/ROS-Carla/CSC791Project/ros-carla-bridge/install/carla_waypoint_types/include/carla_waypoint_types/carla_waypoint_types/srv/detail/get_actor_waypoint__builder.hpp
[0.856s] -- Up-to-date symlink: /home/rfzhang/ROS-Carla/CSC791Project/ros-carla-bridge/install/carla_waypoint_types/include/carla_waypoint_types/carla_waypoint_types/srv/detail/get_actor_waypoint__struct.hpp
[0.856s] -- Up-to-date symlink: /home/rfzhang/ROS-Carla/CSC791Project/ros-carla-bridge/install/carla_waypoint_types/include/carla_waypoint_types/carla_waypoint_types/srv/detail/get_actor_waypoint__traits.hpp
[0.856s] -- Up-to-date symlink: /home/rfzhang/ROS-Carla/CSC791Project/ros-carla-bridge/install/carla_waypoint_types/include/carla_waypoint_types/carla_waypoint_types/srv/detail/get_actor_waypoint__type_support.hpp
[0.857s] -- Up-to-date symlink: /home/rfzhang/ROS-Carla/CSC791Project/ros-carla-bridge/install/carla_waypoint_types/include/carla_waypoint_types/carla_waypoint_types/srv/detail/get_waypoint__builder.hpp
[0.857s] -- Up-to-date symlink: /home/rfzhang/ROS-Carla/CSC791Project/ros-carla-bridge/install/carla_waypoint_types/include/carla_waypoint_types/carla_waypoint_types/srv/detail/get_waypoint__struct.hpp
[0.857s] -- Up-to-date symlink: /home/rfzhang/ROS-Carla/CSC791Project/ros-carla-bridge/install/carla_waypoint_types/include/carla_waypoint_types/carla_waypoint_types/srv/detail/get_waypoint__traits.hpp
[0.857s] -- Up-to-date symlink: /home/rfzhang/ROS-Carla/CSC791Project/ros-carla-bridge/install/carla_waypoint_types/include/carla_waypoint_types/carla_waypoint_types/srv/detail/get_waypoint__type_support.hpp
[0.858s] -- Up-to-date symlink: /home/rfzhang/ROS-Carla/CSC791Project/ros-carla-bridge/install/carla_waypoint_types/include/carla_waypoint_types/carla_waypoint_types/srv/get_actor_waypoint.hpp
[0.859s] -- Up-to-date symlink: /home/rfzhang/ROS-Carla/CSC791Project/ros-carla-bridge/install/carla_waypoint_types/include/carla_waypoint_types/carla_waypoint_types/srv/get_waypoint.hpp
[0.863s] -- Up-to-date symlink: /home/rfzhang/ROS-Carla/CSC791Project/ros-carla-bridge/install/carla_waypoint_types/include/carla_waypoint_types/carla_waypoint_types/msg/detail/carla_waypoint__rosidl_typesupport_fastrtps_cpp.hpp
[0.864s] -- Up-to-date symlink: /home/rfzhang/ROS-Carla/CSC791Project/ros-carla-bridge/install/carla_waypoint_types/include/carla_waypoint_types/carla_waypoint_types/msg/rosidl_typesupport_fastrtps_cpp__visibility_control.h
[0.865s] -- Up-to-date symlink: /home/rfzhang/ROS-Carla/CSC791Project/ros-carla-bridge/install/carla_waypoint_types/include/carla_waypoint_types/carla_waypoint_types/srv/detail/get_actor_waypoint__rosidl_typesupport_fastrtps_cpp.hpp
[0.865s] -- Up-to-date symlink: /home/rfzhang/ROS-Carla/CSC791Project/ros-carla-bridge/install/carla_waypoint_types/include/carla_waypoint_types/carla_waypoint_types/srv/detail/get_waypoint__rosidl_typesupport_fastrtps_cpp.hpp
[0.865s] -- Up-to-date symlink: /home/rfzhang/ROS-Carla/CSC791Project/ros-carla-bridge/install/carla_waypoint_types/include/carla_waypoint_types/carla_waypoint_types/msg/detail/carla_waypoint__rosidl_typesupport_introspection_c.h
[0.865s] -- Up-to-date symlink: /home/rfzhang/ROS-Carla/CSC791Project/ros-carla-bridge/install/carla_waypoint_types/include/carla_waypoint_types/carla_waypoint_types/msg/rosidl_typesupport_introspection_c__visibility_control.h
[0.865s] -- Up-to-date symlink: /home/rfzhang/ROS-Carla/CSC791Project/ros-carla-bridge/install/carla_waypoint_types/include/carla_waypoint_types/carla_waypoint_types/srv/detail/get_actor_waypoint__rosidl_typesupport_introspection_c.h
[0.865s] -- Up-to-date symlink: /home/rfzhang/ROS-Carla/CSC791Project/ros-carla-bridge/install/carla_waypoint_types/include/carla_waypoint_types/carla_waypoint_types/srv/detail/get_waypoint__rosidl_typesupport_introspection_c.h
[0.865s] -- Up-to-date symlink: /home/rfzhang/ROS-Carla/CSC791Project/ros-carla-bridge/install/carla_waypoint_types/include/carla_waypoint_types/carla_waypoint_types/msg/detail/carla_waypoint__rosidl_typesupport_introspection_cpp.hpp
[0.866s] -- Up-to-date symlink: /home/rfzhang/ROS-Carla/CSC791Project/ros-carla-bridge/install/carla_waypoint_types/include/carla_waypoint_types/carla_waypoint_types/srv/detail/get_actor_waypoint__rosidl_typesupport_introspection_cpp.hpp
[0.867s] -- Up-to-date symlink: /home/rfzhang/ROS-Carla/CSC791Project/ros-carla-bridge/install/carla_waypoint_types/include/carla_waypoint_types/carla_waypoint_types/srv/detail/get_waypoint__rosidl_typesupport_introspection_cpp.hpp
[0.867s] -- Up-to-date symlink: /home/rfzhang/ROS-Carla/CSC791Project/ros-carla-bridge/install/carla_waypoint_types/share/carla_waypoint_types/environment/pythonpath.sh
[0.868s] -- Up-to-date symlink: /home/rfzhang/ROS-Carla/CSC791Project/ros-carla-bridge/install/carla_waypoint_types/share/carla_waypoint_types/environment/pythonpath.dsv
[0.868s] -- Up-to-date symlink: /home/rfzhang/ROS-Carla/CSC791Project/ros-carla-bridge/install/carla_waypoint_types/lib/python3.10/site-packages/carla_waypoint_types-0.1.0-py3.10.egg-info/PKG-INFO
[0.868s] -- Up-to-date symlink: /home/rfzhang/ROS-Carla/CSC791Project/ros-carla-bridge/install/carla_waypoint_types/lib/python3.10/site-packages/carla_waypoint_types-0.1.0-py3.10.egg-info/SOURCES.txt
[0.868s] -- Up-to-date symlink: /home/rfzhang/ROS-Carla/CSC791Project/ros-carla-bridge/install/carla_waypoint_types/lib/python3.10/site-packages/carla_waypoint_types-0.1.0-py3.10.egg-info/dependency_links.txt
[0.868s] -- Up-to-date symlink: /home/rfzhang/ROS-Carla/CSC791Project/ros-carla-bridge/install/carla_waypoint_types/lib/python3.10/site-packages/carla_waypoint_types-0.1.0-py3.10.egg-info/top_level.txt
[0.868s] -- Up-to-date symlink: /home/rfzhang/ROS-Carla/CSC791Project/ros-carla-bridge/install/carla_waypoint_types/lib/python3.10/site-packages/carla_waypoint_types/__init__.py
[0.868s] -- Up-to-date symlink: /home/rfzhang/ROS-Carla/CSC791Project/ros-carla-bridge/install/carla_waypoint_types/lib/python3.10/site-packages/carla_waypoint_types/_carla_waypoint_types_s.ep.rosidl_typesupport_c.c
[0.868s] -- Up-to-date symlink: /home/rfzhang/ROS-Carla/CSC791Project/ros-carla-bridge/install/carla_waypoint_types/lib/python3.10/site-packages/carla_waypoint_types/_carla_waypoint_types_s.ep.rosidl_typesupport_fastrtps_c.c
[0.868s] -- Up-to-date symlink: /home/rfzhang/ROS-Carla/CSC791Project/ros-carla-bridge/install/carla_waypoint_types/lib/python3.10/site-packages/carla_waypoint_types/_carla_waypoint_types_s.ep.rosidl_typesupport_introspection_c.c
[0.868s] -- Up-to-date symlink: /home/rfzhang/ROS-Carla/CSC791Project/ros-carla-bridge/install/carla_waypoint_types/lib/python3.10/site-packages/carla_waypoint_types/carla_waypoint_types_s__rosidl_typesupport_c.cpython-310-x86_64-linux-gnu.so
[0.868s] -- Up-to-date symlink: /home/rfzhang/ROS-Carla/CSC791Project/ros-carla-bridge/install/carla_waypoint_types/lib/python3.10/site-packages/carla_waypoint_types/carla_waypoint_types_s__rosidl_typesupport_fastrtps_c.cpython-310-x86_64-linux-gnu.so
[0.868s] -- Up-to-date symlink: /home/rfzhang/ROS-Carla/CSC791Project/ros-carla-bridge/install/carla_waypoint_types/lib/python3.10/site-packages/carla_waypoint_types/carla_waypoint_types_s__rosidl_typesupport_introspection_c.cpython-310-x86_64-linux-gnu.so
[0.868s] -- Up-to-date symlink: /home/rfzhang/ROS-Carla/CSC791Project/ros-carla-bridge/install/carla_waypoint_types/lib/python3.10/site-packages/carla_waypoint_types/libcarla_waypoint_types__rosidl_generator_py.so
[0.868s] -- Up-to-date symlink: /home/rfzhang/ROS-Carla/CSC791Project/ros-carla-bridge/install/carla_waypoint_types/lib/python3.10/site-packages/carla_waypoint_types/msg/__init__.py
[0.869s] -- Up-to-date symlink: /home/rfzhang/ROS-Carla/CSC791Project/ros-carla-bridge/install/carla_waypoint_types/lib/python3.10/site-packages/carla_waypoint_types/msg/_carla_waypoint.py
[0.869s] -- Up-to-date symlink: /home/rfzhang/ROS-Carla/CSC791Project/ros-carla-bridge/install/carla_waypoint_types/lib/python3.10/site-packages/carla_waypoint_types/msg/_carla_waypoint_s.c
[0.870s] -- Up-to-date symlink: /home/rfzhang/ROS-Carla/CSC791Project/ros-carla-bridge/install/carla_waypoint_types/lib/python3.10/site-packages/carla_waypoint_types/srv/__init__.py
[0.870s] -- Up-to-date symlink: /home/rfzhang/ROS-Carla/CSC791Project/ros-carla-bridge/install/carla_waypoint_types/lib/python3.10/site-packages/carla_waypoint_types/srv/_get_actor_waypoint.py
[0.871s] -- Up-to-date symlink: /home/rfzhang/ROS-Carla/CSC791Project/ros-carla-bridge/install/carla_waypoint_types/lib/python3.10/site-packages/carla_waypoint_types/srv/_get_actor_waypoint_s.c
[0.871s] -- Up-to-date symlink: /home/rfzhang/ROS-Carla/CSC791Project/ros-carla-bridge/install/carla_waypoint_types/lib/python3.10/site-packages/carla_waypoint_types/srv/_get_waypoint.py
[0.872s] -- Up-to-date symlink: /home/rfzhang/ROS-Carla/CSC791Project/ros-carla-bridge/install/carla_waypoint_types/lib/python3.10/site-packages/carla_waypoint_types/srv/_get_waypoint_s.c
[0.872s] -- Up-to-date symlink: /home/rfzhang/ROS-Carla/CSC791Project/ros-carla-bridge/install/carla_waypoint_types/lib/python3.10/site-packages/carla_waypoint_types/carla_waypoint_types_s__rosidl_typesupport_fastrtps_c.cpython-310-x86_64-linux-gnu.so
[0.872s] -- Up-to-date symlink: /home/rfzhang/ROS-Carla/CSC791Project/ros-carla-bridge/install/carla_waypoint_types/lib/python3.10/site-packages/carla_waypoint_types/carla_waypoint_types_s__rosidl_typesupport_introspection_c.cpython-310-x86_64-linux-gnu.so
[0.872s] -- Up-to-date symlink: /home/rfzhang/ROS-Carla/CSC791Project/ros-carla-bridge/install/carla_waypoint_types/lib/python3.10/site-packages/carla_waypoint_types/carla_waypoint_types_s__rosidl_typesupport_c.cpython-310-x86_64-linux-gnu.so
[0.872s] -- Up-to-date symlink: /home/rfzhang/ROS-Carla/CSC791Project/ros-carla-bridge/install/carla_waypoint_types/share/carla_waypoint_types/msg/CarlaWaypoint.idl
[0.872s] -- Up-to-date symlink: /home/rfzhang/ROS-Carla/CSC791Project/ros-carla-bridge/install/carla_waypoint_types/share/carla_waypoint_types/srv/GetWaypoint.idl
[0.874s] -- Up-to-date symlink: /home/rfzhang/ROS-Carla/CSC791Project/ros-carla-bridge/install/carla_waypoint_types/share/carla_waypoint_types/srv/GetActorWaypoint.idl
[0.875s] -- Up-to-date symlink: /home/rfzhang/ROS-Carla/CSC791Project/ros-carla-bridge/install/carla_waypoint_types/share/carla_waypoint_types/msg/CarlaWaypoint.msg
[0.875s] -- Up-to-date symlink: /home/rfzhang/ROS-Carla/CSC791Project/ros-carla-bridge/install/carla_waypoint_types/share/carla_waypoint_types/srv/GetWaypoint.srv
[0.876s] -- Up-to-date symlink: /home/rfzhang/ROS-Carla/CSC791Project/ros-carla-bridge/install/carla_waypoint_types/share/carla_waypoint_types/srv/GetWaypoint_Request.msg
[0.876s] -- Up-to-date symlink: /home/rfzhang/ROS-Carla/CSC791Project/ros-carla-bridge/install/carla_waypoint_types/share/carla_waypoint_types/srv/GetWaypoint_Response.msg
[0.876s] -- Up-to-date symlink: /home/rfzhang/ROS-Carla/CSC791Project/ros-carla-bridge/install/carla_waypoint_types/share/carla_waypoint_types/srv/GetActorWaypoint.srv
[0.876s] -- Up-to-date symlink: /home/rfzhang/ROS-Carla/CSC791Project/ros-carla-bridge/install/carla_waypoint_types/share/carla_waypoint_types/srv/GetActorWaypoint_Request.msg
[0.876s] -- Up-to-date symlink: /home/rfzhang/ROS-Carla/CSC791Project/ros-carla-bridge/install/carla_waypoint_types/share/carla_waypoint_types/srv/GetActorWaypoint_Response.msg
[0.877s] -- Up-to-date symlink: /home/rfzhang/ROS-Carla/CSC791Project/ros-carla-bridge/install/carla_waypoint_types/share/ament_index/resource_index/package_run_dependencies/carla_waypoint_types
[0.878s] -- Up-to-date symlink: /home/rfzhang/ROS-Carla/CSC791Project/ros-carla-bridge/install/carla_waypoint_types/share/ament_index/resource_index/parent_prefix_path/carla_waypoint_types
[0.878s] -- Up-to-date symlink: /home/rfzhang/ROS-Carla/CSC791Project/ros-carla-bridge/install/carla_waypoint_types/share/carla_waypoint_types/environment/ament_prefix_path.sh
[0.878s] -- Up-to-date symlink: /home/rfzhang/ROS-Carla/CSC791Project/ros-carla-bridge/install/carla_waypoint_types/share/carla_waypoint_types/environment/ament_prefix_path.dsv
[0.878s] -- Up-to-date symlink: /home/rfzhang/ROS-Carla/CSC791Project/ros-carla-bridge/install/carla_waypoint_types/share/carla_waypoint_types/environment/path.sh
[0.878s] -- Up-to-date symlink: /home/rfzhang/ROS-Carla/CSC791Project/ros-carla-bridge/install/carla_waypoint_types/share/carla_waypoint_types/environment/path.dsv
[0.878s] -- Up-to-date symlink: /home/rfzhang/ROS-Carla/CSC791Project/ros-carla-bridge/install/carla_waypoint_types/share/carla_waypoint_types/local_setup.bash
[0.879s] -- Up-to-date symlink: /home/rfzhang/ROS-Carla/CSC791Project/ros-carla-bridge/install/carla_waypoint_types/share/carla_waypoint_types/local_setup.sh
[0.879s] -- Up-to-date symlink: /home/rfzhang/ROS-Carla/CSC791Project/ros-carla-bridge/install/carla_waypoint_types/share/carla_waypoint_types/local_setup.zsh
[0.880s] -- Up-to-date symlink: /home/rfzhang/ROS-Carla/CSC791Project/ros-carla-bridge/install/carla_waypoint_types/share/carla_waypoint_types/local_setup.dsv
[0.881s] -- Symlinking: /home/rfzhang/ROS-Carla/CSC791Project/ros-carla-bridge/install/carla_waypoint_types/share/carla_waypoint_types/package.dsv
[0.885s] -- Up-to-date symlink: /home/rfzhang/ROS-Carla/CSC791Project/ros-carla-bridge/install/carla_waypoint_types/share/ament_index/resource_index/packages/carla_waypoint_types
[0.885s] -- Up-to-date symlink: /home/rfzhang/ROS-Carla/CSC791Project/ros-carla-bridge/install/carla_waypoint_types/share/carla_waypoint_types/cmake/rosidl_cmake-extras.cmake
[0.885s] -- Up-to-date symlink: /home/rfzhang/ROS-Carla/CSC791Project/ros-carla-bridge/install/carla_waypoint_types/share/carla_waypoint_types/cmake/ament_cmake_export_dependencies-extras.cmake
[0.885s] -- Up-to-date symlink: /home/rfzhang/ROS-Carla/CSC791Project/ros-carla-bridge/install/carla_waypoint_types/share/carla_waypoint_types/cmake/ament_cmake_export_include_directories-extras.cmake
[0.885s] -- Up-to-date symlink: /home/rfzhang/ROS-Carla/CSC791Project/ros-carla-bridge/install/carla_waypoint_types/share/carla_waypoint_types/cmake/ament_cmake_export_libraries-extras.cmake
[0.887s] -- Up-to-date symlink: /home/rfzhang/ROS-Carla/CSC791Project/ros-carla-bridge/install/carla_waypoint_types/share/carla_waypoint_types/cmake/ament_cmake_export_targets-extras.cmake
[0.887s] -- Up-to-date symlink: /home/rfzhang/ROS-Carla/CSC791Project/ros-carla-bridge/install/carla_waypoint_types/share/carla_waypoint_types/cmake/rosidl_cmake_export_typesupport_targets-extras.cmake
[0.887s] -- Up-to-date symlink: /home/rfzhang/ROS-Carla/CSC791Project/ros-carla-bridge/install/carla_waypoint_types/share/carla_waypoint_types/cmake/rosidl_cmake_export_typesupport_libraries-extras.cmake
[0.887s] -- Up-to-date symlink: /home/rfzhang/ROS-Carla/CSC791Project/ros-carla-bridge/install/carla_waypoint_types/share/carla_waypoint_types/cmake/carla_waypoint_typesConfig.cmake
[0.887s] -- Up-to-date symlink: /home/rfzhang/ROS-Carla/CSC791Project/ros-carla-bridge/install/carla_waypoint_types/share/carla_waypoint_types/cmake/carla_waypoint_typesConfig-version.cmake
[0.887s] -- Up-to-date symlink: /home/rfzhang/ROS-Carla/CSC791Project/ros-carla-bridge/install/carla_waypoint_types/share/carla_waypoint_types/package.xml
[0.888s] -- Up-to-date: /home/rfzhang/ROS-Carla/CSC791Project/ros-carla-bridge/install/carla_waypoint_types/lib/libcarla_waypoint_types__rosidl_generator_c.so
[0.888s] -- Up-to-date: /home/rfzhang/ROS-Carla/CSC791Project/ros-carla-bridge/install/carla_waypoint_types/lib/libcarla_waypoint_types__rosidl_typesupport_fastrtps_c.so
[0.888s] -- Up-to-date: /home/rfzhang/ROS-Carla/CSC791Project/ros-carla-bridge/install/carla_waypoint_types/lib/libcarla_waypoint_types__rosidl_typesupport_fastrtps_cpp.so
[0.888s] -- Up-to-date: /home/rfzhang/ROS-Carla/CSC791Project/ros-carla-bridge/install/carla_waypoint_types/lib/libcarla_waypoint_types__rosidl_typesupport_introspection_c.so
[0.888s] -- Up-to-date: /home/rfzhang/ROS-Carla/CSC791Project/ros-carla-bridge/install/carla_waypoint_types/lib/libcarla_waypoint_types__rosidl_typesupport_c.so
[0.888s] -- Up-to-date: /home/rfzhang/ROS-Carla/CSC791Project/ros-carla-bridge/install/carla_waypoint_types/lib/libcarla_waypoint_types__rosidl_typesupport_introspection_cpp.so
[0.888s] -- Up-to-date: /home/rfzhang/ROS-Carla/CSC791Project/ros-carla-bridge/install/carla_waypoint_types/lib/libcarla_waypoint_types__rosidl_typesupport_cpp.so
[0.918s] Listing '/home/rfzhang/ROS-Carla/CSC791Project/ros-carla-bridge/install/carla_waypoint_types/lib/python3.10/site-packages/carla_waypoint_types'...
[0.918s] Listing '/home/rfzhang/ROS-Carla/CSC791Project/ros-carla-bridge/install/carla_waypoint_types/lib/python3.10/site-packages/carla_waypoint_types/msg'...
[0.918s] Listing '/home/rfzhang/ROS-Carla/CSC791Project/ros-carla-bridge/install/carla_waypoint_types/lib/python3.10/site-packages/carla_waypoint_types/srv'...
[0.922s] -- Up-to-date: /home/rfzhang/ROS-Carla/CSC791Project/ros-carla-bridge/install/carla_waypoint_types/lib/libcarla_waypoint_types__rosidl_generator_py.so
[0.922s] -- Up-to-date: /home/rfzhang/ROS-Carla/CSC791Project/ros-carla-bridge/install/carla_waypoint_types/share/carla_waypoint_types/cmake/export_carla_waypoint_types__rosidl_generator_cExport.cmake
[0.923s] -- Up-to-date: /home/rfzhang/ROS-Carla/CSC791Project/ros-carla-bridge/install/carla_waypoint_types/share/carla_waypoint_types/cmake/export_carla_waypoint_types__rosidl_generator_cExport-noconfig.cmake
[0.923s] -- Up-to-date: /home/rfzhang/ROS-Carla/CSC791Project/ros-carla-bridge/install/carla_waypoint_types/share/carla_waypoint_types/cmake/export_carla_waypoint_types__rosidl_typesupport_fastrtps_cExport.cmake
[0.923s] -- Up-to-date: /home/rfzhang/ROS-Carla/CSC791Project/ros-carla-bridge/install/carla_waypoint_types/share/carla_waypoint_types/cmake/export_carla_waypoint_types__rosidl_typesupport_fastrtps_cExport-noconfig.cmake
[0.923s] -- Up-to-date: /home/rfzhang/ROS-Carla/CSC791Project/ros-carla-bridge/install/carla_waypoint_types/share/carla_waypoint_types/cmake/export_carla_waypoint_types__rosidl_generator_cppExport.cmake
[0.924s] -- Up-to-date: /home/rfzhang/ROS-Carla/CSC791Project/ros-carla-bridge/install/carla_waypoint_types/share/carla_waypoint_types/cmake/export_carla_waypoint_types__rosidl_typesupport_fastrtps_cppExport.cmake
[0.925s] -- Up-to-date: /home/rfzhang/ROS-Carla/CSC791Project/ros-carla-bridge/install/carla_waypoint_types/share/carla_waypoint_types/cmake/export_carla_waypoint_types__rosidl_typesupport_fastrtps_cppExport-noconfig.cmake
[0.925s] -- Up-to-date: /home/rfzhang/ROS-Carla/CSC791Project/ros-carla-bridge/install/carla_waypoint_types/share/carla_waypoint_types/cmake/carla_waypoint_types__rosidl_typesupport_introspection_cExport.cmake
[0.925s] -- Up-to-date: /home/rfzhang/ROS-Carla/CSC791Project/ros-carla-bridge/install/carla_waypoint_types/share/carla_waypoint_types/cmake/carla_waypoint_types__rosidl_typesupport_introspection_cExport-noconfig.cmake
[0.925s] -- Up-to-date: /home/rfzhang/ROS-Carla/CSC791Project/ros-carla-bridge/install/carla_waypoint_types/share/carla_waypoint_types/cmake/carla_waypoint_types__rosidl_typesupport_cExport.cmake
[0.925s] -- Up-to-date: /home/rfzhang/ROS-Carla/CSC791Project/ros-carla-bridge/install/carla_waypoint_types/share/carla_waypoint_types/cmake/carla_waypoint_types__rosidl_typesupport_cExport-noconfig.cmake
[0.926s] -- Up-to-date: /home/rfzhang/ROS-Carla/CSC791Project/ros-carla-bridge/install/carla_waypoint_types/share/carla_waypoint_types/cmake/carla_waypoint_types__rosidl_typesupport_introspection_cppExport.cmake
[0.927s] -- Up-to-date: /home/rfzhang/ROS-Carla/CSC791Project/ros-carla-bridge/install/carla_waypoint_types/share/carla_waypoint_types/cmake/carla_waypoint_types__rosidl_typesupport_introspection_cppExport-noconfig.cmake
[0.927s] -- Up-to-date: /home/rfzhang/ROS-Carla/CSC791Project/ros-carla-bridge/install/carla_waypoint_types/share/carla_waypoint_types/cmake/carla_waypoint_types__rosidl_typesupport_cppExport.cmake
[0.928s] -- Up-to-date: /home/rfzhang/ROS-Carla/CSC791Project/ros-carla-bridge/install/carla_waypoint_types/share/carla_waypoint_types/cmake/carla_waypoint_types__rosidl_typesupport_cppExport-noconfig.cmake
[0.928s] -- Up-to-date: /home/rfzhang/ROS-Carla/CSC791Project/ros-carla-bridge/install/carla_waypoint_types/share/carla_waypoint_types/cmake/export_carla_waypoint_types__rosidl_generator_pyExport.cmake
[0.928s] -- Up-to-date: /home/rfzhang/ROS-Carla/CSC791Project/ros-carla-bridge/install/carla_waypoint_types/share/carla_waypoint_types/cmake/export_carla_waypoint_types__rosidl_generator_pyExport-noconfig.cmake
[0.937s] Invoked command in '/home/rfzhang/ROS-Carla/CSC791Project/ros-carla-bridge/build/carla_waypoint_types' returned '0': CMAKE_PREFIX_PATH=${CMAKE_PREFIX_PATH}:/home/rfzhang/ROS-Carla/CSC791Project/lidar_to_carla/install/lidar_to_carla:/home/rfzhang/ROS-Carla/CSC791Project/ros-carla-bridge/install/rqt_carla_control:/home/rfzhang/ROS-Carla/CSC791Project/ros-carla-bridge/install/carla_waypoint_publisher:/home/rfzhang/ROS-Carla/CSC791Project/ros-carla-bridge/install/carla_ackermann_control:/home/rfzhang/ROS-Carla/CSC791Project/ros-carla-bridge/install/carla_ros_bridge:/home/rfzhang/ROS-Carla/CSC791Project/ros-carla-bridge/install/carla_spawn_objects:/home/rfzhang/ROS-Carla/CSC791Project/ros-carla-bridge/install/carla_manual_control:/home/rfzhang/ROS-Carla/CSC791Project/ros-carla-bridge/install/carla_ad_agent:/home/rfzhang/ROS-Carla/CSC791Project/ros-carla-bridge/install/ros_compatibility:/home/rfzhang/ROS-Carla/CSC791Project/ros-carla-bridge/install/carla_walker_agent:/home/rfzhang/ROS-Carla/CSC791Project/ros-carla-bridge/install/carla_twist_to_control:/home/rfzhang/ROS-Carla/CSC791Project/ros-carla-bridge/install/carla_ros_scenario_runner:/home/rfzhang/ROS-Carla/CSC791Project/ros-carla-bridge/install/carla_common:/opt/ros/humble VIRTUAL_ENV_PROMPT=(ros-carla) /usr/bin/cmake --install /home/rfzhang/ROS-Carla/CSC791Project/ros-carla-bridge/build/carla_waypoint_types
