[0.412s] Invoking command in '/home/rfzhang/ROS-Carla/CSC791Project/ros-carla-bridge/build/carla_ros_scenario_runner_types': CMAKE_PREFIX_PATH=${CMAKE_PREFIX_PATH}:/home/rfzhang/ROS-Carla/CSC791Project/lidar_to_carla/install/lidar_to_carla:/home/rfzhang/ROS-Carla/CSC791Project/ros-carla-bridge/install/rqt_carla_control:/home/rfzhang/ROS-Carla/CSC791Project/ros-carla-bridge/install/carla_waypoint_publisher:/home/rfzhang/ROS-Carla/CSC791Project/ros-carla-bridge/install/carla_ackermann_control:/home/rfzhang/ROS-Carla/CSC791Project/ros-carla-bridge/install/carla_ros_bridge:/home/rfzhang/ROS-Carla/CSC791Project/ros-carla-bridge/install/carla_spawn_objects:/home/rfzhang/ROS-Carla/CSC791Project/ros-carla-bridge/install/carla_manual_control:/home/rfzhang/ROS-Carla/CSC791Project/ros-carla-bridge/install/carla_ad_agent:/home/rfzhang/ROS-Carla/CSC791Project/ros-carla-bridge/install/ros_compatibility:/home/rfzhang/ROS-Carla/CSC791Project/ros-carla-bridge/install/carla_walker_agent:/home/rfzhang/ROS-Carla/CSC791Project/ros-carla-bridge/install/carla_twist_to_control:/home/rfzhang/ROS-Carla/CSC791Project/ros-carla-bridge/install/carla_ros_scenario_runner:/home/rfzhang/ROS-Carla/CSC791Project/ros-carla-bridge/install/carla_common:/opt/ros/humble VIRTUAL_ENV_PROMPT=(ros-carla) /usr/bin/cmake --build /home/rfzhang/ROS-Carla/CSC791Project/ros-carla-bridge/build/carla_ros_scenario_runner_types -- -j20 -l20
[0.815s] [35m[1mConsolidate compiler generated dependencies of target carla_ros_scenario_runner_types__rosidl_generator_c[0m
[0.815s] [  1%] Built target carla_ros_scenario_runner_types__cpp
[0.815s] [ 12%] Built target carla_ros_scenario_runner_types__rosidl_generator_c
[0.815s] [ 12%] Built target ament_cmake_python_symlink_carla_ros_scenario_runner_types
[0.815s] [35m[1mConsolidate compiler generated dependencies of target carla_ros_scenario_runner_types__rosidl_typesupport_introspection_c[0m
[0.815s] [35m[1mConsolidate compiler generated dependencies of target carla_ros_scenario_runner_types__rosidl_typesupport_cpp[0m
[0.815s] [35m[1mConsolidate compiler generated dependencies of target carla_ros_scenario_runner_types__rosidl_typesupport_fastrtps_cpp[0m
[0.815s] [35m[1mConsolidate compiler generated dependencies of target carla_ros_scenario_runner_types__rosidl_typesupport_fastrtps_c[0m
[0.815s] [35m[1mConsolidate compiler generated dependencies of target carla_ros_scenario_runner_types__rosidl_typesupport_introspection_cpp[0m
[0.815s] [35m[1mConsolidate compiler generated dependencies of target carla_ros_scenario_runner_types__rosidl_typesupport_c[0m
[0.815s] [ 23%] Built target carla_ros_scenario_runner_types__rosidl_typesupport_cpp
[0.815s] [ 34%] Built target carla_ros_scenario_runner_types__rosidl_typesupport_fastrtps_c
[0.816s] [ 56%] Built target carla_ros_scenario_runner_types__rosidl_typesupport_introspection_cpp
[0.816s] [ 56%] Built target carla_ros_scenario_runner_types__rosidl_typesupport_introspection_c
[0.816s] [ 69%] Built target carla_ros_scenario_runner_types__rosidl_typesupport_fastrtps_cpp
[0.816s] [ 78%] Built target carla_ros_scenario_runner_types__rosidl_typesupport_c
[0.816s] [ 78%] Built target carla_ros_scenario_runner_types
[0.816s] [ 80%] Built target carla_ros_scenario_runner_types__py
[0.816s] [35m[1mConsolidate compiler generated dependencies of target carla_ros_scenario_runner_types__rosidl_generator_py[0m
[0.816s] [ 89%] Built target carla_ros_scenario_runner_types__rosidl_generator_py
[0.816s] [35m[1mConsolidate compiler generated dependencies of target carla_ros_scenario_runner_types__rosidl_typesupport_introspection_c__pyext[0m
[0.816s] [35m[1mConsolidate compiler generated dependencies of target carla_ros_scenario_runner_types__rosidl_typesupport_c__pyext[0m
[0.816s] [35m[1mConsolidate compiler generated dependencies of target carla_ros_scenario_runner_types__rosidl_typesupport_fastrtps_c__pyext[0m
[0.816s] [ 92%] Built target carla_ros_scenario_runner_types__rosidl_typesupport_fastrtps_c__pyext
[0.816s] [ 96%] Built target carla_ros_scenario_runner_types__rosidl_typesupport_c__pyext
[0.816s] [100%] Built target carla_ros_scenario_runner_types__rosidl_typesupport_introspection_c__pyext
[0.816s] running egg_info
[0.816s] writing carla_ros_scenario_runner_types.egg-info/PKG-INFO
[0.816s] writing dependency_links to carla_ros_scenario_runner_types.egg-info/dependency_links.txt
[0.816s] writing top-level names to carla_ros_scenario_runner_types.egg-info/top_level.txt
[0.816s] reading manifest file 'carla_ros_scenario_runner_types.egg-info/SOURCES.txt'
[0.816s] writing manifest file 'carla_ros_scenario_runner_types.egg-info/SOURCES.txt'
[0.816s] [100%] Built target ament_cmake_python_build_carla_ros_scenario_runner_types_egg
[0.831s] Invoked command in '/home/rfzhang/ROS-Carla/CSC791Project/ros-carla-bridge/build/carla_ros_scenario_runner_types' returned '0': CMAKE_PREFIX_PATH=${CMAKE_PREFIX_PATH}:/home/rfzhang/ROS-Carla/CSC791Project/lidar_to_carla/install/lidar_to_carla:/home/rfzhang/ROS-Carla/CSC791Project/ros-carla-bridge/install/rqt_carla_control:/home/rfzhang/ROS-Carla/CSC791Project/ros-carla-bridge/install/carla_waypoint_publisher:/home/rfzhang/ROS-Carla/CSC791Project/ros-carla-bridge/install/carla_ackermann_control:/home/rfzhang/ROS-Carla/CSC791Project/ros-carla-bridge/install/carla_ros_bridge:/home/rfzhang/ROS-Carla/CSC791Project/ros-carla-bridge/install/carla_spawn_objects:/home/rfzhang/ROS-Carla/CSC791Project/ros-carla-bridge/install/carla_manual_control:/home/rfzhang/ROS-Carla/CSC791Project/ros-carla-bridge/install/carla_ad_agent:/home/rfzhang/ROS-Carla/CSC791Project/ros-carla-bridge/install/ros_compatibility:/home/rfzhang/ROS-Carla/CSC791Project/ros-carla-bridge/install/carla_walker_agent:/home/rfzhang/ROS-Carla/CSC791Project/ros-carla-bridge/install/carla_twist_to_control:/home/rfzhang/ROS-Carla/CSC791Project/ros-carla-bridge/install/carla_ros_scenario_runner:/home/rfzhang/ROS-Carla/CSC791Project/ros-carla-bridge/install/carla_common:/opt/ros/humble VIRTUAL_ENV_PROMPT=(ros-carla) /usr/bin/cmake --build /home/rfzhang/ROS-Carla/CSC791Project/ros-carla-bridge/build/carla_ros_scenario_runner_types -- -j20 -l20
[0.835s] Invoking command in '/home/rfzhang/ROS-Carla/CSC791Project/ros-carla-bridge/build/carla_ros_scenario_runner_types': CMAKE_PREFIX_PATH=${CMAKE_PREFIX_PATH}:/home/rfzhang/ROS-Carla/CSC791Project/lidar_to_carla/install/lidar_to_carla:/home/rfzhang/ROS-Carla/CSC791Project/ros-carla-bridge/install/rqt_carla_control:/home/rfzhang/ROS-Carla/CSC791Project/ros-carla-bridge/install/carla_waypoint_publisher:/home/rfzhang/ROS-Carla/CSC791Project/ros-carla-bridge/install/carla_ackermann_control:/home/rfzhang/ROS-Carla/CSC791Project/ros-carla-bridge/install/carla_ros_bridge:/home/rfzhang/ROS-Carla/CSC791Project/ros-carla-bridge/install/carla_spawn_objects:/home/rfzhang/ROS-Carla/CSC791Project/ros-carla-bridge/install/carla_manual_control:/home/rfzhang/ROS-Carla/CSC791Project/ros-carla-bridge/install/carla_ad_agent:/home/rfzhang/ROS-Carla/CSC791Project/ros-carla-bridge/install/ros_compatibility:/home/rfzhang/ROS-Carla/CSC791Project/ros-carla-bridge/install/carla_walker_agent:/home/rfzhang/ROS-Carla/CSC791Project/ros-carla-bridge/install/carla_twist_to_control:/home/rfzhang/ROS-Carla/CSC791Project/ros-carla-bridge/install/carla_ros_scenario_runner:/home/rfzhang/ROS-Carla/CSC791Project/ros-carla-bridge/install/carla_common:/opt/ros/humble VIRTUAL_ENV_PROMPT=(ros-carla) /usr/bin/cmake --install /home/rfzhang/ROS-Carla/CSC791Project/ros-carla-bridge/build/carla_ros_scenario_runner_types
[0.843s] -- Install configuration: ""
[0.844s] -- Execute custom install script
[0.844s] -- Up-to-date symlink: /home/rfzhang/ROS-Carla/CSC791Project/ros-carla-bridge/install/carla_ros_scenario_runner_types/share/ament_index/resource_index/rosidl_interfaces/carla_ros_scenario_runner_types
[0.844s] -- Up-to-date symlink: /home/rfzhang/ROS-Carla/CSC791Project/ros-carla-bridge/install/carla_ros_scenario_runner_types/include/carla_ros_scenario_runner_types/carla_ros_scenario_runner_types/msg/carla_scenario.h
[0.844s] -- Up-to-date symlink: /home/rfzhang/ROS-Carla/CSC791Project/ros-carla-bridge/install/carla_ros_scenario_runner_types/include/carla_ros_scenario_runner_types/carla_ros_scenario_runner_types/msg/carla_scenario_list.h
[0.845s] -- Up-to-date symlink: /home/rfzhang/ROS-Carla/CSC791Project/ros-carla-bridge/install/carla_ros_scenario_runner_types/include/carla_ros_scenario_runner_types/carla_ros_scenario_runner_types/msg/carla_scenario_runner_status.h
[0.845s] -- Up-to-date symlink: /home/rfzhang/ROS-Carla/CSC791Project/ros-carla-bridge/install/carla_ros_scenario_runner_types/include/carla_ros_scenario_runner_types/carla_ros_scenario_runner_types/msg/detail/carla_scenario__functions.h
[0.846s] -- Up-to-date symlink: /home/rfzhang/ROS-Carla/CSC791Project/ros-carla-bridge/install/carla_ros_scenario_runner_types/include/carla_ros_scenario_runner_types/carla_ros_scenario_runner_types/msg/detail/carla_scenario__struct.h
[0.851s] -- Up-to-date symlink: /home/rfzhang/ROS-Carla/CSC791Project/ros-carla-bridge/install/carla_ros_scenario_runner_types/include/carla_ros_scenario_runner_types/carla_ros_scenario_runner_types/msg/detail/carla_scenario__type_support.h
[0.851s] -- Up-to-date symlink: /home/rfzhang/ROS-Carla/CSC791Project/ros-carla-bridge/install/carla_ros_scenario_runner_types/include/carla_ros_scenario_runner_types/carla_ros_scenario_runner_types/msg/detail/carla_scenario_list__functions.h
[0.851s] -- Up-to-date symlink: /home/rfzhang/ROS-Carla/CSC791Project/ros-carla-bridge/install/carla_ros_scenario_runner_types/include/carla_ros_scenario_runner_types/carla_ros_scenario_runner_types/msg/detail/carla_scenario_list__struct.h
[0.851s] -- Up-to-date symlink: /home/rfzhang/ROS-Carla/CSC791Project/ros-carla-bridge/install/carla_ros_scenario_runner_types/include/carla_ros_scenario_runner_types/carla_ros_scenario_runner_types/msg/detail/carla_scenario_list__type_support.h
[0.851s] -- Up-to-date symlink: /home/rfzhang/ROS-Carla/CSC791Project/ros-carla-bridge/install/carla_ros_scenario_runner_types/include/carla_ros_scenario_runner_types/carla_ros_scenario_runner_types/msg/detail/carla_scenario_runner_status__functions.h
[0.851s] -- Up-to-date symlink: /home/rfzhang/ROS-Carla/CSC791Project/ros-carla-bridge/install/carla_ros_scenario_runner_types/include/carla_ros_scenario_runner_types/carla_ros_scenario_runner_types/msg/detail/carla_scenario_runner_status__struct.h
[0.856s] -- Up-to-date symlink: /home/rfzhang/ROS-Carla/CSC791Project/ros-carla-bridge/install/carla_ros_scenario_runner_types/include/carla_ros_scenario_runner_types/carla_ros_scenario_runner_types/msg/detail/carla_scenario_runner_status__type_support.h
[0.856s] -- Up-to-date symlink: /home/rfzhang/ROS-Carla/CSC791Project/ros-carla-bridge/install/carla_ros_scenario_runner_types/include/carla_ros_scenario_runner_types/carla_ros_scenario_runner_types/msg/rosidl_generator_c__visibility_control.h
[0.856s] -- Up-to-date symlink: /home/rfzhang/ROS-Carla/CSC791Project/ros-carla-bridge/install/carla_ros_scenario_runner_types/include/carla_ros_scenario_runner_types/carla_ros_scenario_runner_types/srv/detail/execute_scenario__functions.h
[0.857s] -- Up-to-date symlink: /home/rfzhang/ROS-Carla/CSC791Project/ros-carla-bridge/install/carla_ros_scenario_runner_types/include/carla_ros_scenario_runner_types/carla_ros_scenario_runner_types/srv/detail/execute_scenario__struct.h
[0.857s] -- Up-to-date symlink: /home/rfzhang/ROS-Carla/CSC791Project/ros-carla-bridge/install/carla_ros_scenario_runner_types/include/carla_ros_scenario_runner_types/carla_ros_scenario_runner_types/srv/detail/execute_scenario__type_support.h
[0.857s] -- Up-to-date symlink: /home/rfzhang/ROS-Carla/CSC791Project/ros-carla-bridge/install/carla_ros_scenario_runner_types/include/carla_ros_scenario_runner_types/carla_ros_scenario_runner_types/srv/execute_scenario.h
[0.857s] -- Up-to-date symlink: /home/rfzhang/ROS-Carla/CSC791Project/ros-carla-bridge/install/carla_ros_scenario_runner_types/share/carla_ros_scenario_runner_types/environment/library_path.sh
[0.857s] -- Up-to-date symlink: /home/rfzhang/ROS-Carla/CSC791Project/ros-carla-bridge/install/carla_ros_scenario_runner_types/share/carla_ros_scenario_runner_types/environment/library_path.dsv
[0.858s] -- Up-to-date symlink: /home/rfzhang/ROS-Carla/CSC791Project/ros-carla-bridge/install/carla_ros_scenario_runner_types/include/carla_ros_scenario_runner_types/carla_ros_scenario_runner_types/msg/detail/carla_scenario__rosidl_typesupport_fastrtps_c.h
[0.860s] -- Up-to-date symlink: /home/rfzhang/ROS-Carla/CSC791Project/ros-carla-bridge/install/carla_ros_scenario_runner_types/include/carla_ros_scenario_runner_types/carla_ros_scenario_runner_types/msg/detail/carla_scenario_list__rosidl_typesupport_fastrtps_c.h
[0.862s] -- Up-to-date symlink: /home/rfzhang/ROS-Carla/CSC791Project/ros-carla-bridge/install/carla_ros_scenario_runner_types/include/carla_ros_scenario_runner_types/carla_ros_scenario_runner_types/msg/detail/carla_scenario_runner_status__rosidl_typesupport_fastrtps_c.h
[0.862s] -- Up-to-date symlink: /home/rfzhang/ROS-Carla/CSC791Project/ros-carla-bridge/install/carla_ros_scenario_runner_types/include/carla_ros_scenario_runner_types/carla_ros_scenario_runner_types/msg/rosidl_typesupport_fastrtps_c__visibility_control.h
[0.862s] -- Up-to-date symlink: /home/rfzhang/ROS-Carla/CSC791Project/ros-carla-bridge/install/carla_ros_scenario_runner_types/include/carla_ros_scenario_runner_types/carla_ros_scenario_runner_types/srv/detail/execute_scenario__rosidl_typesupport_fastrtps_c.h
[0.862s] -- Up-to-date symlink: /home/rfzhang/ROS-Carla/CSC791Project/ros-carla-bridge/install/carla_ros_scenario_runner_types/include/carla_ros_scenario_runner_types/carla_ros_scenario_runner_types/msg/carla_scenario.hpp
[0.862s] -- Up-to-date symlink: /home/rfzhang/ROS-Carla/CSC791Project/ros-carla-bridge/install/carla_ros_scenario_runner_types/include/carla_ros_scenario_runner_types/carla_ros_scenario_runner_types/msg/carla_scenario_list.hpp
[0.863s] -- Up-to-date symlink: /home/rfzhang/ROS-Carla/CSC791Project/ros-carla-bridge/install/carla_ros_scenario_runner_types/include/carla_ros_scenario_runner_types/carla_ros_scenario_runner_types/msg/carla_scenario_runner_status.hpp
[0.863s] -- Up-to-date symlink: /home/rfzhang/ROS-Carla/CSC791Project/ros-carla-bridge/install/carla_ros_scenario_runner_types/include/carla_ros_scenario_runner_types/carla_ros_scenario_runner_types/msg/detail/carla_scenario__builder.hpp
[0.864s] -- Up-to-date symlink: /home/rfzhang/ROS-Carla/CSC791Project/ros-carla-bridge/install/carla_ros_scenario_runner_types/include/carla_ros_scenario_runner_types/carla_ros_scenario_runner_types/msg/detail/carla_scenario__struct.hpp
[0.864s] -- Up-to-date symlink: /home/rfzhang/ROS-Carla/CSC791Project/ros-carla-bridge/install/carla_ros_scenario_runner_types/include/carla_ros_scenario_runner_types/carla_ros_scenario_runner_types/msg/detail/carla_scenario__traits.hpp
[0.864s] -- Up-to-date symlink: /home/rfzhang/ROS-Carla/CSC791Project/ros-carla-bridge/install/carla_ros_scenario_runner_types/include/carla_ros_scenario_runner_types/carla_ros_scenario_runner_types/msg/detail/carla_scenario__type_support.hpp
[0.864s] -- Up-to-date symlink: /home/rfzhang/ROS-Carla/CSC791Project/ros-carla-bridge/install/carla_ros_scenario_runner_types/include/carla_ros_scenario_runner_types/carla_ros_scenario_runner_types/msg/detail/carla_scenario_list__builder.hpp
[0.866s] -- Up-to-date symlink: /home/rfzhang/ROS-Carla/CSC791Project/ros-carla-bridge/install/carla_ros_scenario_runner_types/include/carla_ros_scenario_runner_types/carla_ros_scenario_runner_types/msg/detail/carla_scenario_list__struct.hpp
[0.866s] -- Up-to-date symlink: /home/rfzhang/ROS-Carla/CSC791Project/ros-carla-bridge/install/carla_ros_scenario_runner_types/include/carla_ros_scenario_runner_types/carla_ros_scenario_runner_types/msg/detail/carla_scenario_list__traits.hpp
[0.867s] -- Up-to-date symlink: /home/rfzhang/ROS-Carla/CSC791Project/ros-carla-bridge/install/carla_ros_scenario_runner_types/include/carla_ros_scenario_runner_types/carla_ros_scenario_runner_types/msg/detail/carla_scenario_list__type_support.hpp
[0.867s] -- Up-to-date symlink: /home/rfzhang/ROS-Carla/CSC791Project/ros-carla-bridge/install/carla_ros_scenario_runner_types/include/carla_ros_scenario_runner_types/carla_ros_scenario_runner_types/msg/detail/carla_scenario_runner_status__builder.hpp
[0.869s] -- Up-to-date symlink: /home/rfzhang/ROS-Carla/CSC791Project/ros-carla-bridge/install/carla_ros_scenario_runner_types/include/carla_ros_scenario_runner_types/carla_ros_scenario_runner_types/msg/detail/carla_scenario_runner_status__struct.hpp
[0.869s] -- Up-to-date symlink: /home/rfzhang/ROS-Carla/CSC791Project/ros-carla-bridge/install/carla_ros_scenario_runner_types/include/carla_ros_scenario_runner_types/carla_ros_scenario_runner_types/msg/detail/carla_scenario_runner_status__traits.hpp
[0.869s] -- Up-to-date symlink: /home/rfzhang/ROS-Carla/CSC791Project/ros-carla-bridge/install/carla_ros_scenario_runner_types/include/carla_ros_scenario_runner_types/carla_ros_scenario_runner_types/msg/detail/carla_scenario_runner_status__type_support.hpp
[0.869s] -- Up-to-date symlink: /home/rfzhang/ROS-Carla/CSC791Project/ros-carla-bridge/install/carla_ros_scenario_runner_types/include/carla_ros_scenario_runner_types/carla_ros_scenario_runner_types/msg/rosidl_generator_cpp__visibility_control.hpp
[0.870s] -- Up-to-date symlink: /home/rfzhang/ROS-Carla/CSC791Project/ros-carla-bridge/install/carla_ros_scenario_runner_types/include/carla_ros_scenario_runner_types/carla_ros_scenario_runner_types/srv/detail/execute_scenario__builder.hpp
[0.870s] -- Up-to-date symlink: /home/rfzhang/ROS-Carla/CSC791Project/ros-carla-bridge/install/carla_ros_scenario_runner_types/include/carla_ros_scenario_runner_types/carla_ros_scenario_runner_types/srv/detail/execute_scenario__struct.hpp
[0.870s] -- Up-to-date symlink: /home/rfzhang/ROS-Carla/CSC791Project/ros-carla-bridge/install/carla_ros_scenario_runner_types/include/carla_ros_scenario_runner_types/carla_ros_scenario_runner_types/srv/detail/execute_scenario__traits.hpp
[0.870s] -- Up-to-date symlink: /home/rfzhang/ROS-Carla/CSC791Project/ros-carla-bridge/install/carla_ros_scenario_runner_types/include/carla_ros_scenario_runner_types/carla_ros_scenario_runner_types/srv/detail/execute_scenario__type_support.hpp
[0.870s] -- Up-to-date symlink: /home/rfzhang/ROS-Carla/CSC791Project/ros-carla-bridge/install/carla_ros_scenario_runner_types/include/carla_ros_scenario_runner_types/carla_ros_scenario_runner_types/srv/execute_scenario.hpp
[0.870s] -- Up-to-date symlink: /home/rfzhang/ROS-Carla/CSC791Project/ros-carla-bridge/install/carla_ros_scenario_runner_types/include/carla_ros_scenario_runner_types/carla_ros_scenario_runner_types/msg/detail/carla_scenario__rosidl_typesupport_fastrtps_cpp.hpp
[0.870s] -- Up-to-date symlink: /home/rfzhang/ROS-Carla/CSC791Project/ros-carla-bridge/install/carla_ros_scenario_runner_types/include/carla_ros_scenario_runner_types/carla_ros_scenario_runner_types/msg/detail/carla_scenario_list__rosidl_typesupport_fastrtps_cpp.hpp
[0.870s] -- Up-to-date symlink: /home/rfzhang/ROS-Carla/CSC791Project/ros-carla-bridge/install/carla_ros_scenario_runner_types/include/carla_ros_scenario_runner_types/carla_ros_scenario_runner_types/msg/detail/carla_scenario_runner_status__rosidl_typesupport_fastrtps_cpp.hpp
[0.870s] -- Up-to-date symlink: /home/rfzhang/ROS-Carla/CSC791Project/ros-carla-bridge/install/carla_ros_scenario_runner_types/include/carla_ros_scenario_runner_types/carla_ros_scenario_runner_types/msg/rosidl_typesupport_fastrtps_cpp__visibility_control.h
[0.871s] -- Up-to-date symlink: /home/rfzhang/ROS-Carla/CSC791Project/ros-carla-bridge/install/carla_ros_scenario_runner_types/include/carla_ros_scenario_runner_types/carla_ros_scenario_runner_types/srv/detail/execute_scenario__rosidl_typesupport_fastrtps_cpp.hpp
[0.871s] -- Up-to-date symlink: /home/rfzhang/ROS-Carla/CSC791Project/ros-carla-bridge/install/carla_ros_scenario_runner_types/include/carla_ros_scenario_runner_types/carla_ros_scenario_runner_types/msg/detail/carla_scenario__rosidl_typesupport_introspection_c.h
[0.871s] -- Up-to-date symlink: /home/rfzhang/ROS-Carla/CSC791Project/ros-carla-bridge/install/carla_ros_scenario_runner_types/include/carla_ros_scenario_runner_types/carla_ros_scenario_runner_types/msg/detail/carla_scenario_list__rosidl_typesupport_introspection_c.h
[0.871s] -- Up-to-date symlink: /home/rfzhang/ROS-Carla/CSC791Project/ros-carla-bridge/install/carla_ros_scenario_runner_types/include/carla_ros_scenario_runner_types/carla_ros_scenario_runner_types/msg/detail/carla_scenario_runner_status__rosidl_typesupport_introspection_c.h
[0.871s] -- Up-to-date symlink: /home/rfzhang/ROS-Carla/CSC791Project/ros-carla-bridge/install/carla_ros_scenario_runner_types/include/carla_ros_scenario_runner_types/carla_ros_scenario_runner_types/msg/rosidl_typesupport_introspection_c__visibility_control.h
[0.871s] -- Up-to-date symlink: /home/rfzhang/ROS-Carla/CSC791Project/ros-carla-bridge/install/carla_ros_scenario_runner_types/include/carla_ros_scenario_runner_types/carla_ros_scenario_runner_types/srv/detail/execute_scenario__rosidl_typesupport_introspection_c.h
[0.872s] -- Up-to-date symlink: /home/rfzhang/ROS-Carla/CSC791Project/ros-carla-bridge/install/carla_ros_scenario_runner_types/include/carla_ros_scenario_runner_types/carla_ros_scenario_runner_types/msg/detail/carla_scenario__rosidl_typesupport_introspection_cpp.hpp
[0.872s] -- Up-to-date symlink: /home/rfzhang/ROS-Carla/CSC791Project/ros-carla-bridge/install/carla_ros_scenario_runner_types/include/carla_ros_scenario_runner_types/carla_ros_scenario_runner_types/msg/detail/carla_scenario_list__rosidl_typesupport_introspection_cpp.hpp
[0.872s] -- Up-to-date symlink: /home/rfzhang/ROS-Carla/CSC791Project/ros-carla-bridge/install/carla_ros_scenario_runner_types/include/carla_ros_scenario_runner_types/carla_ros_scenario_runner_types/msg/detail/carla_scenario_runner_status__rosidl_typesupport_introspection_cpp.hpp
[0.872s] -- Up-to-date symlink: /home/rfzhang/ROS-Carla/CSC791Project/ros-carla-bridge/install/carla_ros_scenario_runner_types/include/carla_ros_scenario_runner_types/carla_ros_scenario_runner_types/srv/detail/execute_scenario__rosidl_typesupport_introspection_cpp.hpp
[0.872s] -- Up-to-date symlink: /home/rfzhang/ROS-Carla/CSC791Project/ros-carla-bridge/install/carla_ros_scenario_runner_types/share/carla_ros_scenario_runner_types/environment/pythonpath.sh
[0.872s] -- Up-to-date symlink: /home/rfzhang/ROS-Carla/CSC791Project/ros-carla-bridge/install/carla_ros_scenario_runner_types/share/carla_ros_scenario_runner_types/environment/pythonpath.dsv
[0.872s] -- Up-to-date symlink: /home/rfzhang/ROS-Carla/CSC791Project/ros-carla-bridge/install/carla_ros_scenario_runner_types/lib/python3.10/site-packages/carla_ros_scenario_runner_types-0.1.0-py3.10.egg-info/PKG-INFO
[0.873s] -- Up-to-date symlink: /home/rfzhang/ROS-Carla/CSC791Project/ros-carla-bridge/install/carla_ros_scenario_runner_types/lib/python3.10/site-packages/carla_ros_scenario_runner_types-0.1.0-py3.10.egg-info/SOURCES.txt
[0.875s] -- Up-to-date symlink: /home/rfzhang/ROS-Carla/CSC791Project/ros-carla-bridge/install/carla_ros_scenario_runner_types/lib/python3.10/site-packages/carla_ros_scenario_runner_types-0.1.0-py3.10.egg-info/dependency_links.txt
[0.875s] -- Up-to-date symlink: /home/rfzhang/ROS-Carla/CSC791Project/ros-carla-bridge/install/carla_ros_scenario_runner_types/lib/python3.10/site-packages/carla_ros_scenario_runner_types-0.1.0-py3.10.egg-info/top_level.txt
[0.875s] -- Up-to-date symlink: /home/rfzhang/ROS-Carla/CSC791Project/ros-carla-bridge/install/carla_ros_scenario_runner_types/lib/python3.10/site-packages/carla_ros_scenario_runner_types/__init__.py
[0.876s] -- Up-to-date symlink: /home/rfzhang/ROS-Carla/CSC791Project/ros-carla-bridge/install/carla_ros_scenario_runner_types/lib/python3.10/site-packages/carla_ros_scenario_runner_types/_carla_ros_scenario_runner_types_s.ep.rosidl_typesupport_c.c
[0.876s] -- Up-to-date symlink: /home/rfzhang/ROS-Carla/CSC791Project/ros-carla-bridge/install/carla_ros_scenario_runner_types/lib/python3.10/site-packages/carla_ros_scenario_runner_types/_carla_ros_scenario_runner_types_s.ep.rosidl_typesupport_fastrtps_c.c
[0.876s] -- Up-to-date symlink: /home/rfzhang/ROS-Carla/CSC791Project/ros-carla-bridge/install/carla_ros_scenario_runner_types/lib/python3.10/site-packages/carla_ros_scenario_runner_types/_carla_ros_scenario_runner_types_s.ep.rosidl_typesupport_introspection_c.c
[0.879s] -- Up-to-date symlink: /home/rfzhang/ROS-Carla/CSC791Project/ros-carla-bridge/install/carla_ros_scenario_runner_types/lib/python3.10/site-packages/carla_ros_scenario_runner_types/carla_ros_scenario_runner_types_s__rosidl_typesupport_c.cpython-310-x86_64-linux-gnu.so
[0.880s] -- Up-to-date symlink: /home/rfzhang/ROS-Carla/CSC791Project/ros-carla-bridge/install/carla_ros_scenario_runner_types/lib/python3.10/site-packages/carla_ros_scenario_runner_types/carla_ros_scenario_runner_types_s__rosidl_typesupport_fastrtps_c.cpython-310-x86_64-linux-gnu.so
[0.880s] -- Up-to-date symlink: /home/rfzhang/ROS-Carla/CSC791Project/ros-carla-bridge/install/carla_ros_scenario_runner_types/lib/python3.10/site-packages/carla_ros_scenario_runner_types/carla_ros_scenario_runner_types_s__rosidl_typesupport_introspection_c.cpython-310-x86_64-linux-gnu.so
[0.880s] -- Up-to-date symlink: /home/rfzhang/ROS-Carla/CSC791Project/ros-carla-bridge/install/carla_ros_scenario_runner_types/lib/python3.10/site-packages/carla_ros_scenario_runner_types/libcarla_ros_scenario_runner_types__rosidl_generator_py.so
[0.881s] -- Up-to-date symlink: /home/rfzhang/ROS-Carla/CSC791Project/ros-carla-bridge/install/carla_ros_scenario_runner_types/lib/python3.10/site-packages/carla_ros_scenario_runner_types/msg/__init__.py
[0.881s] -- Up-to-date symlink: /home/rfzhang/ROS-Carla/CSC791Project/ros-carla-bridge/install/carla_ros_scenario_runner_types/lib/python3.10/site-packages/carla_ros_scenario_runner_types/msg/_carla_scenario.py
[0.881s] -- Up-to-date symlink: /home/rfzhang/ROS-Carla/CSC791Project/ros-carla-bridge/install/carla_ros_scenario_runner_types/lib/python3.10/site-packages/carla_ros_scenario_runner_types/msg/_carla_scenario_list.py
[0.882s] -- Up-to-date symlink: /home/rfzhang/ROS-Carla/CSC791Project/ros-carla-bridge/install/carla_ros_scenario_runner_types/lib/python3.10/site-packages/carla_ros_scenario_runner_types/msg/_carla_scenario_list_s.c
[0.882s] -- Up-to-date symlink: /home/rfzhang/ROS-Carla/CSC791Project/ros-carla-bridge/install/carla_ros_scenario_runner_types/lib/python3.10/site-packages/carla_ros_scenario_runner_types/msg/_carla_scenario_runner_status.py
[0.882s] -- Up-to-date symlink: /home/rfzhang/ROS-Carla/CSC791Project/ros-carla-bridge/install/carla_ros_scenario_runner_types/lib/python3.10/site-packages/carla_ros_scenario_runner_types/msg/_carla_scenario_runner_status_s.c
[0.883s] -- Up-to-date symlink: /home/rfzhang/ROS-Carla/CSC791Project/ros-carla-bridge/install/carla_ros_scenario_runner_types/lib/python3.10/site-packages/carla_ros_scenario_runner_types/msg/_carla_scenario_s.c
[0.883s] -- Up-to-date symlink: /home/rfzhang/ROS-Carla/CSC791Project/ros-carla-bridge/install/carla_ros_scenario_runner_types/lib/python3.10/site-packages/carla_ros_scenario_runner_types/srv/__init__.py
[0.885s] -- Up-to-date symlink: /home/rfzhang/ROS-Carla/CSC791Project/ros-carla-bridge/install/carla_ros_scenario_runner_types/lib/python3.10/site-packages/carla_ros_scenario_runner_types/srv/_execute_scenario.py
[0.885s] -- Up-to-date symlink: /home/rfzhang/ROS-Carla/CSC791Project/ros-carla-bridge/install/carla_ros_scenario_runner_types/lib/python3.10/site-packages/carla_ros_scenario_runner_types/srv/_execute_scenario_s.c
[0.885s] -- Up-to-date symlink: /home/rfzhang/ROS-Carla/CSC791Project/ros-carla-bridge/install/carla_ros_scenario_runner_types/lib/python3.10/site-packages/carla_ros_scenario_runner_types/carla_ros_scenario_runner_types_s__rosidl_typesupport_fastrtps_c.cpython-310-x86_64-linux-gnu.so
[0.886s] -- Up-to-date symlink: /home/rfzhang/ROS-Carla/CSC791Project/ros-carla-bridge/install/carla_ros_scenario_runner_types/lib/python3.10/site-packages/carla_ros_scenario_runner_types/carla_ros_scenario_runner_types_s__rosidl_typesupport_introspection_c.cpython-310-x86_64-linux-gnu.so
[0.886s] -- Up-to-date symlink: /home/rfzhang/ROS-Carla/CSC791Project/ros-carla-bridge/install/carla_ros_scenario_runner_types/lib/python3.10/site-packages/carla_ros_scenario_runner_types/carla_ros_scenario_runner_types_s__rosidl_typesupport_c.cpython-310-x86_64-linux-gnu.so
[0.887s] -- Up-to-date symlink: /home/rfzhang/ROS-Carla/CSC791Project/ros-carla-bridge/install/carla_ros_scenario_runner_types/share/carla_ros_scenario_runner_types/msg/CarlaScenario.idl
[0.887s] -- Up-to-date symlink: /home/rfzhang/ROS-Carla/CSC791Project/ros-carla-bridge/install/carla_ros_scenario_runner_types/share/carla_ros_scenario_runner_types/msg/CarlaScenarioList.idl
[0.887s] -- Up-to-date symlink: /home/rfzhang/ROS-Carla/CSC791Project/ros-carla-bridge/install/carla_ros_scenario_runner_types/share/carla_ros_scenario_runner_types/msg/CarlaScenarioRunnerStatus.idl
[0.887s] -- Up-to-date symlink: /home/rfzhang/ROS-Carla/CSC791Project/ros-carla-bridge/install/carla_ros_scenario_runner_types/share/carla_ros_scenario_runner_types/srv/ExecuteScenario.idl
[0.887s] -- Up-to-date symlink: /home/rfzhang/ROS-Carla/CSC791Project/ros-carla-bridge/install/carla_ros_scenario_runner_types/share/carla_ros_scenario_runner_types/msg/CarlaScenario.msg
[0.888s] -- Up-to-date symlink: /home/rfzhang/ROS-Carla/CSC791Project/ros-carla-bridge/install/carla_ros_scenario_runner_types/share/carla_ros_scenario_runner_types/msg/CarlaScenarioList.msg
[0.888s] -- Up-to-date symlink: /home/rfzhang/ROS-Carla/CSC791Project/ros-carla-bridge/install/carla_ros_scenario_runner_types/share/carla_ros_scenario_runner_types/msg/CarlaScenarioRunnerStatus.msg
[0.888s] -- Up-to-date symlink: /home/rfzhang/ROS-Carla/CSC791Project/ros-carla-bridge/install/carla_ros_scenario_runner_types/share/carla_ros_scenario_runner_types/srv/ExecuteScenario.srv
[0.888s] -- Up-to-date symlink: /home/rfzhang/ROS-Carla/CSC791Project/ros-carla-bridge/install/carla_ros_scenario_runner_types/share/carla_ros_scenario_runner_types/srv/ExecuteScenario_Request.msg
[0.889s] -- Up-to-date symlink: /home/rfzhang/ROS-Carla/CSC791Project/ros-carla-bridge/install/carla_ros_scenario_runner_types/share/carla_ros_scenario_runner_types/srv/ExecuteScenario_Response.msg
[0.889s] -- Up-to-date symlink: /home/rfzhang/ROS-Carla/CSC791Project/ros-carla-bridge/install/carla_ros_scenario_runner_types/share/ament_index/resource_index/package_run_dependencies/carla_ros_scenario_runner_types
[0.890s] -- Up-to-date symlink: /home/rfzhang/ROS-Carla/CSC791Project/ros-carla-bridge/install/carla_ros_scenario_runner_types/share/ament_index/resource_index/parent_prefix_path/carla_ros_scenario_runner_types
[0.890s] -- Up-to-date symlink: /home/rfzhang/ROS-Carla/CSC791Project/ros-carla-bridge/install/carla_ros_scenario_runner_types/share/carla_ros_scenario_runner_types/environment/ament_prefix_path.sh
[0.890s] -- Up-to-date symlink: /home/rfzhang/ROS-Carla/CSC791Project/ros-carla-bridge/install/carla_ros_scenario_runner_types/share/carla_ros_scenario_runner_types/environment/ament_prefix_path.dsv
[0.890s] -- Up-to-date symlink: /home/rfzhang/ROS-Carla/CSC791Project/ros-carla-bridge/install/carla_ros_scenario_runner_types/share/carla_ros_scenario_runner_types/environment/path.sh
[0.890s] -- Up-to-date symlink: /home/rfzhang/ROS-Carla/CSC791Project/ros-carla-bridge/install/carla_ros_scenario_runner_types/share/carla_ros_scenario_runner_types/environment/path.dsv
[0.890s] -- Up-to-date symlink: /home/rfzhang/ROS-Carla/CSC791Project/ros-carla-bridge/install/carla_ros_scenario_runner_types/share/carla_ros_scenario_runner_types/local_setup.bash
[0.890s] -- Up-to-date symlink: /home/rfzhang/ROS-Carla/CSC791Project/ros-carla-bridge/install/carla_ros_scenario_runner_types/share/carla_ros_scenario_runner_types/local_setup.sh
[0.890s] -- Up-to-date symlink: /home/rfzhang/ROS-Carla/CSC791Project/ros-carla-bridge/install/carla_ros_scenario_runner_types/share/carla_ros_scenario_runner_types/local_setup.zsh
[0.890s] -- Up-to-date symlink: /home/rfzhang/ROS-Carla/CSC791Project/ros-carla-bridge/install/carla_ros_scenario_runner_types/share/carla_ros_scenario_runner_types/local_setup.dsv
[0.891s] -- Symlinking: /home/rfzhang/ROS-Carla/CSC791Project/ros-carla-bridge/install/carla_ros_scenario_runner_types/share/carla_ros_scenario_runner_types/package.dsv
[0.891s] -- Up-to-date symlink: /home/rfzhang/ROS-Carla/CSC791Project/ros-carla-bridge/install/carla_ros_scenario_runner_types/share/ament_index/resource_index/packages/carla_ros_scenario_runner_types
[0.893s] -- Up-to-date symlink: /home/rfzhang/ROS-Carla/CSC791Project/ros-carla-bridge/install/carla_ros_scenario_runner_types/share/carla_ros_scenario_runner_types/cmake/rosidl_cmake-extras.cmake
[0.893s] -- Up-to-date symlink: /home/rfzhang/ROS-Carla/CSC791Project/ros-carla-bridge/install/carla_ros_scenario_runner_types/share/carla_ros_scenario_runner_types/cmake/ament_cmake_export_dependencies-extras.cmake
[0.893s] -- Up-to-date symlink: /home/rfzhang/ROS-Carla/CSC791Project/ros-carla-bridge/install/carla_ros_scenario_runner_types/share/carla_ros_scenario_runner_types/cmake/ament_cmake_export_include_directories-extras.cmake
[0.893s] -- Up-to-date symlink: /home/rfzhang/ROS-Carla/CSC791Project/ros-carla-bridge/install/carla_ros_scenario_runner_types/share/carla_ros_scenario_runner_types/cmake/ament_cmake_export_libraries-extras.cmake
[0.893s] -- Up-to-date symlink: /home/rfzhang/ROS-Carla/CSC791Project/ros-carla-bridge/install/carla_ros_scenario_runner_types/share/carla_ros_scenario_runner_types/cmake/ament_cmake_export_targets-extras.cmake
[0.894s] -- Up-to-date symlink: /home/rfzhang/ROS-Carla/CSC791Project/ros-carla-bridge/install/carla_ros_scenario_runner_types/share/carla_ros_scenario_runner_types/cmake/rosidl_cmake_export_typesupport_targets-extras.cmake
[0.894s] -- Up-to-date symlink: /home/rfzhang/ROS-Carla/CSC791Project/ros-carla-bridge/install/carla_ros_scenario_runner_types/share/carla_ros_scenario_runner_types/cmake/rosidl_cmake_export_typesupport_libraries-extras.cmake
[0.894s] -- Up-to-date symlink: /home/rfzhang/ROS-Carla/CSC791Project/ros-carla-bridge/install/carla_ros_scenario_runner_types/share/carla_ros_scenario_runner_types/cmake/carla_ros_scenario_runner_typesConfig.cmake
[0.894s] -- Up-to-date symlink: /home/rfzhang/ROS-Carla/CSC791Project/ros-carla-bridge/install/carla_ros_scenario_runner_types/share/carla_ros_scenario_runner_types/cmake/carla_ros_scenario_runner_typesConfig-version.cmake
[0.894s] -- Up-to-date symlink: /home/rfzhang/ROS-Carla/CSC791Project/ros-carla-bridge/install/carla_ros_scenario_runner_types/share/carla_ros_scenario_runner_types/package.xml
[0.895s] -- Up-to-date: /home/rfzhang/ROS-Carla/CSC791Project/ros-carla-bridge/install/carla_ros_scenario_runner_types/lib/libcarla_ros_scenario_runner_types__rosidl_generator_c.so
[0.895s] -- Up-to-date: /home/rfzhang/ROS-Carla/CSC791Project/ros-carla-bridge/install/carla_ros_scenario_runner_types/lib/libcarla_ros_scenario_runner_types__rosidl_typesupport_fastrtps_c.so
[0.896s] -- Up-to-date: /home/rfzhang/ROS-Carla/CSC791Project/ros-carla-bridge/install/carla_ros_scenario_runner_types/lib/libcarla_ros_scenario_runner_types__rosidl_typesupport_fastrtps_cpp.so
[0.896s] -- Up-to-date: /home/rfzhang/ROS-Carla/CSC791Project/ros-carla-bridge/install/carla_ros_scenario_runner_types/lib/libcarla_ros_scenario_runner_types__rosidl_typesupport_introspection_c.so
[0.897s] -- Up-to-date: /home/rfzhang/ROS-Carla/CSC791Project/ros-carla-bridge/install/carla_ros_scenario_runner_types/lib/libcarla_ros_scenario_runner_types__rosidl_typesupport_c.so
[0.897s] -- Up-to-date: /home/rfzhang/ROS-Carla/CSC791Project/ros-carla-bridge/install/carla_ros_scenario_runner_types/lib/libcarla_ros_scenario_runner_types__rosidl_typesupport_introspection_cpp.so
[0.897s] -- Up-to-date: /home/rfzhang/ROS-Carla/CSC791Project/ros-carla-bridge/install/carla_ros_scenario_runner_types/lib/libcarla_ros_scenario_runner_types__rosidl_typesupport_cpp.so
[0.923s] Listing '/home/rfzhang/ROS-Carla/CSC791Project/ros-carla-bridge/install/carla_ros_scenario_runner_types/lib/python3.10/site-packages/carla_ros_scenario_runner_types'...
[0.923s] Listing '/home/rfzhang/ROS-Carla/CSC791Project/ros-carla-bridge/install/carla_ros_scenario_runner_types/lib/python3.10/site-packages/carla_ros_scenario_runner_types/msg'...
[0.923s] Listing '/home/rfzhang/ROS-Carla/CSC791Project/ros-carla-bridge/install/carla_ros_scenario_runner_types/lib/python3.10/site-packages/carla_ros_scenario_runner_types/srv'...
[0.931s] -- Up-to-date: /home/rfzhang/ROS-Carla/CSC791Project/ros-carla-bridge/install/carla_ros_scenario_runner_types/lib/libcarla_ros_scenario_runner_types__rosidl_generator_py.so
[0.932s] -- Up-to-date: /home/rfzhang/ROS-Carla/CSC791Project/ros-carla-bridge/install/carla_ros_scenario_runner_types/share/carla_ros_scenario_runner_types/cmake/export_carla_ros_scenario_runner_types__rosidl_generator_cExport.cmake
[0.932s] -- Up-to-date: /home/rfzhang/ROS-Carla/CSC791Project/ros-carla-bridge/install/carla_ros_scenario_runner_types/share/carla_ros_scenario_runner_types/cmake/export_carla_ros_scenario_runner_types__rosidl_generator_cExport-noconfig.cmake
[0.932s] -- Up-to-date: /home/rfzhang/ROS-Carla/CSC791Project/ros-carla-bridge/install/carla_ros_scenario_runner_types/share/carla_ros_scenario_runner_types/cmake/export_carla_ros_scenario_runner_types__rosidl_typesupport_fastrtps_cExport.cmake
[0.933s] -- Up-to-date: /home/rfzhang/ROS-Carla/CSC791Project/ros-carla-bridge/install/carla_ros_scenario_runner_types/share/carla_ros_scenario_runner_types/cmake/export_carla_ros_scenario_runner_types__rosidl_typesupport_fastrtps_cExport-noconfig.cmake
[0.934s] -- Up-to-date: /home/rfzhang/ROS-Carla/CSC791Project/ros-carla-bridge/install/carla_ros_scenario_runner_types/share/carla_ros_scenario_runner_types/cmake/export_carla_ros_scenario_runner_types__rosidl_generator_cppExport.cmake
[0.935s] -- Up-to-date: /home/rfzhang/ROS-Carla/CSC791Project/ros-carla-bridge/install/carla_ros_scenario_runner_types/share/carla_ros_scenario_runner_types/cmake/export_carla_ros_scenario_runner_types__rosidl_typesupport_fastrtps_cppExport.cmake
[0.935s] -- Up-to-date: /home/rfzhang/ROS-Carla/CSC791Project/ros-carla-bridge/install/carla_ros_scenario_runner_types/share/carla_ros_scenario_runner_types/cmake/export_carla_ros_scenario_runner_types__rosidl_typesupport_fastrtps_cppExport-noconfig.cmake
[0.935s] -- Up-to-date: /home/rfzhang/ROS-Carla/CSC791Project/ros-carla-bridge/install/carla_ros_scenario_runner_types/share/carla_ros_scenario_runner_types/cmake/carla_ros_scenario_runner_types__rosidl_typesupport_introspection_cExport.cmake
[0.937s] -- Up-to-date: /home/rfzhang/ROS-Carla/CSC791Project/ros-carla-bridge/install/carla_ros_scenario_runner_types/share/carla_ros_scenario_runner_types/cmake/carla_ros_scenario_runner_types__rosidl_typesupport_introspection_cExport-noconfig.cmake
[0.937s] -- Up-to-date: /home/rfzhang/ROS-Carla/CSC791Project/ros-carla-bridge/install/carla_ros_scenario_runner_types/share/carla_ros_scenario_runner_types/cmake/carla_ros_scenario_runner_types__rosidl_typesupport_cExport.cmake
[0.937s] -- Up-to-date: /home/rfzhang/ROS-Carla/CSC791Project/ros-carla-bridge/install/carla_ros_scenario_runner_types/share/carla_ros_scenario_runner_types/cmake/carla_ros_scenario_runner_types__rosidl_typesupport_cExport-noconfig.cmake
[0.937s] -- Up-to-date: /home/rfzhang/ROS-Carla/CSC791Project/ros-carla-bridge/install/carla_ros_scenario_runner_types/share/carla_ros_scenario_runner_types/cmake/carla_ros_scenario_runner_types__rosidl_typesupport_introspection_cppExport.cmake
[0.937s] -- Up-to-date: /home/rfzhang/ROS-Carla/CSC791Project/ros-carla-bridge/install/carla_ros_scenario_runner_types/share/carla_ros_scenario_runner_types/cmake/carla_ros_scenario_runner_types__rosidl_typesupport_introspection_cppExport-noconfig.cmake
[0.938s] -- Up-to-date: /home/rfzhang/ROS-Carla/CSC791Project/ros-carla-bridge/install/carla_ros_scenario_runner_types/share/carla_ros_scenario_runner_types/cmake/carla_ros_scenario_runner_types__rosidl_typesupport_cppExport.cmake
[0.938s] -- Up-to-date: /home/rfzhang/ROS-Carla/CSC791Project/ros-carla-bridge/install/carla_ros_scenario_runner_types/share/carla_ros_scenario_runner_types/cmake/carla_ros_scenario_runner_types__rosidl_typesupport_cppExport-noconfig.cmake
[0.939s] -- Up-to-date: /home/rfzhang/ROS-Carla/CSC791Project/ros-carla-bridge/install/carla_ros_scenario_runner_types/share/carla_ros_scenario_runner_types/cmake/export_carla_ros_scenario_runner_types__rosidl_generator_pyExport.cmake
[0.940s] -- Up-to-date: /home/rfzhang/ROS-Carla/CSC791Project/ros-carla-bridge/install/carla_ros_scenario_runner_types/share/carla_ros_scenario_runner_types/cmake/export_carla_ros_scenario_runner_types__rosidl_generator_pyExport-noconfig.cmake
[0.981s] Invoked command in '/home/rfzhang/ROS-Carla/CSC791Project/ros-carla-bridge/build/carla_ros_scenario_runner_types' returned '0': CMAKE_PREFIX_PATH=${CMAKE_PREFIX_PATH}:/home/rfzhang/ROS-Carla/CSC791Project/lidar_to_carla/install/lidar_to_carla:/home/rfzhang/ROS-Carla/CSC791Project/ros-carla-bridge/install/rqt_carla_control:/home/rfzhang/ROS-Carla/CSC791Project/ros-carla-bridge/install/carla_waypoint_publisher:/home/rfzhang/ROS-Carla/CSC791Project/ros-carla-bridge/install/carla_ackermann_control:/home/rfzhang/ROS-Carla/CSC791Project/ros-carla-bridge/install/carla_ros_bridge:/home/rfzhang/ROS-Carla/CSC791Project/ros-carla-bridge/install/carla_spawn_objects:/home/rfzhang/ROS-Carla/CSC791Project/ros-carla-bridge/install/carla_manual_control:/home/rfzhang/ROS-Carla/CSC791Project/ros-carla-bridge/install/carla_ad_agent:/home/rfzhang/ROS-Carla/CSC791Project/ros-carla-bridge/install/ros_compatibility:/home/rfzhang/ROS-Carla/CSC791Project/ros-carla-bridge/install/carla_walker_agent:/home/rfzhang/ROS-Carla/CSC791Project/ros-carla-bridge/install/carla_twist_to_control:/home/rfzhang/ROS-Carla/CSC791Project/ros-carla-bridge/install/carla_ros_scenario_runner:/home/rfzhang/ROS-Carla/CSC791Project/ros-carla-bridge/install/carla_common:/opt/ros/humble VIRTUAL_ENV_PROMPT=(ros-carla) /usr/bin/cmake --install /home/rfzhang/ROS-Carla/CSC791Project/ros-carla-bridge/build/carla_ros_scenario_runner_types
