[ 33%] [32mBuilding CXX object CMakeFiles/pcl_recorder_node.dir/src/PclRecorderROS2.cpp.o[0m
[ 66%] [32mBuilding CXX object CMakeFiles/pcl_recorder_node.dir/src/mainROS2.cpp.o[0m
[100%] [32m[1mLinking CXX executable pcl_recorder_node[0m
[100%] Built target pcl_recorder_node
-- Install configuration: ""
-- Execute custom install script
-- Symlinking: /home/rfzhang/ROS-Carla/CSC791Project/ros-carla-bridge/install/pcl_recorder/lib/pcl_recorder/pcl_recorder_node
-- Symlinking: /home/rfzhang/ROS-Carla/CSC791Project/ros-carla-bridge/install/pcl_recorder/share/pcl_recorder//pcl_recorder.launch
-- Symlinking: /home/rfzhang/ROS-Carla/CSC791Project/ros-carla-bridge/install/pcl_recorder/share/pcl_recorder//pcl_recorder.launch.py
-- Symlinking: /home/rfzhang/ROS-Carla/CSC791Project/ros-carla-bridge/install/pcl_recorder/share/ament_index/resource_index/package_run_dependencies/pcl_recorder
-- Symlinking: /home/rfzhang/ROS-Carla/CSC791Project/ros-carla-bridge/install/pcl_recorder/share/ament_index/resource_index/parent_prefix_path/pcl_recorder
-- Symlinking: /home/rfzhang/ROS-Carla/CSC791Project/ros-carla-bridge/install/pcl_recorder/share/pcl_recorder/environment/ament_prefix_path.sh
-- Symlinking: /home/rfzhang/ROS-Carla/CSC791Project/ros-carla-bridge/install/pcl_recorder/share/pcl_recorder/environment/ament_prefix_path.dsv
-- Symlinking: /home/rfzhang/ROS-Carla/CSC791Project/ros-carla-bridge/install/pcl_recorder/share/pcl_recorder/environment/path.sh
-- Symlinking: /home/rfzhang/ROS-Carla/CSC791Project/ros-carla-bridge/install/pcl_recorder/share/pcl_recorder/environment/path.dsv
-- Symlinking: /home/rfzhang/ROS-Carla/CSC791Project/ros-carla-bridge/install/pcl_recorder/share/pcl_recorder/local_setup.bash
-- Symlinking: /home/rfzhang/ROS-Carla/CSC791Project/ros-carla-bridge/install/pcl_recorder/share/pcl_recorder/local_setup.sh
-- Symlinking: /home/rfzhang/ROS-Carla/CSC791Project/ros-carla-bridge/install/pcl_recorder/share/pcl_recorder/local_setup.zsh
-- Symlinking: /home/rfzhang/ROS-Carla/CSC791Project/ros-carla-bridge/install/pcl_recorder/share/pcl_recorder/local_setup.dsv
-- Symlinking: /home/rfzhang/ROS-Carla/CSC791Project/ros-carla-bridge/install/pcl_recorder/share/pcl_recorder/package.dsv
-- Symlinking: /home/rfzhang/ROS-Carla/CSC791Project/ros-carla-bridge/install/pcl_recorder/share/ament_index/resource_index/packages/pcl_recorder
-- Symlinking: /home/rfzhang/ROS-Carla/CSC791Project/ros-carla-bridge/install/pcl_recorder/share/pcl_recorder/cmake/pcl_recorderConfig.cmake
-- Symlinking: /home/rfzhang/ROS-Carla/CSC791Project/ros-carla-bridge/install/pcl_recorder/share/pcl_recorder/cmake/pcl_recorderConfig-version.cmake
-- Symlinking: /home/rfzhang/ROS-Carla/CSC791Project/ros-carla-bridge/install/pcl_recorder/share/pcl_recorder/package.xml
