[ 33%] [32mBuilding CXX object CMakeFiles/pcl_recorder_node.dir/src/PclRecorderROS2.cpp.o[0m
[ 66%] [32mBuilding CXX object CMakeFiles/pcl_recorder_node.dir/src/mainROS2.cpp.o[0m
In file included from [01m[K/home/rfzhang/ROS-Carla/CSC791Project/ros-carla-bridge/src/carla_ros/pcl_recorder/include/PclRecorderROS2.h:13[m[K,
                 from [01m[K/home/rfzhang/ROS-Carla/CSC791Project/ros-carla-bridge/src/carla_ros/pcl_recorder/src/mainROS2.cpp:7[m[K:
[01m[K/opt/ros/humble/include/tf2_eigen/tf2_eigen/tf2_eigen.h:32:2:[m[K [01;35m[Kwarning: [m[K#warning This header is obsolete, please include tf2_eigen/tf2_eigen.hpp instead [[01;35m[K]8;;https://gcc.gnu.org/onlinedocs/gcc/Warning-Options.html#index-Wcpp-Wcpp]8;;[m[K]
   32 | #[01;35m[Kwarning[m[K This header is obsolete, please include tf2_eigen/tf2_eigen.hpp instead
      |  [01;35m[K^~~~~~~[m[K
In file included from [01m[K/home/rfzhang/ROS-Carla/CSC791Project/ros-carla-bridge/src/carla_ros/pcl_recorder/include/PclRecorderROS2.h:13[m[K,
                 from [01m[K/home/rfzhang/ROS-Carla/CSC791Project/ros-carla-bridge/src/carla_ros/pcl_recorder/src/PclRecorderROS2.cpp:13[m[K:
[01m[K/opt/ros/humble/include/tf2_eigen/tf2_eigen/tf2_eigen.h:32:2:[m[K [01;35m[Kwarning: [m[K#warning This header is obsolete, please include tf2_eigen/tf2_eigen.hpp instead [[01;35m[K]8;;https://gcc.gnu.org/onlinedocs/gcc/Warning-Options.html#index-Wcpp-Wcpp]8;;[m[K]
   32 | #[01;35m[Kwarning[m[K This header is obsolete, please include tf2_eigen/tf2_eigen.hpp instead
      |  [01;35m[K^~~~~~~[m[K
[100%] [32m[1mLinking CXX executable pcl_recorder_node[0m
[100%] Built target pcl_recorder_node
-- Install configuration: ""
-- Execute custom install script
-- Symlinking: /home/rfzhang/ROS-Carla/CSC791Project/ros-carla-bridge/install/pcl_recorder/lib/pcl_recorder/pcl_recorder_node
-- Symlinking: /home/rfzhang/ROS-Carla/CSC791Project/ros-carla-bridge/install/pcl_recorder/share/pcl_recorder//pcl_recorder.launch
-- Symlinking: /home/rfzhang/ROS-Carla/CSC791Project/ros-carla-bridge/install/pcl_recorder/share/pcl_recorder//pcl_recorder.launch.py
-- Symlinking: /home/rfzhang/ROS-Carla/CSC791Project/ros-carla-bridge/install/pcl_recorder/share/ament_index/resource_index/package_run_dependencies/pcl_recorder
-- Symlinking: /home/rfzhang/ROS-Carla/CSC791Project/ros-carla-bridge/install/pcl_recorder/share/ament_index/resource_index/parent_prefix_path/pcl_recorder
-- Symlinking: /home/rfzhang/ROS-Carla/CSC791Project/ros-carla-bridge/install/pcl_recorder/share/pcl_recorder/environment/ament_prefix_path.sh
-- Symlinking: /home/rfzhang/ROS-Carla/CSC791Project/ros-carla-bridge/install/pcl_recorder/share/pcl_recorder/environment/ament_prefix_path.dsv
-- Symlinking: /home/rfzhang/ROS-Carla/CSC791Project/ros-carla-bridge/install/pcl_recorder/share/pcl_recorder/environment/path.sh
-- Symlinking: /home/rfzhang/ROS-Carla/CSC791Project/ros-carla-bridge/install/pcl_recorder/share/pcl_recorder/environment/path.dsv
-- Symlinking: /home/rfzhang/ROS-Carla/CSC791Project/ros-carla-bridge/install/pcl_recorder/share/pcl_recorder/local_setup.bash
-- Symlinking: /home/rfzhang/ROS-Carla/CSC791Project/ros-carla-bridge/install/pcl_recorder/share/pcl_recorder/local_setup.sh
-- Symlinking: /home/rfzhang/ROS-Carla/CSC791Project/ros-carla-bridge/install/pcl_recorder/share/pcl_recorder/local_setup.zsh
-- Symlinking: /home/rfzhang/ROS-Carla/CSC791Project/ros-carla-bridge/install/pcl_recorder/share/pcl_recorder/local_setup.dsv
-- Symlinking: /home/rfzhang/ROS-Carla/CSC791Project/ros-carla-bridge/install/pcl_recorder/share/pcl_recorder/package.dsv
-- Symlinking: /home/rfzhang/ROS-Carla/CSC791Project/ros-carla-bridge/install/pcl_recorder/share/ament_index/resource_index/packages/pcl_recorder
-- Symlinking: /home/rfzhang/ROS-Carla/CSC791Project/ros-carla-bridge/install/pcl_recorder/share/pcl_recorder/cmake/pcl_recorderConfig.cmake
-- Symlinking: /home/rfzhang/ROS-Carla/CSC791Project/ros-carla-bridge/install/pcl_recorder/share/pcl_recorder/cmake/pcl_recorderConfig-version.cmake
-- Symlinking: /home/rfzhang/ROS-Carla/CSC791Project/ros-carla-bridge/install/pcl_recorder/share/pcl_recorder/package.xml
