[0.901s] Invoking command in '/home/rfzhang/ROS-Carla/CSC791Project/lidar_to_carla/build/lidar_to_carla': PYTHONPATH=/home/rfzhang/ROS-Carla/CSC791Project/lidar_to_carla/build/lidar_to_carla/prefix_override:/usr/lib/python3/dist-packages/colcon_core/task/python/colcon_distutils_commands:/home/rfzhang/ROS-Carla/CSC791Project/lidar_to_carla/install/lidar_to_carla/lib/python3.10/site-packages:${PYTHONPATH} VIRTUAL_ENV_PROMPT=(ros-carla) /usr/bin/python3 -W ignore:setup.py install is deprecated -W ignore:easy_install command is deprecated setup.py develop --editable --build-directory /home/rfzhang/ROS-Carla/CSC791Project/lidar_to_carla/build/lidar_to_carla/build --no-deps symlink_data
[1.097s] /home/rfzhang/.local/lib/python3.10/site-packages/setuptools/dist.py:771: UserWarning: Usage of dash-separated 'script-dir' will not be supported in future versions. Please use the underscore name 'script_dir' instead
[1.098s]   warnings.warn(
[1.150s] running develop
[1.285s] running egg_info
[1.294s] writing lidar_to_carla.egg-info/PKG-INFO
[1.295s] writing dependency_links to lidar_to_carla.egg-info/dependency_links.txt
[1.295s] writing entry points to lidar_to_carla.egg-info/entry_points.txt
[1.295s] writing requirements to lidar_to_carla.egg-info/requires.txt
[1.295s] writing top-level names to lidar_to_carla.egg-info/top_level.txt
[1.310s] reading manifest file 'lidar_to_carla.egg-info/SOURCES.txt'
[1.311s] writing manifest file 'lidar_to_carla.egg-info/SOURCES.txt'
[1.320s] running build_ext
[1.320s] Creating /home/rfzhang/ROS-Carla/CSC791Project/lidar_to_carla/install/lidar_to_carla/lib/python3.10/site-packages/lidar-to-carla.egg-link (link to .)
[1.320s] Installing fetch_lidar script to /home/rfzhang/ROS-Carla/CSC791Project/lidar_to_carla/install/lidar_to_carla/lib/lidar_to_carla
[1.321s] Installing lidar_obj_detect script to /home/rfzhang/ROS-Carla/CSC791Project/lidar_to_carla/install/lidar_to_carla/lib/lidar_to_carla
[1.321s] 
[1.321s] Installed /home/rfzhang/ROS-Carla/CSC791Project/lidar_to_carla/build/lidar_to_carla
[1.321s] running symlink_data
[1.354s] Invoked command in '/home/rfzhang/ROS-Carla/CSC791Project/lidar_to_carla/build/lidar_to_carla' returned '0': PYTHONPATH=/home/rfzhang/ROS-Carla/CSC791Project/lidar_to_carla/build/lidar_to_carla/prefix_override:/usr/lib/python3/dist-packages/colcon_core/task/python/colcon_distutils_commands:/home/rfzhang/ROS-Carla/CSC791Project/lidar_to_carla/install/lidar_to_carla/lib/python3.10/site-packages:${PYTHONPATH} VIRTUAL_ENV_PROMPT=(ros-carla) /usr/bin/python3 -W ignore:setup.py install is deprecated -W ignore:easy_install command is deprecated setup.py develop --editable --build-directory /home/rfzhang/ROS-Carla/CSC791Project/lidar_to_carla/build/lidar_to_carla/build --no-deps symlink_data
