[0.380s] Invoking command in '/home/rfzhang/ROS-Carla/CSC791Project/ros-carla-bridge/build/carla_waypoint_types': CMAKE_PREFIX_PATH=${CMAKE_PREFIX_PATH}:/home/rfzhang/ROS-Carla/CSC791Project/lidar_to_carla/install/lidar_to_carla:/home/rfzhang/ROS-Carla/CSC791Project/ros-carla-bridge/install/rqt_carla_control:/home/rfzhang/ROS-Carla/CSC791Project/ros-carla-bridge/install/carla_waypoint_publisher:/home/rfzhang/ROS-Carla/CSC791Project/ros-carla-bridge/install/carla_ackermann_control:/home/rfzhang/ROS-Carla/CSC791Project/ros-carla-bridge/install/carla_ros_bridge:/home/rfzhang/ROS-Carla/CSC791Project/ros-carla-bridge/install/carla_spawn_objects:/home/rfzhang/ROS-Carla/CSC791Project/ros-carla-bridge/install/carla_manual_control:/home/rfzhang/ROS-Carla/CSC791Project/ros-carla-bridge/install/carla_ad_agent:/home/rfzhang/ROS-Carla/CSC791Project/ros-carla-bridge/install/ros_compatibility:/home/rfzhang/ROS-Carla/CSC791Project/ros-carla-bridge/install/carla_walker_agent:/home/rfzhang/ROS-Carla/CSC791Project/ros-carla-bridge/install/carla_twist_to_control:/home/rfzhang/ROS-Carla/CSC791Project/ros-carla-bridge/install/carla_ros_scenario_runner:/home/rfzhang/ROS-Carla/CSC791Project/ros-carla-bridge/install/carla_common:/opt/ros/humble VIRTUAL_ENV_PROMPT=(ros-carla) /usr/bin/cmake /home/rfzhang/ROS-Carla/CSC791Project/ros-carla-bridge/src/carla_ros/carla_waypoint_types -DAMENT_CMAKE_SYMLINK_INSTALL=1 -DCMAKE_INSTALL_PREFIX=/home/rfzhang/ROS-Carla/CSC791Project/ros-carla-bridge/install/carla_waypoint_types
[0.568s] -- The C compiler identification is GNU 11.4.0
[1.255s] -- The CXX compiler identification is GNU 11.4.0
[1.874s] -- Detecting C compiler ABI info
[2.059s] -- Detecting C compiler ABI info - done
[2.064s] -- Check for working C compiler: /usr/bin/cc - skipped
[2.064s] -- Detecting C compile features
[2.064s] -- Detecting C compile features - done
[2.066s] -- Detecting CXX compiler ABI info
[2.254s] -- Detecting CXX compiler ABI info - done
[2.259s] -- Check for working CXX compiler: /usr/bin/c++ - skipped
[2.260s] -- Detecting CXX compile features
[2.260s] -- Detecting CXX compile features - done
[2.261s] -- Found ros_environment: 3.2.2 (/opt/ros/humble/share/ros_environment/cmake)
[2.263s] -- Found ament_cmake: 1.3.11 (/opt/ros/humble/share/ament_cmake/cmake)
[2.359s] -- Found Python3: /home/rfzhang/ROS-Carla/ros-carla/bin/python3 (found version "3.10.12") found components: Interpreter 
[2.405s] -- Override CMake install command with custom implementation using symlinks instead of copying resources
[2.420s] -- Found nav_msgs: 4.2.4 (/opt/ros/humble/share/nav_msgs/cmake)
[2.648s] -- Found rosidl_generator_c: 3.1.6 (/opt/ros/humble/share/rosidl_generator_c/cmake)
[2.651s] -- Found rosidl_adapter: 3.1.6 (/opt/ros/humble/share/rosidl_adapter/cmake)
[2.656s] -- Found rosidl_generator_cpp: 3.1.6 (/opt/ros/humble/share/rosidl_generator_cpp/cmake)
[2.663s] -- Using all available rosidl_typesupport_c: rosidl_typesupport_fastrtps_c;rosidl_typesupport_introspection_c
[2.672s] -- Using all available rosidl_typesupport_cpp: rosidl_typesupport_fastrtps_cpp;rosidl_typesupport_introspection_cpp
[2.709s] -- Found rosidl_default_generators: 1.2.0 (/opt/ros/humble/share/rosidl_default_generators/cmake)
[2.929s] -- Found ament_cmake_cppcheck: 0.12.11 (/opt/ros/humble/share/ament_cmake_cppcheck/cmake)
[2.930s] -- Found ament_cmake_cpplint: 0.12.11 (/opt/ros/humble/share/ament_cmake_cpplint/cmake)
[2.932s] -- Found ament_cmake_uncrustify: 0.12.11 (/opt/ros/humble/share/ament_cmake_uncrustify/cmake)
[2.933s] -- Found ament_cmake_ros: 0.10.0 (/opt/ros/humble/share/ament_cmake_ros/cmake)
[3.238s] -- Using all available rosidl_typesupport_c: rosidl_typesupport_fastrtps_c;rosidl_typesupport_introspection_c
[3.346s] -- Using all available rosidl_typesupport_cpp: rosidl_typesupport_fastrtps_cpp;rosidl_typesupport_introspection_cpp
[3.491s] -- Found PythonInterp: /home/rfzhang/ROS-Carla/ros-carla/bin/python3 (found suitable version "3.10.12", minimum required is "3.6") 
[3.491s] -- Found python_cmake_module: 0.10.0 (/opt/ros/humble/share/python_cmake_module/cmake)
[3.767s] -- Found PythonLibs: /usr/lib/x86_64-linux-gnu/libpython3.10.so (found suitable version "3.10.12", minimum required is "3.5") 
[3.767s] -- Using PYTHON_EXECUTABLE: /home/rfzhang/ROS-Carla/ros-carla/bin/python3
[3.767s] -- Using PYTHON_INCLUDE_DIRS: /usr/include/python3.10
[3.767s] -- Using PYTHON_LIBRARIES: /usr/lib/x86_64-linux-gnu/libpython3.10.so
[3.779s] -- Found PythonExtra: .so  
[3.882s] -- Found ament_cmake_flake8: 0.12.11 (/opt/ros/humble/share/ament_cmake_flake8/cmake)
[3.883s] -- Found ament_cmake_pep257: 0.12.11 (/opt/ros/humble/share/ament_cmake_pep257/cmake)
[3.886s] -- Found ament_lint_auto: 0.12.11 (/opt/ros/humble/share/ament_lint_auto/cmake)
[3.895s] -- Added test 'copyright' to check source files copyright and LICENSE
[3.895s] -- Added test 'lint_cmake' to check CMake code style
[3.896s] -- Added test 'xmllint' to check XML markup files
[3.901s] -- Configuring done
[3.930s] -- Generating done
[3.937s] -- Build files have been written to: /home/rfzhang/ROS-Carla/CSC791Project/ros-carla-bridge/build/carla_waypoint_types
[3.945s] Invoked command in '/home/rfzhang/ROS-Carla/CSC791Project/ros-carla-bridge/build/carla_waypoint_types' returned '0': CMAKE_PREFIX_PATH=${CMAKE_PREFIX_PATH}:/home/rfzhang/ROS-Carla/CSC791Project/lidar_to_carla/install/lidar_to_carla:/home/rfzhang/ROS-Carla/CSC791Project/ros-carla-bridge/install/rqt_carla_control:/home/rfzhang/ROS-Carla/CSC791Project/ros-carla-bridge/install/carla_waypoint_publisher:/home/rfzhang/ROS-Carla/CSC791Project/ros-carla-bridge/install/carla_ackermann_control:/home/rfzhang/ROS-Carla/CSC791Project/ros-carla-bridge/install/carla_ros_bridge:/home/rfzhang/ROS-Carla/CSC791Project/ros-carla-bridge/install/carla_spawn_objects:/home/rfzhang/ROS-Carla/CSC791Project/ros-carla-bridge/install/carla_manual_control:/home/rfzhang/ROS-Carla/CSC791Project/ros-carla-bridge/install/carla_ad_agent:/home/rfzhang/ROS-Carla/CSC791Project/ros-carla-bridge/install/ros_compatibility:/home/rfzhang/ROS-Carla/CSC791Project/ros-carla-bridge/install/carla_walker_agent:/home/rfzhang/ROS-Carla/CSC791Project/ros-carla-bridge/install/carla_twist_to_control:/home/rfzhang/ROS-Carla/CSC791Project/ros-carla-bridge/install/carla_ros_scenario_runner:/home/rfzhang/ROS-Carla/CSC791Project/ros-carla-bridge/install/carla_common:/opt/ros/humble VIRTUAL_ENV_PROMPT=(ros-carla) /usr/bin/cmake /home/rfzhang/ROS-Carla/CSC791Project/ros-carla-bridge/src/carla_ros/carla_waypoint_types -DAMENT_CMAKE_SYMLINK_INSTALL=1 -DCMAKE_INSTALL_PREFIX=/home/rfzhang/ROS-Carla/CSC791Project/ros-carla-bridge/install/carla_waypoint_types
[3.948s] Invoking command in '/home/rfzhang/ROS-Carla/CSC791Project/ros-carla-bridge/build/carla_waypoint_types': CMAKE_PREFIX_PATH=${CMAKE_PREFIX_PATH}:/home/rfzhang/ROS-Carla/CSC791Project/lidar_to_carla/install/lidar_to_carla:/home/rfzhang/ROS-Carla/CSC791Project/ros-carla-bridge/install/rqt_carla_control:/home/rfzhang/ROS-Carla/CSC791Project/ros-carla-bridge/install/carla_waypoint_publisher:/home/rfzhang/ROS-Carla/CSC791Project/ros-carla-bridge/install/carla_ackermann_control:/home/rfzhang/ROS-Carla/CSC791Project/ros-carla-bridge/install/carla_ros_bridge:/home/rfzhang/ROS-Carla/CSC791Project/ros-carla-bridge/install/carla_spawn_objects:/home/rfzhang/ROS-Carla/CSC791Project/ros-carla-bridge/install/carla_manual_control:/home/rfzhang/ROS-Carla/CSC791Project/ros-carla-bridge/install/carla_ad_agent:/home/rfzhang/ROS-Carla/CSC791Project/ros-carla-bridge/install/ros_compatibility:/home/rfzhang/ROS-Carla/CSC791Project/ros-carla-bridge/install/carla_walker_agent:/home/rfzhang/ROS-Carla/CSC791Project/ros-carla-bridge/install/carla_twist_to_control:/home/rfzhang/ROS-Carla/CSC791Project/ros-carla-bridge/install/carla_ros_scenario_runner:/home/rfzhang/ROS-Carla/CSC791Project/ros-carla-bridge/install/carla_common:/opt/ros/humble VIRTUAL_ENV_PROMPT=(ros-carla) /usr/bin/cmake --build /home/rfzhang/ROS-Carla/CSC791Project/ros-carla-bridge/build/carla_waypoint_types -- -j20 -l20
[3.971s] [  2%] [34m[1mGenerating C code for ROS interfaces[0m
[3.978s] [  4%] [34m[1mGenerating C++ code for ROS interfaces[0m
[3.983s] [  4%] Built target ament_cmake_python_symlink_carla_waypoint_types
[4.122s] running egg_info
[4.122s] creating carla_waypoint_types.egg-info
[4.122s] writing carla_waypoint_types.egg-info/PKG-INFO
[4.123s] writing dependency_links to carla_waypoint_types.egg-info/dependency_links.txt
[4.123s] writing top-level names to carla_waypoint_types.egg-info/top_level.txt
[4.123s] writing manifest file 'carla_waypoint_types.egg-info/SOURCES.txt'
[4.124s] reading manifest file 'carla_waypoint_types.egg-info/SOURCES.txt'
[4.124s] writing manifest file 'carla_waypoint_types.egg-info/SOURCES.txt'
[4.143s] [  4%] Built target ament_cmake_python_build_carla_waypoint_types_egg
[4.265s] [  4%] Built target carla_waypoint_types__cpp
[4.271s] [  6%] [34m[1mGenerating C++ type support dispatch for ROS interfaces[0m
[4.272s] [  8%] [34m[1mGenerating C++ introspection for ROS interfaces[0m
[4.272s] [ 10%] [34m[1mGenerating C++ type support for eProsima Fast-RTPS[0m
[4.287s] [ 12%] [32mBuilding C object CMakeFiles/carla_waypoint_types__rosidl_generator_c.dir/rosidl_generator_c/carla_waypoint_types/srv/detail/get_actor_waypoint__functions.c.o[0m
[4.287s] [ 14%] [32mBuilding C object CMakeFiles/carla_waypoint_types__rosidl_generator_c.dir/rosidl_generator_c/carla_waypoint_types/srv/detail/get_waypoint__functions.c.o[0m
[4.287s] [ 17%] [32mBuilding C object CMakeFiles/carla_waypoint_types__rosidl_generator_c.dir/rosidl_generator_c/carla_waypoint_types/msg/detail/carla_waypoint__functions.c.o[0m
[4.335s] [ 19%] [32m[1mLinking C shared library libcarla_waypoint_types__rosidl_generator_c.so[0m
[4.494s] [ 23%] [32mBuilding CXX object CMakeFiles/carla_waypoint_types__rosidl_typesupport_cpp.dir/rosidl_typesupport_cpp/carla_waypoint_types/srv/get_actor_waypoint__type_support.cpp.o[0m
[4.494s] [ 23%] [32mBuilding CXX object CMakeFiles/carla_waypoint_types__rosidl_typesupport_cpp.dir/rosidl_typesupport_cpp/carla_waypoint_types/msg/carla_waypoint__type_support.cpp.o[0m
[4.495s] [ 25%] [32mBuilding CXX object CMakeFiles/carla_waypoint_types__rosidl_typesupport_cpp.dir/rosidl_typesupport_cpp/carla_waypoint_types/srv/get_waypoint__type_support.cpp.o[0m
[4.526s] [ 27%] [32mBuilding CXX object CMakeFiles/carla_waypoint_types__rosidl_typesupport_fastrtps_cpp.dir/rosidl_typesupport_fastrtps_cpp/carla_waypoint_types/msg/detail/dds_fastrtps/carla_waypoint__type_support.cpp.o[0m
[4.527s] [ 31%] [32mBuilding CXX object CMakeFiles/carla_waypoint_types__rosidl_typesupport_fastrtps_cpp.dir/rosidl_typesupport_fastrtps_cpp/carla_waypoint_types/srv/detail/dds_fastrtps/get_waypoint__type_support.cpp.o[0m
[4.527s] [ 31%] [32mBuilding CXX object CMakeFiles/carla_waypoint_types__rosidl_typesupport_fastrtps_cpp.dir/rosidl_typesupport_fastrtps_cpp/carla_waypoint_types/srv/detail/dds_fastrtps/get_actor_waypoint__type_support.cpp.o[0m
[4.529s] [ 31%] Built target carla_waypoint_types__rosidl_generator_c
[4.536s] [ 34%] [34m[1mGenerating C type support dispatch for ROS interfaces[0m
[4.536s] [ 36%] [34m[1mGenerating C introspection for ROS interfaces[0m
[4.539s] [ 38%] [34m[1mGenerating C type support for eProsima Fast-RTPS[0m
[4.557s] [ 42%] [32mBuilding CXX object CMakeFiles/carla_waypoint_types__rosidl_typesupport_introspection_cpp.dir/rosidl_typesupport_introspection_cpp/carla_waypoint_types/srv/detail/get_actor_waypoint__type_support.cpp.o[0m
[4.558s] [ 40%] [32mBuilding CXX object CMakeFiles/carla_waypoint_types__rosidl_typesupport_introspection_cpp.dir/rosidl_typesupport_introspection_cpp/carla_waypoint_types/srv/detail/get_waypoint__type_support.cpp.o[0m
[4.559s] [ 44%] [32mBuilding CXX object CMakeFiles/carla_waypoint_types__rosidl_typesupport_introspection_cpp.dir/rosidl_typesupport_introspection_cpp/carla_waypoint_types/msg/detail/carla_waypoint__type_support.cpp.o[0m
[4.752s] [ 46%] [32m[1mLinking CXX shared library libcarla_waypoint_types__rosidl_typesupport_cpp.so[0m
[4.893s] [ 48%] [32mBuilding CXX object CMakeFiles/carla_waypoint_types__rosidl_typesupport_c.dir/rosidl_typesupport_c/carla_waypoint_types/msg/carla_waypoint__type_support.cpp.o[0m
[4.894s] [ 51%] [32mBuilding CXX object CMakeFiles/carla_waypoint_types__rosidl_typesupport_c.dir/rosidl_typesupport_c/carla_waypoint_types/srv/get_waypoint__type_support.cpp.o[0m
[4.896s] [ 53%] [32mBuilding CXX object CMakeFiles/carla_waypoint_types__rosidl_typesupport_c.dir/rosidl_typesupport_c/carla_waypoint_types/srv/get_actor_waypoint__type_support.cpp.o[0m
[4.918s] [ 55%] [32m[1mLinking CXX shared library libcarla_waypoint_types__rosidl_typesupport_fastrtps_cpp.so[0m
[4.926s] [ 57%] [32m[1mLinking CXX shared library libcarla_waypoint_types__rosidl_typesupport_c.so[0m
[4.947s] [ 59%] [32mBuilding C object CMakeFiles/carla_waypoint_types__rosidl_typesupport_introspection_c.dir/rosidl_typesupport_introspection_c/carla_waypoint_types/msg/detail/carla_waypoint__type_support.c.o[0m
[4.948s] [ 63%] [32mBuilding C object CMakeFiles/carla_waypoint_types__rosidl_typesupport_introspection_c.dir/rosidl_typesupport_introspection_c/carla_waypoint_types/srv/detail/get_actor_waypoint__type_support.c.o[0m
[4.948s] [ 63%] [32mBuilding C object CMakeFiles/carla_waypoint_types__rosidl_typesupport_introspection_c.dir/rosidl_typesupport_introspection_c/carla_waypoint_types/srv/detail/get_waypoint__type_support.c.o[0m
[4.948s] [ 63%] Built target carla_waypoint_types__rosidl_typesupport_cpp
[4.953s] [ 65%] [32m[1mLinking CXX shared library libcarla_waypoint_types__rosidl_typesupport_introspection_cpp.so[0m
[4.956s] [ 68%] [32mBuilding CXX object CMakeFiles/carla_waypoint_types__rosidl_typesupport_fastrtps_c.dir/rosidl_typesupport_fastrtps_c/carla_waypoint_types/msg/detail/carla_waypoint__type_support_c.cpp.o[0m
[4.958s] [ 72%] [32mBuilding CXX object CMakeFiles/carla_waypoint_types__rosidl_typesupport_fastrtps_c.dir/rosidl_typesupport_fastrtps_c/carla_waypoint_types/srv/detail/get_waypoint__type_support_c.cpp.o[0m
[4.958s] [ 72%] [32mBuilding CXX object CMakeFiles/carla_waypoint_types__rosidl_typesupport_fastrtps_c.dir/rosidl_typesupport_fastrtps_c/carla_waypoint_types/srv/detail/get_actor_waypoint__type_support_c.cpp.o[0m
[4.984s] [ 74%] [32m[1mLinking C shared library libcarla_waypoint_types__rosidl_typesupport_introspection_c.so[0m
[5.080s] [ 74%] Built target carla_waypoint_types__rosidl_typesupport_c
[5.116s] [ 74%] Built target carla_waypoint_types__rosidl_typesupport_fastrtps_cpp
[5.165s] [ 74%] Built target carla_waypoint_types__rosidl_typesupport_introspection_c
[5.165s] [ 74%] Built target carla_waypoint_types__rosidl_typesupport_introspection_cpp
[5.252s] [ 76%] [32m[1mLinking CXX shared library libcarla_waypoint_types__rosidl_typesupport_fastrtps_c.so[0m
[5.641s] [ 76%] Built target carla_waypoint_types__rosidl_typesupport_fastrtps_c
[5.657s] [ 76%] Built target carla_waypoint_types
[5.669s] [ 78%] [34m[1mGenerating Python code for ROS interfaces[0m
[6.642s] [ 78%] Built target carla_waypoint_types__py
[6.657s] [ 80%] [32mBuilding C object CMakeFiles/carla_waypoint_types__rosidl_generator_py.dir/rosidl_generator_py/carla_waypoint_types/srv/_get_waypoint_s.c.o[0m
[6.662s] [ 82%] [32mBuilding C object CMakeFiles/carla_waypoint_types__rosidl_generator_py.dir/rosidl_generator_py/carla_waypoint_types/msg/_carla_waypoint_s.c.o[0m
[6.670s] [ 85%] [32mBuilding C object CMakeFiles/carla_waypoint_types__rosidl_generator_py.dir/rosidl_generator_py/carla_waypoint_types/srv/_get_actor_waypoint_s.c.o[0m
[6.834s] [ 87%] [32m[1mLinking C shared library rosidl_generator_py/carla_waypoint_types/libcarla_waypoint_types__rosidl_generator_py.so[0m
[7.008s] [ 87%] Built target carla_waypoint_types__rosidl_generator_py
[7.021s] [ 89%] [32mBuilding C object CMakeFiles/carla_waypoint_types__rosidl_typesupport_c__pyext.dir/rosidl_generator_py/carla_waypoint_types/_carla_waypoint_types_s.ep.rosidl_typesupport_c.c.o[0m
[7.024s] [ 91%] [32mBuilding C object CMakeFiles/carla_waypoint_types__rosidl_typesupport_fastrtps_c__pyext.dir/rosidl_generator_py/carla_waypoint_types/_carla_waypoint_types_s.ep.rosidl_typesupport_fastrtps_c.c.o[0m
[7.027s] [ 93%] [32mBuilding C object CMakeFiles/carla_waypoint_types__rosidl_typesupport_introspection_c__pyext.dir/rosidl_generator_py/carla_waypoint_types/_carla_waypoint_types_s.ep.rosidl_typesupport_introspection_c.c.o[0m
[7.130s] [ 95%] [32m[1mLinking C shared library rosidl_generator_py/carla_waypoint_types/carla_waypoint_types_s__rosidl_typesupport_fastrtps_c.cpython-310-x86_64-linux-gnu.so[0m
[7.143s] [ 97%] [32m[1mLinking C shared library rosidl_generator_py/carla_waypoint_types/carla_waypoint_types_s__rosidl_typesupport_c.cpython-310-x86_64-linux-gnu.so[0m
[7.151s] [100%] [32m[1mLinking C shared library rosidl_generator_py/carla_waypoint_types/carla_waypoint_types_s__rosidl_typesupport_introspection_c.cpython-310-x86_64-linux-gnu.so[0m
[7.673s] [100%] Built target carla_waypoint_types__rosidl_typesupport_fastrtps_c__pyext
[7.832s] [100%] Built target carla_waypoint_types__rosidl_typesupport_c__pyext
[7.876s] [100%] Built target carla_waypoint_types__rosidl_typesupport_introspection_c__pyext
[7.918s] Invoked command in '/home/rfzhang/ROS-Carla/CSC791Project/ros-carla-bridge/build/carla_waypoint_types' returned '0': CMAKE_PREFIX_PATH=${CMAKE_PREFIX_PATH}:/home/rfzhang/ROS-Carla/CSC791Project/lidar_to_carla/install/lidar_to_carla:/home/rfzhang/ROS-Carla/CSC791Project/ros-carla-bridge/install/rqt_carla_control:/home/rfzhang/ROS-Carla/CSC791Project/ros-carla-bridge/install/carla_waypoint_publisher:/home/rfzhang/ROS-Carla/CSC791Project/ros-carla-bridge/install/carla_ackermann_control:/home/rfzhang/ROS-Carla/CSC791Project/ros-carla-bridge/install/carla_ros_bridge:/home/rfzhang/ROS-Carla/CSC791Project/ros-carla-bridge/install/carla_spawn_objects:/home/rfzhang/ROS-Carla/CSC791Project/ros-carla-bridge/install/carla_manual_control:/home/rfzhang/ROS-Carla/CSC791Project/ros-carla-bridge/install/carla_ad_agent:/home/rfzhang/ROS-Carla/CSC791Project/ros-carla-bridge/install/ros_compatibility:/home/rfzhang/ROS-Carla/CSC791Project/ros-carla-bridge/install/carla_walker_agent:/home/rfzhang/ROS-Carla/CSC791Project/ros-carla-bridge/install/carla_twist_to_control:/home/rfzhang/ROS-Carla/CSC791Project/ros-carla-bridge/install/carla_ros_scenario_runner:/home/rfzhang/ROS-Carla/CSC791Project/ros-carla-bridge/install/carla_common:/opt/ros/humble VIRTUAL_ENV_PROMPT=(ros-carla) /usr/bin/cmake --build /home/rfzhang/ROS-Carla/CSC791Project/ros-carla-bridge/build/carla_waypoint_types -- -j20 -l20
[7.941s] Invoking command in '/home/rfzhang/ROS-Carla/CSC791Project/ros-carla-bridge/build/carla_waypoint_types': CMAKE_PREFIX_PATH=${CMAKE_PREFIX_PATH}:/home/rfzhang/ROS-Carla/CSC791Project/lidar_to_carla/install/lidar_to_carla:/home/rfzhang/ROS-Carla/CSC791Project/ros-carla-bridge/install/rqt_carla_control:/home/rfzhang/ROS-Carla/CSC791Project/ros-carla-bridge/install/carla_waypoint_publisher:/home/rfzhang/ROS-Carla/CSC791Project/ros-carla-bridge/install/carla_ackermann_control:/home/rfzhang/ROS-Carla/CSC791Project/ros-carla-bridge/install/carla_ros_bridge:/home/rfzhang/ROS-Carla/CSC791Project/ros-carla-bridge/install/carla_spawn_objects:/home/rfzhang/ROS-Carla/CSC791Project/ros-carla-bridge/install/carla_manual_control:/home/rfzhang/ROS-Carla/CSC791Project/ros-carla-bridge/install/carla_ad_agent:/home/rfzhang/ROS-Carla/CSC791Project/ros-carla-bridge/install/ros_compatibility:/home/rfzhang/ROS-Carla/CSC791Project/ros-carla-bridge/install/carla_walker_agent:/home/rfzhang/ROS-Carla/CSC791Project/ros-carla-bridge/install/carla_twist_to_control:/home/rfzhang/ROS-Carla/CSC791Project/ros-carla-bridge/install/carla_ros_scenario_runner:/home/rfzhang/ROS-Carla/CSC791Project/ros-carla-bridge/install/carla_common:/opt/ros/humble VIRTUAL_ENV_PROMPT=(ros-carla) /usr/bin/cmake --install /home/rfzhang/ROS-Carla/CSC791Project/ros-carla-bridge/build/carla_waypoint_types
[7.963s] -- Install configuration: ""
[7.963s] -- Execute custom install script
[7.963s] -- Symlinking: /home/rfzhang/ROS-Carla/CSC791Project/ros-carla-bridge/install/carla_waypoint_types/share/ament_index/resource_index/rosidl_interfaces/carla_waypoint_types
[7.963s] -- Symlinking: /home/rfzhang/ROS-Carla/CSC791Project/ros-carla-bridge/install/carla_waypoint_types/include/carla_waypoint_types/carla_waypoint_types/msg/carla_waypoint.h
[7.995s] -- Symlinking: /home/rfzhang/ROS-Carla/CSC791Project/ros-carla-bridge/install/carla_waypoint_types/include/carla_waypoint_types/carla_waypoint_types/msg/detail/carla_waypoint__functions.h
[8.038s] -- Symlinking: /home/rfzhang/ROS-Carla/CSC791Project/ros-carla-bridge/install/carla_waypoint_types/include/carla_waypoint_types/carla_waypoint_types/msg/detail/carla_waypoint__struct.h
[8.056s] -- Symlinking: /home/rfzhang/ROS-Carla/CSC791Project/ros-carla-bridge/install/carla_waypoint_types/include/carla_waypoint_types/carla_waypoint_types/msg/detail/carla_waypoint__type_support.h
[8.075s] -- Symlinking: /home/rfzhang/ROS-Carla/CSC791Project/ros-carla-bridge/install/carla_waypoint_types/include/carla_waypoint_types/carla_waypoint_types/msg/rosidl_generator_c__visibility_control.h
[8.090s] -- Symlinking: /home/rfzhang/ROS-Carla/CSC791Project/ros-carla-bridge/install/carla_waypoint_types/include/carla_waypoint_types/carla_waypoint_types/srv/detail/get_actor_waypoint__functions.h
[8.096s] -- Symlinking: /home/rfzhang/ROS-Carla/CSC791Project/ros-carla-bridge/install/carla_waypoint_types/include/carla_waypoint_types/carla_waypoint_types/srv/detail/get_actor_waypoint__struct.h
[8.108s] -- Symlinking: /home/rfzhang/ROS-Carla/CSC791Project/ros-carla-bridge/install/carla_waypoint_types/include/carla_waypoint_types/carla_waypoint_types/srv/detail/get_actor_waypoint__type_support.h
[8.124s] -- Symlinking: /home/rfzhang/ROS-Carla/CSC791Project/ros-carla-bridge/install/carla_waypoint_types/include/carla_waypoint_types/carla_waypoint_types/srv/detail/get_waypoint__functions.h
[8.139s] -- Symlinking: /home/rfzhang/ROS-Carla/CSC791Project/ros-carla-bridge/install/carla_waypoint_types/include/carla_waypoint_types/carla_waypoint_types/srv/detail/get_waypoint__struct.h
[8.165s] -- Symlinking: /home/rfzhang/ROS-Carla/CSC791Project/ros-carla-bridge/install/carla_waypoint_types/include/carla_waypoint_types/carla_waypoint_types/srv/detail/get_waypoint__type_support.h
[8.182s] -- Symlinking: /home/rfzhang/ROS-Carla/CSC791Project/ros-carla-bridge/install/carla_waypoint_types/include/carla_waypoint_types/carla_waypoint_types/srv/get_actor_waypoint.h
[8.196s] -- Symlinking: /home/rfzhang/ROS-Carla/CSC791Project/ros-carla-bridge/install/carla_waypoint_types/include/carla_waypoint_types/carla_waypoint_types/srv/get_waypoint.h
[8.203s] -- Symlinking: /home/rfzhang/ROS-Carla/CSC791Project/ros-carla-bridge/install/carla_waypoint_types/share/carla_waypoint_types/environment/library_path.sh
[8.214s] -- Symlinking: /home/rfzhang/ROS-Carla/CSC791Project/ros-carla-bridge/install/carla_waypoint_types/share/carla_waypoint_types/environment/library_path.dsv
[8.233s] -- Symlinking: /home/rfzhang/ROS-Carla/CSC791Project/ros-carla-bridge/install/carla_waypoint_types/include/carla_waypoint_types/carla_waypoint_types/msg/detail/carla_waypoint__rosidl_typesupport_fastrtps_c.h
[8.257s] -- Symlinking: /home/rfzhang/ROS-Carla/CSC791Project/ros-carla-bridge/install/carla_waypoint_types/include/carla_waypoint_types/carla_waypoint_types/msg/rosidl_typesupport_fastrtps_c__visibility_control.h
[8.295s] -- Symlinking: /home/rfzhang/ROS-Carla/CSC791Project/ros-carla-bridge/install/carla_waypoint_types/include/carla_waypoint_types/carla_waypoint_types/srv/detail/get_actor_waypoint__rosidl_typesupport_fastrtps_c.h
[8.323s] -- Symlinking: /home/rfzhang/ROS-Carla/CSC791Project/ros-carla-bridge/install/carla_waypoint_types/include/carla_waypoint_types/carla_waypoint_types/srv/detail/get_waypoint__rosidl_typesupport_fastrtps_c.h
[8.349s] -- Symlinking: /home/rfzhang/ROS-Carla/CSC791Project/ros-carla-bridge/install/carla_waypoint_types/include/carla_waypoint_types/carla_waypoint_types/msg/carla_waypoint.hpp
[8.366s] -- Symlinking: /home/rfzhang/ROS-Carla/CSC791Project/ros-carla-bridge/install/carla_waypoint_types/include/carla_waypoint_types/carla_waypoint_types/msg/detail/carla_waypoint__builder.hpp
[8.393s] -- Symlinking: /home/rfzhang/ROS-Carla/CSC791Project/ros-carla-bridge/install/carla_waypoint_types/include/carla_waypoint_types/carla_waypoint_types/msg/detail/carla_waypoint__struct.hpp
[8.400s] -- Symlinking: /home/rfzhang/ROS-Carla/CSC791Project/ros-carla-bridge/install/carla_waypoint_types/include/carla_waypoint_types/carla_waypoint_types/msg/detail/carla_waypoint__traits.hpp
[8.410s] -- Symlinking: /home/rfzhang/ROS-Carla/CSC791Project/ros-carla-bridge/install/carla_waypoint_types/include/carla_waypoint_types/carla_waypoint_types/msg/detail/carla_waypoint__type_support.hpp
[8.419s] -- Symlinking: /home/rfzhang/ROS-Carla/CSC791Project/ros-carla-bridge/install/carla_waypoint_types/include/carla_waypoint_types/carla_waypoint_types/msg/rosidl_generator_cpp__visibility_control.hpp
[8.434s] -- Symlinking: /home/rfzhang/ROS-Carla/CSC791Project/ros-carla-bridge/install/carla_waypoint_types/include/carla_waypoint_types/carla_waypoint_types/srv/detail/get_actor_waypoint__builder.hpp
[8.441s] -- Symlinking: /home/rfzhang/ROS-Carla/CSC791Project/ros-carla-bridge/install/carla_waypoint_types/include/carla_waypoint_types/carla_waypoint_types/srv/detail/get_actor_waypoint__struct.hpp
[8.454s] -- Symlinking: /home/rfzhang/ROS-Carla/CSC791Project/ros-carla-bridge/install/carla_waypoint_types/include/carla_waypoint_types/carla_waypoint_types/srv/detail/get_actor_waypoint__traits.hpp
[8.474s] -- Symlinking: /home/rfzhang/ROS-Carla/CSC791Project/ros-carla-bridge/install/carla_waypoint_types/include/carla_waypoint_types/carla_waypoint_types/srv/detail/get_actor_waypoint__type_support.hpp
[8.490s] -- Symlinking: /home/rfzhang/ROS-Carla/CSC791Project/ros-carla-bridge/install/carla_waypoint_types/include/carla_waypoint_types/carla_waypoint_types/srv/detail/get_waypoint__builder.hpp
[8.503s] -- Symlinking: /home/rfzhang/ROS-Carla/CSC791Project/ros-carla-bridge/install/carla_waypoint_types/include/carla_waypoint_types/carla_waypoint_types/srv/detail/get_waypoint__struct.hpp
[8.530s] -- Symlinking: /home/rfzhang/ROS-Carla/CSC791Project/ros-carla-bridge/install/carla_waypoint_types/include/carla_waypoint_types/carla_waypoint_types/srv/detail/get_waypoint__traits.hpp
[8.546s] -- Symlinking: /home/rfzhang/ROS-Carla/CSC791Project/ros-carla-bridge/install/carla_waypoint_types/include/carla_waypoint_types/carla_waypoint_types/srv/detail/get_waypoint__type_support.hpp
[8.591s] -- Symlinking: /home/rfzhang/ROS-Carla/CSC791Project/ros-carla-bridge/install/carla_waypoint_types/include/carla_waypoint_types/carla_waypoint_types/srv/get_actor_waypoint.hpp
[8.625s] -- Symlinking: /home/rfzhang/ROS-Carla/CSC791Project/ros-carla-bridge/install/carla_waypoint_types/include/carla_waypoint_types/carla_waypoint_types/srv/get_waypoint.hpp
[8.661s] -- Symlinking: /home/rfzhang/ROS-Carla/CSC791Project/ros-carla-bridge/install/carla_waypoint_types/include/carla_waypoint_types/carla_waypoint_types/msg/detail/carla_waypoint__rosidl_typesupport_fastrtps_cpp.hpp
[8.680s] -- Symlinking: /home/rfzhang/ROS-Carla/CSC791Project/ros-carla-bridge/install/carla_waypoint_types/include/carla_waypoint_types/carla_waypoint_types/msg/rosidl_typesupport_fastrtps_cpp__visibility_control.h
[8.710s] -- Symlinking: /home/rfzhang/ROS-Carla/CSC791Project/ros-carla-bridge/install/carla_waypoint_types/include/carla_waypoint_types/carla_waypoint_types/srv/detail/get_actor_waypoint__rosidl_typesupport_fastrtps_cpp.hpp
[8.732s] -- Symlinking: /home/rfzhang/ROS-Carla/CSC791Project/ros-carla-bridge/install/carla_waypoint_types/include/carla_waypoint_types/carla_waypoint_types/srv/detail/get_waypoint__rosidl_typesupport_fastrtps_cpp.hpp
[8.775s] -- Symlinking: /home/rfzhang/ROS-Carla/CSC791Project/ros-carla-bridge/install/carla_waypoint_types/include/carla_waypoint_types/carla_waypoint_types/msg/detail/carla_waypoint__rosidl_typesupport_introspection_c.h
[8.810s] -- Symlinking: /home/rfzhang/ROS-Carla/CSC791Project/ros-carla-bridge/install/carla_waypoint_types/include/carla_waypoint_types/carla_waypoint_types/msg/rosidl_typesupport_introspection_c__visibility_control.h
[8.852s] -- Symlinking: /home/rfzhang/ROS-Carla/CSC791Project/ros-carla-bridge/install/carla_waypoint_types/include/carla_waypoint_types/carla_waypoint_types/srv/detail/get_actor_waypoint__rosidl_typesupport_introspection_c.h
[8.899s] -- Symlinking: /home/rfzhang/ROS-Carla/CSC791Project/ros-carla-bridge/install/carla_waypoint_types/include/carla_waypoint_types/carla_waypoint_types/srv/detail/get_waypoint__rosidl_typesupport_introspection_c.h
[8.936s] -- Symlinking: /home/rfzhang/ROS-Carla/CSC791Project/ros-carla-bridge/install/carla_waypoint_types/include/carla_waypoint_types/carla_waypoint_types/msg/detail/carla_waypoint__rosidl_typesupport_introspection_cpp.hpp
[8.964s] -- Symlinking: /home/rfzhang/ROS-Carla/CSC791Project/ros-carla-bridge/install/carla_waypoint_types/include/carla_waypoint_types/carla_waypoint_types/srv/detail/get_actor_waypoint__rosidl_typesupport_introspection_cpp.hpp
[8.972s] -- Symlinking: /home/rfzhang/ROS-Carla/CSC791Project/ros-carla-bridge/install/carla_waypoint_types/include/carla_waypoint_types/carla_waypoint_types/srv/detail/get_waypoint__rosidl_typesupport_introspection_cpp.hpp
[9.028s] -- Symlinking: /home/rfzhang/ROS-Carla/CSC791Project/ros-carla-bridge/install/carla_waypoint_types/share/carla_waypoint_types/environment/pythonpath.sh
[9.062s] -- Symlinking: /home/rfzhang/ROS-Carla/CSC791Project/ros-carla-bridge/install/carla_waypoint_types/share/carla_waypoint_types/environment/pythonpath.dsv
[9.082s] -- Symlinking: /home/rfzhang/ROS-Carla/CSC791Project/ros-carla-bridge/install/carla_waypoint_types/lib/python3.10/site-packages/carla_waypoint_types-0.1.0-py3.10.egg-info/PKG-INFO
[9.116s] -- Symlinking: /home/rfzhang/ROS-Carla/CSC791Project/ros-carla-bridge/install/carla_waypoint_types/lib/python3.10/site-packages/carla_waypoint_types-0.1.0-py3.10.egg-info/SOURCES.txt
[9.170s] -- Symlinking: /home/rfzhang/ROS-Carla/CSC791Project/ros-carla-bridge/install/carla_waypoint_types/lib/python3.10/site-packages/carla_waypoint_types-0.1.0-py3.10.egg-info/dependency_links.txt
[9.186s] -- Symlinking: /home/rfzhang/ROS-Carla/CSC791Project/ros-carla-bridge/install/carla_waypoint_types/lib/python3.10/site-packages/carla_waypoint_types-0.1.0-py3.10.egg-info/top_level.txt
[9.209s] -- Symlinking: /home/rfzhang/ROS-Carla/CSC791Project/ros-carla-bridge/install/carla_waypoint_types/lib/python3.10/site-packages/carla_waypoint_types/__init__.py
[9.239s] -- Symlinking: /home/rfzhang/ROS-Carla/CSC791Project/ros-carla-bridge/install/carla_waypoint_types/lib/python3.10/site-packages/carla_waypoint_types/_carla_waypoint_types_s.ep.rosidl_typesupport_c.c
[9.239s] -- Symlinking: /home/rfzhang/ROS-Carla/CSC791Project/ros-carla-bridge/install/carla_waypoint_types/lib/python3.10/site-packages/carla_waypoint_types/_carla_waypoint_types_s.ep.rosidl_typesupport_fastrtps_c.c
[9.255s] -- Symlinking: /home/rfzhang/ROS-Carla/CSC791Project/ros-carla-bridge/install/carla_waypoint_types/lib/python3.10/site-packages/carla_waypoint_types/_carla_waypoint_types_s.ep.rosidl_typesupport_introspection_c.c
[9.260s] -- Symlinking: /home/rfzhang/ROS-Carla/CSC791Project/ros-carla-bridge/install/carla_waypoint_types/lib/python3.10/site-packages/carla_waypoint_types/carla_waypoint_types_s__rosidl_typesupport_c.cpython-310-x86_64-linux-gnu.so
[9.289s] -- Symlinking: /home/rfzhang/ROS-Carla/CSC791Project/ros-carla-bridge/install/carla_waypoint_types/lib/python3.10/site-packages/carla_waypoint_types/carla_waypoint_types_s__rosidl_typesupport_fastrtps_c.cpython-310-x86_64-linux-gnu.so
[9.297s] -- Symlinking: /home/rfzhang/ROS-Carla/CSC791Project/ros-carla-bridge/install/carla_waypoint_types/lib/python3.10/site-packages/carla_waypoint_types/carla_waypoint_types_s__rosidl_typesupport_introspection_c.cpython-310-x86_64-linux-gnu.so
[9.305s] -- Symlinking: /home/rfzhang/ROS-Carla/CSC791Project/ros-carla-bridge/install/carla_waypoint_types/lib/python3.10/site-packages/carla_waypoint_types/libcarla_waypoint_types__rosidl_generator_py.so
[9.317s] -- Symlinking: /home/rfzhang/ROS-Carla/CSC791Project/ros-carla-bridge/install/carla_waypoint_types/lib/python3.10/site-packages/carla_waypoint_types/msg/__init__.py
[9.337s] -- Symlinking: /home/rfzhang/ROS-Carla/CSC791Project/ros-carla-bridge/install/carla_waypoint_types/lib/python3.10/site-packages/carla_waypoint_types/msg/_carla_waypoint.py
[9.342s] -- Symlinking: /home/rfzhang/ROS-Carla/CSC791Project/ros-carla-bridge/install/carla_waypoint_types/lib/python3.10/site-packages/carla_waypoint_types/msg/_carla_waypoint_s.c
[9.354s] -- Symlinking: /home/rfzhang/ROS-Carla/CSC791Project/ros-carla-bridge/install/carla_waypoint_types/lib/python3.10/site-packages/carla_waypoint_types/srv/__init__.py
[9.385s] -- Symlinking: /home/rfzhang/ROS-Carla/CSC791Project/ros-carla-bridge/install/carla_waypoint_types/lib/python3.10/site-packages/carla_waypoint_types/srv/_get_actor_waypoint.py
[9.392s] -- Symlinking: /home/rfzhang/ROS-Carla/CSC791Project/ros-carla-bridge/install/carla_waypoint_types/lib/python3.10/site-packages/carla_waypoint_types/srv/_get_actor_waypoint_s.c
[9.404s] -- Symlinking: /home/rfzhang/ROS-Carla/CSC791Project/ros-carla-bridge/install/carla_waypoint_types/lib/python3.10/site-packages/carla_waypoint_types/srv/_get_waypoint.py
[9.428s] -- Symlinking: /home/rfzhang/ROS-Carla/CSC791Project/ros-carla-bridge/install/carla_waypoint_types/lib/python3.10/site-packages/carla_waypoint_types/srv/_get_waypoint_s.c
[9.445s] -- Up-to-date symlink: /home/rfzhang/ROS-Carla/CSC791Project/ros-carla-bridge/install/carla_waypoint_types/lib/python3.10/site-packages/carla_waypoint_types/carla_waypoint_types_s__rosidl_typesupport_fastrtps_c.cpython-310-x86_64-linux-gnu.so
[9.445s] -- Up-to-date symlink: /home/rfzhang/ROS-Carla/CSC791Project/ros-carla-bridge/install/carla_waypoint_types/lib/python3.10/site-packages/carla_waypoint_types/carla_waypoint_types_s__rosidl_typesupport_introspection_c.cpython-310-x86_64-linux-gnu.so
[9.446s] -- Up-to-date symlink: /home/rfzhang/ROS-Carla/CSC791Project/ros-carla-bridge/install/carla_waypoint_types/lib/python3.10/site-packages/carla_waypoint_types/carla_waypoint_types_s__rosidl_typesupport_c.cpython-310-x86_64-linux-gnu.so
[9.446s] -- Symlinking: /home/rfzhang/ROS-Carla/CSC791Project/ros-carla-bridge/install/carla_waypoint_types/share/carla_waypoint_types/msg/CarlaWaypoint.idl
[9.473s] -- Symlinking: /home/rfzhang/ROS-Carla/CSC791Project/ros-carla-bridge/install/carla_waypoint_types/share/carla_waypoint_types/srv/GetWaypoint.idl
[9.480s] -- Symlinking: /home/rfzhang/ROS-Carla/CSC791Project/ros-carla-bridge/install/carla_waypoint_types/share/carla_waypoint_types/srv/GetActorWaypoint.idl
[9.513s] -- Symlinking: /home/rfzhang/ROS-Carla/CSC791Project/ros-carla-bridge/install/carla_waypoint_types/share/carla_waypoint_types/msg/CarlaWaypoint.msg
[9.555s] -- Symlinking: /home/rfzhang/ROS-Carla/CSC791Project/ros-carla-bridge/install/carla_waypoint_types/share/carla_waypoint_types/srv/GetWaypoint.srv
[9.592s] -- Symlinking: /home/rfzhang/ROS-Carla/CSC791Project/ros-carla-bridge/install/carla_waypoint_types/share/carla_waypoint_types/srv/GetWaypoint_Request.msg
[9.603s] -- Symlinking: /home/rfzhang/ROS-Carla/CSC791Project/ros-carla-bridge/install/carla_waypoint_types/share/carla_waypoint_types/srv/GetWaypoint_Response.msg
[9.608s] -- Symlinking: /home/rfzhang/ROS-Carla/CSC791Project/ros-carla-bridge/install/carla_waypoint_types/share/carla_waypoint_types/srv/GetActorWaypoint.srv
[9.625s] -- Symlinking: /home/rfzhang/ROS-Carla/CSC791Project/ros-carla-bridge/install/carla_waypoint_types/share/carla_waypoint_types/srv/GetActorWaypoint_Request.msg
[9.644s] -- Symlinking: /home/rfzhang/ROS-Carla/CSC791Project/ros-carla-bridge/install/carla_waypoint_types/share/carla_waypoint_types/srv/GetActorWaypoint_Response.msg
[9.669s] -- Symlinking: /home/rfzhang/ROS-Carla/CSC791Project/ros-carla-bridge/install/carla_waypoint_types/share/ament_index/resource_index/package_run_dependencies/carla_waypoint_types
[9.686s] -- Symlinking: /home/rfzhang/ROS-Carla/CSC791Project/ros-carla-bridge/install/carla_waypoint_types/share/ament_index/resource_index/parent_prefix_path/carla_waypoint_types
[9.720s] -- Symlinking: /home/rfzhang/ROS-Carla/CSC791Project/ros-carla-bridge/install/carla_waypoint_types/share/carla_waypoint_types/environment/ament_prefix_path.sh
[9.742s] -- Symlinking: /home/rfzhang/ROS-Carla/CSC791Project/ros-carla-bridge/install/carla_waypoint_types/share/carla_waypoint_types/environment/ament_prefix_path.dsv
[9.759s] -- Symlinking: /home/rfzhang/ROS-Carla/CSC791Project/ros-carla-bridge/install/carla_waypoint_types/share/carla_waypoint_types/environment/path.sh
[9.773s] -- Symlinking: /home/rfzhang/ROS-Carla/CSC791Project/ros-carla-bridge/install/carla_waypoint_types/share/carla_waypoint_types/environment/path.dsv
[9.796s] -- Symlinking: /home/rfzhang/ROS-Carla/CSC791Project/ros-carla-bridge/install/carla_waypoint_types/share/carla_waypoint_types/local_setup.bash
[9.802s] -- Symlinking: /home/rfzhang/ROS-Carla/CSC791Project/ros-carla-bridge/install/carla_waypoint_types/share/carla_waypoint_types/local_setup.sh
[9.816s] -- Symlinking: /home/rfzhang/ROS-Carla/CSC791Project/ros-carla-bridge/install/carla_waypoint_types/share/carla_waypoint_types/local_setup.zsh
[9.864s] -- Symlinking: /home/rfzhang/ROS-Carla/CSC791Project/ros-carla-bridge/install/carla_waypoint_types/share/carla_waypoint_types/local_setup.dsv
[9.879s] -- Symlinking: /home/rfzhang/ROS-Carla/CSC791Project/ros-carla-bridge/install/carla_waypoint_types/share/carla_waypoint_types/package.dsv
[9.901s] -- Symlinking: /home/rfzhang/ROS-Carla/CSC791Project/ros-carla-bridge/install/carla_waypoint_types/share/ament_index/resource_index/packages/carla_waypoint_types
[9.924s] -- Symlinking: /home/rfzhang/ROS-Carla/CSC791Project/ros-carla-bridge/install/carla_waypoint_types/share/carla_waypoint_types/cmake/rosidl_cmake-extras.cmake
[9.942s] -- Symlinking: /home/rfzhang/ROS-Carla/CSC791Project/ros-carla-bridge/install/carla_waypoint_types/share/carla_waypoint_types/cmake/ament_cmake_export_dependencies-extras.cmake
[9.950s] -- Symlinking: /home/rfzhang/ROS-Carla/CSC791Project/ros-carla-bridge/install/carla_waypoint_types/share/carla_waypoint_types/cmake/ament_cmake_export_include_directories-extras.cmake
[9.965s] -- Symlinking: /home/rfzhang/ROS-Carla/CSC791Project/ros-carla-bridge/install/carla_waypoint_types/share/carla_waypoint_types/cmake/ament_cmake_export_libraries-extras.cmake
[9.974s] -- Symlinking: /home/rfzhang/ROS-Carla/CSC791Project/ros-carla-bridge/install/carla_waypoint_types/share/carla_waypoint_types/cmake/ament_cmake_export_targets-extras.cmake
[9.979s] -- Symlinking: /home/rfzhang/ROS-Carla/CSC791Project/ros-carla-bridge/install/carla_waypoint_types/share/carla_waypoint_types/cmake/rosidl_cmake_export_typesupport_targets-extras.cmake
[9.994s] -- Symlinking: /home/rfzhang/ROS-Carla/CSC791Project/ros-carla-bridge/install/carla_waypoint_types/share/carla_waypoint_types/cmake/rosidl_cmake_export_typesupport_libraries-extras.cmake
[10.007s] -- Symlinking: /home/rfzhang/ROS-Carla/CSC791Project/ros-carla-bridge/install/carla_waypoint_types/share/carla_waypoint_types/cmake/carla_waypoint_typesConfig.cmake
[10.018s] -- Symlinking: /home/rfzhang/ROS-Carla/CSC791Project/ros-carla-bridge/install/carla_waypoint_types/share/carla_waypoint_types/cmake/carla_waypoint_typesConfig-version.cmake
[10.034s] -- Symlinking: /home/rfzhang/ROS-Carla/CSC791Project/ros-carla-bridge/install/carla_waypoint_types/share/carla_waypoint_types/package.xml
[10.043s] -- Installing: /home/rfzhang/ROS-Carla/CSC791Project/ros-carla-bridge/install/carla_waypoint_types/lib/libcarla_waypoint_types__rosidl_generator_c.so
[10.044s] -- Set runtime path of "/home/rfzhang/ROS-Carla/CSC791Project/ros-carla-bridge/install/carla_waypoint_types/lib/libcarla_waypoint_types__rosidl_generator_c.so" to ""
[10.046s] -- Installing: /home/rfzhang/ROS-Carla/CSC791Project/ros-carla-bridge/install/carla_waypoint_types/lib/libcarla_waypoint_types__rosidl_typesupport_fastrtps_c.so
[10.046s] -- Set runtime path of "/home/rfzhang/ROS-Carla/CSC791Project/ros-carla-bridge/install/carla_waypoint_types/lib/libcarla_waypoint_types__rosidl_typesupport_fastrtps_c.so" to ""
[10.046s] -- Installing: /home/rfzhang/ROS-Carla/CSC791Project/ros-carla-bridge/install/carla_waypoint_types/lib/libcarla_waypoint_types__rosidl_typesupport_fastrtps_cpp.so
[10.050s] -- Set runtime path of "/home/rfzhang/ROS-Carla/CSC791Project/ros-carla-bridge/install/carla_waypoint_types/lib/libcarla_waypoint_types__rosidl_typesupport_fastrtps_cpp.so" to ""
[10.050s] -- Installing: /home/rfzhang/ROS-Carla/CSC791Project/ros-carla-bridge/install/carla_waypoint_types/lib/libcarla_waypoint_types__rosidl_typesupport_introspection_c.so
[10.050s] -- Set runtime path of "/home/rfzhang/ROS-Carla/CSC791Project/ros-carla-bridge/install/carla_waypoint_types/lib/libcarla_waypoint_types__rosidl_typesupport_introspection_c.so" to ""
[10.050s] -- Installing: /home/rfzhang/ROS-Carla/CSC791Project/ros-carla-bridge/install/carla_waypoint_types/lib/libcarla_waypoint_types__rosidl_typesupport_c.so
[10.050s] -- Set runtime path of "/home/rfzhang/ROS-Carla/CSC791Project/ros-carla-bridge/install/carla_waypoint_types/lib/libcarla_waypoint_types__rosidl_typesupport_c.so" to ""
[10.050s] -- Installing: /home/rfzhang/ROS-Carla/CSC791Project/ros-carla-bridge/install/carla_waypoint_types/lib/libcarla_waypoint_types__rosidl_typesupport_introspection_cpp.so
[10.050s] -- Set runtime path of "/home/rfzhang/ROS-Carla/CSC791Project/ros-carla-bridge/install/carla_waypoint_types/lib/libcarla_waypoint_types__rosidl_typesupport_introspection_cpp.so" to ""
[10.050s] -- Installing: /home/rfzhang/ROS-Carla/CSC791Project/ros-carla-bridge/install/carla_waypoint_types/lib/libcarla_waypoint_types__rosidl_typesupport_cpp.so
[10.050s] -- Set runtime path of "/home/rfzhang/ROS-Carla/CSC791Project/ros-carla-bridge/install/carla_waypoint_types/lib/libcarla_waypoint_types__rosidl_typesupport_cpp.so" to ""
[10.122s] Listing '/home/rfzhang/ROS-Carla/CSC791Project/ros-carla-bridge/install/carla_waypoint_types/lib/python3.10/site-packages/carla_waypoint_types'...
[10.123s] Compiling '/home/rfzhang/ROS-Carla/CSC791Project/ros-carla-bridge/install/carla_waypoint_types/lib/python3.10/site-packages/carla_waypoint_types/__init__.py'...
[10.123s] Listing '/home/rfzhang/ROS-Carla/CSC791Project/ros-carla-bridge/install/carla_waypoint_types/lib/python3.10/site-packages/carla_waypoint_types/msg'...
[10.123s] Compiling '/home/rfzhang/ROS-Carla/CSC791Project/ros-carla-bridge/install/carla_waypoint_types/lib/python3.10/site-packages/carla_waypoint_types/msg/__init__.py'...
[10.123s] Compiling '/home/rfzhang/ROS-Carla/CSC791Project/ros-carla-bridge/install/carla_waypoint_types/lib/python3.10/site-packages/carla_waypoint_types/msg/_carla_waypoint.py'...
[10.123s] Listing '/home/rfzhang/ROS-Carla/CSC791Project/ros-carla-bridge/install/carla_waypoint_types/lib/python3.10/site-packages/carla_waypoint_types/srv'...
[10.123s] Compiling '/home/rfzhang/ROS-Carla/CSC791Project/ros-carla-bridge/install/carla_waypoint_types/lib/python3.10/site-packages/carla_waypoint_types/srv/__init__.py'...
[10.123s] Compiling '/home/rfzhang/ROS-Carla/CSC791Project/ros-carla-bridge/install/carla_waypoint_types/lib/python3.10/site-packages/carla_waypoint_types/srv/_get_actor_waypoint.py'...
[10.123s] Compiling '/home/rfzhang/ROS-Carla/CSC791Project/ros-carla-bridge/install/carla_waypoint_types/lib/python3.10/site-packages/carla_waypoint_types/srv/_get_waypoint.py'...
[10.131s] -- Installing: /home/rfzhang/ROS-Carla/CSC791Project/ros-carla-bridge/install/carla_waypoint_types/lib/libcarla_waypoint_types__rosidl_generator_py.so
[10.131s] -- Set runtime path of "/home/rfzhang/ROS-Carla/CSC791Project/ros-carla-bridge/install/carla_waypoint_types/lib/libcarla_waypoint_types__rosidl_generator_py.so" to ""
[10.131s] -- Installing: /home/rfzhang/ROS-Carla/CSC791Project/ros-carla-bridge/install/carla_waypoint_types/share/carla_waypoint_types/cmake/export_carla_waypoint_types__rosidl_generator_cExport.cmake
[10.132s] -- Installing: /home/rfzhang/ROS-Carla/CSC791Project/ros-carla-bridge/install/carla_waypoint_types/share/carla_waypoint_types/cmake/export_carla_waypoint_types__rosidl_generator_cExport-noconfig.cmake
[10.132s] -- Installing: /home/rfzhang/ROS-Carla/CSC791Project/ros-carla-bridge/install/carla_waypoint_types/share/carla_waypoint_types/cmake/export_carla_waypoint_types__rosidl_typesupport_fastrtps_cExport.cmake
[10.136s] -- Installing: /home/rfzhang/ROS-Carla/CSC791Project/ros-carla-bridge/install/carla_waypoint_types/share/carla_waypoint_types/cmake/export_carla_waypoint_types__rosidl_typesupport_fastrtps_cExport-noconfig.cmake
[10.136s] -- Installing: /home/rfzhang/ROS-Carla/CSC791Project/ros-carla-bridge/install/carla_waypoint_types/share/carla_waypoint_types/cmake/export_carla_waypoint_types__rosidl_generator_cppExport.cmake
[10.137s] -- Installing: /home/rfzhang/ROS-Carla/CSC791Project/ros-carla-bridge/install/carla_waypoint_types/share/carla_waypoint_types/cmake/export_carla_waypoint_types__rosidl_typesupport_fastrtps_cppExport.cmake
[10.137s] -- Installing: /home/rfzhang/ROS-Carla/CSC791Project/ros-carla-bridge/install/carla_waypoint_types/share/carla_waypoint_types/cmake/export_carla_waypoint_types__rosidl_typesupport_fastrtps_cppExport-noconfig.cmake
[10.137s] -- Installing: /home/rfzhang/ROS-Carla/CSC791Project/ros-carla-bridge/install/carla_waypoint_types/share/carla_waypoint_types/cmake/carla_waypoint_types__rosidl_typesupport_introspection_cExport.cmake
[10.138s] -- Installing: /home/rfzhang/ROS-Carla/CSC791Project/ros-carla-bridge/install/carla_waypoint_types/share/carla_waypoint_types/cmake/carla_waypoint_types__rosidl_typesupport_introspection_cExport-noconfig.cmake
[10.138s] -- Installing: /home/rfzhang/ROS-Carla/CSC791Project/ros-carla-bridge/install/carla_waypoint_types/share/carla_waypoint_types/cmake/carla_waypoint_types__rosidl_typesupport_cExport.cmake
[10.141s] -- Installing: /home/rfzhang/ROS-Carla/CSC791Project/ros-carla-bridge/install/carla_waypoint_types/share/carla_waypoint_types/cmake/carla_waypoint_types__rosidl_typesupport_cExport-noconfig.cmake
[10.142s] -- Installing: /home/rfzhang/ROS-Carla/CSC791Project/ros-carla-bridge/install/carla_waypoint_types/share/carla_waypoint_types/cmake/carla_waypoint_types__rosidl_typesupport_introspection_cppExport.cmake
[10.143s] -- Installing: /home/rfzhang/ROS-Carla/CSC791Project/ros-carla-bridge/install/carla_waypoint_types/share/carla_waypoint_types/cmake/carla_waypoint_types__rosidl_typesupport_introspection_cppExport-noconfig.cmake
[10.145s] -- Installing: /home/rfzhang/ROS-Carla/CSC791Project/ros-carla-bridge/install/carla_waypoint_types/share/carla_waypoint_types/cmake/carla_waypoint_types__rosidl_typesupport_cppExport.cmake
[10.145s] -- Installing: /home/rfzhang/ROS-Carla/CSC791Project/ros-carla-bridge/install/carla_waypoint_types/share/carla_waypoint_types/cmake/carla_waypoint_types__rosidl_typesupport_cppExport-noconfig.cmake
[10.145s] -- Installing: /home/rfzhang/ROS-Carla/CSC791Project/ros-carla-bridge/install/carla_waypoint_types/share/carla_waypoint_types/cmake/export_carla_waypoint_types__rosidl_generator_pyExport.cmake
[10.145s] -- Installing: /home/rfzhang/ROS-Carla/CSC791Project/ros-carla-bridge/install/carla_waypoint_types/share/carla_waypoint_types/cmake/export_carla_waypoint_types__rosidl_generator_pyExport-noconfig.cmake
[10.145s] Invoked command in '/home/rfzhang/ROS-Carla/CSC791Project/ros-carla-bridge/build/carla_waypoint_types' returned '0': CMAKE_PREFIX_PATH=${CMAKE_PREFIX_PATH}:/home/rfzhang/ROS-Carla/CSC791Project/lidar_to_carla/install/lidar_to_carla:/home/rfzhang/ROS-Carla/CSC791Project/ros-carla-bridge/install/rqt_carla_control:/home/rfzhang/ROS-Carla/CSC791Project/ros-carla-bridge/install/carla_waypoint_publisher:/home/rfzhang/ROS-Carla/CSC791Project/ros-carla-bridge/install/carla_ackermann_control:/home/rfzhang/ROS-Carla/CSC791Project/ros-carla-bridge/install/carla_ros_bridge:/home/rfzhang/ROS-Carla/CSC791Project/ros-carla-bridge/install/carla_spawn_objects:/home/rfzhang/ROS-Carla/CSC791Project/ros-carla-bridge/install/carla_manual_control:/home/rfzhang/ROS-Carla/CSC791Project/ros-carla-bridge/install/carla_ad_agent:/home/rfzhang/ROS-Carla/CSC791Project/ros-carla-bridge/install/ros_compatibility:/home/rfzhang/ROS-Carla/CSC791Project/ros-carla-bridge/install/carla_walker_agent:/home/rfzhang/ROS-Carla/CSC791Project/ros-carla-bridge/install/carla_twist_to_control:/home/rfzhang/ROS-Carla/CSC791Project/ros-carla-bridge/install/carla_ros_scenario_runner:/home/rfzhang/ROS-Carla/CSC791Project/ros-carla-bridge/install/carla_common:/opt/ros/humble VIRTUAL_ENV_PROMPT=(ros-carla) /usr/bin/cmake --install /home/rfzhang/ROS-Carla/CSC791Project/ros-carla-bridge/build/carla_waypoint_types
