[0.395s] DEBUG:colcon:Command line arguments: ['/usr/bin/colcon', 'build', '--symlink-install']
[0.395s] DEBUG:colcon:Parsed command line arguments: Namespace(log_base=None, log_level=None, verb_name='build', build_base='build', install_base='install', merge_install=False, symlink_install=True, test_result_base=None, continue_on_error=False, executor='parallel', parallel_workers=20, event_handlers=None, ignore_user_meta=False, metas=['./colcon.meta'], base_paths=['.'], packages_ignore=None, packages_ignore_regex=None, paths=None, packages_up_to=None, packages_up_to_regex=None, packages_above=None, packages_above_and_dependencies=None, packages_above_depth=None, packages_select_by_dep=None, packages_skip_by_dep=None, packages_skip_up_to=None, packages_select_build_failed=False, packages_skip_build_finished=False, packages_select_test_failures=False, packages_skip_test_passed=False, packages_select=None, packages_skip=None, packages_select_regex=None, packages_skip_regex=None, packages_start=None, packages_end=None, allow_overriding=[], cmake_args=None, cmake_target=None, cmake_target_skip_unavailable=False, cmake_clean_cache=False, cmake_clean_first=False, cmake_force_configure=False, ament_cmake_args=None, catkin_cmake_args=None, catkin_skip_building_tests=False, verb_parser=<colcon_defaults.argument_parser.defaults.DefaultArgumentsDecorator object at 0x7fe203c898d0>, verb_extension=<colcon_core.verb.build.BuildVerb object at 0x7fe203def760>, main=<bound method BuildVerb.main of <colcon_core.verb.build.BuildVerb object at 0x7fe203def760>>)
[0.695s] Level 1:colcon.colcon_core.package_discovery:discover_packages(colcon_meta) check parameters
[0.695s] Level 1:colcon.colcon_core.package_discovery:discover_packages(recursive) check parameters
[0.695s] Level 1:colcon.colcon_core.package_discovery:discover_packages(ignore) check parameters
[0.695s] Level 1:colcon.colcon_core.package_discovery:discover_packages(path) check parameters
[0.695s] Level 1:colcon.colcon_core.package_discovery:discover_packages(colcon_meta) discover
[0.695s] Level 1:colcon.colcon_core.package_discovery:discover_packages(recursive) discover
[0.695s] INFO:colcon.colcon_core.package_discovery:Crawling recursively for packages in '/home/rfzhang/ROS-Carla/CSC791Project/lidar_to_carla'
[0.695s] Level 1:colcon.colcon_core.package_identification:_identify(.) by extensions ['ignore', 'ignore_ament_install']
[0.696s] Level 1:colcon.colcon_core.package_identification:_identify(.) by extension 'ignore'
[0.696s] Level 1:colcon.colcon_core.package_identification:_identify(.) by extension 'ignore_ament_install'
[0.696s] Level 1:colcon.colcon_core.package_identification:_identify(.) by extensions ['colcon_pkg']
[0.696s] Level 1:colcon.colcon_core.package_identification:_identify(.) by extension 'colcon_pkg'
[0.696s] Level 1:colcon.colcon_core.package_identification:_identify(.) by extensions ['colcon_meta']
[0.696s] Level 1:colcon.colcon_core.package_identification:_identify(.) by extension 'colcon_meta'
[0.696s] Level 1:colcon.colcon_core.package_identification:_identify(.) by extensions ['ros']
[0.696s] Level 1:colcon.colcon_core.package_identification:_identify(.) by extension 'ros'
[0.710s] Level 1:colcon.colcon_core.package_identification:_identify(.) by extensions ['cmake', 'python']
[0.710s] Level 1:colcon.colcon_core.package_identification:_identify(.) by extension 'cmake'
[0.710s] Level 1:colcon.colcon_core.package_identification:_identify(.) by extension 'python'
[0.710s] Level 1:colcon.colcon_core.package_identification:_identify(.) by extensions ['python_setup_py']
[0.710s] Level 1:colcon.colcon_core.package_identification:_identify(.) by extension 'python_setup_py'
[0.710s] Level 1:colcon.colcon_core.package_identification:_identify(build) by extensions ['ignore', 'ignore_ament_install']
[0.710s] Level 1:colcon.colcon_core.package_identification:_identify(build) by extension 'ignore'
[0.710s] Level 1:colcon.colcon_core.package_identification:_identify(build) ignored
[0.711s] Level 1:colcon.colcon_core.package_identification:_identify(install) by extensions ['ignore', 'ignore_ament_install']
[0.711s] Level 1:colcon.colcon_core.package_identification:_identify(install) by extension 'ignore'
[0.711s] Level 1:colcon.colcon_core.package_identification:_identify(install) ignored
[0.711s] Level 1:colcon.colcon_core.package_identification:_identify(log) by extensions ['ignore', 'ignore_ament_install']
[0.711s] Level 1:colcon.colcon_core.package_identification:_identify(log) by extension 'ignore'
[0.711s] Level 1:colcon.colcon_core.package_identification:_identify(log) ignored
[0.711s] Level 1:colcon.colcon_core.package_identification:_identify(rosbag2_2025_04_02-21_35_51) by extensions ['ignore', 'ignore_ament_install']
[0.711s] Level 1:colcon.colcon_core.package_identification:_identify(rosbag2_2025_04_02-21_35_51) by extension 'ignore'
[0.711s] Level 1:colcon.colcon_core.package_identification:_identify(rosbag2_2025_04_02-21_35_51) by extension 'ignore_ament_install'
[0.711s] Level 1:colcon.colcon_core.package_identification:_identify(rosbag2_2025_04_02-21_35_51) by extensions ['colcon_pkg']
[0.711s] Level 1:colcon.colcon_core.package_identification:_identify(rosbag2_2025_04_02-21_35_51) by extension 'colcon_pkg'
[0.711s] Level 1:colcon.colcon_core.package_identification:_identify(rosbag2_2025_04_02-21_35_51) by extensions ['colcon_meta']
[0.711s] Level 1:colcon.colcon_core.package_identification:_identify(rosbag2_2025_04_02-21_35_51) by extension 'colcon_meta'
[0.711s] Level 1:colcon.colcon_core.package_identification:_identify(rosbag2_2025_04_02-21_35_51) by extensions ['ros']
[0.711s] Level 1:colcon.colcon_core.package_identification:_identify(rosbag2_2025_04_02-21_35_51) by extension 'ros'
[0.711s] Level 1:colcon.colcon_core.package_identification:_identify(rosbag2_2025_04_02-21_35_51) by extensions ['cmake', 'python']
[0.711s] Level 1:colcon.colcon_core.package_identification:_identify(rosbag2_2025_04_02-21_35_51) by extension 'cmake'
[0.711s] Level 1:colcon.colcon_core.package_identification:_identify(rosbag2_2025_04_02-21_35_51) by extension 'python'
[0.711s] Level 1:colcon.colcon_core.package_identification:_identify(rosbag2_2025_04_02-21_35_51) by extensions ['python_setup_py']
[0.711s] Level 1:colcon.colcon_core.package_identification:_identify(rosbag2_2025_04_02-21_35_51) by extension 'python_setup_py'
[0.711s] Level 1:colcon.colcon_core.package_identification:_identify(src) by extensions ['ignore', 'ignore_ament_install']
[0.711s] Level 1:colcon.colcon_core.package_identification:_identify(src) by extension 'ignore'
[0.711s] Level 1:colcon.colcon_core.package_identification:_identify(src) by extension 'ignore_ament_install'
[0.711s] Level 1:colcon.colcon_core.package_identification:_identify(src) by extensions ['colcon_pkg']
[0.711s] Level 1:colcon.colcon_core.package_identification:_identify(src) by extension 'colcon_pkg'
[0.711s] Level 1:colcon.colcon_core.package_identification:_identify(src) by extensions ['colcon_meta']
[0.711s] Level 1:colcon.colcon_core.package_identification:_identify(src) by extension 'colcon_meta'
[0.711s] Level 1:colcon.colcon_core.package_identification:_identify(src) by extensions ['ros']
[0.711s] Level 1:colcon.colcon_core.package_identification:_identify(src) by extension 'ros'
[0.711s] Level 1:colcon.colcon_core.package_identification:_identify(src) by extensions ['cmake', 'python']
[0.712s] Level 1:colcon.colcon_core.package_identification:_identify(src) by extension 'cmake'
[0.712s] Level 1:colcon.colcon_core.package_identification:_identify(src) by extension 'python'
[0.712s] Level 1:colcon.colcon_core.package_identification:_identify(src) by extensions ['python_setup_py']
[0.712s] Level 1:colcon.colcon_core.package_identification:_identify(src) by extension 'python_setup_py'
[0.712s] Level 1:colcon.colcon_core.package_identification:_identify(src/lidar_to_carla) by extensions ['ignore', 'ignore_ament_install']
[0.712s] Level 1:colcon.colcon_core.package_identification:_identify(src/lidar_to_carla) by extension 'ignore'
[0.712s] Level 1:colcon.colcon_core.package_identification:_identify(src/lidar_to_carla) by extension 'ignore_ament_install'
[0.712s] Level 1:colcon.colcon_core.package_identification:_identify(src/lidar_to_carla) by extensions ['colcon_pkg']
[0.712s] Level 1:colcon.colcon_core.package_identification:_identify(src/lidar_to_carla) by extension 'colcon_pkg'
[0.712s] Level 1:colcon.colcon_core.package_identification:_identify(src/lidar_to_carla) by extensions ['colcon_meta']
[0.712s] Level 1:colcon.colcon_core.package_identification:_identify(src/lidar_to_carla) by extension 'colcon_meta'
[0.712s] Level 1:colcon.colcon_core.package_identification:_identify(src/lidar_to_carla) by extensions ['ros']
[0.712s] Level 1:colcon.colcon_core.package_identification:_identify(src/lidar_to_carla) by extension 'ros'
[0.715s] DEBUG:colcon.colcon_core.package_identification:Package 'src/lidar_to_carla' with type 'ros.ament_python' and name 'lidar_to_carla'
[0.715s] Level 1:colcon.colcon_core.package_discovery:discover_packages(recursive) using defaults
[0.715s] Level 1:colcon.colcon_core.package_discovery:discover_packages(ignore) discover
[0.715s] Level 1:colcon.colcon_core.package_discovery:discover_packages(ignore) using defaults
[0.715s] Level 1:colcon.colcon_core.package_discovery:discover_packages(path) discover
[0.715s] Level 1:colcon.colcon_core.package_discovery:discover_packages(path) using defaults
[0.748s] Level 1:colcon.colcon_core.package_discovery:discover_packages(prefix_path) check parameters
[0.748s] Level 1:colcon.colcon_core.package_discovery:discover_packages(prefix_path) discover
[0.753s] DEBUG:colcon.colcon_installed_package_information.package_discovery:Found 1 installed packages in /home/rfzhang/ROS-Carla/CSC791Project/lidar_to_carla/install
[0.754s] DEBUG:colcon.colcon_installed_package_information.package_discovery:Found 19 installed packages in /home/rfzhang/ROS-Carla/CSC791Project/ros-carla-bridge/install
[0.755s] DEBUG:colcon.colcon_installed_package_information.package_discovery:Found 252 installed packages in /opt/ros/humble
[0.756s] Level 1:colcon.colcon_core.package_discovery:discover_packages(prefix_path) using defaults
[0.821s] Level 5:colcon.colcon_core.verb:set package 'lidar_to_carla' build argument 'cmake_args' from command line to 'None'
[0.821s] Level 5:colcon.colcon_core.verb:set package 'lidar_to_carla' build argument 'cmake_target' from command line to 'None'
[0.821s] Level 5:colcon.colcon_core.verb:set package 'lidar_to_carla' build argument 'cmake_target_skip_unavailable' from command line to 'False'
[0.821s] Level 5:colcon.colcon_core.verb:set package 'lidar_to_carla' build argument 'cmake_clean_cache' from command line to 'False'
[0.821s] Level 5:colcon.colcon_core.verb:set package 'lidar_to_carla' build argument 'cmake_clean_first' from command line to 'False'
[0.821s] Level 5:colcon.colcon_core.verb:set package 'lidar_to_carla' build argument 'cmake_force_configure' from command line to 'False'
[0.821s] Level 5:colcon.colcon_core.verb:set package 'lidar_to_carla' build argument 'ament_cmake_args' from command line to 'None'
[0.821s] Level 5:colcon.colcon_core.verb:set package 'lidar_to_carla' build argument 'catkin_cmake_args' from command line to 'None'
[0.821s] Level 5:colcon.colcon_core.verb:set package 'lidar_to_carla' build argument 'catkin_skip_building_tests' from command line to 'False'
[0.821s] DEBUG:colcon.colcon_core.verb:Building package 'lidar_to_carla' with the following arguments: {'ament_cmake_args': None, 'build_base': '/home/rfzhang/ROS-Carla/CSC791Project/lidar_to_carla/build/lidar_to_carla', 'catkin_cmake_args': None, 'catkin_skip_building_tests': False, 'cmake_args': None, 'cmake_clean_cache': False, 'cmake_clean_first': False, 'cmake_force_configure': False, 'cmake_target': None, 'cmake_target_skip_unavailable': False, 'install_base': '/home/rfzhang/ROS-Carla/CSC791Project/lidar_to_carla/install/lidar_to_carla', 'merge_install': False, 'path': '/home/rfzhang/ROS-Carla/CSC791Project/lidar_to_carla/src/lidar_to_carla', 'symlink_install': True, 'test_result_base': None}
[0.822s] INFO:colcon.colcon_core.executor:Executing jobs using 'parallel' executor
[0.822s] DEBUG:colcon.colcon_parallel_executor.executor.parallel:run_until_complete
[0.823s] INFO:colcon.colcon_ros.task.ament_python.build:Building ROS package in '/home/rfzhang/ROS-Carla/CSC791Project/lidar_to_carla/src/lidar_to_carla' with build type 'ament_python'
[0.823s] Level 1:colcon.colcon_core.shell:create_environment_hook('lidar_to_carla', 'ament_prefix_path')
[0.829s] INFO:colcon.colcon_core.plugin_system:Skipping extension 'colcon_core.shell.bat': Not used on non-Windows systems
[0.829s] INFO:colcon.colcon_core.shell:Creating environment hook '/home/rfzhang/ROS-Carla/CSC791Project/lidar_to_carla/install/lidar_to_carla/share/lidar_to_carla/hook/ament_prefix_path.ps1'
[0.830s] INFO:colcon.colcon_core.shell:Creating environment descriptor '/home/rfzhang/ROS-Carla/CSC791Project/lidar_to_carla/install/lidar_to_carla/share/lidar_to_carla/hook/ament_prefix_path.dsv'
[0.831s] INFO:colcon.colcon_core.shell:Creating environment hook '/home/rfzhang/ROS-Carla/CSC791Project/lidar_to_carla/install/lidar_to_carla/share/lidar_to_carla/hook/ament_prefix_path.sh'
[0.831s] INFO:colcon.colcon_core.shell:Skip shell extension 'powershell' for command environment: Not usable outside of PowerShell
[0.831s] DEBUG:colcon.colcon_core.shell:Skip shell extension 'dsv' for command environment
[1.097s] INFO:colcon.colcon_core.task.python.build:Building Python package in '/home/rfzhang/ROS-Carla/CSC791Project/lidar_to_carla/src/lidar_to_carla'
[1.098s] INFO:colcon.colcon_core.shell:Skip shell extension 'powershell' for command environment: Not usable outside of PowerShell
[1.098s] DEBUG:colcon.colcon_core.shell:Skip shell extension 'dsv' for command environment
[1.713s] DEBUG:colcon.colcon_core.event_handler.log_command:Invoking command in '/home/rfzhang/ROS-Carla/CSC791Project/lidar_to_carla/build/lidar_to_carla': PYTHONPATH=/home/rfzhang/ROS-Carla/CSC791Project/lidar_to_carla/build/lidar_to_carla/prefix_override:/usr/lib/python3/dist-packages/colcon_core/task/python/colcon_distutils_commands:/home/rfzhang/ROS-Carla/CSC791Project/lidar_to_carla/install/lidar_to_carla/lib/python3.10/site-packages:${PYTHONPATH} VIRTUAL_ENV_PROMPT=(ros-carla) /usr/bin/python3 -W ignore:setup.py install is deprecated -W ignore:easy_install command is deprecated setup.py develop --editable --build-directory /home/rfzhang/ROS-Carla/CSC791Project/lidar_to_carla/build/lidar_to_carla/build --no-deps symlink_data
[2.188s] Level 1:colcon.colcon_core.shell:create_environment_hook('lidar_to_carla', 'pythonpath_develop')
[2.189s] INFO:colcon.colcon_core.shell:Creating environment hook '/home/rfzhang/ROS-Carla/CSC791Project/lidar_to_carla/build/lidar_to_carla/share/lidar_to_carla/hook/pythonpath_develop.ps1'
[2.190s] DEBUG:colcon.colcon_core.event_handler.log_command:Invoked command in '/home/rfzhang/ROS-Carla/CSC791Project/lidar_to_carla/build/lidar_to_carla' returned '0': PYTHONPATH=/home/rfzhang/ROS-Carla/CSC791Project/lidar_to_carla/build/lidar_to_carla/prefix_override:/usr/lib/python3/dist-packages/colcon_core/task/python/colcon_distutils_commands:/home/rfzhang/ROS-Carla/CSC791Project/lidar_to_carla/install/lidar_to_carla/lib/python3.10/site-packages:${PYTHONPATH} VIRTUAL_ENV_PROMPT=(ros-carla) /usr/bin/python3 -W ignore:setup.py install is deprecated -W ignore:easy_install command is deprecated setup.py develop --editable --build-directory /home/rfzhang/ROS-Carla/CSC791Project/lidar_to_carla/build/lidar_to_carla/build --no-deps symlink_data
[2.191s] INFO:colcon.colcon_core.shell:Creating environment descriptor '/home/rfzhang/ROS-Carla/CSC791Project/lidar_to_carla/build/lidar_to_carla/share/lidar_to_carla/hook/pythonpath_develop.dsv'
[2.191s] INFO:colcon.colcon_core.shell:Creating environment hook '/home/rfzhang/ROS-Carla/CSC791Project/lidar_to_carla/build/lidar_to_carla/share/lidar_to_carla/hook/pythonpath_develop.sh'
[2.199s] Level 1:colcon.colcon_core.environment:checking '/home/rfzhang/ROS-Carla/CSC791Project/lidar_to_carla/install/lidar_to_carla' for CMake module files
[2.200s] Level 1:colcon.colcon_core.environment:checking '/home/rfzhang/ROS-Carla/CSC791Project/lidar_to_carla/install/lidar_to_carla' for CMake config files
[2.201s] Level 1:colcon.colcon_core.environment:checking '/home/rfzhang/ROS-Carla/CSC791Project/lidar_to_carla/install/lidar_to_carla/lib'
[2.201s] Level 1:colcon.colcon_core.environment:checking '/home/rfzhang/ROS-Carla/CSC791Project/lidar_to_carla/install/lidar_to_carla/bin'
[2.201s] Level 1:colcon.colcon_core.environment:checking '/home/rfzhang/ROS-Carla/CSC791Project/lidar_to_carla/install/lidar_to_carla/lib/pkgconfig/lidar_to_carla.pc'
[2.201s] Level 1:colcon.colcon_core.environment:checking '/home/rfzhang/ROS-Carla/CSC791Project/lidar_to_carla/install/lidar_to_carla/lib/python3.10/site-packages'
[2.201s] Level 1:colcon.colcon_core.shell:create_environment_hook('lidar_to_carla', 'pythonpath')
[2.201s] INFO:colcon.colcon_core.shell:Creating environment hook '/home/rfzhang/ROS-Carla/CSC791Project/lidar_to_carla/install/lidar_to_carla/share/lidar_to_carla/hook/pythonpath.ps1'
[2.202s] INFO:colcon.colcon_core.shell:Creating environment descriptor '/home/rfzhang/ROS-Carla/CSC791Project/lidar_to_carla/install/lidar_to_carla/share/lidar_to_carla/hook/pythonpath.dsv'
[2.202s] INFO:colcon.colcon_core.shell:Creating environment hook '/home/rfzhang/ROS-Carla/CSC791Project/lidar_to_carla/install/lidar_to_carla/share/lidar_to_carla/hook/pythonpath.sh'
[2.202s] Level 1:colcon.colcon_core.environment:checking '/home/rfzhang/ROS-Carla/CSC791Project/lidar_to_carla/install/lidar_to_carla/bin'
[2.202s] Level 1:colcon.colcon_core.environment:create_environment_scripts_only(lidar_to_carla)
[2.203s] INFO:colcon.colcon_core.shell:Creating package script '/home/rfzhang/ROS-Carla/CSC791Project/lidar_to_carla/install/lidar_to_carla/share/lidar_to_carla/package.ps1'
[2.205s] INFO:colcon.colcon_core.shell:Creating package descriptor '/home/rfzhang/ROS-Carla/CSC791Project/lidar_to_carla/install/lidar_to_carla/share/lidar_to_carla/package.dsv'
[2.206s] INFO:colcon.colcon_core.shell:Creating package script '/home/rfzhang/ROS-Carla/CSC791Project/lidar_to_carla/install/lidar_to_carla/share/lidar_to_carla/package.sh'
[2.208s] INFO:colcon.colcon_core.shell:Creating package script '/home/rfzhang/ROS-Carla/CSC791Project/lidar_to_carla/install/lidar_to_carla/share/lidar_to_carla/package.bash'
[2.209s] INFO:colcon.colcon_core.shell:Creating package script '/home/rfzhang/ROS-Carla/CSC791Project/lidar_to_carla/install/lidar_to_carla/share/lidar_to_carla/package.zsh'
[2.209s] Level 1:colcon.colcon_core.environment:create_file_with_runtime_dependencies(/home/rfzhang/ROS-Carla/CSC791Project/lidar_to_carla/install/lidar_to_carla/share/colcon-core/packages/lidar_to_carla)
[2.210s] DEBUG:colcon.colcon_parallel_executor.executor.parallel:closing loop
[2.210s] DEBUG:colcon.colcon_parallel_executor.executor.parallel:loop closed
[2.210s] DEBUG:colcon.colcon_parallel_executor.executor.parallel:run_until_complete finished with '0'
[2.211s] DEBUG:colcon.colcon_core.event_reactor:joining thread
[2.406s] INFO:colcon.colcon_core.plugin_system:Skipping extension 'colcon_notification.desktop_notification.notify_send': Could not find 'notify-send'
[2.407s] INFO:colcon.colcon_core.plugin_system:Skipping extension 'colcon_notification.desktop_notification.terminal_notifier': Not used on non-Darwin systems
[2.407s] INFO:colcon.colcon_core.plugin_system:Skipping extension 'colcon_notification.desktop_notification.win32': Not used on non-Windows systems
[2.407s] INFO:colcon.colcon_notification.desktop_notification:Sending desktop notification using 'notify2'
[2.407s] DEBUG:colcon.colcon_notification.desktop_notification.notify2:Failed to initialize notify2: org.freedesktop.DBus.Error.FileNotFound: Failed to connect to socket /run/user/1000/bus: No such file or directory
[2.407s] DEBUG:colcon.colcon_core.event_reactor:joined thread
[2.408s] INFO:colcon.colcon_core.shell:Creating prefix script '/home/rfzhang/ROS-Carla/CSC791Project/lidar_to_carla/install/local_setup.ps1'
[2.410s] INFO:colcon.colcon_core.shell:Creating prefix util module '/home/rfzhang/ROS-Carla/CSC791Project/lidar_to_carla/install/_local_setup_util_ps1.py'
[2.411s] INFO:colcon.colcon_core.shell:Creating prefix chain script '/home/rfzhang/ROS-Carla/CSC791Project/lidar_to_carla/install/setup.ps1'
[2.412s] INFO:colcon.colcon_core.shell:Creating prefix script '/home/rfzhang/ROS-Carla/CSC791Project/lidar_to_carla/install/local_setup.sh'
[2.414s] INFO:colcon.colcon_core.shell:Creating prefix util module '/home/rfzhang/ROS-Carla/CSC791Project/lidar_to_carla/install/_local_setup_util_sh.py'
[2.414s] INFO:colcon.colcon_core.shell:Creating prefix chain script '/home/rfzhang/ROS-Carla/CSC791Project/lidar_to_carla/install/setup.sh'
[2.415s] INFO:colcon.colcon_core.shell:Creating prefix script '/home/rfzhang/ROS-Carla/CSC791Project/lidar_to_carla/install/local_setup.bash'
[2.416s] INFO:colcon.colcon_core.shell:Creating prefix chain script '/home/rfzhang/ROS-Carla/CSC791Project/lidar_to_carla/install/setup.bash'
[2.417s] INFO:colcon.colcon_core.shell:Creating prefix script '/home/rfzhang/ROS-Carla/CSC791Project/lidar_to_carla/install/local_setup.zsh'
[2.418s] INFO:colcon.colcon_core.shell:Creating prefix chain script '/home/rfzhang/ROS-Carla/CSC791Project/lidar_to_carla/install/setup.zsh'
