[0.186s] Invoking command in '/home/rfzhang/ROS-Carla/CSC791Project/ros-carla-bridge/build/carla_ackermann_msgs': CMAKE_PREFIX_PATH=/home/rfzhang/ROS-Carla/CSC791Project/ros-carla-bridge/install/carla_msgs:/home/rfzhang/ROS-Carla/CSC791Project/ros-carla-bridge/install/carla_ad_demo:/home/rfzhang/ROS-Carla/CSC791Project/ros-carla-bridge/install/rviz_carla_plugin:/home/rfzhang/ROS-Carla/CSC791Project/ros-carla-bridge/install/pcl_recorder:/home/rfzhang/ROS-Carla/CSC791Project/ros-carla-bridge/install/carla_waypoint_types:/home/rfzhang/ROS-Carla/CSC791Project/ros-carla-bridge/install/carla_ros_scenario_runner_types:/home/rfzhang/ROS-Carla/CSC791Project/ros-carla-bridge/install/carla_ackermann_msgs:/home/rfzhang/ROS-Carla/CSC791Project/lidar_to_carla/install/lidar_to_carla:/home/rfzhang/ROS-Carla/CSC791Project/ros-carla-bridge/install/rqt_carla_control:/home/rfzhang/ROS-Carla/CSC791Project/ros-carla-bridge/install/carla_waypoint_publisher:/home/rfzhang/ROS-Carla/CSC791Project/ros-carla-bridge/install/carla_ackermann_control:/home/rfzhang/ROS-Carla/CSC791Project/ros-carla-bridge/install/carla_ros_bridge:/home/rfzhang/ROS-Carla/CSC791Project/ros-carla-bridge/install/carla_spawn_objects:/home/rfzhang/ROS-Carla/CSC791Project/ros-carla-bridge/install/carla_manual_control:/home/rfzhang/ROS-Carla/CSC791Project/ros-carla-bridge/install/carla_ad_agent:/home/rfzhang/ROS-Carla/CSC791Project/ros-carla-bridge/install/ros_compatibility:/home/rfzhang/ROS-Carla/CSC791Project/ros-carla-bridge/install/carla_walker_agent:/home/rfzhang/ROS-Carla/CSC791Project/ros-carla-bridge/install/carla_twist_to_control:/home/rfzhang/ROS-Carla/CSC791Project/ros-carla-bridge/install/carla_ros_scenario_runner:/home/rfzhang/ROS-Carla/CSC791Project/ros-carla-bridge/install/carla_common:/opt/ros/humble LD_LIBRARY_PATH=/home/rfzhang/ROS-Carla/CSC791Project/ros-carla-bridge/install/carla_msgs/lib:/home/rfzhang/ROS-Carla/CSC791Project/ros-carla-bridge/install/rviz_carla_plugin/lib:/home/rfzhang/ROS-Carla/CSC791Project/ros-carla-bridge/install/carla_waypoint_types/lib:/home/rfzhang/ROS-Carla/CSC791Project/ros-carla-bridge/install/carla_ros_scenario_runner_types/lib:/home/rfzhang/ROS-Carla/CSC791Project/ros-carla-bridge/install/carla_ackermann_msgs/lib:/opt/ros/humble/opt/rviz_ogre_vendor/lib:/opt/ros/humble/lib/x86_64-linux-gnu:/opt/ros/humble/lib PYTHONPATH=/home/rfzhang/ROS-Carla/CSC791Project/ros-carla-bridge/install/carla_msgs/lib/python3.10/site-packages:/home/rfzhang/ROS-Carla/CSC791Project/ros-carla-bridge/install/carla_waypoint_types/lib/python3.10/site-packages:/home/rfzhang/ROS-Carla/CSC791Project/ros-carla-bridge/install/carla_ros_scenario_runner_types/lib/python3.10/site-packages:/home/rfzhang/ROS-Carla/CSC791Project/ros-carla-bridge/install/carla_ackermann_msgs/lib/python3.10/site-packages:/home/rfzhang/ROS-Carla/PythonAPI/carla:/home/rfzhang/ROS-Carla/ros-carla/lib/python3.10/site-packages:/home/rfzhang/ROS-Carla/CSC791Project/lidar_to_carla/build/lidar_to_carla:/home/rfzhang/ROS-Carla/CSC791Project/lidar_to_carla/install/lidar_to_carla/lib/python3.10/site-packages:/home/rfzhang/ROS-Carla/CSC791Project/ros-carla-bridge/build/rqt_carla_control/src:/home/rfzhang/ROS-Carla/CSC791Project/ros-carla-bridge/install/rqt_carla_control/lib/python3.10/site-packages:/home/rfzhang/ROS-Carla/CSC791Project/ros-carla-bridge/build/carla_waypoint_publisher/src:/home/rfzhang/ROS-Carla/CSC791Project/ros-carla-bridge/install/carla_waypoint_publisher/lib/python3.10/site-packages:/home/rfzhang/ROS-Carla/CSC791Project/ros-carla-bridge/build/carla_ackermann_control/src:/home/rfzhang/ROS-Carla/CSC791Project/ros-carla-bridge/install/carla_ackermann_control/lib/python3.10/site-packages:/home/rfzhang/ROS-Carla/CSC791Project/ros-carla-bridge/build/carla_ros_bridge/src:/home/rfzhang/ROS-Carla/CSC791Project/ros-carla-bridge/install/carla_ros_bridge/lib/python3.10/site-packages:/home/rfzhang/ROS-Carla/CSC791Project/ros-carla-bridge/build/carla_spawn_objects:/home/rfzhang/ROS-Carla/CSC791Project/ros-carla-bridge/install/carla_spawn_objects/lib/python3.10/site-packages:/home/rfzhang/ROS-Carla/CSC791Project/ros-carla-bridge/build/carla_manual_control/src:/home/rfzhang/ROS-Carla/CSC791Project/ros-carla-bridge/install/carla_manual_control/lib/python3.10/site-packages:/home/rfzhang/ROS-Carla/CSC791Project/ros-carla-bridge/build/carla_ad_agent/src:/home/rfzhang/ROS-Carla/CSC791Project/ros-carla-bridge/install/carla_ad_agent/lib/python3.10/site-packages:/home/rfzhang/ROS-Carla/CSC791Project/ros-carla-bridge/build/ros_compatibility/src:/home/rfzhang/ROS-Carla/CSC791Project/ros-carla-bridge/install/ros_compatibility/lib/python3.10/site-packages:/home/rfzhang/ROS-Carla/CSC791Project/ros-carla-bridge/install/carla_waypoint_types/local/lib/python3.10/dist-packages:/home/rfzhang/ROS-Carla/CSC791Project/ros-carla-bridge/build/carla_walker_agent/src:/home/rfzhang/ROS-Carla/CSC791Project/ros-carla-bridge/install/carla_walker_agent/lib/python3.10/site-packages:/home/rfzhang/ROS-Carla/CSC791Project/ros-carla-bridge/build/carla_twist_to_control/src:/home/rfzhang/ROS-Carla/CSC791Project/ros-carla-bridge/install/carla_twist_to_control/lib/python3.10/site-packages:/home/rfzhang/ROS-Carla/CSC791Project/ros-carla-bridge/build/carla_ros_scenario_runner/src:/home/rfzhang/ROS-Carla/CSC791Project/ros-carla-bridge/install/carla_ros_scenario_runner/lib/python3.10/site-packages:/home/rfzhang/ROS-Carla/CSC791Project/ros-carla-bridge/install/carla_ros_scenario_runner_types/local/lib/python3.10/dist-packages:/home/rfzhang/ROS-Carla/CSC791Project/ros-carla-bridge/install/carla_ackermann_msgs/local/lib/python3.10/dist-packages:/home/rfzhang/ROS-Carla/CSC791Project/ros-carla-bridge/install/carla_msgs/local/lib/python3.10/dist-packages:/home/rfzhang/ROS-Carla/CSC791Project/ros-carla-bridge/build/carla_common/src:/home/rfzhang/ROS-Carla/CSC791Project/ros-carla-bridge/install/carla_common/lib/python3.10/site-packages:/opt/ros/humble/lib/python3.10/site-packages:/opt/ros/humble/local/lib/python3.10/dist-packages:/home/rfzhang/ROS-Carla/ros-carla/lib/python3.10/site-packages:/home/rfzhang/ROS-Carla/carla-0.9.14-py3.10-linux-x86_64.egg:/home/rfzhang/ROS-Carla/carla-0.9.14-py3.10-linux-x86_64.egg VIRTUAL_ENV_PROMPT=(ros-carla) /usr/bin/cmake /home/rfzhang/ROS-Carla/CSC791Project/ros-carla-bridge/src/carla_ros/carla_ackermann_msgs -DAMENT_CMAKE_SYMLINK_INSTALL=1 -DCMAKE_INSTALL_PREFIX=/home/rfzhang/ROS-Carla/CSC791Project/ros-carla-bridge/install/carla_ackermann_msgs
[0.368s] -- The C compiler identification is GNU 11.4.0
[1.281s] -- The CXX compiler identification is GNU 11.4.0
[2.043s] -- Detecting C compiler ABI info
[2.268s] -- Detecting C compiler ABI info - done
[2.274s] -- Check for working C compiler: /usr/bin/cc - skipped
[2.274s] -- Detecting C compile features
[2.274s] -- Detecting C compile features - done
[2.276s] -- Detecting CXX compiler ABI info
[2.534s] -- Detecting CXX compiler ABI info - done
[2.539s] -- Check for working CXX compiler: /usr/bin/c++ - skipped
[2.539s] -- Detecting CXX compile features
[2.539s] -- Detecting CXX compile features - done
[2.541s] -- Found ros_environment: 3.2.2 (/opt/ros/humble/share/ros_environment/cmake)
[2.542s] -- Found ament_cmake: 1.3.11 (/opt/ros/humble/share/ament_cmake/cmake)
[2.649s] -- Found Python3: /home/rfzhang/ROS-Carla/ros-carla/bin/python3 (found version "3.10.12") found components: Interpreter 
[2.695s] -- Override CMake install command with custom implementation using symlinks instead of copying resources
[2.713s] -- Found builtin_interfaces: 1.2.1 (/opt/ros/humble/share/builtin_interfaces/cmake)
[2.936s] -- Found rosidl_generator_c: 3.1.6 (/opt/ros/humble/share/rosidl_generator_c/cmake)
[2.943s] -- Found rosidl_adapter: 3.1.6 (/opt/ros/humble/share/rosidl_adapter/cmake)
[2.948s] -- Found rosidl_generator_cpp: 3.1.6 (/opt/ros/humble/share/rosidl_generator_cpp/cmake)
[2.957s] -- Using all available rosidl_typesupport_c: rosidl_typesupport_fastrtps_c;rosidl_typesupport_introspection_c
[2.968s] -- Using all available rosidl_typesupport_cpp: rosidl_typesupport_fastrtps_cpp;rosidl_typesupport_introspection_cpp
[2.979s] -- Found std_msgs: 4.2.4 (/opt/ros/humble/share/std_msgs/cmake)
[2.985s] -- Found carla_msgs: 1.3.0 (/home/rfzhang/ROS-Carla/CSC791Project/ros-carla-bridge/install/carla_msgs/share/carla_msgs/cmake)
[3.014s] -- Found rosidl_default_generators: 1.2.0 (/opt/ros/humble/share/rosidl_default_generators/cmake)
[3.272s] -- Found ament_cmake_cppcheck: 0.12.11 (/opt/ros/humble/share/ament_cmake_cppcheck/cmake)
[3.274s] -- Found ament_cmake_cpplint: 0.12.11 (/opt/ros/humble/share/ament_cmake_cpplint/cmake)
[3.275s] -- Found ament_cmake_uncrustify: 0.12.11 (/opt/ros/humble/share/ament_cmake_uncrustify/cmake)
[3.277s] -- Found ament_cmake_ros: 0.10.0 (/opt/ros/humble/share/ament_cmake_ros/cmake)
[3.669s] -- Using all available rosidl_typesupport_c: rosidl_typesupport_fastrtps_c;rosidl_typesupport_introspection_c
[3.794s] -- Using all available rosidl_typesupport_cpp: rosidl_typesupport_fastrtps_cpp;rosidl_typesupport_introspection_cpp
[4.052s] -- Found PythonInterp: /home/rfzhang/ROS-Carla/ros-carla/bin/python3 (found suitable version "3.10.12", minimum required is "3.6") 
[4.054s] -- Found python_cmake_module: 0.10.0 (/opt/ros/humble/share/python_cmake_module/cmake)
[4.875s] -- Found PythonLibs: /usr/lib/x86_64-linux-gnu/libpython3.10.so (found suitable version "3.10.12", minimum required is "3.5") 
[4.876s] -- Using PYTHON_EXECUTABLE: /home/rfzhang/ROS-Carla/ros-carla/bin/python3
[4.876s] -- Using PYTHON_INCLUDE_DIRS: /usr/include/python3.10
[4.876s] -- Using PYTHON_LIBRARIES: /usr/lib/x86_64-linux-gnu/libpython3.10.so
[4.888s] -- Found PythonExtra: .so  
[5.030s] -- Found ament_cmake_flake8: 0.12.11 (/opt/ros/humble/share/ament_cmake_flake8/cmake)
[5.032s] -- Found ament_cmake_pep257: 0.12.11 (/opt/ros/humble/share/ament_cmake_pep257/cmake)
[5.035s] -- Found ament_lint_auto: 0.12.11 (/opt/ros/humble/share/ament_lint_auto/cmake)
[5.046s] -- Added test 'copyright' to check source files copyright and LICENSE
[5.047s] -- Added test 'lint_cmake' to check CMake code style
[5.047s] -- Added test 'xmllint' to check XML markup files
[5.050s] -- Configuring done
[5.085s] -- Generating done
[5.094s] -- Build files have been written to: /home/rfzhang/ROS-Carla/CSC791Project/ros-carla-bridge/build/carla_ackermann_msgs
[5.101s] Invoked command in '/home/rfzhang/ROS-Carla/CSC791Project/ros-carla-bridge/build/carla_ackermann_msgs' returned '0': CMAKE_PREFIX_PATH=/home/rfzhang/ROS-Carla/CSC791Project/ros-carla-bridge/install/carla_msgs:/home/rfzhang/ROS-Carla/CSC791Project/ros-carla-bridge/install/carla_ad_demo:/home/rfzhang/ROS-Carla/CSC791Project/ros-carla-bridge/install/rviz_carla_plugin:/home/rfzhang/ROS-Carla/CSC791Project/ros-carla-bridge/install/pcl_recorder:/home/rfzhang/ROS-Carla/CSC791Project/ros-carla-bridge/install/carla_waypoint_types:/home/rfzhang/ROS-Carla/CSC791Project/ros-carla-bridge/install/carla_ros_scenario_runner_types:/home/rfzhang/ROS-Carla/CSC791Project/ros-carla-bridge/install/carla_ackermann_msgs:/home/rfzhang/ROS-Carla/CSC791Project/lidar_to_carla/install/lidar_to_carla:/home/rfzhang/ROS-Carla/CSC791Project/ros-carla-bridge/install/rqt_carla_control:/home/rfzhang/ROS-Carla/CSC791Project/ros-carla-bridge/install/carla_waypoint_publisher:/home/rfzhang/ROS-Carla/CSC791Project/ros-carla-bridge/install/carla_ackermann_control:/home/rfzhang/ROS-Carla/CSC791Project/ros-carla-bridge/install/carla_ros_bridge:/home/rfzhang/ROS-Carla/CSC791Project/ros-carla-bridge/install/carla_spawn_objects:/home/rfzhang/ROS-Carla/CSC791Project/ros-carla-bridge/install/carla_manual_control:/home/rfzhang/ROS-Carla/CSC791Project/ros-carla-bridge/install/carla_ad_agent:/home/rfzhang/ROS-Carla/CSC791Project/ros-carla-bridge/install/ros_compatibility:/home/rfzhang/ROS-Carla/CSC791Project/ros-carla-bridge/install/carla_walker_agent:/home/rfzhang/ROS-Carla/CSC791Project/ros-carla-bridge/install/carla_twist_to_control:/home/rfzhang/ROS-Carla/CSC791Project/ros-carla-bridge/install/carla_ros_scenario_runner:/home/rfzhang/ROS-Carla/CSC791Project/ros-carla-bridge/install/carla_common:/opt/ros/humble LD_LIBRARY_PATH=/home/rfzhang/ROS-Carla/CSC791Project/ros-carla-bridge/install/carla_msgs/lib:/home/rfzhang/ROS-Carla/CSC791Project/ros-carla-bridge/install/rviz_carla_plugin/lib:/home/rfzhang/ROS-Carla/CSC791Project/ros-carla-bridge/install/carla_waypoint_types/lib:/home/rfzhang/ROS-Carla/CSC791Project/ros-carla-bridge/install/carla_ros_scenario_runner_types/lib:/home/rfzhang/ROS-Carla/CSC791Project/ros-carla-bridge/install/carla_ackermann_msgs/lib:/opt/ros/humble/opt/rviz_ogre_vendor/lib:/opt/ros/humble/lib/x86_64-linux-gnu:/opt/ros/humble/lib PYTHONPATH=/home/rfzhang/ROS-Carla/CSC791Project/ros-carla-bridge/install/carla_msgs/lib/python3.10/site-packages:/home/rfzhang/ROS-Carla/CSC791Project/ros-carla-bridge/install/carla_waypoint_types/lib/python3.10/site-packages:/home/rfzhang/ROS-Carla/CSC791Project/ros-carla-bridge/install/carla_ros_scenario_runner_types/lib/python3.10/site-packages:/home/rfzhang/ROS-Carla/CSC791Project/ros-carla-bridge/install/carla_ackermann_msgs/lib/python3.10/site-packages:/home/rfzhang/ROS-Carla/PythonAPI/carla:/home/rfzhang/ROS-Carla/ros-carla/lib/python3.10/site-packages:/home/rfzhang/ROS-Carla/CSC791Project/lidar_to_carla/build/lidar_to_carla:/home/rfzhang/ROS-Carla/CSC791Project/lidar_to_carla/install/lidar_to_carla/lib/python3.10/site-packages:/home/rfzhang/ROS-Carla/CSC791Project/ros-carla-bridge/build/rqt_carla_control/src:/home/rfzhang/ROS-Carla/CSC791Project/ros-carla-bridge/install/rqt_carla_control/lib/python3.10/site-packages:/home/rfzhang/ROS-Carla/CSC791Project/ros-carla-bridge/build/carla_waypoint_publisher/src:/home/rfzhang/ROS-Carla/CSC791Project/ros-carla-bridge/install/carla_waypoint_publisher/lib/python3.10/site-packages:/home/rfzhang/ROS-Carla/CSC791Project/ros-carla-bridge/build/carla_ackermann_control/src:/home/rfzhang/ROS-Carla/CSC791Project/ros-carla-bridge/install/carla_ackermann_control/lib/python3.10/site-packages:/home/rfzhang/ROS-Carla/CSC791Project/ros-carla-bridge/build/carla_ros_bridge/src:/home/rfzhang/ROS-Carla/CSC791Project/ros-carla-bridge/install/carla_ros_bridge/lib/python3.10/site-packages:/home/rfzhang/ROS-Carla/CSC791Project/ros-carla-bridge/build/carla_spawn_objects:/home/rfzhang/ROS-Carla/CSC791Project/ros-carla-bridge/install/carla_spawn_objects/lib/python3.10/site-packages:/home/rfzhang/ROS-Carla/CSC791Project/ros-carla-bridge/build/carla_manual_control/src:/home/rfzhang/ROS-Carla/CSC791Project/ros-carla-bridge/install/carla_manual_control/lib/python3.10/site-packages:/home/rfzhang/ROS-Carla/CSC791Project/ros-carla-bridge/build/carla_ad_agent/src:/home/rfzhang/ROS-Carla/CSC791Project/ros-carla-bridge/install/carla_ad_agent/lib/python3.10/site-packages:/home/rfzhang/ROS-Carla/CSC791Project/ros-carla-bridge/build/ros_compatibility/src:/home/rfzhang/ROS-Carla/CSC791Project/ros-carla-bridge/install/ros_compatibility/lib/python3.10/site-packages:/home/rfzhang/ROS-Carla/CSC791Project/ros-carla-bridge/install/carla_waypoint_types/local/lib/python3.10/dist-packages:/home/rfzhang/ROS-Carla/CSC791Project/ros-carla-bridge/build/carla_walker_agent/src:/home/rfzhang/ROS-Carla/CSC791Project/ros-carla-bridge/install/carla_walker_agent/lib/python3.10/site-packages:/home/rfzhang/ROS-Carla/CSC791Project/ros-carla-bridge/build/carla_twist_to_control/src:/home/rfzhang/ROS-Carla/CSC791Project/ros-carla-bridge/install/carla_twist_to_control/lib/python3.10/site-packages:/home/rfzhang/ROS-Carla/CSC791Project/ros-carla-bridge/build/carla_ros_scenario_runner/src:/home/rfzhang/ROS-Carla/CSC791Project/ros-carla-bridge/install/carla_ros_scenario_runner/lib/python3.10/site-packages:/home/rfzhang/ROS-Carla/CSC791Project/ros-carla-bridge/install/carla_ros_scenario_runner_types/local/lib/python3.10/dist-packages:/home/rfzhang/ROS-Carla/CSC791Project/ros-carla-bridge/install/carla_ackermann_msgs/local/lib/python3.10/dist-packages:/home/rfzhang/ROS-Carla/CSC791Project/ros-carla-bridge/install/carla_msgs/local/lib/python3.10/dist-packages:/home/rfzhang/ROS-Carla/CSC791Project/ros-carla-bridge/build/carla_common/src:/home/rfzhang/ROS-Carla/CSC791Project/ros-carla-bridge/install/carla_common/lib/python3.10/site-packages:/opt/ros/humble/lib/python3.10/site-packages:/opt/ros/humble/local/lib/python3.10/dist-packages:/home/rfzhang/ROS-Carla/ros-carla/lib/python3.10/site-packages:/home/rfzhang/ROS-Carla/carla-0.9.14-py3.10-linux-x86_64.egg:/home/rfzhang/ROS-Carla/carla-0.9.14-py3.10-linux-x86_64.egg VIRTUAL_ENV_PROMPT=(ros-carla) /usr/bin/cmake /home/rfzhang/ROS-Carla/CSC791Project/ros-carla-bridge/src/carla_ros/carla_ackermann_msgs -DAMENT_CMAKE_SYMLINK_INSTALL=1 -DCMAKE_INSTALL_PREFIX=/home/rfzhang/ROS-Carla/CSC791Project/ros-carla-bridge/install/carla_ackermann_msgs
[5.103s] Invoking command in '/home/rfzhang/ROS-Carla/CSC791Project/ros-carla-bridge/build/carla_ackermann_msgs': CMAKE_PREFIX_PATH=/home/rfzhang/ROS-Carla/CSC791Project/ros-carla-bridge/install/carla_msgs:/home/rfzhang/ROS-Carla/CSC791Project/ros-carla-bridge/install/carla_ad_demo:/home/rfzhang/ROS-Carla/CSC791Project/ros-carla-bridge/install/rviz_carla_plugin:/home/rfzhang/ROS-Carla/CSC791Project/ros-carla-bridge/install/pcl_recorder:/home/rfzhang/ROS-Carla/CSC791Project/ros-carla-bridge/install/carla_waypoint_types:/home/rfzhang/ROS-Carla/CSC791Project/ros-carla-bridge/install/carla_ros_scenario_runner_types:/home/rfzhang/ROS-Carla/CSC791Project/ros-carla-bridge/install/carla_ackermann_msgs:/home/rfzhang/ROS-Carla/CSC791Project/lidar_to_carla/install/lidar_to_carla:/home/rfzhang/ROS-Carla/CSC791Project/ros-carla-bridge/install/rqt_carla_control:/home/rfzhang/ROS-Carla/CSC791Project/ros-carla-bridge/install/carla_waypoint_publisher:/home/rfzhang/ROS-Carla/CSC791Project/ros-carla-bridge/install/carla_ackermann_control:/home/rfzhang/ROS-Carla/CSC791Project/ros-carla-bridge/install/carla_ros_bridge:/home/rfzhang/ROS-Carla/CSC791Project/ros-carla-bridge/install/carla_spawn_objects:/home/rfzhang/ROS-Carla/CSC791Project/ros-carla-bridge/install/carla_manual_control:/home/rfzhang/ROS-Carla/CSC791Project/ros-carla-bridge/install/carla_ad_agent:/home/rfzhang/ROS-Carla/CSC791Project/ros-carla-bridge/install/ros_compatibility:/home/rfzhang/ROS-Carla/CSC791Project/ros-carla-bridge/install/carla_walker_agent:/home/rfzhang/ROS-Carla/CSC791Project/ros-carla-bridge/install/carla_twist_to_control:/home/rfzhang/ROS-Carla/CSC791Project/ros-carla-bridge/install/carla_ros_scenario_runner:/home/rfzhang/ROS-Carla/CSC791Project/ros-carla-bridge/install/carla_common:/opt/ros/humble LD_LIBRARY_PATH=/home/rfzhang/ROS-Carla/CSC791Project/ros-carla-bridge/install/carla_msgs/lib:/home/rfzhang/ROS-Carla/CSC791Project/ros-carla-bridge/install/rviz_carla_plugin/lib:/home/rfzhang/ROS-Carla/CSC791Project/ros-carla-bridge/install/carla_waypoint_types/lib:/home/rfzhang/ROS-Carla/CSC791Project/ros-carla-bridge/install/carla_ros_scenario_runner_types/lib:/home/rfzhang/ROS-Carla/CSC791Project/ros-carla-bridge/install/carla_ackermann_msgs/lib:/opt/ros/humble/opt/rviz_ogre_vendor/lib:/opt/ros/humble/lib/x86_64-linux-gnu:/opt/ros/humble/lib PYTHONPATH=/home/rfzhang/ROS-Carla/CSC791Project/ros-carla-bridge/install/carla_msgs/lib/python3.10/site-packages:/home/rfzhang/ROS-Carla/CSC791Project/ros-carla-bridge/install/carla_waypoint_types/lib/python3.10/site-packages:/home/rfzhang/ROS-Carla/CSC791Project/ros-carla-bridge/install/carla_ros_scenario_runner_types/lib/python3.10/site-packages:/home/rfzhang/ROS-Carla/CSC791Project/ros-carla-bridge/install/carla_ackermann_msgs/lib/python3.10/site-packages:/home/rfzhang/ROS-Carla/PythonAPI/carla:/home/rfzhang/ROS-Carla/ros-carla/lib/python3.10/site-packages:/home/rfzhang/ROS-Carla/CSC791Project/lidar_to_carla/build/lidar_to_carla:/home/rfzhang/ROS-Carla/CSC791Project/lidar_to_carla/install/lidar_to_carla/lib/python3.10/site-packages:/home/rfzhang/ROS-Carla/CSC791Project/ros-carla-bridge/build/rqt_carla_control/src:/home/rfzhang/ROS-Carla/CSC791Project/ros-carla-bridge/install/rqt_carla_control/lib/python3.10/site-packages:/home/rfzhang/ROS-Carla/CSC791Project/ros-carla-bridge/build/carla_waypoint_publisher/src:/home/rfzhang/ROS-Carla/CSC791Project/ros-carla-bridge/install/carla_waypoint_publisher/lib/python3.10/site-packages:/home/rfzhang/ROS-Carla/CSC791Project/ros-carla-bridge/build/carla_ackermann_control/src:/home/rfzhang/ROS-Carla/CSC791Project/ros-carla-bridge/install/carla_ackermann_control/lib/python3.10/site-packages:/home/rfzhang/ROS-Carla/CSC791Project/ros-carla-bridge/build/carla_ros_bridge/src:/home/rfzhang/ROS-Carla/CSC791Project/ros-carla-bridge/install/carla_ros_bridge/lib/python3.10/site-packages:/home/rfzhang/ROS-Carla/CSC791Project/ros-carla-bridge/build/carla_spawn_objects:/home/rfzhang/ROS-Carla/CSC791Project/ros-carla-bridge/install/carla_spawn_objects/lib/python3.10/site-packages:/home/rfzhang/ROS-Carla/CSC791Project/ros-carla-bridge/build/carla_manual_control/src:/home/rfzhang/ROS-Carla/CSC791Project/ros-carla-bridge/install/carla_manual_control/lib/python3.10/site-packages:/home/rfzhang/ROS-Carla/CSC791Project/ros-carla-bridge/build/carla_ad_agent/src:/home/rfzhang/ROS-Carla/CSC791Project/ros-carla-bridge/install/carla_ad_agent/lib/python3.10/site-packages:/home/rfzhang/ROS-Carla/CSC791Project/ros-carla-bridge/build/ros_compatibility/src:/home/rfzhang/ROS-Carla/CSC791Project/ros-carla-bridge/install/ros_compatibility/lib/python3.10/site-packages:/home/rfzhang/ROS-Carla/CSC791Project/ros-carla-bridge/install/carla_waypoint_types/local/lib/python3.10/dist-packages:/home/rfzhang/ROS-Carla/CSC791Project/ros-carla-bridge/build/carla_walker_agent/src:/home/rfzhang/ROS-Carla/CSC791Project/ros-carla-bridge/install/carla_walker_agent/lib/python3.10/site-packages:/home/rfzhang/ROS-Carla/CSC791Project/ros-carla-bridge/build/carla_twist_to_control/src:/home/rfzhang/ROS-Carla/CSC791Project/ros-carla-bridge/install/carla_twist_to_control/lib/python3.10/site-packages:/home/rfzhang/ROS-Carla/CSC791Project/ros-carla-bridge/build/carla_ros_scenario_runner/src:/home/rfzhang/ROS-Carla/CSC791Project/ros-carla-bridge/install/carla_ros_scenario_runner/lib/python3.10/site-packages:/home/rfzhang/ROS-Carla/CSC791Project/ros-carla-bridge/install/carla_ros_scenario_runner_types/local/lib/python3.10/dist-packages:/home/rfzhang/ROS-Carla/CSC791Project/ros-carla-bridge/install/carla_ackermann_msgs/local/lib/python3.10/dist-packages:/home/rfzhang/ROS-Carla/CSC791Project/ros-carla-bridge/install/carla_msgs/local/lib/python3.10/dist-packages:/home/rfzhang/ROS-Carla/CSC791Project/ros-carla-bridge/build/carla_common/src:/home/rfzhang/ROS-Carla/CSC791Project/ros-carla-bridge/install/carla_common/lib/python3.10/site-packages:/opt/ros/humble/lib/python3.10/site-packages:/opt/ros/humble/local/lib/python3.10/dist-packages:/home/rfzhang/ROS-Carla/ros-carla/lib/python3.10/site-packages:/home/rfzhang/ROS-Carla/carla-0.9.14-py3.10-linux-x86_64.egg:/home/rfzhang/ROS-Carla/carla-0.9.14-py3.10-linux-x86_64.egg VIRTUAL_ENV_PROMPT=(ros-carla) /usr/bin/cmake --build /home/rfzhang/ROS-Carla/CSC791Project/ros-carla-bridge/build/carla_ackermann_msgs -- -j20 -l20
[5.126s] [  1%] [34m[1mGenerating C code for ROS interfaces[0m
[5.132s] [  3%] [34m[1mGenerating C++ code for ROS interfaces[0m
[5.136s] [  3%] Built target ament_cmake_python_symlink_carla_ackermann_msgs
[5.310s] running egg_info
[5.310s] creating carla_ackermann_msgs.egg-info
[5.310s] writing carla_ackermann_msgs.egg-info/PKG-INFO
[5.311s] writing dependency_links to carla_ackermann_msgs.egg-info/dependency_links.txt
[5.311s] writing top-level names to carla_ackermann_msgs.egg-info/top_level.txt
[5.311s] writing manifest file 'carla_ackermann_msgs.egg-info/SOURCES.txt'
[5.314s] reading manifest file 'carla_ackermann_msgs.egg-info/SOURCES.txt'
[5.315s] writing manifest file 'carla_ackermann_msgs.egg-info/SOURCES.txt'
[5.338s] [  3%] Built target ament_cmake_python_build_carla_ackermann_msgs_egg
[5.604s] [  4%] [32mBuilding C object CMakeFiles/carla_ackermann_msgs__rosidl_generator_c.dir/rosidl_generator_c/carla_ackermann_msgs/msg/detail/ego_vehicle_control_maxima__functions.c.o[0m
[5.604s] [  6%] [32mBuilding C object CMakeFiles/carla_ackermann_msgs__rosidl_generator_c.dir/rosidl_generator_c/carla_ackermann_msgs/msg/detail/ego_vehicle_control_info__functions.c.o[0m
[5.610s] [  7%] [32mBuilding C object CMakeFiles/carla_ackermann_msgs__rosidl_generator_c.dir/rosidl_generator_c/carla_ackermann_msgs/msg/detail/ego_vehicle_control_current__functions.c.o[0m
[5.610s] [  9%] [32mBuilding C object CMakeFiles/carla_ackermann_msgs__rosidl_generator_c.dir/rosidl_generator_c/carla_ackermann_msgs/msg/detail/ego_vehicle_control_target__functions.c.o[0m
[5.612s] [ 11%] [32mBuilding C object CMakeFiles/carla_ackermann_msgs__rosidl_generator_c.dir/rosidl_generator_c/carla_ackermann_msgs/msg/detail/ego_vehicle_control_status__functions.c.o[0m
[5.619s] [ 11%] Built target carla_ackermann_msgs__cpp
[5.628s] [ 12%] [34m[1mGenerating C++ introspection for ROS interfaces[0m
[5.629s] [ 14%] [34m[1mGenerating C++ type support for eProsima Fast-RTPS[0m
[5.629s] [ 15%] [34m[1mGenerating C++ type support dispatch for ROS interfaces[0m
[5.654s] [ 17%] [32m[1mLinking C shared library libcarla_ackermann_msgs__rosidl_generator_c.so[0m
[5.865s] [ 17%] Built target carla_ackermann_msgs__rosidl_generator_c
[5.872s] [ 19%] [34m[1mGenerating C type support dispatch for ROS interfaces[0m
[5.872s] [ 22%] [34m[1mGenerating C introspection for ROS interfaces[0m
[5.873s] [ 22%] [34m[1mGenerating C type support for eProsima Fast-RTPS[0m
[6.066s] [ 23%] [32mBuilding CXX object CMakeFiles/carla_ackermann_msgs__rosidl_typesupport_cpp.dir/rosidl_typesupport_cpp/carla_ackermann_msgs/msg/ego_vehicle_control_info__type_support.cpp.o[0m
[6.066s] [ 28%] [32mBuilding CXX object CMakeFiles/carla_ackermann_msgs__rosidl_typesupport_cpp.dir/rosidl_typesupport_cpp/carla_ackermann_msgs/msg/ego_vehicle_control_target__type_support.cpp.o[0m
[6.066s] [ 28%] [32mBuilding CXX object CMakeFiles/carla_ackermann_msgs__rosidl_typesupport_cpp.dir/rosidl_typesupport_cpp/carla_ackermann_msgs/msg/ego_vehicle_control_current__type_support.cpp.o[0m
[6.066s] [ 30%] [32mBuilding CXX object CMakeFiles/carla_ackermann_msgs__rosidl_typesupport_introspection_cpp.dir/rosidl_typesupport_introspection_cpp/carla_ackermann_msgs/msg/detail/ego_vehicle_control_maxima__type_support.cpp.o[0m
[6.068s] [ 31%] [32mBuilding CXX object CMakeFiles/carla_ackermann_msgs__rosidl_typesupport_introspection_cpp.dir/rosidl_typesupport_introspection_cpp/carla_ackermann_msgs/msg/detail/ego_vehicle_control_current__type_support.cpp.o[0m
[6.072s] [ 33%] [32mBuilding CXX object CMakeFiles/carla_ackermann_msgs__rosidl_typesupport_introspection_cpp.dir/rosidl_typesupport_introspection_cpp/carla_ackermann_msgs/msg/detail/ego_vehicle_control_target__type_support.cpp.o[0m
[6.072s] [ 34%] [32mBuilding CXX object CMakeFiles/carla_ackermann_msgs__rosidl_typesupport_introspection_cpp.dir/rosidl_typesupport_introspection_cpp/carla_ackermann_msgs/msg/detail/ego_vehicle_control_info__type_support.cpp.o[0m
[6.072s] [ 36%] [32mBuilding CXX object CMakeFiles/carla_ackermann_msgs__rosidl_typesupport_introspection_cpp.dir/rosidl_typesupport_introspection_cpp/carla_ackermann_msgs/msg/detail/ego_vehicle_control_status__type_support.cpp.o[0m
[6.076s] [ 38%] [32mBuilding CXX object CMakeFiles/carla_ackermann_msgs__rosidl_typesupport_cpp.dir/rosidl_typesupport_cpp/carla_ackermann_msgs/msg/ego_vehicle_control_status__type_support.cpp.o[0m
[6.079s] [ 25%] [32mBuilding CXX object CMakeFiles/carla_ackermann_msgs__rosidl_typesupport_cpp.dir/rosidl_typesupport_cpp/carla_ackermann_msgs/msg/ego_vehicle_control_maxima__type_support.cpp.o[0m
[6.191s] [ 41%] [32mBuilding CXX object CMakeFiles/carla_ackermann_msgs__rosidl_typesupport_fastrtps_cpp.dir/rosidl_typesupport_fastrtps_cpp/carla_ackermann_msgs/msg/detail/dds_fastrtps/ego_vehicle_control_maxima__type_support.cpp.o[0m
[6.191s] [ 41%] [32mBuilding CXX object CMakeFiles/carla_ackermann_msgs__rosidl_typesupport_fastrtps_cpp.dir/rosidl_typesupport_fastrtps_cpp/carla_ackermann_msgs/msg/detail/dds_fastrtps/ego_vehicle_control_info__type_support.cpp.o[0m
[6.192s] [ 42%] [32mBuilding CXX object CMakeFiles/carla_ackermann_msgs__rosidl_typesupport_fastrtps_cpp.dir/rosidl_typesupport_fastrtps_cpp/carla_ackermann_msgs/msg/detail/dds_fastrtps/ego_vehicle_control_status__type_support.cpp.o[0m
[6.208s] [ 44%] [32mBuilding CXX object CMakeFiles/carla_ackermann_msgs__rosidl_typesupport_fastrtps_cpp.dir/rosidl_typesupport_fastrtps_cpp/carla_ackermann_msgs/msg/detail/dds_fastrtps/ego_vehicle_control_target__type_support.cpp.o[0m
[6.217s] [ 46%] [32mBuilding CXX object CMakeFiles/carla_ackermann_msgs__rosidl_typesupport_fastrtps_cpp.dir/rosidl_typesupport_fastrtps_cpp/carla_ackermann_msgs/msg/detail/dds_fastrtps/ego_vehicle_control_current__type_support.cpp.o[0m
[6.489s] [ 47%] [32mBuilding CXX object CMakeFiles/carla_ackermann_msgs__rosidl_typesupport_c.dir/rosidl_typesupport_c/carla_ackermann_msgs/msg/ego_vehicle_control_info__type_support.cpp.o[0m
[6.489s] [ 49%] [32mBuilding CXX object CMakeFiles/carla_ackermann_msgs__rosidl_typesupport_c.dir/rosidl_typesupport_c/carla_ackermann_msgs/msg/ego_vehicle_control_current__type_support.cpp.o[0m
[6.492s] [ 52%] [32mBuilding CXX object CMakeFiles/carla_ackermann_msgs__rosidl_typesupport_c.dir/rosidl_typesupport_c/carla_ackermann_msgs/msg/ego_vehicle_control_status__type_support.cpp.o[0m
[6.492s] [ 52%] [32mBuilding CXX object CMakeFiles/carla_ackermann_msgs__rosidl_typesupport_c.dir/rosidl_typesupport_c/carla_ackermann_msgs/msg/ego_vehicle_control_maxima__type_support.cpp.o[0m
[6.504s] [ 53%] [32mBuilding CXX object CMakeFiles/carla_ackermann_msgs__rosidl_typesupport_c.dir/rosidl_typesupport_c/carla_ackermann_msgs/msg/ego_vehicle_control_target__type_support.cpp.o[0m
[6.532s] [ 55%] [32m[1mLinking CXX shared library libcarla_ackermann_msgs__rosidl_typesupport_cpp.so[0m
[6.556s] [ 58%] [32mBuilding C object CMakeFiles/carla_ackermann_msgs__rosidl_typesupport_introspection_c.dir/rosidl_typesupport_introspection_c/carla_ackermann_msgs/msg/detail/ego_vehicle_control_status__type_support.c.o[0m
[6.556s] [ 58%] [32mBuilding C object CMakeFiles/carla_ackermann_msgs__rosidl_typesupport_introspection_c.dir/rosidl_typesupport_introspection_c/carla_ackermann_msgs/msg/detail/ego_vehicle_control_current__type_support.c.o[0m
[6.556s] [ 60%] [32mBuilding C object CMakeFiles/carla_ackermann_msgs__rosidl_typesupport_introspection_c.dir/rosidl_typesupport_introspection_c/carla_ackermann_msgs/msg/detail/ego_vehicle_control_maxima__type_support.c.o[0m
[6.558s] [ 61%] [32m[1mLinking CXX shared library libcarla_ackermann_msgs__rosidl_typesupport_c.so[0m
[6.566s] [ 63%] [32mBuilding C object CMakeFiles/carla_ackermann_msgs__rosidl_typesupport_introspection_c.dir/rosidl_typesupport_introspection_c/carla_ackermann_msgs/msg/detail/ego_vehicle_control_info__type_support.c.o[0m
[6.573s] [ 65%] [32mBuilding C object CMakeFiles/carla_ackermann_msgs__rosidl_typesupport_introspection_c.dir/rosidl_typesupport_introspection_c/carla_ackermann_msgs/msg/detail/ego_vehicle_control_target__type_support.c.o[0m
[6.610s] [ 66%] [32m[1mLinking C shared library libcarla_ackermann_msgs__rosidl_typesupport_introspection_c.so[0m
[6.693s] [ 68%] [32m[1mLinking CXX shared library libcarla_ackermann_msgs__rosidl_typesupport_introspection_cpp.so[0m
[6.712s] [ 71%] [32mBuilding CXX object CMakeFiles/carla_ackermann_msgs__rosidl_typesupport_fastrtps_c.dir/rosidl_typesupport_fastrtps_c/carla_ackermann_msgs/msg/detail/ego_vehicle_control_maxima__type_support_c.cpp.o[0m
[6.713s] [ 71%] [32mBuilding CXX object CMakeFiles/carla_ackermann_msgs__rosidl_typesupport_fastrtps_c.dir/rosidl_typesupport_fastrtps_c/carla_ackermann_msgs/msg/detail/ego_vehicle_control_current__type_support_c.cpp.o[0m
[6.716s] [ 73%] [32mBuilding CXX object CMakeFiles/carla_ackermann_msgs__rosidl_typesupport_fastrtps_c.dir/rosidl_typesupport_fastrtps_c/carla_ackermann_msgs/msg/detail/ego_vehicle_control_status__type_support_c.cpp.o[0m
[6.717s] [ 74%] [32mBuilding CXX object CMakeFiles/carla_ackermann_msgs__rosidl_typesupport_fastrtps_c.dir/rosidl_typesupport_fastrtps_c/carla_ackermann_msgs/msg/detail/ego_vehicle_control_target__type_support_c.cpp.o[0m
[6.717s] [ 76%] [32mBuilding CXX object CMakeFiles/carla_ackermann_msgs__rosidl_typesupport_fastrtps_c.dir/rosidl_typesupport_fastrtps_c/carla_ackermann_msgs/msg/detail/ego_vehicle_control_info__type_support_c.cpp.o[0m
[6.781s] [ 76%] Built target carla_ackermann_msgs__rosidl_typesupport_cpp
[6.806s] [ 77%] [32m[1mLinking CXX shared library libcarla_ackermann_msgs__rosidl_typesupport_fastrtps_cpp.so[0m
[6.811s] [ 77%] Built target carla_ackermann_msgs__rosidl_typesupport_c
[6.822s] [ 77%] Built target carla_ackermann_msgs__rosidl_typesupport_introspection_c
[6.909s] [ 77%] Built target carla_ackermann_msgs__rosidl_typesupport_introspection_cpp
[6.985s] [ 77%] Built target carla_ackermann_msgs__rosidl_typesupport_fastrtps_cpp
[6.994s] [ 79%] [32m[1mLinking CXX shared library libcarla_ackermann_msgs__rosidl_typesupport_fastrtps_c.so[0m
[7.264s] [ 79%] Built target carla_ackermann_msgs__rosidl_typesupport_fastrtps_c
[7.277s] [ 79%] Built target carla_ackermann_msgs
[7.289s] [ 80%] [34m[1mGenerating Python code for ROS interfaces[0m
[7.986s] [ 80%] Built target carla_ackermann_msgs__py
[7.998s] [ 85%] [32mBuilding C object CMakeFiles/carla_ackermann_msgs__rosidl_generator_py.dir/rosidl_generator_py/carla_ackermann_msgs/msg/_ego_vehicle_control_maxima_s.c.o[0m
[7.998s] [ 85%] [32mBuilding C object CMakeFiles/carla_ackermann_msgs__rosidl_generator_py.dir/rosidl_generator_py/carla_ackermann_msgs/msg/_ego_vehicle_control_target_s.c.o[0m
[7.998s] [ 85%] [32mBuilding C object CMakeFiles/carla_ackermann_msgs__rosidl_generator_py.dir/rosidl_generator_py/carla_ackermann_msgs/msg/_ego_vehicle_control_current_s.c.o[0m
[8.000s] [ 88%] [32mBuilding C object CMakeFiles/carla_ackermann_msgs__rosidl_generator_py.dir/rosidl_generator_py/carla_ackermann_msgs/msg/_ego_vehicle_control_status_s.c.o[0m
[8.001s] [ 88%] [32mBuilding C object CMakeFiles/carla_ackermann_msgs__rosidl_generator_py.dir/rosidl_generator_py/carla_ackermann_msgs/msg/_ego_vehicle_control_info_s.c.o[0m
[8.085s] [ 90%] [32m[1mLinking C shared library rosidl_generator_py/carla_ackermann_msgs/libcarla_ackermann_msgs__rosidl_generator_py.so[0m
[8.315s] [ 90%] Built target carla_ackermann_msgs__rosidl_generator_py
[8.326s] [ 92%] [32mBuilding C object CMakeFiles/carla_ackermann_msgs__rosidl_typesupport_c__pyext.dir/rosidl_generator_py/carla_ackermann_msgs/_carla_ackermann_msgs_s.ep.rosidl_typesupport_c.c.o[0m
[8.326s] [ 93%] [32mBuilding C object CMakeFiles/carla_ackermann_msgs__rosidl_typesupport_fastrtps_c__pyext.dir/rosidl_generator_py/carla_ackermann_msgs/_carla_ackermann_msgs_s.ep.rosidl_typesupport_fastrtps_c.c.o[0m
[8.327s] [ 95%] [32mBuilding C object CMakeFiles/carla_ackermann_msgs__rosidl_typesupport_introspection_c__pyext.dir/rosidl_generator_py/carla_ackermann_msgs/_carla_ackermann_msgs_s.ep.rosidl_typesupport_introspection_c.c.o[0m
[8.394s] [ 96%] [32m[1mLinking C shared library rosidl_generator_py/carla_ackermann_msgs/carla_ackermann_msgs_s__rosidl_typesupport_introspection_c.cpython-310-x86_64-linux-gnu.so[0m
[8.395s] [100%] [32m[1mLinking C shared library rosidl_generator_py/carla_ackermann_msgs/carla_ackermann_msgs_s__rosidl_typesupport_fastrtps_c.cpython-310-x86_64-linux-gnu.so[0m
[8.395s] [100%] [32m[1mLinking C shared library rosidl_generator_py/carla_ackermann_msgs/carla_ackermann_msgs_s__rosidl_typesupport_c.cpython-310-x86_64-linux-gnu.so[0m
[8.554s] [100%] Built target carla_ackermann_msgs__rosidl_typesupport_fastrtps_c__pyext
[8.555s] [100%] Built target carla_ackermann_msgs__rosidl_typesupport_c__pyext
[8.555s] [100%] Built target carla_ackermann_msgs__rosidl_typesupport_introspection_c__pyext
[8.562s] Invoked command in '/home/rfzhang/ROS-Carla/CSC791Project/ros-carla-bridge/build/carla_ackermann_msgs' returned '0': CMAKE_PREFIX_PATH=/home/rfzhang/ROS-Carla/CSC791Project/ros-carla-bridge/install/carla_msgs:/home/rfzhang/ROS-Carla/CSC791Project/ros-carla-bridge/install/carla_ad_demo:/home/rfzhang/ROS-Carla/CSC791Project/ros-carla-bridge/install/rviz_carla_plugin:/home/rfzhang/ROS-Carla/CSC791Project/ros-carla-bridge/install/pcl_recorder:/home/rfzhang/ROS-Carla/CSC791Project/ros-carla-bridge/install/carla_waypoint_types:/home/rfzhang/ROS-Carla/CSC791Project/ros-carla-bridge/install/carla_ros_scenario_runner_types:/home/rfzhang/ROS-Carla/CSC791Project/ros-carla-bridge/install/carla_ackermann_msgs:/home/rfzhang/ROS-Carla/CSC791Project/lidar_to_carla/install/lidar_to_carla:/home/rfzhang/ROS-Carla/CSC791Project/ros-carla-bridge/install/rqt_carla_control:/home/rfzhang/ROS-Carla/CSC791Project/ros-carla-bridge/install/carla_waypoint_publisher:/home/rfzhang/ROS-Carla/CSC791Project/ros-carla-bridge/install/carla_ackermann_control:/home/rfzhang/ROS-Carla/CSC791Project/ros-carla-bridge/install/carla_ros_bridge:/home/rfzhang/ROS-Carla/CSC791Project/ros-carla-bridge/install/carla_spawn_objects:/home/rfzhang/ROS-Carla/CSC791Project/ros-carla-bridge/install/carla_manual_control:/home/rfzhang/ROS-Carla/CSC791Project/ros-carla-bridge/install/carla_ad_agent:/home/rfzhang/ROS-Carla/CSC791Project/ros-carla-bridge/install/ros_compatibility:/home/rfzhang/ROS-Carla/CSC791Project/ros-carla-bridge/install/carla_walker_agent:/home/rfzhang/ROS-Carla/CSC791Project/ros-carla-bridge/install/carla_twist_to_control:/home/rfzhang/ROS-Carla/CSC791Project/ros-carla-bridge/install/carla_ros_scenario_runner:/home/rfzhang/ROS-Carla/CSC791Project/ros-carla-bridge/install/carla_common:/opt/ros/humble LD_LIBRARY_PATH=/home/rfzhang/ROS-Carla/CSC791Project/ros-carla-bridge/install/carla_msgs/lib:/home/rfzhang/ROS-Carla/CSC791Project/ros-carla-bridge/install/rviz_carla_plugin/lib:/home/rfzhang/ROS-Carla/CSC791Project/ros-carla-bridge/install/carla_waypoint_types/lib:/home/rfzhang/ROS-Carla/CSC791Project/ros-carla-bridge/install/carla_ros_scenario_runner_types/lib:/home/rfzhang/ROS-Carla/CSC791Project/ros-carla-bridge/install/carla_ackermann_msgs/lib:/opt/ros/humble/opt/rviz_ogre_vendor/lib:/opt/ros/humble/lib/x86_64-linux-gnu:/opt/ros/humble/lib PYTHONPATH=/home/rfzhang/ROS-Carla/CSC791Project/ros-carla-bridge/install/carla_msgs/lib/python3.10/site-packages:/home/rfzhang/ROS-Carla/CSC791Project/ros-carla-bridge/install/carla_waypoint_types/lib/python3.10/site-packages:/home/rfzhang/ROS-Carla/CSC791Project/ros-carla-bridge/install/carla_ros_scenario_runner_types/lib/python3.10/site-packages:/home/rfzhang/ROS-Carla/CSC791Project/ros-carla-bridge/install/carla_ackermann_msgs/lib/python3.10/site-packages:/home/rfzhang/ROS-Carla/PythonAPI/carla:/home/rfzhang/ROS-Carla/ros-carla/lib/python3.10/site-packages:/home/rfzhang/ROS-Carla/CSC791Project/lidar_to_carla/build/lidar_to_carla:/home/rfzhang/ROS-Carla/CSC791Project/lidar_to_carla/install/lidar_to_carla/lib/python3.10/site-packages:/home/rfzhang/ROS-Carla/CSC791Project/ros-carla-bridge/build/rqt_carla_control/src:/home/rfzhang/ROS-Carla/CSC791Project/ros-carla-bridge/install/rqt_carla_control/lib/python3.10/site-packages:/home/rfzhang/ROS-Carla/CSC791Project/ros-carla-bridge/build/carla_waypoint_publisher/src:/home/rfzhang/ROS-Carla/CSC791Project/ros-carla-bridge/install/carla_waypoint_publisher/lib/python3.10/site-packages:/home/rfzhang/ROS-Carla/CSC791Project/ros-carla-bridge/build/carla_ackermann_control/src:/home/rfzhang/ROS-Carla/CSC791Project/ros-carla-bridge/install/carla_ackermann_control/lib/python3.10/site-packages:/home/rfzhang/ROS-Carla/CSC791Project/ros-carla-bridge/build/carla_ros_bridge/src:/home/rfzhang/ROS-Carla/CSC791Project/ros-carla-bridge/install/carla_ros_bridge/lib/python3.10/site-packages:/home/rfzhang/ROS-Carla/CSC791Project/ros-carla-bridge/build/carla_spawn_objects:/home/rfzhang/ROS-Carla/CSC791Project/ros-carla-bridge/install/carla_spawn_objects/lib/python3.10/site-packages:/home/rfzhang/ROS-Carla/CSC791Project/ros-carla-bridge/build/carla_manual_control/src:/home/rfzhang/ROS-Carla/CSC791Project/ros-carla-bridge/install/carla_manual_control/lib/python3.10/site-packages:/home/rfzhang/ROS-Carla/CSC791Project/ros-carla-bridge/build/carla_ad_agent/src:/home/rfzhang/ROS-Carla/CSC791Project/ros-carla-bridge/install/carla_ad_agent/lib/python3.10/site-packages:/home/rfzhang/ROS-Carla/CSC791Project/ros-carla-bridge/build/ros_compatibility/src:/home/rfzhang/ROS-Carla/CSC791Project/ros-carla-bridge/install/ros_compatibility/lib/python3.10/site-packages:/home/rfzhang/ROS-Carla/CSC791Project/ros-carla-bridge/install/carla_waypoint_types/local/lib/python3.10/dist-packages:/home/rfzhang/ROS-Carla/CSC791Project/ros-carla-bridge/build/carla_walker_agent/src:/home/rfzhang/ROS-Carla/CSC791Project/ros-carla-bridge/install/carla_walker_agent/lib/python3.10/site-packages:/home/rfzhang/ROS-Carla/CSC791Project/ros-carla-bridge/build/carla_twist_to_control/src:/home/rfzhang/ROS-Carla/CSC791Project/ros-carla-bridge/install/carla_twist_to_control/lib/python3.10/site-packages:/home/rfzhang/ROS-Carla/CSC791Project/ros-carla-bridge/build/carla_ros_scenario_runner/src:/home/rfzhang/ROS-Carla/CSC791Project/ros-carla-bridge/install/carla_ros_scenario_runner/lib/python3.10/site-packages:/home/rfzhang/ROS-Carla/CSC791Project/ros-carla-bridge/install/carla_ros_scenario_runner_types/local/lib/python3.10/dist-packages:/home/rfzhang/ROS-Carla/CSC791Project/ros-carla-bridge/install/carla_ackermann_msgs/local/lib/python3.10/dist-packages:/home/rfzhang/ROS-Carla/CSC791Project/ros-carla-bridge/install/carla_msgs/local/lib/python3.10/dist-packages:/home/rfzhang/ROS-Carla/CSC791Project/ros-carla-bridge/build/carla_common/src:/home/rfzhang/ROS-Carla/CSC791Project/ros-carla-bridge/install/carla_common/lib/python3.10/site-packages:/opt/ros/humble/lib/python3.10/site-packages:/opt/ros/humble/local/lib/python3.10/dist-packages:/home/rfzhang/ROS-Carla/ros-carla/lib/python3.10/site-packages:/home/rfzhang/ROS-Carla/carla-0.9.14-py3.10-linux-x86_64.egg:/home/rfzhang/ROS-Carla/carla-0.9.14-py3.10-linux-x86_64.egg VIRTUAL_ENV_PROMPT=(ros-carla) /usr/bin/cmake --build /home/rfzhang/ROS-Carla/CSC791Project/ros-carla-bridge/build/carla_ackermann_msgs -- -j20 -l20
[8.564s] Invoking command in '/home/rfzhang/ROS-Carla/CSC791Project/ros-carla-bridge/build/carla_ackermann_msgs': CMAKE_PREFIX_PATH=/home/rfzhang/ROS-Carla/CSC791Project/ros-carla-bridge/install/carla_msgs:/home/rfzhang/ROS-Carla/CSC791Project/ros-carla-bridge/install/carla_ad_demo:/home/rfzhang/ROS-Carla/CSC791Project/ros-carla-bridge/install/rviz_carla_plugin:/home/rfzhang/ROS-Carla/CSC791Project/ros-carla-bridge/install/pcl_recorder:/home/rfzhang/ROS-Carla/CSC791Project/ros-carla-bridge/install/carla_waypoint_types:/home/rfzhang/ROS-Carla/CSC791Project/ros-carla-bridge/install/carla_ros_scenario_runner_types:/home/rfzhang/ROS-Carla/CSC791Project/ros-carla-bridge/install/carla_ackermann_msgs:/home/rfzhang/ROS-Carla/CSC791Project/lidar_to_carla/install/lidar_to_carla:/home/rfzhang/ROS-Carla/CSC791Project/ros-carla-bridge/install/rqt_carla_control:/home/rfzhang/ROS-Carla/CSC791Project/ros-carla-bridge/install/carla_waypoint_publisher:/home/rfzhang/ROS-Carla/CSC791Project/ros-carla-bridge/install/carla_ackermann_control:/home/rfzhang/ROS-Carla/CSC791Project/ros-carla-bridge/install/carla_ros_bridge:/home/rfzhang/ROS-Carla/CSC791Project/ros-carla-bridge/install/carla_spawn_objects:/home/rfzhang/ROS-Carla/CSC791Project/ros-carla-bridge/install/carla_manual_control:/home/rfzhang/ROS-Carla/CSC791Project/ros-carla-bridge/install/carla_ad_agent:/home/rfzhang/ROS-Carla/CSC791Project/ros-carla-bridge/install/ros_compatibility:/home/rfzhang/ROS-Carla/CSC791Project/ros-carla-bridge/install/carla_walker_agent:/home/rfzhang/ROS-Carla/CSC791Project/ros-carla-bridge/install/carla_twist_to_control:/home/rfzhang/ROS-Carla/CSC791Project/ros-carla-bridge/install/carla_ros_scenario_runner:/home/rfzhang/ROS-Carla/CSC791Project/ros-carla-bridge/install/carla_common:/opt/ros/humble LD_LIBRARY_PATH=/home/rfzhang/ROS-Carla/CSC791Project/ros-carla-bridge/install/carla_msgs/lib:/home/rfzhang/ROS-Carla/CSC791Project/ros-carla-bridge/install/rviz_carla_plugin/lib:/home/rfzhang/ROS-Carla/CSC791Project/ros-carla-bridge/install/carla_waypoint_types/lib:/home/rfzhang/ROS-Carla/CSC791Project/ros-carla-bridge/install/carla_ros_scenario_runner_types/lib:/home/rfzhang/ROS-Carla/CSC791Project/ros-carla-bridge/install/carla_ackermann_msgs/lib:/opt/ros/humble/opt/rviz_ogre_vendor/lib:/opt/ros/humble/lib/x86_64-linux-gnu:/opt/ros/humble/lib PYTHONPATH=/home/rfzhang/ROS-Carla/CSC791Project/ros-carla-bridge/install/carla_msgs/lib/python3.10/site-packages:/home/rfzhang/ROS-Carla/CSC791Project/ros-carla-bridge/install/carla_waypoint_types/lib/python3.10/site-packages:/home/rfzhang/ROS-Carla/CSC791Project/ros-carla-bridge/install/carla_ros_scenario_runner_types/lib/python3.10/site-packages:/home/rfzhang/ROS-Carla/CSC791Project/ros-carla-bridge/install/carla_ackermann_msgs/lib/python3.10/site-packages:/home/rfzhang/ROS-Carla/PythonAPI/carla:/home/rfzhang/ROS-Carla/ros-carla/lib/python3.10/site-packages:/home/rfzhang/ROS-Carla/CSC791Project/lidar_to_carla/build/lidar_to_carla:/home/rfzhang/ROS-Carla/CSC791Project/lidar_to_carla/install/lidar_to_carla/lib/python3.10/site-packages:/home/rfzhang/ROS-Carla/CSC791Project/ros-carla-bridge/build/rqt_carla_control/src:/home/rfzhang/ROS-Carla/CSC791Project/ros-carla-bridge/install/rqt_carla_control/lib/python3.10/site-packages:/home/rfzhang/ROS-Carla/CSC791Project/ros-carla-bridge/build/carla_waypoint_publisher/src:/home/rfzhang/ROS-Carla/CSC791Project/ros-carla-bridge/install/carla_waypoint_publisher/lib/python3.10/site-packages:/home/rfzhang/ROS-Carla/CSC791Project/ros-carla-bridge/build/carla_ackermann_control/src:/home/rfzhang/ROS-Carla/CSC791Project/ros-carla-bridge/install/carla_ackermann_control/lib/python3.10/site-packages:/home/rfzhang/ROS-Carla/CSC791Project/ros-carla-bridge/build/carla_ros_bridge/src:/home/rfzhang/ROS-Carla/CSC791Project/ros-carla-bridge/install/carla_ros_bridge/lib/python3.10/site-packages:/home/rfzhang/ROS-Carla/CSC791Project/ros-carla-bridge/build/carla_spawn_objects:/home/rfzhang/ROS-Carla/CSC791Project/ros-carla-bridge/install/carla_spawn_objects/lib/python3.10/site-packages:/home/rfzhang/ROS-Carla/CSC791Project/ros-carla-bridge/build/carla_manual_control/src:/home/rfzhang/ROS-Carla/CSC791Project/ros-carla-bridge/install/carla_manual_control/lib/python3.10/site-packages:/home/rfzhang/ROS-Carla/CSC791Project/ros-carla-bridge/build/carla_ad_agent/src:/home/rfzhang/ROS-Carla/CSC791Project/ros-carla-bridge/install/carla_ad_agent/lib/python3.10/site-packages:/home/rfzhang/ROS-Carla/CSC791Project/ros-carla-bridge/build/ros_compatibility/src:/home/rfzhang/ROS-Carla/CSC791Project/ros-carla-bridge/install/ros_compatibility/lib/python3.10/site-packages:/home/rfzhang/ROS-Carla/CSC791Project/ros-carla-bridge/install/carla_waypoint_types/local/lib/python3.10/dist-packages:/home/rfzhang/ROS-Carla/CSC791Project/ros-carla-bridge/build/carla_walker_agent/src:/home/rfzhang/ROS-Carla/CSC791Project/ros-carla-bridge/install/carla_walker_agent/lib/python3.10/site-packages:/home/rfzhang/ROS-Carla/CSC791Project/ros-carla-bridge/build/carla_twist_to_control/src:/home/rfzhang/ROS-Carla/CSC791Project/ros-carla-bridge/install/carla_twist_to_control/lib/python3.10/site-packages:/home/rfzhang/ROS-Carla/CSC791Project/ros-carla-bridge/build/carla_ros_scenario_runner/src:/home/rfzhang/ROS-Carla/CSC791Project/ros-carla-bridge/install/carla_ros_scenario_runner/lib/python3.10/site-packages:/home/rfzhang/ROS-Carla/CSC791Project/ros-carla-bridge/install/carla_ros_scenario_runner_types/local/lib/python3.10/dist-packages:/home/rfzhang/ROS-Carla/CSC791Project/ros-carla-bridge/install/carla_ackermann_msgs/local/lib/python3.10/dist-packages:/home/rfzhang/ROS-Carla/CSC791Project/ros-carla-bridge/install/carla_msgs/local/lib/python3.10/dist-packages:/home/rfzhang/ROS-Carla/CSC791Project/ros-carla-bridge/build/carla_common/src:/home/rfzhang/ROS-Carla/CSC791Project/ros-carla-bridge/install/carla_common/lib/python3.10/site-packages:/opt/ros/humble/lib/python3.10/site-packages:/opt/ros/humble/local/lib/python3.10/dist-packages:/home/rfzhang/ROS-Carla/ros-carla/lib/python3.10/site-packages:/home/rfzhang/ROS-Carla/carla-0.9.14-py3.10-linux-x86_64.egg:/home/rfzhang/ROS-Carla/carla-0.9.14-py3.10-linux-x86_64.egg VIRTUAL_ENV_PROMPT=(ros-carla) /usr/bin/cmake --install /home/rfzhang/ROS-Carla/CSC791Project/ros-carla-bridge/build/carla_ackermann_msgs
[8.568s] -- Install configuration: ""
[8.568s] -- Execute custom install script
[8.569s] -- Symlinking: /home/rfzhang/ROS-Carla/CSC791Project/ros-carla-bridge/install/carla_ackermann_msgs/share/ament_index/resource_index/rosidl_interfaces/carla_ackermann_msgs
[8.574s] -- Symlinking: /home/rfzhang/ROS-Carla/CSC791Project/ros-carla-bridge/install/carla_ackermann_msgs/include/carla_ackermann_msgs/carla_ackermann_msgs/msg/detail/ego_vehicle_control_current__functions.h
[8.579s] -- Symlinking: /home/rfzhang/ROS-Carla/CSC791Project/ros-carla-bridge/install/carla_ackermann_msgs/include/carla_ackermann_msgs/carla_ackermann_msgs/msg/detail/ego_vehicle_control_current__struct.h
[8.584s] -- Symlinking: /home/rfzhang/ROS-Carla/CSC791Project/ros-carla-bridge/install/carla_ackermann_msgs/include/carla_ackermann_msgs/carla_ackermann_msgs/msg/detail/ego_vehicle_control_current__type_support.h
[8.589s] -- Symlinking: /home/rfzhang/ROS-Carla/CSC791Project/ros-carla-bridge/install/carla_ackermann_msgs/include/carla_ackermann_msgs/carla_ackermann_msgs/msg/detail/ego_vehicle_control_info__functions.h
[8.594s] -- Symlinking: /home/rfzhang/ROS-Carla/CSC791Project/ros-carla-bridge/install/carla_ackermann_msgs/include/carla_ackermann_msgs/carla_ackermann_msgs/msg/detail/ego_vehicle_control_info__struct.h
[8.600s] -- Symlinking: /home/rfzhang/ROS-Carla/CSC791Project/ros-carla-bridge/install/carla_ackermann_msgs/include/carla_ackermann_msgs/carla_ackermann_msgs/msg/detail/ego_vehicle_control_info__type_support.h
[8.605s] -- Symlinking: /home/rfzhang/ROS-Carla/CSC791Project/ros-carla-bridge/install/carla_ackermann_msgs/include/carla_ackermann_msgs/carla_ackermann_msgs/msg/detail/ego_vehicle_control_maxima__functions.h
[8.610s] -- Symlinking: /home/rfzhang/ROS-Carla/CSC791Project/ros-carla-bridge/install/carla_ackermann_msgs/include/carla_ackermann_msgs/carla_ackermann_msgs/msg/detail/ego_vehicle_control_maxima__struct.h
[8.614s] -- Symlinking: /home/rfzhang/ROS-Carla/CSC791Project/ros-carla-bridge/install/carla_ackermann_msgs/include/carla_ackermann_msgs/carla_ackermann_msgs/msg/detail/ego_vehicle_control_maxima__type_support.h
[8.620s] -- Symlinking: /home/rfzhang/ROS-Carla/CSC791Project/ros-carla-bridge/install/carla_ackermann_msgs/include/carla_ackermann_msgs/carla_ackermann_msgs/msg/detail/ego_vehicle_control_status__functions.h
[8.625s] -- Symlinking: /home/rfzhang/ROS-Carla/CSC791Project/ros-carla-bridge/install/carla_ackermann_msgs/include/carla_ackermann_msgs/carla_ackermann_msgs/msg/detail/ego_vehicle_control_status__struct.h
[8.630s] -- Symlinking: /home/rfzhang/ROS-Carla/CSC791Project/ros-carla-bridge/install/carla_ackermann_msgs/include/carla_ackermann_msgs/carla_ackermann_msgs/msg/detail/ego_vehicle_control_status__type_support.h
[8.635s] -- Symlinking: /home/rfzhang/ROS-Carla/CSC791Project/ros-carla-bridge/install/carla_ackermann_msgs/include/carla_ackermann_msgs/carla_ackermann_msgs/msg/detail/ego_vehicle_control_target__functions.h
[8.639s] -- Symlinking: /home/rfzhang/ROS-Carla/CSC791Project/ros-carla-bridge/install/carla_ackermann_msgs/include/carla_ackermann_msgs/carla_ackermann_msgs/msg/detail/ego_vehicle_control_target__struct.h
[8.643s] -- Symlinking: /home/rfzhang/ROS-Carla/CSC791Project/ros-carla-bridge/install/carla_ackermann_msgs/include/carla_ackermann_msgs/carla_ackermann_msgs/msg/detail/ego_vehicle_control_target__type_support.h
[8.649s] -- Symlinking: /home/rfzhang/ROS-Carla/CSC791Project/ros-carla-bridge/install/carla_ackermann_msgs/include/carla_ackermann_msgs/carla_ackermann_msgs/msg/ego_vehicle_control_current.h
[8.654s] -- Symlinking: /home/rfzhang/ROS-Carla/CSC791Project/ros-carla-bridge/install/carla_ackermann_msgs/include/carla_ackermann_msgs/carla_ackermann_msgs/msg/ego_vehicle_control_info.h
[8.659s] -- Symlinking: /home/rfzhang/ROS-Carla/CSC791Project/ros-carla-bridge/install/carla_ackermann_msgs/include/carla_ackermann_msgs/carla_ackermann_msgs/msg/ego_vehicle_control_maxima.h
[8.664s] -- Symlinking: /home/rfzhang/ROS-Carla/CSC791Project/ros-carla-bridge/install/carla_ackermann_msgs/include/carla_ackermann_msgs/carla_ackermann_msgs/msg/ego_vehicle_control_status.h
[8.668s] -- Symlinking: /home/rfzhang/ROS-Carla/CSC791Project/ros-carla-bridge/install/carla_ackermann_msgs/include/carla_ackermann_msgs/carla_ackermann_msgs/msg/ego_vehicle_control_target.h
[8.673s] -- Symlinking: /home/rfzhang/ROS-Carla/CSC791Project/ros-carla-bridge/install/carla_ackermann_msgs/include/carla_ackermann_msgs/carla_ackermann_msgs/msg/rosidl_generator_c__visibility_control.h
[8.678s] -- Symlinking: /home/rfzhang/ROS-Carla/CSC791Project/ros-carla-bridge/install/carla_ackermann_msgs/share/carla_ackermann_msgs/environment/library_path.sh
[8.683s] -- Symlinking: /home/rfzhang/ROS-Carla/CSC791Project/ros-carla-bridge/install/carla_ackermann_msgs/share/carla_ackermann_msgs/environment/library_path.dsv
[8.688s] -- Symlinking: /home/rfzhang/ROS-Carla/CSC791Project/ros-carla-bridge/install/carla_ackermann_msgs/include/carla_ackermann_msgs/carla_ackermann_msgs/msg/detail/ego_vehicle_control_current__rosidl_typesupport_fastrtps_c.h
[8.692s] -- Symlinking: /home/rfzhang/ROS-Carla/CSC791Project/ros-carla-bridge/install/carla_ackermann_msgs/include/carla_ackermann_msgs/carla_ackermann_msgs/msg/detail/ego_vehicle_control_info__rosidl_typesupport_fastrtps_c.h
[8.696s] -- Symlinking: /home/rfzhang/ROS-Carla/CSC791Project/ros-carla-bridge/install/carla_ackermann_msgs/include/carla_ackermann_msgs/carla_ackermann_msgs/msg/detail/ego_vehicle_control_maxima__rosidl_typesupport_fastrtps_c.h
[8.701s] -- Symlinking: /home/rfzhang/ROS-Carla/CSC791Project/ros-carla-bridge/install/carla_ackermann_msgs/include/carla_ackermann_msgs/carla_ackermann_msgs/msg/detail/ego_vehicle_control_status__rosidl_typesupport_fastrtps_c.h
[8.706s] -- Symlinking: /home/rfzhang/ROS-Carla/CSC791Project/ros-carla-bridge/install/carla_ackermann_msgs/include/carla_ackermann_msgs/carla_ackermann_msgs/msg/detail/ego_vehicle_control_target__rosidl_typesupport_fastrtps_c.h
[8.710s] -- Symlinking: /home/rfzhang/ROS-Carla/CSC791Project/ros-carla-bridge/install/carla_ackermann_msgs/include/carla_ackermann_msgs/carla_ackermann_msgs/msg/rosidl_typesupport_fastrtps_c__visibility_control.h
[8.716s] -- Symlinking: /home/rfzhang/ROS-Carla/CSC791Project/ros-carla-bridge/install/carla_ackermann_msgs/include/carla_ackermann_msgs/carla_ackermann_msgs/msg/detail/ego_vehicle_control_current__builder.hpp
[8.720s] -- Symlinking: /home/rfzhang/ROS-Carla/CSC791Project/ros-carla-bridge/install/carla_ackermann_msgs/include/carla_ackermann_msgs/carla_ackermann_msgs/msg/detail/ego_vehicle_control_current__struct.hpp
[8.724s] -- Symlinking: /home/rfzhang/ROS-Carla/CSC791Project/ros-carla-bridge/install/carla_ackermann_msgs/include/carla_ackermann_msgs/carla_ackermann_msgs/msg/detail/ego_vehicle_control_current__traits.hpp
[8.729s] -- Symlinking: /home/rfzhang/ROS-Carla/CSC791Project/ros-carla-bridge/install/carla_ackermann_msgs/include/carla_ackermann_msgs/carla_ackermann_msgs/msg/detail/ego_vehicle_control_current__type_support.hpp
[8.734s] -- Symlinking: /home/rfzhang/ROS-Carla/CSC791Project/ros-carla-bridge/install/carla_ackermann_msgs/include/carla_ackermann_msgs/carla_ackermann_msgs/msg/detail/ego_vehicle_control_info__builder.hpp
[8.739s] -- Symlinking: /home/rfzhang/ROS-Carla/CSC791Project/ros-carla-bridge/install/carla_ackermann_msgs/include/carla_ackermann_msgs/carla_ackermann_msgs/msg/detail/ego_vehicle_control_info__struct.hpp
[8.743s] -- Symlinking: /home/rfzhang/ROS-Carla/CSC791Project/ros-carla-bridge/install/carla_ackermann_msgs/include/carla_ackermann_msgs/carla_ackermann_msgs/msg/detail/ego_vehicle_control_info__traits.hpp
[8.748s] -- Symlinking: /home/rfzhang/ROS-Carla/CSC791Project/ros-carla-bridge/install/carla_ackermann_msgs/include/carla_ackermann_msgs/carla_ackermann_msgs/msg/detail/ego_vehicle_control_info__type_support.hpp
[8.753s] -- Symlinking: /home/rfzhang/ROS-Carla/CSC791Project/ros-carla-bridge/install/carla_ackermann_msgs/include/carla_ackermann_msgs/carla_ackermann_msgs/msg/detail/ego_vehicle_control_maxima__builder.hpp
[8.758s] -- Symlinking: /home/rfzhang/ROS-Carla/CSC791Project/ros-carla-bridge/install/carla_ackermann_msgs/include/carla_ackermann_msgs/carla_ackermann_msgs/msg/detail/ego_vehicle_control_maxima__struct.hpp
[8.764s] -- Symlinking: /home/rfzhang/ROS-Carla/CSC791Project/ros-carla-bridge/install/carla_ackermann_msgs/include/carla_ackermann_msgs/carla_ackermann_msgs/msg/detail/ego_vehicle_control_maxima__traits.hpp
[8.770s] -- Symlinking: /home/rfzhang/ROS-Carla/CSC791Project/ros-carla-bridge/install/carla_ackermann_msgs/include/carla_ackermann_msgs/carla_ackermann_msgs/msg/detail/ego_vehicle_control_maxima__type_support.hpp
[8.774s] -- Symlinking: /home/rfzhang/ROS-Carla/CSC791Project/ros-carla-bridge/install/carla_ackermann_msgs/include/carla_ackermann_msgs/carla_ackermann_msgs/msg/detail/ego_vehicle_control_status__builder.hpp
[8.779s] -- Symlinking: /home/rfzhang/ROS-Carla/CSC791Project/ros-carla-bridge/install/carla_ackermann_msgs/include/carla_ackermann_msgs/carla_ackermann_msgs/msg/detail/ego_vehicle_control_status__struct.hpp
[8.784s] -- Symlinking: /home/rfzhang/ROS-Carla/CSC791Project/ros-carla-bridge/install/carla_ackermann_msgs/include/carla_ackermann_msgs/carla_ackermann_msgs/msg/detail/ego_vehicle_control_status__traits.hpp
[8.788s] -- Symlinking: /home/rfzhang/ROS-Carla/CSC791Project/ros-carla-bridge/install/carla_ackermann_msgs/include/carla_ackermann_msgs/carla_ackermann_msgs/msg/detail/ego_vehicle_control_status__type_support.hpp
[8.793s] -- Symlinking: /home/rfzhang/ROS-Carla/CSC791Project/ros-carla-bridge/install/carla_ackermann_msgs/include/carla_ackermann_msgs/carla_ackermann_msgs/msg/detail/ego_vehicle_control_target__builder.hpp
[8.797s] -- Symlinking: /home/rfzhang/ROS-Carla/CSC791Project/ros-carla-bridge/install/carla_ackermann_msgs/include/carla_ackermann_msgs/carla_ackermann_msgs/msg/detail/ego_vehicle_control_target__struct.hpp
[8.801s] -- Symlinking: /home/rfzhang/ROS-Carla/CSC791Project/ros-carla-bridge/install/carla_ackermann_msgs/include/carla_ackermann_msgs/carla_ackermann_msgs/msg/detail/ego_vehicle_control_target__traits.hpp
[8.806s] -- Symlinking: /home/rfzhang/ROS-Carla/CSC791Project/ros-carla-bridge/install/carla_ackermann_msgs/include/carla_ackermann_msgs/carla_ackermann_msgs/msg/detail/ego_vehicle_control_target__type_support.hpp
[8.811s] -- Symlinking: /home/rfzhang/ROS-Carla/CSC791Project/ros-carla-bridge/install/carla_ackermann_msgs/include/carla_ackermann_msgs/carla_ackermann_msgs/msg/ego_vehicle_control_current.hpp
[8.815s] -- Symlinking: /home/rfzhang/ROS-Carla/CSC791Project/ros-carla-bridge/install/carla_ackermann_msgs/include/carla_ackermann_msgs/carla_ackermann_msgs/msg/ego_vehicle_control_info.hpp
[8.820s] -- Symlinking: /home/rfzhang/ROS-Carla/CSC791Project/ros-carla-bridge/install/carla_ackermann_msgs/include/carla_ackermann_msgs/carla_ackermann_msgs/msg/ego_vehicle_control_maxima.hpp
[8.825s] -- Symlinking: /home/rfzhang/ROS-Carla/CSC791Project/ros-carla-bridge/install/carla_ackermann_msgs/include/carla_ackermann_msgs/carla_ackermann_msgs/msg/ego_vehicle_control_status.hpp
[8.830s] -- Symlinking: /home/rfzhang/ROS-Carla/CSC791Project/ros-carla-bridge/install/carla_ackermann_msgs/include/carla_ackermann_msgs/carla_ackermann_msgs/msg/ego_vehicle_control_target.hpp
[8.835s] -- Symlinking: /home/rfzhang/ROS-Carla/CSC791Project/ros-carla-bridge/install/carla_ackermann_msgs/include/carla_ackermann_msgs/carla_ackermann_msgs/msg/rosidl_generator_cpp__visibility_control.hpp
[8.839s] -- Symlinking: /home/rfzhang/ROS-Carla/CSC791Project/ros-carla-bridge/install/carla_ackermann_msgs/include/carla_ackermann_msgs/carla_ackermann_msgs/msg/detail/ego_vehicle_control_current__rosidl_typesupport_fastrtps_cpp.hpp
[8.844s] -- Symlinking: /home/rfzhang/ROS-Carla/CSC791Project/ros-carla-bridge/install/carla_ackermann_msgs/include/carla_ackermann_msgs/carla_ackermann_msgs/msg/detail/ego_vehicle_control_info__rosidl_typesupport_fastrtps_cpp.hpp
[8.849s] -- Symlinking: /home/rfzhang/ROS-Carla/CSC791Project/ros-carla-bridge/install/carla_ackermann_msgs/include/carla_ackermann_msgs/carla_ackermann_msgs/msg/detail/ego_vehicle_control_maxima__rosidl_typesupport_fastrtps_cpp.hpp
[8.854s] -- Symlinking: /home/rfzhang/ROS-Carla/CSC791Project/ros-carla-bridge/install/carla_ackermann_msgs/include/carla_ackermann_msgs/carla_ackermann_msgs/msg/detail/ego_vehicle_control_status__rosidl_typesupport_fastrtps_cpp.hpp
[8.860s] -- Symlinking: /home/rfzhang/ROS-Carla/CSC791Project/ros-carla-bridge/install/carla_ackermann_msgs/include/carla_ackermann_msgs/carla_ackermann_msgs/msg/detail/ego_vehicle_control_target__rosidl_typesupport_fastrtps_cpp.hpp
[8.865s] -- Symlinking: /home/rfzhang/ROS-Carla/CSC791Project/ros-carla-bridge/install/carla_ackermann_msgs/include/carla_ackermann_msgs/carla_ackermann_msgs/msg/rosidl_typesupport_fastrtps_cpp__visibility_control.h
[8.870s] -- Symlinking: /home/rfzhang/ROS-Carla/CSC791Project/ros-carla-bridge/install/carla_ackermann_msgs/include/carla_ackermann_msgs/carla_ackermann_msgs/msg/detail/ego_vehicle_control_current__rosidl_typesupport_introspection_c.h
[8.875s] -- Symlinking: /home/rfzhang/ROS-Carla/CSC791Project/ros-carla-bridge/install/carla_ackermann_msgs/include/carla_ackermann_msgs/carla_ackermann_msgs/msg/detail/ego_vehicle_control_info__rosidl_typesupport_introspection_c.h
[8.880s] -- Symlinking: /home/rfzhang/ROS-Carla/CSC791Project/ros-carla-bridge/install/carla_ackermann_msgs/include/carla_ackermann_msgs/carla_ackermann_msgs/msg/detail/ego_vehicle_control_maxima__rosidl_typesupport_introspection_c.h
[8.884s] -- Symlinking: /home/rfzhang/ROS-Carla/CSC791Project/ros-carla-bridge/install/carla_ackermann_msgs/include/carla_ackermann_msgs/carla_ackermann_msgs/msg/detail/ego_vehicle_control_status__rosidl_typesupport_introspection_c.h
[8.889s] -- Symlinking: /home/rfzhang/ROS-Carla/CSC791Project/ros-carla-bridge/install/carla_ackermann_msgs/include/carla_ackermann_msgs/carla_ackermann_msgs/msg/detail/ego_vehicle_control_target__rosidl_typesupport_introspection_c.h
[8.894s] -- Symlinking: /home/rfzhang/ROS-Carla/CSC791Project/ros-carla-bridge/install/carla_ackermann_msgs/include/carla_ackermann_msgs/carla_ackermann_msgs/msg/rosidl_typesupport_introspection_c__visibility_control.h
[8.899s] -- Symlinking: /home/rfzhang/ROS-Carla/CSC791Project/ros-carla-bridge/install/carla_ackermann_msgs/include/carla_ackermann_msgs/carla_ackermann_msgs/msg/detail/ego_vehicle_control_current__rosidl_typesupport_introspection_cpp.hpp
[8.903s] -- Symlinking: /home/rfzhang/ROS-Carla/CSC791Project/ros-carla-bridge/install/carla_ackermann_msgs/include/carla_ackermann_msgs/carla_ackermann_msgs/msg/detail/ego_vehicle_control_info__rosidl_typesupport_introspection_cpp.hpp
[8.909s] -- Symlinking: /home/rfzhang/ROS-Carla/CSC791Project/ros-carla-bridge/install/carla_ackermann_msgs/include/carla_ackermann_msgs/carla_ackermann_msgs/msg/detail/ego_vehicle_control_maxima__rosidl_typesupport_introspection_cpp.hpp
[8.914s] -- Symlinking: /home/rfzhang/ROS-Carla/CSC791Project/ros-carla-bridge/install/carla_ackermann_msgs/include/carla_ackermann_msgs/carla_ackermann_msgs/msg/detail/ego_vehicle_control_status__rosidl_typesupport_introspection_cpp.hpp
[8.918s] -- Symlinking: /home/rfzhang/ROS-Carla/CSC791Project/ros-carla-bridge/install/carla_ackermann_msgs/include/carla_ackermann_msgs/carla_ackermann_msgs/msg/detail/ego_vehicle_control_target__rosidl_typesupport_introspection_cpp.hpp
[8.923s] -- Symlinking: /home/rfzhang/ROS-Carla/CSC791Project/ros-carla-bridge/install/carla_ackermann_msgs/share/carla_ackermann_msgs/environment/pythonpath.sh
[8.930s] -- Symlinking: /home/rfzhang/ROS-Carla/CSC791Project/ros-carla-bridge/install/carla_ackermann_msgs/share/carla_ackermann_msgs/environment/pythonpath.dsv
[8.935s] -- Symlinking: /home/rfzhang/ROS-Carla/CSC791Project/ros-carla-bridge/install/carla_ackermann_msgs/lib/python3.10/site-packages/carla_ackermann_msgs-1.0.0-py3.10.egg-info/PKG-INFO
[8.942s] -- Symlinking: /home/rfzhang/ROS-Carla/CSC791Project/ros-carla-bridge/install/carla_ackermann_msgs/lib/python3.10/site-packages/carla_ackermann_msgs-1.0.0-py3.10.egg-info/SOURCES.txt
[8.946s] -- Symlinking: /home/rfzhang/ROS-Carla/CSC791Project/ros-carla-bridge/install/carla_ackermann_msgs/lib/python3.10/site-packages/carla_ackermann_msgs-1.0.0-py3.10.egg-info/dependency_links.txt
[8.951s] -- Symlinking: /home/rfzhang/ROS-Carla/CSC791Project/ros-carla-bridge/install/carla_ackermann_msgs/lib/python3.10/site-packages/carla_ackermann_msgs-1.0.0-py3.10.egg-info/top_level.txt
[8.958s] -- Symlinking: /home/rfzhang/ROS-Carla/CSC791Project/ros-carla-bridge/install/carla_ackermann_msgs/lib/python3.10/site-packages/carla_ackermann_msgs/__init__.py
[8.963s] -- Symlinking: /home/rfzhang/ROS-Carla/CSC791Project/ros-carla-bridge/install/carla_ackermann_msgs/lib/python3.10/site-packages/carla_ackermann_msgs/_carla_ackermann_msgs_s.ep.rosidl_typesupport_c.c
[8.967s] -- Symlinking: /home/rfzhang/ROS-Carla/CSC791Project/ros-carla-bridge/install/carla_ackermann_msgs/lib/python3.10/site-packages/carla_ackermann_msgs/_carla_ackermann_msgs_s.ep.rosidl_typesupport_fastrtps_c.c
[8.974s] -- Symlinking: /home/rfzhang/ROS-Carla/CSC791Project/ros-carla-bridge/install/carla_ackermann_msgs/lib/python3.10/site-packages/carla_ackermann_msgs/_carla_ackermann_msgs_s.ep.rosidl_typesupport_introspection_c.c
[8.978s] -- Symlinking: /home/rfzhang/ROS-Carla/CSC791Project/ros-carla-bridge/install/carla_ackermann_msgs/lib/python3.10/site-packages/carla_ackermann_msgs/carla_ackermann_msgs_s__rosidl_typesupport_c.cpython-310-x86_64-linux-gnu.so
[8.984s] -- Symlinking: /home/rfzhang/ROS-Carla/CSC791Project/ros-carla-bridge/install/carla_ackermann_msgs/lib/python3.10/site-packages/carla_ackermann_msgs/carla_ackermann_msgs_s__rosidl_typesupport_fastrtps_c.cpython-310-x86_64-linux-gnu.so
[8.988s] -- Symlinking: /home/rfzhang/ROS-Carla/CSC791Project/ros-carla-bridge/install/carla_ackermann_msgs/lib/python3.10/site-packages/carla_ackermann_msgs/carla_ackermann_msgs_s__rosidl_typesupport_introspection_c.cpython-310-x86_64-linux-gnu.so
[8.992s] -- Symlinking: /home/rfzhang/ROS-Carla/CSC791Project/ros-carla-bridge/install/carla_ackermann_msgs/lib/python3.10/site-packages/carla_ackermann_msgs/libcarla_ackermann_msgs__rosidl_generator_py.so
[8.997s] -- Symlinking: /home/rfzhang/ROS-Carla/CSC791Project/ros-carla-bridge/install/carla_ackermann_msgs/lib/python3.10/site-packages/carla_ackermann_msgs/msg/__init__.py
[9.001s] -- Symlinking: /home/rfzhang/ROS-Carla/CSC791Project/ros-carla-bridge/install/carla_ackermann_msgs/lib/python3.10/site-packages/carla_ackermann_msgs/msg/_ego_vehicle_control_current.py
[9.006s] -- Symlinking: /home/rfzhang/ROS-Carla/CSC791Project/ros-carla-bridge/install/carla_ackermann_msgs/lib/python3.10/site-packages/carla_ackermann_msgs/msg/_ego_vehicle_control_current_s.c
[9.013s] -- Symlinking: /home/rfzhang/ROS-Carla/CSC791Project/ros-carla-bridge/install/carla_ackermann_msgs/lib/python3.10/site-packages/carla_ackermann_msgs/msg/_ego_vehicle_control_info.py
[9.017s] -- Symlinking: /home/rfzhang/ROS-Carla/CSC791Project/ros-carla-bridge/install/carla_ackermann_msgs/lib/python3.10/site-packages/carla_ackermann_msgs/msg/_ego_vehicle_control_info_s.c
[9.022s] -- Symlinking: /home/rfzhang/ROS-Carla/CSC791Project/ros-carla-bridge/install/carla_ackermann_msgs/lib/python3.10/site-packages/carla_ackermann_msgs/msg/_ego_vehicle_control_maxima.py
[9.027s] -- Symlinking: /home/rfzhang/ROS-Carla/CSC791Project/ros-carla-bridge/install/carla_ackermann_msgs/lib/python3.10/site-packages/carla_ackermann_msgs/msg/_ego_vehicle_control_maxima_s.c
[9.031s] -- Symlinking: /home/rfzhang/ROS-Carla/CSC791Project/ros-carla-bridge/install/carla_ackermann_msgs/lib/python3.10/site-packages/carla_ackermann_msgs/msg/_ego_vehicle_control_status.py
[9.035s] -- Symlinking: /home/rfzhang/ROS-Carla/CSC791Project/ros-carla-bridge/install/carla_ackermann_msgs/lib/python3.10/site-packages/carla_ackermann_msgs/msg/_ego_vehicle_control_status_s.c
[9.040s] -- Symlinking: /home/rfzhang/ROS-Carla/CSC791Project/ros-carla-bridge/install/carla_ackermann_msgs/lib/python3.10/site-packages/carla_ackermann_msgs/msg/_ego_vehicle_control_target.py
[9.045s] -- Symlinking: /home/rfzhang/ROS-Carla/CSC791Project/ros-carla-bridge/install/carla_ackermann_msgs/lib/python3.10/site-packages/carla_ackermann_msgs/msg/_ego_vehicle_control_target_s.c
[9.050s] -- Up-to-date symlink: /home/rfzhang/ROS-Carla/CSC791Project/ros-carla-bridge/install/carla_ackermann_msgs/lib/python3.10/site-packages/carla_ackermann_msgs/carla_ackermann_msgs_s__rosidl_typesupport_fastrtps_c.cpython-310-x86_64-linux-gnu.so
[9.050s] -- Up-to-date symlink: /home/rfzhang/ROS-Carla/CSC791Project/ros-carla-bridge/install/carla_ackermann_msgs/lib/python3.10/site-packages/carla_ackermann_msgs/carla_ackermann_msgs_s__rosidl_typesupport_introspection_c.cpython-310-x86_64-linux-gnu.so
[9.051s] -- Up-to-date symlink: /home/rfzhang/ROS-Carla/CSC791Project/ros-carla-bridge/install/carla_ackermann_msgs/lib/python3.10/site-packages/carla_ackermann_msgs/carla_ackermann_msgs_s__rosidl_typesupport_c.cpython-310-x86_64-linux-gnu.so
[9.051s] -- Symlinking: /home/rfzhang/ROS-Carla/CSC791Project/ros-carla-bridge/install/carla_ackermann_msgs/share/carla_ackermann_msgs/msg/EgoVehicleControlInfo.idl
[9.056s] -- Symlinking: /home/rfzhang/ROS-Carla/CSC791Project/ros-carla-bridge/install/carla_ackermann_msgs/share/carla_ackermann_msgs/msg/EgoVehicleControlCurrent.idl
[9.061s] -- Symlinking: /home/rfzhang/ROS-Carla/CSC791Project/ros-carla-bridge/install/carla_ackermann_msgs/share/carla_ackermann_msgs/msg/EgoVehicleControlMaxima.idl
[9.066s] -- Symlinking: /home/rfzhang/ROS-Carla/CSC791Project/ros-carla-bridge/install/carla_ackermann_msgs/share/carla_ackermann_msgs/msg/EgoVehicleControlStatus.idl
[9.070s] -- Symlinking: /home/rfzhang/ROS-Carla/CSC791Project/ros-carla-bridge/install/carla_ackermann_msgs/share/carla_ackermann_msgs/msg/EgoVehicleControlTarget.idl
[9.077s] -- Symlinking: /home/rfzhang/ROS-Carla/CSC791Project/ros-carla-bridge/install/carla_ackermann_msgs/share/carla_ackermann_msgs/msg/EgoVehicleControlInfo.msg
[9.082s] -- Symlinking: /home/rfzhang/ROS-Carla/CSC791Project/ros-carla-bridge/install/carla_ackermann_msgs/share/carla_ackermann_msgs/msg/EgoVehicleControlCurrent.msg
[9.087s] -- Symlinking: /home/rfzhang/ROS-Carla/CSC791Project/ros-carla-bridge/install/carla_ackermann_msgs/share/carla_ackermann_msgs/msg/EgoVehicleControlMaxima.msg
[9.091s] -- Symlinking: /home/rfzhang/ROS-Carla/CSC791Project/ros-carla-bridge/install/carla_ackermann_msgs/share/carla_ackermann_msgs/msg/EgoVehicleControlStatus.msg
[9.096s] -- Symlinking: /home/rfzhang/ROS-Carla/CSC791Project/ros-carla-bridge/install/carla_ackermann_msgs/share/carla_ackermann_msgs/msg/EgoVehicleControlTarget.msg
[9.101s] -- Symlinking: /home/rfzhang/ROS-Carla/CSC791Project/ros-carla-bridge/install/carla_ackermann_msgs/share/ament_index/resource_index/package_run_dependencies/carla_ackermann_msgs
[9.105s] -- Symlinking: /home/rfzhang/ROS-Carla/CSC791Project/ros-carla-bridge/install/carla_ackermann_msgs/share/ament_index/resource_index/parent_prefix_path/carla_ackermann_msgs
[9.111s] -- Symlinking: /home/rfzhang/ROS-Carla/CSC791Project/ros-carla-bridge/install/carla_ackermann_msgs/share/carla_ackermann_msgs/environment/ament_prefix_path.sh
[9.117s] -- Symlinking: /home/rfzhang/ROS-Carla/CSC791Project/ros-carla-bridge/install/carla_ackermann_msgs/share/carla_ackermann_msgs/environment/ament_prefix_path.dsv
[9.121s] -- Symlinking: /home/rfzhang/ROS-Carla/CSC791Project/ros-carla-bridge/install/carla_ackermann_msgs/share/carla_ackermann_msgs/environment/path.sh
[9.127s] -- Symlinking: /home/rfzhang/ROS-Carla/CSC791Project/ros-carla-bridge/install/carla_ackermann_msgs/share/carla_ackermann_msgs/environment/path.dsv
[9.134s] -- Symlinking: /home/rfzhang/ROS-Carla/CSC791Project/ros-carla-bridge/install/carla_ackermann_msgs/share/carla_ackermann_msgs/local_setup.bash
[9.139s] -- Symlinking: /home/rfzhang/ROS-Carla/CSC791Project/ros-carla-bridge/install/carla_ackermann_msgs/share/carla_ackermann_msgs/local_setup.sh
[9.144s] -- Symlinking: /home/rfzhang/ROS-Carla/CSC791Project/ros-carla-bridge/install/carla_ackermann_msgs/share/carla_ackermann_msgs/local_setup.zsh
[9.151s] -- Symlinking: /home/rfzhang/ROS-Carla/CSC791Project/ros-carla-bridge/install/carla_ackermann_msgs/share/carla_ackermann_msgs/local_setup.dsv
[9.156s] -- Symlinking: /home/rfzhang/ROS-Carla/CSC791Project/ros-carla-bridge/install/carla_ackermann_msgs/share/carla_ackermann_msgs/package.dsv
[9.161s] -- Symlinking: /home/rfzhang/ROS-Carla/CSC791Project/ros-carla-bridge/install/carla_ackermann_msgs/share/ament_index/resource_index/packages/carla_ackermann_msgs
[9.166s] -- Symlinking: /home/rfzhang/ROS-Carla/CSC791Project/ros-carla-bridge/install/carla_ackermann_msgs/share/carla_ackermann_msgs/cmake/rosidl_cmake-extras.cmake
[9.172s] -- Symlinking: /home/rfzhang/ROS-Carla/CSC791Project/ros-carla-bridge/install/carla_ackermann_msgs/share/carla_ackermann_msgs/cmake/ament_cmake_export_dependencies-extras.cmake
[9.176s] -- Symlinking: /home/rfzhang/ROS-Carla/CSC791Project/ros-carla-bridge/install/carla_ackermann_msgs/share/carla_ackermann_msgs/cmake/ament_cmake_export_include_directories-extras.cmake
[9.181s] -- Symlinking: /home/rfzhang/ROS-Carla/CSC791Project/ros-carla-bridge/install/carla_ackermann_msgs/share/carla_ackermann_msgs/cmake/ament_cmake_export_libraries-extras.cmake
[9.186s] -- Symlinking: /home/rfzhang/ROS-Carla/CSC791Project/ros-carla-bridge/install/carla_ackermann_msgs/share/carla_ackermann_msgs/cmake/ament_cmake_export_targets-extras.cmake
[9.191s] -- Symlinking: /home/rfzhang/ROS-Carla/CSC791Project/ros-carla-bridge/install/carla_ackermann_msgs/share/carla_ackermann_msgs/cmake/rosidl_cmake_export_typesupport_targets-extras.cmake
[9.196s] -- Symlinking: /home/rfzhang/ROS-Carla/CSC791Project/ros-carla-bridge/install/carla_ackermann_msgs/share/carla_ackermann_msgs/cmake/rosidl_cmake_export_typesupport_libraries-extras.cmake
[9.201s] -- Symlinking: /home/rfzhang/ROS-Carla/CSC791Project/ros-carla-bridge/install/carla_ackermann_msgs/share/carla_ackermann_msgs/cmake/carla_ackermann_msgsConfig.cmake
[9.206s] -- Symlinking: /home/rfzhang/ROS-Carla/CSC791Project/ros-carla-bridge/install/carla_ackermann_msgs/share/carla_ackermann_msgs/cmake/carla_ackermann_msgsConfig-version.cmake
[9.211s] -- Symlinking: /home/rfzhang/ROS-Carla/CSC791Project/ros-carla-bridge/install/carla_ackermann_msgs/share/carla_ackermann_msgs/package.xml
[9.216s] -- Installing: /home/rfzhang/ROS-Carla/CSC791Project/ros-carla-bridge/install/carla_ackermann_msgs/lib/libcarla_ackermann_msgs__rosidl_generator_c.so
[9.216s] -- Set runtime path of "/home/rfzhang/ROS-Carla/CSC791Project/ros-carla-bridge/install/carla_ackermann_msgs/lib/libcarla_ackermann_msgs__rosidl_generator_c.so" to ""
[9.217s] -- Installing: /home/rfzhang/ROS-Carla/CSC791Project/ros-carla-bridge/install/carla_ackermann_msgs/lib/libcarla_ackermann_msgs__rosidl_typesupport_fastrtps_c.so
[9.217s] -- Set runtime path of "/home/rfzhang/ROS-Carla/CSC791Project/ros-carla-bridge/install/carla_ackermann_msgs/lib/libcarla_ackermann_msgs__rosidl_typesupport_fastrtps_c.so" to ""
[9.217s] -- Installing: /home/rfzhang/ROS-Carla/CSC791Project/ros-carla-bridge/install/carla_ackermann_msgs/lib/libcarla_ackermann_msgs__rosidl_typesupport_fastrtps_cpp.so
[9.217s] -- Set runtime path of "/home/rfzhang/ROS-Carla/CSC791Project/ros-carla-bridge/install/carla_ackermann_msgs/lib/libcarla_ackermann_msgs__rosidl_typesupport_fastrtps_cpp.so" to ""
[9.217s] -- Installing: /home/rfzhang/ROS-Carla/CSC791Project/ros-carla-bridge/install/carla_ackermann_msgs/lib/libcarla_ackermann_msgs__rosidl_typesupport_introspection_c.so
[9.217s] -- Set runtime path of "/home/rfzhang/ROS-Carla/CSC791Project/ros-carla-bridge/install/carla_ackermann_msgs/lib/libcarla_ackermann_msgs__rosidl_typesupport_introspection_c.so" to ""
[9.217s] -- Installing: /home/rfzhang/ROS-Carla/CSC791Project/ros-carla-bridge/install/carla_ackermann_msgs/lib/libcarla_ackermann_msgs__rosidl_typesupport_c.so
[9.217s] -- Set runtime path of "/home/rfzhang/ROS-Carla/CSC791Project/ros-carla-bridge/install/carla_ackermann_msgs/lib/libcarla_ackermann_msgs__rosidl_typesupport_c.so" to ""
[9.217s] -- Installing: /home/rfzhang/ROS-Carla/CSC791Project/ros-carla-bridge/install/carla_ackermann_msgs/lib/libcarla_ackermann_msgs__rosidl_typesupport_introspection_cpp.so
[9.217s] -- Set runtime path of "/home/rfzhang/ROS-Carla/CSC791Project/ros-carla-bridge/install/carla_ackermann_msgs/lib/libcarla_ackermann_msgs__rosidl_typesupport_introspection_cpp.so" to ""
[9.217s] -- Installing: /home/rfzhang/ROS-Carla/CSC791Project/ros-carla-bridge/install/carla_ackermann_msgs/lib/libcarla_ackermann_msgs__rosidl_typesupport_cpp.so
[9.217s] -- Set runtime path of "/home/rfzhang/ROS-Carla/CSC791Project/ros-carla-bridge/install/carla_ackermann_msgs/lib/libcarla_ackermann_msgs__rosidl_typesupport_cpp.so" to ""
[9.257s] Listing '/home/rfzhang/ROS-Carla/CSC791Project/ros-carla-bridge/install/carla_ackermann_msgs/lib/python3.10/site-packages/carla_ackermann_msgs'...
[9.257s] Compiling '/home/rfzhang/ROS-Carla/CSC791Project/ros-carla-bridge/install/carla_ackermann_msgs/lib/python3.10/site-packages/carla_ackermann_msgs/__init__.py'...
[9.257s] Listing '/home/rfzhang/ROS-Carla/CSC791Project/ros-carla-bridge/install/carla_ackermann_msgs/lib/python3.10/site-packages/carla_ackermann_msgs/msg'...
[9.257s] Compiling '/home/rfzhang/ROS-Carla/CSC791Project/ros-carla-bridge/install/carla_ackermann_msgs/lib/python3.10/site-packages/carla_ackermann_msgs/msg/__init__.py'...
[9.257s] Compiling '/home/rfzhang/ROS-Carla/CSC791Project/ros-carla-bridge/install/carla_ackermann_msgs/lib/python3.10/site-packages/carla_ackermann_msgs/msg/_ego_vehicle_control_current.py'...
[9.257s] Compiling '/home/rfzhang/ROS-Carla/CSC791Project/ros-carla-bridge/install/carla_ackermann_msgs/lib/python3.10/site-packages/carla_ackermann_msgs/msg/_ego_vehicle_control_info.py'...
[9.257s] Compiling '/home/rfzhang/ROS-Carla/CSC791Project/ros-carla-bridge/install/carla_ackermann_msgs/lib/python3.10/site-packages/carla_ackermann_msgs/msg/_ego_vehicle_control_maxima.py'...
[9.257s] Compiling '/home/rfzhang/ROS-Carla/CSC791Project/ros-carla-bridge/install/carla_ackermann_msgs/lib/python3.10/site-packages/carla_ackermann_msgs/msg/_ego_vehicle_control_status.py'...
[9.257s] Compiling '/home/rfzhang/ROS-Carla/CSC791Project/ros-carla-bridge/install/carla_ackermann_msgs/lib/python3.10/site-packages/carla_ackermann_msgs/msg/_ego_vehicle_control_target.py'...
[9.261s] -- Installing: /home/rfzhang/ROS-Carla/CSC791Project/ros-carla-bridge/install/carla_ackermann_msgs/lib/libcarla_ackermann_msgs__rosidl_generator_py.so
[9.261s] -- Set runtime path of "/home/rfzhang/ROS-Carla/CSC791Project/ros-carla-bridge/install/carla_ackermann_msgs/lib/libcarla_ackermann_msgs__rosidl_generator_py.so" to ""
[9.261s] -- Installing: /home/rfzhang/ROS-Carla/CSC791Project/ros-carla-bridge/install/carla_ackermann_msgs/share/carla_ackermann_msgs/cmake/export_carla_ackermann_msgs__rosidl_generator_cExport.cmake
[9.261s] -- Installing: /home/rfzhang/ROS-Carla/CSC791Project/ros-carla-bridge/install/carla_ackermann_msgs/share/carla_ackermann_msgs/cmake/export_carla_ackermann_msgs__rosidl_generator_cExport-noconfig.cmake
[9.261s] -- Installing: /home/rfzhang/ROS-Carla/CSC791Project/ros-carla-bridge/install/carla_ackermann_msgs/share/carla_ackermann_msgs/cmake/export_carla_ackermann_msgs__rosidl_typesupport_fastrtps_cExport.cmake
[9.261s] -- Installing: /home/rfzhang/ROS-Carla/CSC791Project/ros-carla-bridge/install/carla_ackermann_msgs/share/carla_ackermann_msgs/cmake/export_carla_ackermann_msgs__rosidl_typesupport_fastrtps_cExport-noconfig.cmake
[9.261s] -- Installing: /home/rfzhang/ROS-Carla/CSC791Project/ros-carla-bridge/install/carla_ackermann_msgs/share/carla_ackermann_msgs/cmake/export_carla_ackermann_msgs__rosidl_generator_cppExport.cmake
[9.261s] -- Installing: /home/rfzhang/ROS-Carla/CSC791Project/ros-carla-bridge/install/carla_ackermann_msgs/share/carla_ackermann_msgs/cmake/export_carla_ackermann_msgs__rosidl_typesupport_fastrtps_cppExport.cmake
[9.262s] -- Installing: /home/rfzhang/ROS-Carla/CSC791Project/ros-carla-bridge/install/carla_ackermann_msgs/share/carla_ackermann_msgs/cmake/export_carla_ackermann_msgs__rosidl_typesupport_fastrtps_cppExport-noconfig.cmake
[9.262s] -- Installing: /home/rfzhang/ROS-Carla/CSC791Project/ros-carla-bridge/install/carla_ackermann_msgs/share/carla_ackermann_msgs/cmake/carla_ackermann_msgs__rosidl_typesupport_introspection_cExport.cmake
[9.262s] -- Installing: /home/rfzhang/ROS-Carla/CSC791Project/ros-carla-bridge/install/carla_ackermann_msgs/share/carla_ackermann_msgs/cmake/carla_ackermann_msgs__rosidl_typesupport_introspection_cExport-noconfig.cmake
[9.262s] -- Installing: /home/rfzhang/ROS-Carla/CSC791Project/ros-carla-bridge/install/carla_ackermann_msgs/share/carla_ackermann_msgs/cmake/carla_ackermann_msgs__rosidl_typesupport_cExport.cmake
[9.262s] -- Installing: /home/rfzhang/ROS-Carla/CSC791Project/ros-carla-bridge/install/carla_ackermann_msgs/share/carla_ackermann_msgs/cmake/carla_ackermann_msgs__rosidl_typesupport_cExport-noconfig.cmake
[9.262s] -- Installing: /home/rfzhang/ROS-Carla/CSC791Project/ros-carla-bridge/install/carla_ackermann_msgs/share/carla_ackermann_msgs/cmake/carla_ackermann_msgs__rosidl_typesupport_introspection_cppExport.cmake
[9.262s] -- Installing: /home/rfzhang/ROS-Carla/CSC791Project/ros-carla-bridge/install/carla_ackermann_msgs/share/carla_ackermann_msgs/cmake/carla_ackermann_msgs__rosidl_typesupport_introspection_cppExport-noconfig.cmake
[9.262s] -- Installing: /home/rfzhang/ROS-Carla/CSC791Project/ros-carla-bridge/install/carla_ackermann_msgs/share/carla_ackermann_msgs/cmake/carla_ackermann_msgs__rosidl_typesupport_cppExport.cmake
[9.262s] -- Installing: /home/rfzhang/ROS-Carla/CSC791Project/ros-carla-bridge/install/carla_ackermann_msgs/share/carla_ackermann_msgs/cmake/carla_ackermann_msgs__rosidl_typesupport_cppExport-noconfig.cmake
[9.262s] -- Installing: /home/rfzhang/ROS-Carla/CSC791Project/ros-carla-bridge/install/carla_ackermann_msgs/share/carla_ackermann_msgs/cmake/export_carla_ackermann_msgs__rosidl_generator_pyExport.cmake
[9.262s] -- Installing: /home/rfzhang/ROS-Carla/CSC791Project/ros-carla-bridge/install/carla_ackermann_msgs/share/carla_ackermann_msgs/cmake/export_carla_ackermann_msgs__rosidl_generator_pyExport-noconfig.cmake
[9.264s] Invoked command in '/home/rfzhang/ROS-Carla/CSC791Project/ros-carla-bridge/build/carla_ackermann_msgs' returned '0': CMAKE_PREFIX_PATH=/home/rfzhang/ROS-Carla/CSC791Project/ros-carla-bridge/install/carla_msgs:/home/rfzhang/ROS-Carla/CSC791Project/ros-carla-bridge/install/carla_ad_demo:/home/rfzhang/ROS-Carla/CSC791Project/ros-carla-bridge/install/rviz_carla_plugin:/home/rfzhang/ROS-Carla/CSC791Project/ros-carla-bridge/install/pcl_recorder:/home/rfzhang/ROS-Carla/CSC791Project/ros-carla-bridge/install/carla_waypoint_types:/home/rfzhang/ROS-Carla/CSC791Project/ros-carla-bridge/install/carla_ros_scenario_runner_types:/home/rfzhang/ROS-Carla/CSC791Project/ros-carla-bridge/install/carla_ackermann_msgs:/home/rfzhang/ROS-Carla/CSC791Project/lidar_to_carla/install/lidar_to_carla:/home/rfzhang/ROS-Carla/CSC791Project/ros-carla-bridge/install/rqt_carla_control:/home/rfzhang/ROS-Carla/CSC791Project/ros-carla-bridge/install/carla_waypoint_publisher:/home/rfzhang/ROS-Carla/CSC791Project/ros-carla-bridge/install/carla_ackermann_control:/home/rfzhang/ROS-Carla/CSC791Project/ros-carla-bridge/install/carla_ros_bridge:/home/rfzhang/ROS-Carla/CSC791Project/ros-carla-bridge/install/carla_spawn_objects:/home/rfzhang/ROS-Carla/CSC791Project/ros-carla-bridge/install/carla_manual_control:/home/rfzhang/ROS-Carla/CSC791Project/ros-carla-bridge/install/carla_ad_agent:/home/rfzhang/ROS-Carla/CSC791Project/ros-carla-bridge/install/ros_compatibility:/home/rfzhang/ROS-Carla/CSC791Project/ros-carla-bridge/install/carla_walker_agent:/home/rfzhang/ROS-Carla/CSC791Project/ros-carla-bridge/install/carla_twist_to_control:/home/rfzhang/ROS-Carla/CSC791Project/ros-carla-bridge/install/carla_ros_scenario_runner:/home/rfzhang/ROS-Carla/CSC791Project/ros-carla-bridge/install/carla_common:/opt/ros/humble LD_LIBRARY_PATH=/home/rfzhang/ROS-Carla/CSC791Project/ros-carla-bridge/install/carla_msgs/lib:/home/rfzhang/ROS-Carla/CSC791Project/ros-carla-bridge/install/rviz_carla_plugin/lib:/home/rfzhang/ROS-Carla/CSC791Project/ros-carla-bridge/install/carla_waypoint_types/lib:/home/rfzhang/ROS-Carla/CSC791Project/ros-carla-bridge/install/carla_ros_scenario_runner_types/lib:/home/rfzhang/ROS-Carla/CSC791Project/ros-carla-bridge/install/carla_ackermann_msgs/lib:/opt/ros/humble/opt/rviz_ogre_vendor/lib:/opt/ros/humble/lib/x86_64-linux-gnu:/opt/ros/humble/lib PYTHONPATH=/home/rfzhang/ROS-Carla/CSC791Project/ros-carla-bridge/install/carla_msgs/lib/python3.10/site-packages:/home/rfzhang/ROS-Carla/CSC791Project/ros-carla-bridge/install/carla_waypoint_types/lib/python3.10/site-packages:/home/rfzhang/ROS-Carla/CSC791Project/ros-carla-bridge/install/carla_ros_scenario_runner_types/lib/python3.10/site-packages:/home/rfzhang/ROS-Carla/CSC791Project/ros-carla-bridge/install/carla_ackermann_msgs/lib/python3.10/site-packages:/home/rfzhang/ROS-Carla/PythonAPI/carla:/home/rfzhang/ROS-Carla/ros-carla/lib/python3.10/site-packages:/home/rfzhang/ROS-Carla/CSC791Project/lidar_to_carla/build/lidar_to_carla:/home/rfzhang/ROS-Carla/CSC791Project/lidar_to_carla/install/lidar_to_carla/lib/python3.10/site-packages:/home/rfzhang/ROS-Carla/CSC791Project/ros-carla-bridge/build/rqt_carla_control/src:/home/rfzhang/ROS-Carla/CSC791Project/ros-carla-bridge/install/rqt_carla_control/lib/python3.10/site-packages:/home/rfzhang/ROS-Carla/CSC791Project/ros-carla-bridge/build/carla_waypoint_publisher/src:/home/rfzhang/ROS-Carla/CSC791Project/ros-carla-bridge/install/carla_waypoint_publisher/lib/python3.10/site-packages:/home/rfzhang/ROS-Carla/CSC791Project/ros-carla-bridge/build/carla_ackermann_control/src:/home/rfzhang/ROS-Carla/CSC791Project/ros-carla-bridge/install/carla_ackermann_control/lib/python3.10/site-packages:/home/rfzhang/ROS-Carla/CSC791Project/ros-carla-bridge/build/carla_ros_bridge/src:/home/rfzhang/ROS-Carla/CSC791Project/ros-carla-bridge/install/carla_ros_bridge/lib/python3.10/site-packages:/home/rfzhang/ROS-Carla/CSC791Project/ros-carla-bridge/build/carla_spawn_objects:/home/rfzhang/ROS-Carla/CSC791Project/ros-carla-bridge/install/carla_spawn_objects/lib/python3.10/site-packages:/home/rfzhang/ROS-Carla/CSC791Project/ros-carla-bridge/build/carla_manual_control/src:/home/rfzhang/ROS-Carla/CSC791Project/ros-carla-bridge/install/carla_manual_control/lib/python3.10/site-packages:/home/rfzhang/ROS-Carla/CSC791Project/ros-carla-bridge/build/carla_ad_agent/src:/home/rfzhang/ROS-Carla/CSC791Project/ros-carla-bridge/install/carla_ad_agent/lib/python3.10/site-packages:/home/rfzhang/ROS-Carla/CSC791Project/ros-carla-bridge/build/ros_compatibility/src:/home/rfzhang/ROS-Carla/CSC791Project/ros-carla-bridge/install/ros_compatibility/lib/python3.10/site-packages:/home/rfzhang/ROS-Carla/CSC791Project/ros-carla-bridge/install/carla_waypoint_types/local/lib/python3.10/dist-packages:/home/rfzhang/ROS-Carla/CSC791Project/ros-carla-bridge/build/carla_walker_agent/src:/home/rfzhang/ROS-Carla/CSC791Project/ros-carla-bridge/install/carla_walker_agent/lib/python3.10/site-packages:/home/rfzhang/ROS-Carla/CSC791Project/ros-carla-bridge/build/carla_twist_to_control/src:/home/rfzhang/ROS-Carla/CSC791Project/ros-carla-bridge/install/carla_twist_to_control/lib/python3.10/site-packages:/home/rfzhang/ROS-Carla/CSC791Project/ros-carla-bridge/build/carla_ros_scenario_runner/src:/home/rfzhang/ROS-Carla/CSC791Project/ros-carla-bridge/install/carla_ros_scenario_runner/lib/python3.10/site-packages:/home/rfzhang/ROS-Carla/CSC791Project/ros-carla-bridge/install/carla_ros_scenario_runner_types/local/lib/python3.10/dist-packages:/home/rfzhang/ROS-Carla/CSC791Project/ros-carla-bridge/install/carla_ackermann_msgs/local/lib/python3.10/dist-packages:/home/rfzhang/ROS-Carla/CSC791Project/ros-carla-bridge/install/carla_msgs/local/lib/python3.10/dist-packages:/home/rfzhang/ROS-Carla/CSC791Project/ros-carla-bridge/build/carla_common/src:/home/rfzhang/ROS-Carla/CSC791Project/ros-carla-bridge/install/carla_common/lib/python3.10/site-packages:/opt/ros/humble/lib/python3.10/site-packages:/opt/ros/humble/local/lib/python3.10/dist-packages:/home/rfzhang/ROS-Carla/ros-carla/lib/python3.10/site-packages:/home/rfzhang/ROS-Carla/carla-0.9.14-py3.10-linux-x86_64.egg:/home/rfzhang/ROS-Carla/carla-0.9.14-py3.10-linux-x86_64.egg VIRTUAL_ENV_PROMPT=(ros-carla) /usr/bin/cmake --install /home/rfzhang/ROS-Carla/CSC791Project/ros-carla-bridge/build/carla_ackermann_msgs
