[0.491s] Invoking command in '/home/rfzhang/ROS-Carla/CSC791Project/lidar_to_carla/build/lidar_to_carla': PYTHONPATH=/home/rfzhang/ROS-Carla/CSC791Project/lidar_to_carla/build/lidar_to_carla/prefix_override:/usr/lib/python3/dist-packages/colcon_core/task/python/colcon_distutils_commands:/home/rfzhang/ROS-Carla/CSC791Project/lidar_to_carla/install/lidar_to_carla/lib/python3.10/site-packages:${PYTHONPATH} VIRTUAL_ENV_PROMPT=(ros-carla) /usr/bin/python3 -W ignore:setup.py install is deprecated -W ignore:easy_install command is deprecated setup.py develop --editable --build-directory /home/rfzhang/ROS-Carla/CSC791Project/lidar_to_carla/build/lidar_to_carla/build --no-deps symlink_data
[0.641s] /usr/lib/python3/dist-packages/setuptools/dist.py:723: UserWarning: Usage of dash-separated 'script-dir' will not be supported in future versions. Please use the underscore name 'script_dir' instead
[0.641s]   warnings.warn(
[0.669s] running develop
[0.741s] running egg_info
[0.741s] creating lidar_to_carla.egg-info
[0.741s] writing lidar_to_carla.egg-info/PKG-INFO
[0.741s] writing dependency_links to lidar_to_carla.egg-info/dependency_links.txt
[0.741s] writing entry points to lidar_to_carla.egg-info/entry_points.txt
[0.741s] writing requirements to lidar_to_carla.egg-info/requires.txt
[0.741s] writing top-level names to lidar_to_carla.egg-info/top_level.txt
[0.741s] writing manifest file 'lidar_to_carla.egg-info/SOURCES.txt'
[0.742s] reading manifest file 'lidar_to_carla.egg-info/SOURCES.txt'
[0.742s] writing manifest file 'lidar_to_carla.egg-info/SOURCES.txt'
[0.743s] running build_ext
[0.743s] Creating /home/rfzhang/ROS-Carla/CSC791Project/lidar_to_carla/install/lidar_to_carla/lib/python3.10/site-packages/lidar-to-carla.egg-link (link to .)
[0.744s] Installing fetch_lidar script to /home/rfzhang/ROS-Carla/CSC791Project/lidar_to_carla/install/lidar_to_carla/lib/lidar_to_carla
[0.744s] 
[0.744s] Installed /home/rfzhang/ROS-Carla/CSC791Project/lidar_to_carla/build/lidar_to_carla
[0.744s] running symlink_data
[0.744s] creating /home/rfzhang/ROS-Carla/CSC791Project/lidar_to_carla/install/lidar_to_carla/share/ament_index
[0.745s] creating /home/rfzhang/ROS-Carla/CSC791Project/lidar_to_carla/install/lidar_to_carla/share/ament_index/resource_index
[0.745s] creating /home/rfzhang/ROS-Carla/CSC791Project/lidar_to_carla/install/lidar_to_carla/share/ament_index/resource_index/packages
[0.745s] symbolically linking /home/rfzhang/ROS-Carla/CSC791Project/lidar_to_carla/build/lidar_to_carla/resource/lidar_to_carla -> /home/rfzhang/ROS-Carla/CSC791Project/lidar_to_carla/install/lidar_to_carla/share/ament_index/resource_index/packages
[0.745s] symbolically linking /home/rfzhang/ROS-Carla/CSC791Project/lidar_to_carla/build/lidar_to_carla/package.xml -> /home/rfzhang/ROS-Carla/CSC791Project/lidar_to_carla/install/lidar_to_carla/share/lidar_to_carla
[0.763s] Invoked command in '/home/rfzhang/ROS-Carla/CSC791Project/lidar_to_carla/build/lidar_to_carla' returned '0': PYTHONPATH=/home/rfzhang/ROS-Carla/CSC791Project/lidar_to_carla/build/lidar_to_carla/prefix_override:/usr/lib/python3/dist-packages/colcon_core/task/python/colcon_distutils_commands:/home/rfzhang/ROS-Carla/CSC791Project/lidar_to_carla/install/lidar_to_carla/lib/python3.10/site-packages:${PYTHONPATH} VIRTUAL_ENV_PROMPT=(ros-carla) /usr/bin/python3 -W ignore:setup.py install is deprecated -W ignore:easy_install command is deprecated setup.py develop --editable --build-directory /home/rfzhang/ROS-Carla/CSC791Project/lidar_to_carla/build/lidar_to_carla/build --no-deps symlink_data
