[0.000000] (-) TimerEvent: {}
[0.000429] (lidar_to_carla) JobQueued: {'identifier': 'lidar_to_carla', 'dependencies': OrderedDict()}
[0.000513] (lidar_to_carla) JobStarted: {'identifier': 'lidar_to_carla'}
[0.098979] (-) TimerEvent: {}
[0.199315] (-) TimerEvent: {}
[0.299650] (-) TimerEvent: {}
[0.368398] (lidar_to_carla) Command: {'cmd': ['/usr/bin/python3', '-W', 'ignore:setup.py install is deprecated', '-W', 'ignore:easy_install command is deprecated', 'setup.py', 'develop', '--editable', '--build-directory', '/home/rfzhang/ROS-Carla/CSC791Project/lidar_to_carla/build/lidar_to_carla/build', '--no-deps', 'symlink_data'], 'cwd': '/home/rfzhang/ROS-Carla/CSC791Project/lidar_to_carla/build/lidar_to_carla', 'env': {'USER': 'rfzhang', 'GIT_ASKPASS': '/home/rfzhang/.vscode-server/bin/f1a4fb101478ce6ec82fe9627c43efbf9e98c813/extensions/git/dist/askpass.sh', 'SHLVL': '1', 'LD_LIBRARY_PATH': '/opt/ros/humble/opt/rviz_ogre_vendor/lib:/opt/ros/humble/lib/x86_64-linux-gnu:/opt/ros/humble/lib', 'MOTD_SHOWN': 'update-motd', 'HOME': '/home/rfzhang', 'OLDPWD': '/home/rfzhang/ROS-Carla/CSC791Project', 'TERM_PROGRAM_VERSION': '1.95.3', 'VSCODE_IPC_HOOK_CLI': '/run/user/1000/vscode-ipc-db8d66c3-e032-4fc2-9c2d-80f11a67f41a.sock', 'ROS_PYTHON_VERSION': '3', 'VSCODE_GIT_ASKPASS_MAIN': '/home/rfzhang/.vscode-server/bin/f1a4fb101478ce6ec82fe9627c43efbf9e98c813/extensions/git/dist/askpass-main.js', 'PS1': '\\[\x1b]633;A\x07\\](ros-carla) \\[\x1b]633;A\x07\\]\\[\x1b]633;A\x07\\]${debian_chroot:+($debian_chroot)}\\u@\\h:\\w\\$ \\[\x1b]633;B\x07\\]\\[\x1b]633;B\x07\\]\\[\x1b]633;B\x07\\]', 'VSCODE_GIT_ASKPASS_NODE': '/home/rfzhang/.vscode-server/bin/f1a4fb101478ce6ec82fe9627c43efbf9e98c813/node', 'DBUS_SESSION_BUS_ADDRESS': 'unix:path=/run/user/1000/bus', 'COLORTERM': 'truecolor', 'WSL_DISTRO_NAME': 'Ubuntu', 'WAYLAND_DISPLAY': 'wayland-0', 'COLCON_PREFIX_PATH': '/home/rfzhang/ROS-Carla/CSC791Project/lidar_to_carla/install', 'ROS_DISTRO': 'humble', 'LOGNAME': 'rfzhang', 'NAME': 'LunarPigSM', 'WSL_INTEROP': '/run/WSL/539_interop', 'PULSE_SERVER': 'unix:/mnt/wslg/PulseServer', '_': '/usr/bin/colcon', 'ROS_VERSION': '2', 'TERM': 'xterm-256color', 'ROS_LOCALHOST_ONLY': '0', 'PATH': '/home/rfzhang/ROS-Carla/ros-carla/bin:/opt/ros/humble/bin:/home/rfzhang/.vscode-server/bin/f1a4fb101478ce6ec82fe9627c43efbf9e98c813/bin/remote-cli:/usr/local/sbin:/usr/local/bin:/usr/sbin:/usr/bin:/sbin:/bin:/usr/games:/usr/local/games:/usr/lib/wsl/lib:/mnt/c/Program Files/NVIDIA GPU Computing Toolkit/CUDA/v11.8/bin:/mnt/c/Program Files/NVIDIA GPU Computing Toolkit/CUDA/v11.8/libnvvp:/mnt/c/Program Files (x86)/Common Files/Intel/Shared Libraries/redist/intel64/compiler:/mnt/c/Windows/system32:/mnt/c/Windows:/mnt/c/Windows/System32/Wbem:/mnt/c/Windows/System32/WindowsPowerShell/v1.0/:/mnt/c/Windows/System32/OpenSSH/:/mnt/c/Program Files (x86)/NVIDIA Corporation/PhysX/Common:/mnt/c/Program Files/NVIDIA Corporation/NVIDIA NvDLISR:/mnt/c/Program Files/Bandizip/:/mnt/d/Coding/MSYS2/ucrt64/bin:/mnt/c/Program Files/CMake/bin:/mnt/c/Program Files/PuTTY/:/mnt/c/Program Files (x86)/GnuWin32/bin:/mnt/c/Program Files/usbipd-win/:/mnt/c/Program Files (x86)/pcsuite/:/mnt/c/Program Files/NVIDIA Corporation/Nsight Compute 2024.3.1/:/mnt/c/WINDOWS/system32:/mnt/c/WINDOWS:/mnt/c/WINDOWS/System32/Wbem:/mnt/c/WINDOWS/System32/WindowsPowerShell/v1.0/:/mnt/c/WINDOWS/System32/OpenSSH/:/mnt/c/Users/zrf19/AppData/Local/Programs/Python/Python310/Scripts/:/mnt/c/Users/zrf19/AppData/Local/Programs/Python/Python310/:/mnt/c/Users/zrf19/miniconda3:/mnt/c/Users/zrf19/miniconda3/Library/mingw-w64/bin:/mnt/c/Users/zrf19/miniconda3/Library/usr/bin:/mnt/c/Users/zrf19/miniconda3/Library/bin:/mnt/c/Users/zrf19/miniconda3/Scripts:/mnt/c/Users/zrf19/AppData/Local/Microsoft/WindowsApps:/mnt/c/Users/zrf19/AppData/Local/Programs/Microsoft VS Code/bin:/mnt/c/Users/zrf19/AppData/Local/Microsoft/WinGet/Packages/Gyan.FFmpeg_Microsoft.Winget.Source_8wekyb3d8bbwe/ffmpeg-6.1-full_build/bin:/snap/bin', 'XDG_RUNTIME_DIR': '/run/user/1000/', 'DISPLAY': ':0', 'LANG': 'en_US.UTF-8', 'VIRTUAL_ENV_PROMPT': '(ros-carla)', 'VSCODE_GIT_IPC_HANDLE': '/run/user/1000/vscode-git-4968e4785c.sock', 'TERM_PROGRAM': 'vscode', 'AMENT_PREFIX_PATH': '/home/rfzhang/ROS-Carla/CSC791Project/lidar_to_carla/install/lidar_to_carla:/opt/ros/humble', 'SHELL': '/bin/bash', 'VIRTUAL_ENV': '/home/rfzhang/ROS-Carla/ros-carla', 'VSCODE_GIT_ASKPASS_EXTRA_ARGS': '', 'PWD': '/home/rfzhang/ROS-Carla/CSC791Project/lidar_to_carla/build/lidar_to_carla', 'XDG_DATA_DIRS': '/usr/local/share:/usr/share:/var/lib/snapd/desktop', 'PYTHONPATH': '/home/rfzhang/ROS-Carla/CSC791Project/lidar_to_carla/build/lidar_to_carla/prefix_override:/usr/lib/python3/dist-packages/colcon_core/task/python/colcon_distutils_commands:/home/rfzhang/ROS-Carla/CSC791Project/lidar_to_carla/install/lidar_to_carla/lib/python3.10/site-packages:/home/rfzhang/ROS-Carla/CSC791Project/lidar_to_carla/build/lidar_to_carla:/home/rfzhang/ROS-Carla/CSC791Project/lidar_to_carla/install/lidar_to_carla/lib/python3.10/site-packages:/opt/ros/humble/lib/python3.10/site-packages:/opt/ros/humble/local/lib/python3.10/dist-packages', 'COLCON': '1', 'WSL2_GUI_APPS_ENABLED': '1', 'HOSTTYPE': 'x86_64', 'WSLENV': 'VSCODE_WSL_EXT_LOCATION/up'}, 'shell': False}
[0.399823] (-) TimerEvent: {}
[0.496461] (lidar_to_carla) StderrLine: {'line': b"/usr/lib/python3/dist-packages/setuptools/dist.py:723: UserWarning: Usage of dash-separated 'script-dir' will not be supported in future versions. Please use the underscore name 'script_dir' instead\n"}
[0.496620] (lidar_to_carla) StderrLine: {'line': b'  warnings.warn(\n'}
[0.500087] (-) TimerEvent: {}
[0.514932] (lidar_to_carla) StdoutLine: {'line': b'running develop\n'}
[0.598856] (lidar_to_carla) StdoutLine: {'line': b'running egg_info\n'}
[0.599332] (lidar_to_carla) StdoutLine: {'line': b'writing lidar_to_carla.egg-info/PKG-INFO\n'}
[0.599503] (lidar_to_carla) StdoutLine: {'line': b'writing dependency_links to lidar_to_carla.egg-info/dependency_links.txt\n'}
[0.599548] (lidar_to_carla) StdoutLine: {'line': b'writing entry points to lidar_to_carla.egg-info/entry_points.txt\n'}
[0.599579] (lidar_to_carla) StdoutLine: {'line': b'writing requirements to lidar_to_carla.egg-info/requires.txt\n'}
[0.599607] (lidar_to_carla) StdoutLine: {'line': b'writing top-level names to lidar_to_carla.egg-info/top_level.txt\n'}
[0.600086] (-) TimerEvent: {}
[0.600239] (lidar_to_carla) StdoutLine: {'line': b"reading manifest file 'lidar_to_carla.egg-info/SOURCES.txt'\n"}
[0.600734] (lidar_to_carla) StdoutLine: {'line': b"writing manifest file 'lidar_to_carla.egg-info/SOURCES.txt'\n"}
[0.601377] (lidar_to_carla) StdoutLine: {'line': b'running build_ext\n'}
[0.601696] (lidar_to_carla) StdoutLine: {'line': b'Creating /home/rfzhang/ROS-Carla/CSC791Project/lidar_to_carla/install/lidar_to_carla/lib/python3.10/site-packages/lidar-to-carla.egg-link (link to .)\n'}
[0.602077] (lidar_to_carla) StdoutLine: {'line': b'Installing fetch_lidar script to /home/rfzhang/ROS-Carla/CSC791Project/lidar_to_carla/install/lidar_to_carla/lib/lidar_to_carla\n'}
[0.602237] (lidar_to_carla) StdoutLine: {'line': b'\n'}
[0.602283] (lidar_to_carla) StdoutLine: {'line': b'Installed /home/rfzhang/ROS-Carla/CSC791Project/lidar_to_carla/build/lidar_to_carla\n'}
[0.602314] (lidar_to_carla) StdoutLine: {'line': b'running symlink_data\n'}
[0.619216] (lidar_to_carla) CommandEnded: {'returncode': 0}
[0.626596] (lidar_to_carla) JobEnded: {'identifier': 'lidar_to_carla', 'rc': 0}
[0.627618] (-) EventReactorShutdown: {}
